# zsim stats
===
root: # Stats
 rdtsc: 63169642967561256 # Host timestamp counter
 trigger: 20000 # Reason for this stats dump
 phase: 36547 # Simulated phases
 core: # Core stats
  core-0: # Core stats
   cycles: 3653600104 # Simulated cycles
   instrs: 3294115803 # Simulated instructions
   uops: 4084602234 # Retired micro-ops
   bbls: 517264046 # Basic blocks
   approxInstrs: 286 # Instrs with approx uop decoding
   mispredBranches: 2536670 # Mispredicted branches
  core-1: # Core stats
   cycles: 2948500029 # Simulated cycles
   instrs: 1705947572 # Simulated instructions
   uops: 1950066420 # Retired micro-ops
   bbls: 246071346 # Basic blocks
   approxInstrs: 299 # Instrs with approx uop decoding
   mispredBranches: 2335559 # Mispredicted branches
 l1i: # Cache stats
  l1i-0: # Cache stats
   hGETS: 690532053 # GETS hits
   hGETX: 0 # GETX hits
   mGETS: 1643 # GETS misses
   mGETXIM: 0 # GETX I->M misses
   mGETXSM: 0 # GETX S->M misses (upgrade misses)
   PUTS: 0 # Clean evictions (from lower level)
   PUTX: 0 # Dirty evictions (from lower level)
   INV: 1613 # Invalidates (from upper level)
   INVX: 253 # Downgrades (from upper level)
   latGETnl: 393435 # GET request latency on next level
   latGETnet: 0 # GET request latency on network to next level
  l1i-1: # Cache stats
   hGETS: 312801545 # GETS hits
   hGETX: 0 # GETX hits
   mGETS: 1484 # GETS misses
   mGETXIM: 0 # GETX I->M misses
   mGETXSM: 0 # GETX S->M misses (upgrade misses)
   PUTS: 0 # Clean evictions (from lower level)
   PUTX: 0 # Dirty evictions (from lower level)
   INV: 1481 # Invalidates (from upper level)
   INVX: 227 # Downgrades (from upper level)
   latGETnl: 212470 # GET request latency on next level
   latGETnet: 0 # GET request latency on network to next level
 l1d: # Cache stats
  l1d-0: # Cache stats
   hGETS: 906775819 # GETS hits
   hGETX: 275494818 # GETX hits
   mGETS: 19150919 # GETS misses
   mGETXIM: 2007238 # GETX I->M misses
   mGETXSM: 64 # GETX S->M misses (upgrade misses)
   PUTS: 0 # Clean evictions (from lower level)
   PUTX: 0 # Dirty evictions (from lower level)
   INV: 50232 # Invalidates (from upper level)
   INVX: 20096 # Downgrades (from upper level)
   latGETnl: 3349169446 # GET request latency on next level
   latGETnet: 0 # GET request latency on network to next level
  l1d-1: # Cache stats
   hGETS: 467264988 # GETS hits
   hGETX: 3240369 # GETX hits
   mGETS: 17613350 # GETS misses
   mGETXIM: 203855 # GETX I->M misses
   mGETXSM: 73 # GETX S->M misses (upgrade misses)
   PUTS: 0 # Clean evictions (from lower level)
   PUTX: 0 # Dirty evictions (from lower level)
   INV: 53912 # Invalidates (from upper level)
   INVX: 20597 # Downgrades (from upper level)
   latGETnl: 2818745657 # GET request latency on next level
   latGETnet: 0 # GET request latency on network to next level
 l2: # Cache stats
  l2-0: # Cache stats
   hGETS: 487 # GETS hits
   hGETX: 0 # GETX hits
   mGETS: 2640 # GETS misses
   mGETXIM: 0 # GETX I->M misses
   mGETXSM: 0 # GETX S->M misses (upgrade misses)
   PUTS: 28 # Clean evictions (from lower level)
   PUTX: 0 # Dirty evictions (from lower level)
   INV: 2635 # Invalidates (from upper level)
   INVX: 0 # Downgrades (from upper level)
   latGETnl: 578969 # GET request latency on next level
   latGETnet: 0 # GET request latency on network to next level
  l2-1: # Cache stats
   hGETS: 287040 # GETS hits
   hGETX: 151 # GETX hits
   mGETS: 36477229 # GETS misses
   mGETXIM: 2211079 # GETX I->M misses
   mGETXSM: 0 # GETX S->M misses (upgrade misses)
   PUTS: 34852918 # Clean evictions (from lower level)
   PUTX: 4017277 # Dirty evictions (from lower level)
   INV: 0 # Invalidates (from upper level)
   INVX: 0 # Downgrades (from upper level)
   latGETnl: 5855947763 # GET request latency on next level
   latGETnet: 0 # GET request latency on network to next level
 l3: # Cache stats
  l3-0: # Cache stats
   hGETS: 1262038 # GETS hits
   hGETX: 21566 # GETX hits
   mGETS: 35217831 # GETS misses
   mGETXIM: 2189513 # GETX I->M misses
   mGETXSM: 0 # GETX S->M misses (upgrade misses)
   PUTS: 34883828 # Clean evictions (from lower level)
   PUTX: 3796288 # Dirty evictions (from lower level)
   INV: 0 # Invalidates (from upper level)
   INVX: 0 # Downgrades (from upper level)
   latGETnl: 5198780616 # GET request latency on next level
   latGETnet: 0 # GET request latency on network to next level
 mem: # Memory controller stats
  mem-0: # Memory controller stats
   rd: 37407344 # Read requests
   wr: 3127310 # Write requests
   rdlat: 5198780616 # Total latency experienced by read requests
   wrlat: 488902929 # Total latency experienced by write requests
   load: 669109 # Sum of load factors (0-100) per update
   ups: 36056 # Number of latency updates
   clampedLoads: 11 # Number of updates where the load was clamped to 95%
 sched: # Scheduler stats
  thCr: 2 # Threads created
  thFn: 0 # Threads finished
  schedEvs: 2 # Schedule events
  waitEvs: 0 # Wait events
  handoffEvs: 0 # Handoff events
  sleepEvs: 0 # Sleep events
  idlePhases: 0 # Phases with no thread active
  idlePeriods: 0 # Periods with no thread active
  occHist: # Occupancy histogram
   0: 0
   1: 5406
   2: 31141
  rqSzHist: # Run queue size histogram
   0: 36547
   1: 0
   2: 0
   3: 0
   4: 0
   5: 0
   6: 0
   7: 0
   8: 0
   9: 0
   10: 0
   11: 0
   12: 0
   13: 0
   14: 0
   15: 0
   16: 0
===
