# zsim stats
===
root: # Stats
 contention: # Contention simulation stats
  domain-0: # Domain stats
   time: 458377169 # Weave simulation time
 time: # Simulator time breakdown
  init: 19661218114
  bound: 595827785589
  weave: 775730462
  ff: 0
 trigger: 20000 # Reason for this stats dump
 phase: 8066 # Simulated phases
 core: # Core stats
  core-0: # Core stats
   cycles: 805534469 # Simulated unhalted cycles
   cCycles: 0 # Cycles due to contention stalls
   instrs: 1197182966 # Simulated instructions
   uops: 1224853784 # Retired micro-ops
   bbls: 192440248 # Basic blocks
   approxInstrs: 14580122 # Instrs with approx uop decoding
   mispredBranches: 9777 # Mispredicted branches
   fetchStalls: 897153 # Fetch stalls
   decodeStalls: 310562194 # Decode stalls
   issueStalls: 37656436 # Issue stalls
  core-1: # Core stats
   cycles: 806600003 # Simulated unhalted cycles
   cCycles: 0 # Cycles due to contention stalls
   instrs: 1266083836 # Simulated instructions
   uops: 1296043112 # Retired micro-ops
   bbls: 203301615 # Basic blocks
   approxInstrs: 15400004 # Instrs with approx uop decoding
   mispredBranches: 10540 # Mispredicted branches
   fetchStalls: 901453 # Fetch stalls
   decodeStalls: 328833993 # Decode stalls
   issueStalls: 47904449 # Issue stalls
  core-2: # Core stats
   cycles: 806097809 # Simulated unhalted cycles
   cCycles: 0 # Cycles due to contention stalls
   instrs: 1267456093 # Simulated instructions
   uops: 1297470520 # Retired micro-ops
   bbls: 203514901 # Basic blocks
   approxInstrs: 15420119 # Instrs with approx uop decoding
   mispredBranches: 10556 # Mispredicted branches
   fetchStalls: 902840 # Fetch stalls
   decodeStalls: 329203480 # Decode stalls
   issueStalls: 47981457 # Issue stalls
  core-3: # Core stats
   cycles: 805651569 # Simulated unhalted cycles
   cCycles: 0 # Cycles due to contention stalls
   instrs: 1269417335 # Simulated instructions
   uops: 1299458880 # Retired micro-ops
   bbls: 203838140 # Basic blocks
   approxInstrs: 15440087 # Instrs with approx uop decoding
   mispredBranches: 10588 # Mispredicted branches
   fetchStalls: 898932 # Fetch stalls
   decodeStalls: 329692260 # Decode stalls
   issueStalls: 46775469 # Issue stalls
 l1i: # Cache stats
  l1i-0: # Filter cache stats
   fhGETS: 208275415 # Filtered GETS hits
   fhGETX: 0 # Filtered GETX hits
   hGETS: 0 # GETS hits
   hGETX: 0 # GETX hits
   mGETS: 46851 # GETS misses
   mGETXIM: 0 # GETX I->M misses
   mGETXSM: 0 # GETX S->M misses (upgrade misses)
   PUTS: 0 # Clean evictions (from lower level)
   PUTX: 0 # Dirty evictions (from lower level)
   INV: 0 # Invalidates (from upper level)
   INVX: 0 # Downgrades (from upper level)
   FWD: 0 # Forwards (from upper level)
   latGETnl: 782960 # GET request latency on next level
   latGETnet: 0 # GET request latency on network to next level
  l1i-1: # Filter cache stats
   fhGETS: 220061032 # Filtered GETS hits
   fhGETX: 0 # Filtered GETX hits
   hGETS: 0 # GETS hits
   hGETX: 0 # GETX hits
   mGETS: 46015 # GETS misses
   mGETXIM: 0 # GETX I->M misses
   mGETXSM: 0 # GETX S->M misses (upgrade misses)
   PUTS: 0 # Clean evictions (from lower level)
   PUTX: 0 # Dirty evictions (from lower level)
   INV: 0 # Invalidates (from upper level)
   INVX: 0 # Downgrades (from upper level)
   FWD: 0 # Forwards (from upper level)
   latGETnl: 782866 # GET request latency on next level
   latGETnet: 0 # GET request latency on network to next level
  l1i-2: # Filter cache stats
   fhGETS: 220288966 # Filtered GETS hits
   fhGETX: 0 # Filtered GETX hits
   hGETS: 0 # GETS hits
   hGETX: 0 # GETX hits
   mGETS: 47206 # GETS misses
   mGETXIM: 0 # GETX I->M misses
   mGETXSM: 0 # GETX S->M misses (upgrade misses)
   PUTS: 0 # Clean evictions (from lower level)
   PUTX: 0 # Dirty evictions (from lower level)
   INV: 0 # Invalidates (from upper level)
   INVX: 0 # Downgrades (from upper level)
   FWD: 0 # Forwards (from upper level)
   latGETnl: 772271 # GET request latency on next level
   latGETnet: 0 # GET request latency on network to next level
  l1i-3: # Filter cache stats
   fhGETS: 220636989 # Filtered GETS hits
   fhGETX: 0 # Filtered GETX hits
   hGETS: 0 # GETS hits
   hGETX: 0 # GETX hits
   mGETS: 46831 # GETS misses
   mGETXIM: 0 # GETX I->M misses
   mGETXSM: 0 # GETX S->M misses (upgrade misses)
   PUTS: 0 # Clean evictions (from lower level)
   PUTX: 0 # Dirty evictions (from lower level)
   INV: 0 # Invalidates (from upper level)
   INVX: 0 # Downgrades (from upper level)
   FWD: 0 # Forwards (from upper level)
   latGETnl: 762226 # GET request latency on next level
   latGETnet: 0 # GET request latency on network to next level
 l1d: # Cache stats
  l1d-0: # Filter cache stats
   fhGETS: 204883864 # Filtered GETS hits
   fhGETX: 53405874 # Filtered GETX hits
   hGETS: 64 # GETS hits
   hGETX: 23178800 # GETX hits
   mGETS: 72135523 # GETS misses
   mGETXIM: 10007964 # GETX I->M misses
   mGETXSM: 352 # GETX S->M misses (upgrade misses)
   PUTS: 0 # Clean evictions (from lower level)
   PUTX: 0 # Dirty evictions (from lower level)
   INV: 159 # Invalidates (from upper level)
   INVX: 619 # Downgrades (from upper level)
   FWD: 0 # Forwards (from upper level)
   latGETnl: 1325424614 # GET request latency on next level
   latGETnet: 0 # GET request latency on network to next level
  l1d-1: # Filter cache stats
   fhGETS: 233064405 # Filtered GETS hits
   fhGETX: 56891511 # Filtered GETX hits
   hGETS: 66 # GETS hits
   hGETX: 24284624 # GETX hits
   mGETS: 60456727 # GETS misses
   mGETXIM: 10685002 # GETX I->M misses
   mGETXSM: 254 # GETX S->M misses (upgrade misses)
   PUTS: 0 # Clean evictions (from lower level)
   PUTX: 0 # Dirty evictions (from lower level)
   INV: 91 # Invalidates (from upper level)
   INVX: 1442 # Downgrades (from upper level)
   FWD: 0 # Forwards (from upper level)
   latGETnl: 1151172830 # GET request latency on next level
   latGETnet: 0 # GET request latency on network to next level
  l1d-2: # Filter cache stats
   fhGETS: 232065848 # Filtered GETS hits
   fhGETX: 56706976 # Filtered GETX hits
   hGETS: 358 # GETS hits
   hGETX: 24501321 # GETX hits
   mGETS: 61821416 # GETS misses
   mGETXIM: 10743131 # GETX I->M misses
   mGETXSM: 655 # GETX S->M misses (upgrade misses)
   PUTS: 0 # Clean evictions (from lower level)
   PUTX: 0 # Dirty evictions (from lower level)
   INV: 150 # Invalidates (from upper level)
   INVX: 1471 # Downgrades (from upper level)
   FWD: 0 # Forwards (from upper level)
   latGETnl: 1173271481 # GET request latency on next level
   latGETnet: 0 # GET request latency on network to next level
  l1d-3: # Filter cache stats
   fhGETS: 232559251 # Filtered GETS hits
   fhGETX: 56786733 # Filtered GETX hits
   hGETS: 241 # GETS hits
   hGETX: 24545808 # GETX hits
   mGETS: 61780904 # GETS misses
   mGETXIM: 10752452 # GETX I->M misses
   mGETXSM: 552 # GETX S->M misses (upgrade misses)
   PUTS: 0 # Clean evictions (from lower level)
   PUTX: 0 # Dirty evictions (from lower level)
   INV: 122 # Invalidates (from upper level)
   INVX: 903 # Downgrades (from upper level)
   FWD: 0 # Forwards (from upper level)
   latGETnl: 1171901654 # GET request latency on next level
   latGETnet: 0 # GET request latency on network to next level
 l2: # Cache stats
  l2-0: # Cache stats
   hGETS: 72153781 # GETS hits
   hGETX: 9994049 # GETX hits
   mGETS: 28593 # GETS misses
   mGETXIM: 13869 # GETX I->M misses
   mGETXSM: 398 # GETX S->M misses (upgrade misses)
   PUTS: 49002988 # Clean evictions (from lower level)
   PUTX: 33187063 # Dirty evictions (from lower level)
   INV: 524 # Invalidates (from upper level)
   INVX: 2581 # Downgrades (from upper level)
   FWD: 0 # Forwards (from upper level)
   latGETnl: 11156534 # GET request latency on next level
   latGETnet: 0 # GET request latency on network to next level
  l2-1: # Cache stats
   hGETS: 60473141 # GETS hits
   hGETX: 10671087 # GETX hits
   mGETS: 29601 # GETS misses
   mGETXIM: 13886 # GETX I->M misses
   mGETXSM: 283 # GETX S->M misses (upgrade misses)
   PUTS: 36217710 # Clean evictions (from lower level)
   PUTX: 34969815 # Dirty evictions (from lower level)
   INV: 1458 # Invalidates (from upper level)
   INVX: 7848 # Downgrades (from upper level)
   FWD: 0 # Forwards (from upper level)
   latGETnl: 12947728 # GET request latency on next level
   latGETnet: 0 # GET request latency on network to next level
  l2-2: # Cache stats
   hGETS: 61839106 # GETS hits
   hGETX: 10728691 # GETX hits
   mGETS: 29516 # GETS misses
   mGETXIM: 13875 # GETX I->M misses
   mGETXSM: 1220 # GETX S->M misses (upgrade misses)
   PUTS: 37366685 # Clean evictions (from lower level)
   PUTX: 35244790 # Dirty evictions (from lower level)
   INV: 1510 # Invalidates (from upper level)
   INVX: 6630 # Downgrades (from upper level)
   FWD: 0 # Forwards (from upper level)
   latGETnl: 12245224 # GET request latency on next level
   latGETnet: 0 # GET request latency on network to next level
  l2-3: # Cache stats
   hGETS: 61798975 # GETS hits
   hGETX: 10737939 # GETX hits
   mGETS: 28760 # GETS misses
   mGETXIM: 13903 # GETX I->M misses
   mGETXSM: 1162 # GETX S->M misses (upgrade misses)
   PUTS: 37281332 # Clean evictions (from lower level)
   PUTX: 35298605 # Dirty evictions (from lower level)
   INV: 633 # Invalidates (from upper level)
   INVX: 3962 # Downgrades (from upper level)
   FWD: 0 # Forwards (from upper level)
   latGETnl: 11372056 # GET request latency on next level
   latGETnet: 0 # GET request latency on network to next level
 l3: # Cache stats
  l3-0: # Cache stats
   hGETS: 58143 # GETS hits
   hGETX: 3305 # GETX hits
   mGETS: 58327 # GETS misses
   mGETXIM: 55291 # GETX I->M misses
   mGETXSM: 0 # GETX S->M misses (upgrade misses)
   PUTS: 0 # Clean evictions (from lower level)
   PUTX: 0 # Dirty evictions (from lower level)
   INV: 0 # Invalidates (from upper level)
   INVX: 0 # Downgrades (from upper level)
   FWD: 0 # Forwards (from upper level)
   latGETnl: 43111230 # GET request latency on next level
   latGETnet: 0 # GET request latency on network to next level
 mem: # Memory controller stats
  mem-0: # Memory controller stats
   rd: 113618 # Read requests
   wr: 0 # Write requests
   rdlat: 43111230 # Total latency experienced by read requests
   wrlat: 0 # Total latency experienced by write requests
   load: 4436 # Sum of load factors (0-100) per update
   ups: 313 # Number of latency updates
   clampedLoads: 0 # Number of updates where the load was clamped to 95%
 sched: # Scheduler stats
  thCr: 4 # Threads created
  thFn: 0 # Threads finished
  schedEvs: 4 # Schedule events
  waitEvs: 0 # Wait events
  handoffEvs: 0 # Handoff events
  sleepEvs: 0 # Sleep events
  idlePhases: 0 # Phases with no thread active
  idlePeriods: 0 # Periods with no thread active
  occHist: # Occupancy histogram
   0: 0
   1: 0
   2: 0
   3: 0
   4: 8066
  rqSzHist: # Run queue size histogram
   0: 8066
   1: 0
   2: 0
   3: 0
   4: 0
   5: 0
   6: 0
   7: 0
   8: 0
   9: 0
   10: 0
   11: 0
   12: 0
   13: 0
   14: 0
   15: 0
   16: 0
 heartbeats: # Per-process heartbeats
  0: 0
  1: 0
  2: 0
  3: 0
  4: 0
  5: 0
  6: 0
  7: 0
  8: 0
  9: 0
  10: 0
  11: 0
  12: 0
  13: 0
  14: 0
  15: 0
  16: 0
  17: 0
  18: 0
  19: 0
  20: 0
  21: 0
  22: 0
  23: 0
  24: 0
  25: 0
  26: 0
  27: 0
  28: 0
  29: 0
  30: 0
  31: 0
  32: 0
  33: 0
  34: 0
  35: 0
  36: 0
  37: 0
  38: 0
  39: 0
  40: 0
  41: 0
  42: 0
  43: 0
  44: 0
  45: 0
  46: 0
  47: 0
  48: 0
  49: 0
  50: 0
  51: 0
  52: 0
  53: 0
  54: 0
  55: 0
  56: 0
  57: 0
  58: 0
  59: 0
  60: 0
  61: 0
  62: 0
  63: 0
===
