# zsim stats
===
root: # Stats
 contention: # Contention simulation stats
  domain-0: # Domain stats
   time: 2485628930 # Weave simulation time
 time: # Simulator time breakdown
  init: 19829071025
  bound: 1334435954718
  weave: 4016051085
  ff: 0
 trigger: 20000 # Reason for this stats dump
 phase: 50951 # Simulated phases
 core: # Core stats
  core-0: # Core stats
   cycles: 5094213914 # Simulated unhalted cycles
   cCycles: 0 # Cycles due to contention stalls
   instrs: 1253890072 # Simulated instructions
   uops: 1283459516 # Retired micro-ops
   bbls: 201372701 # Basic blocks
   approxInstrs: 15260092 # Instrs with approx uop decoding
   mispredBranches: 10513 # Mispredicted branches
   fetchStalls: 5809913 # Fetch stalls
   decodeStalls: 325609474 # Decode stalls
   issueStalls: 31826404 # Issue stalls
  core-1: # Core stats
   cycles: 5095100001 # Simulated unhalted cycles
   cCycles: 0 # Cycles due to contention stalls
   instrs: 1253113228 # Simulated instructions
   uops: 1282329433 # Retired micro-ops
   bbls: 201343018 # Basic blocks
   approxInstrs: 15260004 # Instrs with approx uop decoding
   mispredBranches: 10251 # Mispredicted branches
   fetchStalls: 2009125 # Fetch stalls
   decodeStalls: 325229620 # Decode stalls
   issueStalls: 32190278 # Issue stalls
  core-2: # Core stats
   cycles: 5094369670 # Simulated unhalted cycles
   cCycles: 0 # Cycles due to contention stalls
   instrs: 1240139221 # Simulated instructions
   uops: 1269925501 # Retired micro-ops
   bbls: 199004266 # Basic blocks
   approxInstrs: 15080118 # Instrs with approx uop decoding
   mispredBranches: 10415 # Mispredicted branches
   fetchStalls: 1773530 # Fetch stalls
   decodeStalls: 322327962 # Decode stalls
   issueStalls: 31596636 # Issue stalls
  core-3: # Core stats
   cycles: 5094355680 # Simulated unhalted cycles
   cCycles: 0 # Cycles due to contention stalls
   instrs: 1253131697 # Simulated instructions
   uops: 1282351796 # Retired micro-ops
   bbls: 201349296 # Basic blocks
   approxInstrs: 15260118 # Instrs with approx uop decoding
   mispredBranches: 10279 # Mispredicted branches
   fetchStalls: 5856406 # Fetch stalls
   decodeStalls: 325235829 # Decode stalls
   issueStalls: 31751665 # Issue stalls
 l1i: # Cache stats
  l1i-0: # Filter cache stats
   fhGETS: 217935892 # Filtered GETS hits
   fhGETX: 0 # Filtered GETX hits
   hGETS: 41090 # GETS hits
   hGETX: 0 # GETX hits
   mGETS: 34976 # GETS misses
   mGETXIM: 0 # GETX I->M misses
   mGETXSM: 0 # GETX S->M misses (upgrade misses)
   PUTS: 0 # Clean evictions (from lower level)
   PUTX: 0 # Dirty evictions (from lower level)
   INV: 34172 # Invalidates (from upper level)
   INVX: 0 # Downgrades (from upper level)
   FWD: 0 # Forwards (from upper level)
   latGETnl: 7573264 # GET request latency on next level
   latGETnet: 0 # GET request latency on network to next level
  l1i-1: # Filter cache stats
   fhGETS: 217896586 # Filtered GETS hits
   fhGETX: 0 # Filtered GETX hits
   hGETS: 40710 # GETS hits
   hGETX: 0 # GETX hits
   mGETS: 34147 # GETS misses
   mGETXIM: 0 # GETX I->M misses
   mGETXSM: 0 # GETX S->M misses (upgrade misses)
   PUTS: 0 # Clean evictions (from lower level)
   PUTX: 0 # Dirty evictions (from lower level)
   INV: 34005 # Invalidates (from upper level)
   INVX: 0 # Downgrades (from upper level)
   FWD: 0 # Forwards (from upper level)
   latGETnl: 2512284 # GET request latency on next level
   latGETnet: 0 # GET request latency on network to next level
  l1i-2: # Filter cache stats
   fhGETS: 215384962 # Filtered GETS hits
   fhGETX: 0 # Filtered GETX hits
   hGETS: 41288 # GETS hits
   hGETX: 0 # GETX hits
   mGETS: 34490 # GETS misses
   mGETXIM: 0 # GETX I->M misses
   mGETXSM: 0 # GETX S->M misses (upgrade misses)
   PUTS: 0 # Clean evictions (from lower level)
   PUTX: 0 # Dirty evictions (from lower level)
   INV: 33674 # Invalidates (from upper level)
   INVX: 0 # Downgrades (from upper level)
   FWD: 0 # Forwards (from upper level)
   latGETnl: 2127962 # GET request latency on next level
   latGETnet: 0 # GET request latency on network to next level
  l1i-3: # Filter cache stats
   fhGETS: 217901232 # Filtered GETS hits
   fhGETX: 0 # Filtered GETX hits
   hGETS: 41287 # GETS hits
   hGETX: 0 # GETX hits
   mGETS: 34852 # GETS misses
   mGETXIM: 0 # GETX I->M misses
   mGETXSM: 0 # GETX S->M misses (upgrade misses)
   PUTS: 0 # Clean evictions (from lower level)
   PUTX: 0 # Dirty evictions (from lower level)
   INV: 34032 # Invalidates (from upper level)
   INVX: 0 # Downgrades (from upper level)
   FWD: 0 # Forwards (from upper level)
   latGETnl: 7176316 # GET request latency on next level
   latGETnet: 0 # GET request latency on network to next level
 l1d: # Cache stats
  l1d-0: # Filter cache stats
   fhGETS: 158510645 # Filtered GETS hits
   fhGETX: 33014087 # Filtered GETX hits
   hGETS: 72668476 # GETS hits
   hGETX: 48385193 # GETX hits
   mGETS: 59471441 # GETS misses
   mGETXIM: 9517139 # GETX I->M misses
   mGETXSM: 218 # GETX S->M misses (upgrade misses)
   PUTS: 0 # Clean evictions (from lower level)
   PUTX: 0 # Dirty evictions (from lower level)
   INV: 4290 # Invalidates (from upper level)
   INVX: 224260 # Downgrades (from upper level)
   FWD: 0 # Forwards (from upper level)
   latGETnl: 13714940147 # GET request latency on next level
   latGETnet: 0 # GET request latency on network to next level
  l1d-1: # Filter cache stats
   fhGETS: 220508375 # Filtered GETS hits
   fhGETX: 53590710 # Filtered GETX hits
   hGETS: 19247356 # GETS hits
   hGETX: 27854448 # GETX hits
   mGETS: 50414037 # GETS misses
   mGETXIM: 9300511 # GETX I->M misses
   mGETXSM: 173 # GETX S->M misses (upgrade misses)
   PUTS: 0 # Clean evictions (from lower level)
   PUTX: 0 # Dirty evictions (from lower level)
   INV: 7663 # Invalidates (from upper level)
   INVX: 197899 # Downgrades (from upper level)
   FWD: 0 # Forwards (from upper level)
   latGETnl: 14414811659 # GET request latency on next level
   latGETnet: 0 # GET request latency on network to next level
  l1d-2: # Filter cache stats
   fhGETS: 196606416 # Filtered GETS hits
   fhGETX: 39666250 # Filtered GETX hits
   hGETS: 38882036 # GETS hits
   hGETX: 40219199 # GETX hits
   mGETS: 52460272 # GETS misses
   mGETXIM: 10223158 # GETX I->M misses
   mGETXSM: 466 # GETX S->M misses (upgrade misses)
   PUTS: 0 # Clean evictions (from lower level)
   PUTX: 0 # Dirty evictions (from lower level)
   INV: 7518 # Invalidates (from upper level)
   INVX: 70548 # Downgrades (from upper level)
   FWD: 0 # Forwards (from upper level)
   latGETnl: 14282418200 # GET request latency on next level
   latGETnet: 0 # GET request latency on network to next level
  l1d-3: # Filter cache stats
   fhGETS: 199184158 # Filtered GETS hits
   fhGETX: 46728054 # Filtered GETX hits
   hGETS: 36969636 # GETS hits
   hGETX: 34593432 # GETX hits
   mGETS: 54024135 # GETS misses
   mGETXIM: 9423863 # GETX I->M misses
   mGETXSM: 226 # GETX S->M misses (upgrade misses)
   PUTS: 0 # Clean evictions (from lower level)
   PUTX: 0 # Dirty evictions (from lower level)
   INV: 6028 # Invalidates (from upper level)
   INVX: 198200 # Downgrades (from upper level)
   FWD: 0 # Forwards (from upper level)
   latGETnl: 13965099219 # GET request latency on next level
   latGETnet: 0 # GET request latency on network to next level
 l2: # Cache stats
  l2-0: # Cache stats
   hGETS: 9462052 # GETS hits
   hGETX: 282169 # GETX hits
   mGETS: 50044365 # GETS misses
   mGETXIM: 9234970 # GETX I->M misses
   mGETXSM: 218 # GETX S->M misses (upgrade misses)
   PUTS: 34464461 # Clean evictions (from lower level)
   PUTX: 34520563 # Dirty evictions (from lower level)
   INV: 37245 # Invalidates (from upper level)
   INVX: 2636861 # Downgrades (from upper level)
   FWD: 0 # Forwards (from upper level)
   latGETnl: 12963251897 # GET request latency on next level
   latGETnet: 0 # GET request latency on network to next level
  l2-1: # Cache stats
   hGETS: 411458 # GETS hits
   hGETX: 82249 # GETX hits
   mGETS: 50036726 # GETS misses
   mGETXIM: 9218262 # GETX I->M misses
   mGETXSM: 173 # GETX S->M misses (upgrade misses)
   PUTS: 27516502 # Clean evictions (from lower level)
   PUTX: 32190457 # Dirty evictions (from lower level)
   INV: 50558 # Invalidates (from upper level)
   INVX: 2131754 # Downgrades (from upper level)
   FWD: 0 # Forwards (from upper level)
   latGETnl: 13760086395 # GET request latency on next level
   latGETnet: 0 # GET request latency on network to next level
  l2-2: # Cache stats
   hGETS: 3029627 # GETS hits
   hGETX: 1076182 # GETX hits
   mGETS: 49465135 # GETS misses
   mGETXIM: 9146976 # GETX I->M misses
   mGETXSM: 466 # GETX S->M misses (upgrade misses)
   PUTS: 29090894 # Clean evictions (from lower level)
   PUTX: 33585762 # Dirty evictions (from lower level)
   INV: 410414 # Invalidates (from upper level)
   INVX: 694169 # Downgrades (from upper level)
   FWD: 0 # Forwards (from upper level)
   latGETnl: 13594643916 # GET request latency on next level
   latGETnet: 0 # GET request latency on network to next level
  l2-3: # Cache stats
   hGETS: 4024560 # GETS hits
   hGETX: 204707 # GETX hits
   mGETS: 50034427 # GETS misses
   mGETXIM: 9219156 # GETX I->M misses
   mGETXSM: 226 # GETX S->M misses (upgrade misses)
   PUTS: 30529651 # Clean evictions (from lower level)
   PUTX: 32913069 # Dirty evictions (from lower level)
   INV: 70228 # Invalidates (from upper level)
   INVX: 2221150 # Downgrades (from upper level)
   FWD: 0 # Forwards (from upper level)
   latGETnl: 13273961699 # GET request latency on next level
   latGETnet: 0 # GET request latency on network to next level
 l3: # Cache stats
  l3-0: # Cache stats
   hGETS: 128531614 # GETS hits
   hGETX: 35469971 # GETX hits
   mGETS: 71049039 # GETS misses
   mGETXIM: 1350476 # GETX I->M misses
   mGETXSM: 0 # GETX S->M misses (upgrade misses)
   PUTS: 107841766 # Clean evictions (from lower level)
   PUTX: 127957038 # Dirty evictions (from lower level)
   INV: 0 # Invalidates (from upper level)
   INVX: 0 # Downgrades (from upper level)
   FWD: 0 # Forwards (from upper level)
   latGETnl: 48540213412 # GET request latency on next level
   latGETnet: 0 # GET request latency on network to next level
 mem: # Memory controller stats
  mem-0: # Memory controller stats
   rd: 72399515 # Read requests
   wr: 21589233 # Write requests
   rdlat: 48540213412 # Total latency experienced by read requests
   wrlat: 15970109121 # Total latency experienced by write requests
   load: 3251970 # Sum of load factors (0-100) per update
   ups: 49912 # Number of latency updates
   clampedLoads: 5639 # Number of updates where the load was clamped to 95%
 sched: # Scheduler stats
  thCr: 4 # Threads created
  thFn: 0 # Threads finished
  schedEvs: 4 # Schedule events
  waitEvs: 0 # Wait events
  handoffEvs: 0 # Handoff events
  sleepEvs: 0 # Sleep events
  idlePhases: 0 # Phases with no thread active
  idlePeriods: 0 # Periods with no thread active
  occHist: # Occupancy histogram
   0: 0
   1: 0
   2: 0
   3: 0
   4: 50951
  rqSzHist: # Run queue size histogram
   0: 50951
   1: 0
   2: 0
   3: 0
   4: 0
   5: 0
   6: 0
   7: 0
   8: 0
   9: 0
   10: 0
   11: 0
   12: 0
   13: 0
   14: 0
   15: 0
   16: 0
 heartbeats: # Per-process heartbeats
  0: 0
  1: 0
  2: 0
  3: 0
  4: 0
  5: 0
  6: 0
  7: 0
  8: 0
  9: 0
  10: 0
  11: 0
  12: 0
  13: 0
  14: 0
  15: 0
  16: 0
  17: 0
  18: 0
  19: 0
  20: 0
  21: 0
  22: 0
  23: 0
  24: 0
  25: 0
  26: 0
  27: 0
  28: 0
  29: 0
  30: 0
  31: 0
  32: 0
  33: 0
  34: 0
  35: 0
  36: 0
  37: 0
  38: 0
  39: 0
  40: 0
  41: 0
  42: 0
  43: 0
  44: 0
  45: 0
  46: 0
  47: 0
  48: 0
  49: 0
  50: 0
  51: 0
  52: 0
  53: 0
  54: 0
  55: 0
  56: 0
  57: 0
  58: 0
  59: 0
  60: 0
  61: 0
  62: 0
  63: 0
===
