# zsim stats
===
root: # Stats
 rdtsc: 64478994040321707 # Host timestamp counter
 trigger: 20000 # Reason for this stats dump
 phase: 10380 # Simulated phases
 core: # Core stats
  core-0: # Core stats
   cycles: 1036700011 # Simulated cycles
   instrs: 1252588345 # Simulated instructions
   uops: 1421529562 # Retired micro-ops
   bbls: 200983647 # Basic blocks
   approxInstrs: 15230196 # Instrs with approx uop decoding
   mispredBranches: 10754 # Mispredicted branches
  core-1: # Core stats
   cycles: 1037900015 # Simulated cycles
   instrs: 1240596812 # Simulated instructions
   uops: 1407622128 # Retired micro-ops
   bbls: 199196790 # Basic blocks
   approxInstrs: 15090107 # Instrs with approx uop decoding
   mispredBranches: 10346 # Mispredicted branches
  core-2: # Core stats
   cycles: 1036500001 # Simulated cycles
   instrs: 1252204186 # Simulated instructions
   uops: 1420128020 # Retired micro-ops
   bbls: 201293376 # Basic blocks
   approxInstrs: 15270190 # Instrs with approx uop decoding
   mispredBranches: 10252 # Mispredicted branches
  core-3: # Core stats
   cycles: 1035900004 # Simulated cycles
   instrs: 1254865740 # Simulated instructions
   uops: 1423378734 # Retired micro-ops
   bbls: 201629102 # Basic blocks
   approxInstrs: 15290217 # Instrs with approx uop decoding
   mispredBranches: 10429 # Mispredicted branches
 l1i: # Cache stats
  l1i-0: # Cache stats
   hGETS: 276364517 # GETS hits
   hGETX: 0 # GETX hits
   mGETS: 85891 # GETS misses
   mGETXIM: 0 # GETX I->M misses
   mGETXSM: 0 # GETX S->M misses (upgrade misses)
   PUTS: 0 # Clean evictions (from lower level)
   PUTX: 0 # Dirty evictions (from lower level)
   INV: 0 # Invalidates (from upper level)
   INVX: 64 # Downgrades (from upper level)
   latGETnl: 1598923 # GET request latency on next level
   latGETnet: 0 # GET request latency on network to next level
  l1i-1: # Cache stats
   hGETS: 273797737 # GETS hits
   hGETX: 0 # GETX hits
   mGETS: 65818 # GETS misses
   mGETXIM: 0 # GETX I->M misses
   mGETXSM: 0 # GETX S->M misses (upgrade misses)
   PUTS: 0 # Clean evictions (from lower level)
   PUTX: 0 # Dirty evictions (from lower level)
   INV: 0 # Invalidates (from upper level)
   INVX: 36 # Downgrades (from upper level)
   latGETnl: 1246950 # GET request latency on next level
   latGETnet: 0 # GET request latency on network to next level
  l1i-2: # Cache stats
   hGETS: 276442621 # GETS hits
   hGETX: 0 # GETX hits
   mGETS: 86229 # GETS misses
   mGETXIM: 0 # GETX I->M misses
   mGETXSM: 0 # GETX S->M misses (upgrade misses)
   PUTS: 0 # Clean evictions (from lower level)
   PUTX: 0 # Dirty evictions (from lower level)
   INV: 0 # Invalidates (from upper level)
   INVX: 2 # Downgrades (from upper level)
   latGETnl: 1561426 # GET request latency on next level
   latGETnet: 0 # GET request latency on network to next level
  l1i-3: # Cache stats
   hGETS: 276992203 # GETS hits
   hGETX: 0 # GETX hits
   mGETS: 86562 # GETS misses
   mGETXIM: 0 # GETX I->M misses
   mGETXSM: 0 # GETX S->M misses (upgrade misses)
   PUTS: 0 # Clean evictions (from lower level)
   PUTX: 0 # Dirty evictions (from lower level)
   INV: 0 # Invalidates (from upper level)
   INVX: 0 # Downgrades (from upper level)
   latGETnl: 1558560 # GET request latency on next level
   latGETnet: 0 # GET request latency on network to next level
 l1d: # Cache stats
  l1d-0: # Cache stats
   hGETS: 231037516 # GETS hits
   hGETX: 80452680 # GETX hits
   mGETS: 59835254 # GETS misses
   mGETXIM: 10614469 # GETX I->M misses
   mGETXSM: 261 # GETX S->M misses (upgrade misses)
   PUTS: 0 # Clean evictions (from lower level)
   PUTX: 0 # Dirty evictions (from lower level)
   INV: 2282 # Invalidates (from upper level)
   INVX: 1092 # Downgrades (from upper level)
   latGETnl: 1296448751 # GET request latency on next level
   latGETnet: 0 # GET request latency on network to next level
  l1d-1: # Cache stats
   hGETS: 227737995 # GETS hits
   hGETX: 79485048 # GETX hits
   mGETS: 60074788 # GETS misses
   mGETXIM: 10530870 # GETX I->M misses
   mGETXSM: 381 # GETX S->M misses (upgrade misses)
   PUTS: 0 # Clean evictions (from lower level)
   PUTX: 0 # Dirty evictions (from lower level)
   INV: 2323 # Invalidates (from upper level)
   INVX: 1944 # Downgrades (from upper level)
   latGETnl: 1299213246 # GET request latency on next level
   latGETnet: 0 # GET request latency on network to next level
  l1d-2: # Cache stats
   hGETS: 229539403 # GETS hits
   hGETX: 80018525 # GETX hits
   mGETS: 60141072 # GETS misses
   mGETXIM: 10544532 # GETX I->M misses
   mGETXSM: 3690 # GETX S->M misses (upgrade misses)
   PUTS: 0 # Clean evictions (from lower level)
   PUTX: 0 # Dirty evictions (from lower level)
   INV: 100 # Invalidates (from upper level)
   INVX: 3583 # Downgrades (from upper level)
   latGETnl: 1300768450 # GET request latency on next level
   latGETnet: 0 # GET request latency on network to next level
  l1d-3: # Cache stats
   hGETS: 230971206 # GETS hits
   hGETX: 80228637 # GETX hits
   mGETS: 59621636 # GETS misses
   mGETXIM: 10631614 # GETX I->M misses
   mGETXSM: 301 # GETX S->M misses (upgrade misses)
   PUTS: 0 # Clean evictions (from lower level)
   PUTX: 0 # Dirty evictions (from lower level)
   INV: 2262 # Invalidates (from upper level)
   INVX: 639 # Downgrades (from upper level)
   latGETnl: 1292916760 # GET request latency on next level
   latGETnet: 0 # GET request latency on network to next level
 l2: # Cache stats
  l2-0: # Cache stats
   hGETS: 151506 # GETS hits
   hGETX: 0 # GETX hits
   mGETS: 203 # GETS misses
   mGETXIM: 0 # GETX I->M misses
   mGETXSM: 0 # GETX S->M misses (upgrade misses)
   PUTS: 151584 # Clean evictions (from lower level)
   PUTX: 0 # Dirty evictions (from lower level)
   INV: 0 # Invalidates (from upper level)
   INVX: 109 # Downgrades (from upper level)
   latGETnl: 114767 # GET request latency on next level
   latGETnet: 0 # GET request latency on network to next level
  l2-1: # Cache stats
   hGETS: 172666 # GETS hits
   hGETX: 0 # GETX hits
   mGETS: 125 # GETS misses
   mGETXIM: 0 # GETX I->M misses
   mGETXSM: 0 # GETX S->M misses (upgrade misses)
   PUTS: 172670 # Clean evictions (from lower level)
   PUTX: 0 # Dirty evictions (from lower level)
   INV: 0 # Invalidates (from upper level)
   INVX: 3 # Downgrades (from upper level)
   latGETnl: 9748 # GET request latency on next level
   latGETnet: 0 # GET request latency on network to next level
  l2-2: # Cache stats
   hGETS: 119868092 # GETS hits
   hGETX: 21116805 # GETX hits
   mGETS: 41950 # GETS misses
   mGETXIM: 27792 # GETX I->M misses
   mGETXSM: 1384 # GETX S->M misses (upgrade misses)
   PUTS: 72129684 # Clean evictions (from lower level)
   PUTX: 68920964 # Dirty evictions (from lower level)
   INV: 4077 # Invalidates (from upper level)
   INVX: 16191 # Downgrades (from upper level)
   latGETnl: 56648807 # GET request latency on next level
   latGETnet: 0 # GET request latency on network to next level
  l2-3: # Cache stats
   hGETS: 119723428 # GETS hits
   hGETX: 21148383 # GETX hits
   mGETS: 39280 # GETS misses
   mGETXIM: 27852 # GETX I->M misses
   mGETXSM: 3902 # GETX S->M misses (upgrade misses)
   PUTS: 71488141 # Clean evictions (from lower level)
   PUTX: 69448223 # Dirty evictions (from lower level)
   INV: 1529 # Invalidates (from upper level)
   INVX: 7021 # Downgrades (from upper level)
   latGETnl: 56700520 # GET request latency on next level
   latGETnet: 0 # GET request latency on network to next level
 l3: # Cache stats
  l3-0: # Cache stats
   hGETS: 23324 # GETS hits
   hGETX: 5606 # GETX hits
   mGETS: 58234 # GETS misses
   mGETXIM: 55324 # GETX I->M misses
   mGETXSM: 0 # GETX S->M misses (upgrade misses)
   PUTS: 0 # Clean evictions (from lower level)
   PUTX: 0 # Dirty evictions (from lower level)
   INV: 0 # Invalidates (from upper level)
   INVX: 0 # Downgrades (from upper level)
   latGETnl: 109215466 # GET request latency on next level
   latGETnet: 0 # GET request latency on network to next level
 mem: # Memory controller stats
  mem-0: # Memory controller stats
   rd: 113558 # Read requests
   wr: 0 # Write requests
   rdlat: 109215466 # Total latency experienced by read requests
   wrlat: 0 # Total latency experienced by write requests
   load: 4140 # Sum of load factors (0-100) per update
   ups: 281 # Number of latency updates
   clampedLoads: 12 # Number of updates where the load was clamped to 95%
 sched: # Scheduler stats
  thCr: 4 # Threads created
  thFn: 0 # Threads finished
  schedEvs: 4 # Schedule events
  waitEvs: 0 # Wait events
  handoffEvs: 0 # Handoff events
  sleepEvs: 0 # Sleep events
  idlePhases: 0 # Phases with no thread active
  idlePeriods: 0 # Periods with no thread active
  occHist: # Occupancy histogram
   0: 0
   1: 0
   2: 0
   3: 0
   4: 10380
  rqSzHist: # Run queue size histogram
   0: 10380
   1: 0
   2: 0
   3: 0
   4: 0
   5: 0
   6: 0
   7: 0
   8: 0
   9: 0
   10: 0
   11: 0
   12: 0
   13: 0
   14: 0
   15: 0
   16: 0
===
