# zsim stats
===
root: # Stats
 contention: # Contention simulation stats
  domain-0: # Domain stats
   time: 430532628 # Weave simulation time
 time: # Simulator time breakdown
  init: 19535450353
  bound: 610723085098
  weave: 709699781
  ff: 0
 trigger: 20000 # Reason for this stats dump
 phase: 8084 # Simulated phases
 core: # Core stats
  core-0: # Core stats
   cycles: 807524364 # Simulated unhalted cycles
   cCycles: 0 # Cycles due to contention stalls
   instrs: 1196322085 # Simulated instructions
   uops: 1224302151 # Retired micro-ops
   bbls: 192205956 # Basic blocks
   approxInstrs: 14560122 # Instrs with approx uop decoding
   mispredBranches: 9873 # Mispredicted branches
   fetchStalls: 899181 # Fetch stalls
   decodeStalls: 310517969 # Decode stalls
   issueStalls: 37007092 # Issue stalls
  core-1: # Core stats
   cycles: 807297648 # Simulated unhalted cycles
   cCycles: 0 # Cycles due to contention stalls
   instrs: 1269347878 # Simulated instructions
   uops: 1299079540 # Retired micro-ops
   bbls: 203931503 # Basic blocks
   approxInstrs: 15440118 # Instrs with approx uop decoding
   mispredBranches: 10502 # Mispredicted branches
   fetchStalls: 898823 # Fetch stalls
   decodeStalls: 329514820 # Decode stalls
   issueStalls: 47764471 # Issue stalls
  core-2: # Core stats
   cycles: 807460764 # Simulated unhalted cycles
   cCycles: 0 # Cycles due to contention stalls
   instrs: 1267671863 # Simulated instructions
   uops: 1297676087 # Retired micro-ops
   bbls: 203555998 # Basic blocks
   approxInstrs: 15420118 # Instrs with approx uop decoding
   mispredBranches: 10623 # Mispredicted branches
   fetchStalls: 902896 # Fetch stalls
   decodeStalls: 329247997 # Decode stalls
   issueStalls: 47051196 # Issue stalls
  core-3: # Core stats
   cycles: 808304413 # Simulated unhalted cycles
   cCycles: 0 # Cycles due to contention stalls
   instrs: 1267212881 # Simulated instructions
   uops: 1297234195 # Retired micro-ops
   bbls: 203465812 # Basic blocks
   approxInstrs: 15420004 # Instrs with approx uop decoding
   mispredBranches: 10565 # Mispredicted branches
   fetchStalls: 904539 # Fetch stalls
   decodeStalls: 329150885 # Decode stalls
   issueStalls: 46965399 # Issue stalls
 l1i: # Cache stats
  l1i-0: # Filter cache stats
   fhGETS: 208031761 # Filtered GETS hits
   fhGETX: 0 # Filtered GETX hits
   hGETS: 0 # GETS hits
   hGETX: 0 # GETX hits
   mGETS: 46869 # GETS misses
   mGETXIM: 0 # GETX I->M misses
   mGETXSM: 0 # GETX S->M misses (upgrade misses)
   PUTS: 0 # Clean evictions (from lower level)
   PUTX: 0 # Dirty evictions (from lower level)
   INV: 0 # Invalidates (from upper level)
   INVX: 0 # Downgrades (from upper level)
   FWD: 0 # Forwards (from upper level)
   latGETnl: 783600 # GET request latency on next level
   latGETnet: 0 # GET request latency on network to next level
  l1i-1: # Filter cache stats
   fhGETS: 220719645 # Filtered GETS hits
   fhGETX: 0 # Filtered GETX hits
   hGETS: 0 # GETS hits
   hGETX: 0 # GETX hits
   mGETS: 47227 # GETS misses
   mGETXIM: 0 # GETX I->M misses
   mGETXSM: 0 # GETX S->M misses (upgrade misses)
   PUTS: 0 # Clean evictions (from lower level)
   PUTX: 0 # Dirty evictions (from lower level)
   INV: 0 # Invalidates (from upper level)
   INVX: 0 # Downgrades (from upper level)
   FWD: 0 # Forwards (from upper level)
   latGETnl: 764565 # GET request latency on next level
   latGETnet: 0 # GET request latency on network to next level
  l1i-2: # Filter cache stats
   fhGETS: 220333652 # Filtered GETS hits
   fhGETX: 0 # Filtered GETX hits
   hGETS: 0 # GETS hits
   hGETX: 0 # GETX hits
   mGETS: 47300 # GETS misses
   mGETXIM: 0 # GETX I->M misses
   mGETXSM: 0 # GETX S->M misses (upgrade misses)
   PUTS: 0 # Clean evictions (from lower level)
   PUTX: 0 # Dirty evictions (from lower level)
   INV: 0 # Invalidates (from upper level)
   INVX: 0 # Downgrades (from upper level)
   FWD: 0 # Forwards (from upper level)
   latGETnl: 766765 # GET request latency on next level
   latGETnet: 0 # GET request latency on network to next level
  l1i-3: # Filter cache stats
   fhGETS: 220237964 # Filtered GETS hits
   fhGETX: 0 # Filtered GETX hits
   hGETS: 0 # GETS hits
   hGETX: 0 # GETX hits
   mGETS: 46043 # GETS misses
   mGETXIM: 0 # GETX I->M misses
   mGETXSM: 0 # GETX S->M misses (upgrade misses)
   PUTS: 0 # Clean evictions (from lower level)
   PUTX: 0 # Dirty evictions (from lower level)
   INV: 0 # Invalidates (from upper level)
   INVX: 0 # Downgrades (from upper level)
   FWD: 0 # Forwards (from upper level)
   latGETnl: 791271 # GET request latency on next level
   latGETnet: 0 # GET request latency on network to next level
 l1d: # Cache stats
  l1d-0: # Filter cache stats
   fhGETS: 205553168 # Filtered GETS hits
   fhGETX: 53641367 # Filtered GETX hits
   hGETS: 81 # GETS hits
   hGETX: 22985239 # GETX hits
   mGETS: 71540990 # GETS misses
   mGETXIM: 10029049 # GETX I->M misses
   mGETXSM: 302 # GETX S->M misses (upgrade misses)
   PUTS: 0 # Clean evictions (from lower level)
   PUTX: 0 # Dirty evictions (from lower level)
   INV: 107 # Invalidates (from upper level)
   INVX: 986 # Downgrades (from upper level)
   FWD: 0 # Forwards (from upper level)
   latGETnl: 1316771055 # GET request latency on next level
   latGETnet: 0 # GET request latency on network to next level
  l1d-1: # Filter cache stats
   fhGETS: 232122405 # Filtered GETS hits
   fhGETX: 56674803 # Filtered GETX hits
   hGETS: 46 # GETS hits
   hGETX: 24548478 # GETX hits
   mGETS: 62009269 # GETS misses
   mGETXIM: 10736537 # GETX I->M misses
   mGETXSM: 323 # GETX S->M misses (upgrade misses)
   PUTS: 0 # Clean evictions (from lower level)
   PUTX: 0 # Dirty evictions (from lower level)
   INV: 117 # Invalidates (from upper level)
   INVX: 671 # Downgrades (from upper level)
   FWD: 0 # Forwards (from upper level)
   latGETnl: 1175419190 # GET request latency on next level
   latGETnet: 0 # GET request latency on network to next level
  l1d-2: # Filter cache stats
   fhGETS: 232278670 # Filtered GETS hits
   fhGETX: 56781291 # Filtered GETX hits
   hGETS: 56 # GETS hits
   hGETX: 24450751 # GETX hits
   mGETS: 61639846 # GETS misses
   mGETXIM: 10730020 # GETX I->M misses
   mGETXSM: 332 # GETX S->M misses (upgrade misses)
   PUTS: 0 # Clean evictions (from lower level)
   PUTX: 0 # Dirty evictions (from lower level)
   INV: 147 # Invalidates (from upper level)
   INVX: 912 # Downgrades (from upper level)
   FWD: 0 # Forwards (from upper level)
   latGETnl: 1169511377 # GET request latency on next level
   latGETnet: 0 # GET request latency on network to next level
  l1d-3: # Filter cache stats
   fhGETS: 233084509 # Filtered GETS hits
   fhGETX: 56870831 # Filtered GETX hits
   hGETS: 65 # GETS hits
   hGETX: 24328538 # GETX hits
   mGETS: 60762892 # GETS misses
   mGETXIM: 10742117 # GETX I->M misses
   mGETXSM: 205 # GETX S->M misses (upgrade misses)
   PUTS: 0 # Clean evictions (from lower level)
   PUTX: 0 # Dirty evictions (from lower level)
   INV: 63 # Invalidates (from upper level)
   INVX: 1405 # Downgrades (from upper level)
   FWD: 0 # Forwards (from upper level)
   latGETnl: 1157069036 # GET request latency on next level
   latGETnet: 0 # GET request latency on network to next level
 l2: # Cache stats
  l2-0: # Cache stats
   hGETS: 71559318 # GETS hits
   hGETX: 10014948 # GETX hits
   mGETS: 28541 # GETS misses
   mGETXIM: 13933 # GETX I->M misses
   mGETXSM: 470 # GETX S->M misses (upgrade misses)
   PUTS: 48602173 # Clean evictions (from lower level)
   PUTX: 33014500 # Dirty evictions (from lower level)
   INV: 536 # Invalidates (from upper level)
   INVX: 4103 # Downgrades (from upper level)
   FWD: 0 # Forwards (from upper level)
   latGETnl: 11679295 # GET request latency on next level
   latGETnet: 0 # GET request latency on network to next level
  l2-1: # Cache stats
   hGETS: 62027814 # GETS hits
   hGETX: 10722634 # GETX hits
   mGETS: 28682 # GETS misses
   mGETXIM: 13902 # GETX I->M misses
   mGETXSM: 324 # GETX S->M misses (upgrade misses)
   PUTS: 37507505 # Clean evictions (from lower level)
   PUTX: 35285283 # Dirty evictions (from lower level)
   INV: 597 # Invalidates (from upper level)
   INVX: 3487 # Downgrades (from upper level)
   FWD: 0 # Forwards (from upper level)
   latGETnl: 11490059 # GET request latency on next level
   latGETnet: 0 # GET request latency on network to next level
  l2-2: # Cache stats
   hGETS: 61658459 # GETS hits
   hGETX: 10716068 # GETX hits
   mGETS: 28687 # GETS misses
   mGETXIM: 13914 # GETX I->M misses
   mGETXSM: 370 # GETX S->M misses (upgrade misses)
   PUTS: 37235829 # Clean evictions (from lower level)
   PUTX: 35181062 # Dirty evictions (from lower level)
   INV: 612 # Invalidates (from upper level)
   INVX: 3774 # Downgrades (from upper level)
   FWD: 0 # Forwards (from upper level)
   latGETnl: 11598174 # GET request latency on next level
   latGETnet: 0 # GET request latency on network to next level
  l2-3: # Cache stats
   hGETS: 60780208 # GETS hits
   hGETX: 10728111 # GETX hits
   mGETS: 28727 # GETS misses
   mGETXIM: 13909 # GETX I->M misses
   mGETXSM: 302 # GETX S->M misses (upgrade misses)
   PUTS: 36480035 # Clean evictions (from lower level)
   PUTX: 35070826 # Dirty evictions (from lower level)
   INV: 612 # Invalidates (from upper level)
   INVX: 8071 # Downgrades (from upper level)
   FWD: 0 # Forwards (from upper level)
   latGETnl: 13040195 # GET request latency on next level
   latGETnet: 0 # GET request latency on network to next level
 l3: # Cache stats
  l3-0: # Cache stats
   hGETS: 56321 # GETS hits
   hGETX: 1860 # GETX hits
   mGETS: 58316 # GETS misses
   mGETXIM: 55264 # GETX I->M misses
   mGETXSM: 0 # GETX S->M misses (upgrade misses)
   PUTS: 0 # Clean evictions (from lower level)
   PUTX: 0 # Dirty evictions (from lower level)
   INV: 0 # Invalidates (from upper level)
   INVX: 0 # Downgrades (from upper level)
   FWD: 0 # Forwards (from upper level)
   latGETnl: 42983817 # GET request latency on next level
   latGETnet: 0 # GET request latency on network to next level
 mem: # Memory controller stats
  mem-0: # Memory controller stats
   rd: 113580 # Read requests
   wr: 0 # Write requests
   rdlat: 42983817 # Total latency experienced by read requests
   wrlat: 0 # Total latency experienced by write requests
   load: 4415 # Sum of load factors (0-100) per update
   ups: 313 # Number of latency updates
   clampedLoads: 0 # Number of updates where the load was clamped to 95%
 sched: # Scheduler stats
  thCr: 4 # Threads created
  thFn: 0 # Threads finished
  schedEvs: 4 # Schedule events
  waitEvs: 0 # Wait events
  handoffEvs: 0 # Handoff events
  sleepEvs: 0 # Sleep events
  idlePhases: 0 # Phases with no thread active
  idlePeriods: 0 # Periods with no thread active
  occHist: # Occupancy histogram
   0: 0
   1: 0
   2: 0
   3: 0
   4: 8084
  rqSzHist: # Run queue size histogram
   0: 8084
   1: 0
   2: 0
   3: 0
   4: 0
   5: 0
   6: 0
   7: 0
   8: 0
   9: 0
   10: 0
   11: 0
   12: 0
   13: 0
   14: 0
   15: 0
   16: 0
 heartbeats: # Per-process heartbeats
  0: 0
  1: 0
  2: 0
  3: 0
  4: 0
  5: 0
  6: 0
  7: 0
  8: 0
  9: 0
  10: 0
  11: 0
  12: 0
  13: 0
  14: 0
  15: 0
  16: 0
  17: 0
  18: 0
  19: 0
  20: 0
  21: 0
  22: 0
  23: 0
  24: 0
  25: 0
  26: 0
  27: 0
  28: 0
  29: 0
  30: 0
  31: 0
  32: 0
  33: 0
  34: 0
  35: 0
  36: 0
  37: 0
  38: 0
  39: 0
  40: 0
  41: 0
  42: 0
  43: 0
  44: 0
  45: 0
  46: 0
  47: 0
  48: 0
  49: 0
  50: 0
  51: 0
  52: 0
  53: 0
  54: 0
  55: 0
  56: 0
  57: 0
  58: 0
  59: 0
  60: 0
  61: 0
  62: 0
  63: 0
===
