# zsim stats
===
root: # Stats
 contention: # Contention simulation stats
  domain-0: # Domain stats
   time: 2405543306 # Weave simulation time
 time: # Simulator time breakdown
  init: 20140344951
  bound: 1166607954827
  weave: 6852101397
  ff: 0
 trigger: 20000 # Reason for this stats dump
 phase: 50260 # Simulated phases
 core: # Core stats
  core-0: # Core stats
   cycles: 5026000058 # Simulated unhalted cycles
   cCycles: 0 # Cycles due to contention stalls
   instrs: 1277915030 # Simulated instructions
   uops: 1308284270 # Retired micro-ops
   bbls: 205163698 # Basic blocks
   approxInstrs: 15540006 # Instrs with approx uop decoding
   mispredBranches: 10625 # Mispredicted branches
   fetchStalls: 3407566 # Fetch stalls
   decodeStalls: 331986109 # Decode stalls
   issueStalls: 38290693 # Issue stalls
  core-1: # Core stats
   cycles: 5024677807 # Simulated unhalted cycles
   cCycles: 0 # Cycles due to contention stalls
   instrs: 1237834586 # Simulated instructions
   uops: 1266866039 # Retired micro-ops
   bbls: 198854490 # Basic blocks
   approxInstrs: 15060119 # Instrs with approx uop decoding
   mispredBranches: 10233 # Mispredicted branches
   fetchStalls: 2859603 # Fetch stalls
   decodeStalls: 321351972 # Decode stalls
   issueStalls: 36220654 # Issue stalls
  core-2: # Core stats
   cycles: 5025470904 # Simulated unhalted cycles
   cCycles: 0 # Cycles due to contention stalls
   instrs: 1233816591 # Simulated instructions
   uops: 1263084245 # Retired micro-ops
   bbls: 198117632 # Basic blocks
   approxInstrs: 15000119 # Instrs with approx uop decoding
   mispredBranches: 10329 # Mispredicted branches
   fetchStalls: 2858600 # Fetch stalls
   decodeStalls: 320499409 # Decode stalls
   issueStalls: 36176719 # Issue stalls
  core-3: # Core stats
   cycles: 5025043470 # Simulated unhalted cycles
   cCycles: 0 # Cycles due to contention stalls
   instrs: 1250511524 # Simulated instructions
   uops: 1279641581 # Retired micro-ops
   bbls: 200948677 # Basic blocks
   approxInstrs: 15220119 # Instrs with approx uop decoding
   mispredBranches: 10334 # Mispredicted branches
   fetchStalls: 2977280 # Fetch stalls
   decodeStalls: 324542482 # Decode stalls
   issueStalls: 36658830 # Issue stalls
 l1i: # Cache stats
  l1i-0: # Filter cache stats
   fhGETS: 222069856 # Filtered GETS hits
   fhGETX: 0 # Filtered GETX hits
   hGETS: 40655 # GETS hits
   hGETX: 0 # GETX hits
   mGETS: 18969 # GETS misses
   mGETXIM: 0 # GETX I->M misses
   mGETXSM: 0 # GETX S->M misses (upgrade misses)
   PUTS: 0 # Clean evictions (from lower level)
   PUTX: 0 # Dirty evictions (from lower level)
   INV: 18911 # Invalidates (from upper level)
   INVX: 0 # Downgrades (from upper level)
   FWD: 0 # Forwards (from upper level)
   latGETnl: 4196560 # GET request latency on next level
   latGETnet: 0 # GET request latency on network to next level
  l1i-1: # Filter cache stats
   fhGETS: 215218531 # Filtered GETS hits
   fhGETX: 0 # Filtered GETX hits
   hGETS: 41793 # GETS hits
   hGETX: 0 # GETX hits
   mGETS: 18375 # GETS misses
   mGETXIM: 0 # GETX I->M misses
   mGETXSM: 0 # GETX S->M misses (upgrade misses)
   PUTS: 0 # Clean evictions (from lower level)
   PUTX: 0 # Dirty evictions (from lower level)
   INV: 18349 # Invalidates (from upper level)
   INVX: 0 # Downgrades (from upper level)
   FWD: 0 # Forwards (from upper level)
   latGETnl: 3541309 # GET request latency on next level
   latGETnet: 0 # GET request latency on network to next level
  l1i-2: # Filter cache stats
   fhGETS: 214432143 # Filtered GETS hits
   fhGETX: 0 # Filtered GETX hits
   hGETS: 41764 # GETS hits
   hGETX: 0 # GETX hits
   mGETS: 18307 # GETS misses
   mGETXIM: 0 # GETX I->M misses
   mGETXSM: 0 # GETX S->M misses (upgrade misses)
   PUTS: 0 # Clean evictions (from lower level)
   PUTX: 0 # Dirty evictions (from lower level)
   INV: 18281 # Invalidates (from upper level)
   INVX: 0 # Downgrades (from upper level)
   FWD: 0 # Forwards (from upper level)
   latGETnl: 3552444 # GET request latency on next level
   latGETnet: 0 # GET request latency on network to next level
  l1i-3: # Filter cache stats
   fhGETS: 217482967 # Filtered GETS hits
   fhGETX: 0 # Filtered GETX hits
   hGETS: 41889 # GETS hits
   hGETX: 0 # GETX hits
   mGETS: 18471 # GETS misses
   mGETXIM: 0 # GETX I->M misses
   mGETXSM: 0 # GETX S->M misses (upgrade misses)
   PUTS: 0 # Clean evictions (from lower level)
   PUTX: 0 # Dirty evictions (from lower level)
   INV: 18417 # Invalidates (from upper level)
   INVX: 0 # Downgrades (from upper level)
   FWD: 0 # Forwards (from upper level)
   latGETnl: 3705368 # GET request latency on next level
   latGETnet: 0 # GET request latency on network to next level
 l1d: # Cache stats
  l1d-0: # Filter cache stats
   fhGETS: 240214091 # Filtered GETS hits
   fhGETX: 58693525 # Filtered GETX hits
   hGETS: 5179027 # GETS hits
   hGETX: 24645926 # GETX hits
   mGETS: 50950347 # GETS misses
   mGETXIM: 9433103 # GETX I->M misses
   mGETXSM: 10010 # GETX S->M misses (upgrade misses)
   PUTS: 0 # Clean evictions (from lower level)
   PUTX: 0 # Dirty evictions (from lower level)
   INV: 148184 # Invalidates (from upper level)
   INVX: 516099 # Downgrades (from upper level)
   FWD: 0 # Forwards (from upper level)
   latGETnl: 12367436542 # GET request latency on next level
   latGETnet: 0 # GET request latency on network to next level
  l1d-1: # Filter cache stats
   fhGETS: 232024265 # Filtered GETS hits
   fhGETX: 56672911 # Filtered GETX hits
   hGETS: 5366620 # GETS hits
   hGETX: 23912335 # GETX hits
   mGETS: 49392701 # GETS misses
   mGETXIM: 9123232 # GETX I->M misses
   mGETXSM: 200 # GETX S->M misses (upgrade misses)
   PUTS: 0 # Clean evictions (from lower level)
   PUTX: 0 # Dirty evictions (from lower level)
   INV: 151091 # Invalidates (from upper level)
   INVX: 473727 # Downgrades (from upper level)
   FWD: 0 # Forwards (from upper level)
   latGETnl: 11975830061 # GET request latency on next level
   latGETnet: 0 # GET request latency on network to next level
  l1d-2: # Filter cache stats
   fhGETS: 224334082 # Filtered GETS hits
   fhGETX: 56678826 # Filtered GETX hits
   hGETS: 12172349 # GETS hits
   hGETX: 23744118 # GETX hits
   mGETS: 49599306 # GETS misses
   mGETXIM: 9133793 # GETX I->M misses
   mGETXSM: 222 # GETX S->M misses (upgrade misses)
   PUTS: 0 # Clean evictions (from lower level)
   PUTX: 0 # Dirty evictions (from lower level)
   INV: 151461 # Invalidates (from upper level)
   INVX: 487307 # Downgrades (from upper level)
   FWD: 0 # Forwards (from upper level)
   latGETnl: 12016704178 # GET request latency on next level
   latGETnet: 0 # GET request latency on network to next level
  l1d-3: # Filter cache stats
   fhGETS: 234180346 # Filtered GETS hits
   fhGETX: 57185066 # Filtered GETX hits
   hGETS: 5445461 # GETS hits
   hGETX: 24171649 # GETX hits
   mGETS: 49894382 # GETS misses
   mGETXIM: 9209773 # GETX I->M misses
   mGETXSM: 213 # GETX S->M misses (upgrade misses)
   PUTS: 0 # Clean evictions (from lower level)
   PUTX: 0 # Dirty evictions (from lower level)
   INV: 153568 # Invalidates (from upper level)
   INVX: 468696 # Downgrades (from upper level)
   FWD: 0 # Forwards (from upper level)
   latGETnl: 12022226507 # GET request latency on next level
   latGETnet: 0 # GET request latency on network to next level
 l2: # Cache stats
  l2-0: # Cache stats
   hGETS: 23693752 # GETS hits
   hGETX: 6544730 # GETX hits
   mGETS: 27275564 # GETS misses
   mGETXIM: 2888373 # GETX I->M misses
   mGETXSM: 10010 # GETX S->M misses (upgrade misses)
   PUTS: 27576688 # Clean evictions (from lower level)
   PUTX: 32658365 # Dirty evictions (from lower level)
   INV: 29628335 # Invalidates (from upper level)
   INVX: 2321098 # Downgrades (from upper level)
   FWD: 0 # Forwards (from upper level)
   latGETnl: 11707096383 # GET request latency on next level
   latGETnet: 0 # GET request latency on network to next level
  l2-1: # Cache stats
   hGETS: 22562238 # GETS hits
   hGETX: 6724932 # GETX hits
   mGETS: 26848838 # GETS misses
   mGETXIM: 2398292 # GETX I->M misses
   mGETXSM: 208 # GETX S->M misses (upgrade misses)
   PUTS: 26720489 # Clean evictions (from lower level)
   PUTX: 31644102 # Dirty evictions (from lower level)
   INV: 29077919 # Invalidates (from upper level)
   INVX: 1992090 # Downgrades (from upper level)
   FWD: 0 # Forwards (from upper level)
   latGETnl: 11335491782 # GET request latency on next level
   latGETnet: 0 # GET request latency on network to next level
  l2-2: # Cache stats
   hGETS: 22883029 # GETS hits
   hGETX: 6713120 # GETX hits
   mGETS: 26734584 # GETS misses
   mGETXIM: 2420663 # GETX I->M misses
   mGETXSM: 232 # GETX S->M misses (upgrade misses)
   PUTS: 27001065 # Clean evictions (from lower level)
   PUTX: 31580322 # Dirty evictions (from lower level)
   INV: 28971388 # Invalidates (from upper level)
   INVX: 1998923 # Downgrades (from upper level)
   FWD: 0 # Forwards (from upper level)
   latGETnl: 11373988714 # GET request latency on next level
   latGETnet: 0 # GET request latency on network to next level
  l2-3: # Cache stats
   hGETS: 22779108 # GETS hits
   hGETX: 6860048 # GETX hits
   mGETS: 27133745 # GETS misses
   mGETXIM: 2349723 # GETX I->M misses
   mGETXSM: 215 # GETX S->M misses (upgrade misses)
   PUTS: 26980712 # Clean evictions (from lower level)
   PUTX: 31969652 # Dirty evictions (from lower level)
   INV: 29287342 # Invalidates (from upper level)
   INVX: 1929285 # Downgrades (from upper level)
   FWD: 0 # Forwards (from upper level)
   latGETnl: 11375580646 # GET request latency on next level
   latGETnet: 0 # GET request latency on network to next level
 l3: # Cache stats
  l3-0: # Cache stats
   hGETS: 21577826 # GETS hits
   hGETX: 14430 # GETX hits
   mGETS: 86414905 # GETS misses
   mGETXIM: 10053286 # GETX I->M misses
   mGETXSM: 0 # GETX S->M misses (upgrade misses)
   PUTS: 985794 # Clean evictions (from lower level)
   PUTX: 96 # Dirty evictions (from lower level)
   INV: 0 # Invalidates (from upper level)
   INVX: 0 # Downgrades (from upper level)
   FWD: 0 # Forwards (from upper level)
   latGETnl: 43568470246 # GET request latency on next level
   latGETnet: 0 # GET request latency on network to next level
 mem: # Memory controller stats
  mem-0: # Memory controller stats
   rd: 96468191 # Read requests
   wr: 46930486 # Write requests
   rdlat: 43568470246 # Total latency experienced by read requests
   wrlat: 21035796546 # Total latency experienced by write requests
   load: 3538278 # Sum of load factors (0-100) per update
   ups: 50259 # Number of latency updates
   clampedLoads: 2904 # Number of updates where the load was clamped to 95%
 sched: # Scheduler stats
  thCr: 4 # Threads created
  thFn: 0 # Threads finished
  schedEvs: 4 # Schedule events
  waitEvs: 0 # Wait events
  handoffEvs: 0 # Handoff events
  sleepEvs: 0 # Sleep events
  idlePhases: 0 # Phases with no thread active
  idlePeriods: 0 # Periods with no thread active
  occHist: # Occupancy histogram
   0: 0
   1: 0
   2: 0
   3: 0
   4: 50260
  rqSzHist: # Run queue size histogram
   0: 50260
   1: 0
   2: 0
   3: 0
   4: 0
   5: 0
   6: 0
   7: 0
   8: 0
   9: 0
   10: 0
   11: 0
   12: 0
   13: 0
   14: 0
   15: 0
   16: 0
 heartbeats: # Per-process heartbeats
  0: 0
  1: 0
  2: 0
  3: 0
  4: 0
  5: 0
  6: 0
  7: 0
  8: 0
  9: 0
  10: 0
  11: 0
  12: 0
  13: 0
  14: 0
  15: 0
  16: 0
  17: 0
  18: 0
  19: 0
  20: 0
  21: 0
  22: 0
  23: 0
  24: 0
  25: 0
  26: 0
  27: 0
  28: 0
  29: 0
  30: 0
  31: 0
  32: 0
  33: 0
  34: 0
  35: 0
  36: 0
  37: 0
  38: 0
  39: 0
  40: 0
  41: 0
  42: 0
  43: 0
  44: 0
  45: 0
  46: 0
  47: 0
  48: 0
  49: 0
  50: 0
  51: 0
  52: 0
  53: 0
  54: 0
  55: 0
  56: 0
  57: 0
  58: 0
  59: 0
  60: 0
  61: 0
  62: 0
  63: 0
===
