# zsim stats
===
root: # Stats
 contention: # Contention simulation stats
  domain-0: # Domain stats
   time: 465805412 # Weave simulation time
 time: # Simulator time breakdown
  init: 22100703032
  bound: 647167407771
  weave: 1692544227
  ff: 0
 trigger: 20000 # Reason for this stats dump
 phase: 8502 # Simulated phases
 core: # Core stats
  core-0: # Core stats
   cycles: 849280003 # Simulated unhalted cycles
   cCycles: 0 # Cycles due to contention stalls
   instrs: 1191648149 # Simulated instructions
   uops: 1219516572 # Retired micro-ops
   bbls: 191464709 # Basic blocks
   approxInstrs: 14500122 # Instrs with approx uop decoding
   mispredBranches: 9862 # Mispredicted branches
   fetchStalls: 989300 # Fetch stalls
   decodeStalls: 309316303 # Decode stalls
   issueStalls: 38999188 # Issue stalls
  core-1: # Core stats
   cycles: 849460142 # Simulated unhalted cycles
   cCycles: 0 # Cycles due to contention stalls
   instrs: 1267642756 # Simulated instructions
   uops: 1297323035 # Retired micro-ops
   bbls: 203662190 # Basic blocks
   approxInstrs: 15420118 # Instrs with approx uop decoding
   mispredBranches: 10413 # Mispredicted branches
   fetchStalls: 989597 # Fetch stalls
   decodeStalls: 329072698 # Decode stalls
   issueStalls: 46321128 # Issue stalls
  core-2: # Core stats
   cycles: 850200004 # Simulated unhalted cycles
   cCycles: 0 # Cycles due to contention stalls
   instrs: 1268447926 # Simulated instructions
   uops: 1298495587 # Retired micro-ops
   bbls: 203683280 # Basic blocks
   approxInstrs: 15420004 # Instrs with approx uop decoding
   mispredBranches: 10632 # Mispredicted branches
   fetchStalls: 995419 # Fetch stalls
   decodeStalls: 329463982 # Decode stalls
   issueStalls: 46089166 # Issue stalls
  core-3: # Core stats
   cycles: 849060694 # Simulated unhalted cycles
   cCycles: 0 # Cycles due to contention stalls
   instrs: 1272961807 # Simulated instructions
   uops: 1303097141 # Retired micro-ops
   bbls: 204407893 # Basic blocks
   approxInstrs: 15480110 # Instrs with approx uop decoding
   mispredBranches: 10551 # Mispredicted branches
   fetchStalls: 987747 # Fetch stalls
   decodeStalls: 330613609 # Decode stalls
   issueStalls: 48435351 # Issue stalls
 l1i: # Cache stats
  l1i-0: # Filter cache stats
   fhGETS: 207230466 # Filtered GETS hits
   fhGETX: 0 # Filtered GETX hits
   hGETS: 0 # GETS hits
   hGETX: 0 # GETX hits
   mGETS: 46862 # GETS misses
   mGETXIM: 0 # GETX I->M misses
   mGETXSM: 0 # GETX S->M misses (upgrade misses)
   PUTS: 0 # Clean evictions (from lower level)
   PUTX: 0 # Dirty evictions (from lower level)
   INV: 0 # Invalidates (from upper level)
   INVX: 0 # Downgrades (from upper level)
   FWD: 0 # Forwards (from upper level)
   latGETnl: 880052 # GET request latency on next level
   latGETnet: 0 # GET request latency on network to next level
  l1i-1: # Filter cache stats
   fhGETS: 220430110 # Filtered GETS hits
   fhGETX: 0 # Filtered GETX hits
   hGETS: 0 # GETS hits
   hGETX: 0 # GETX hits
   mGETS: 47083 # GETS misses
   mGETXIM: 0 # GETX I->M misses
   mGETXSM: 0 # GETX S->M misses (upgrade misses)
   PUTS: 0 # Clean evictions (from lower level)
   PUTX: 0 # Dirty evictions (from lower level)
   INV: 0 # Invalidates (from upper level)
   INVX: 0 # Downgrades (from upper level)
   FWD: 0 # Forwards (from upper level)
   latGETnl: 861672 # GET request latency on next level
   latGETnet: 0 # GET request latency on network to next level
  l1i-2: # Filter cache stats
   fhGETS: 220462868 # Filtered GETS hits
   fhGETX: 0 # Filtered GETX hits
   hGETS: 0 # GETS hits
   hGETX: 0 # GETX hits
   mGETS: 46224 # GETS misses
   mGETXIM: 0 # GETX I->M misses
   mGETXSM: 0 # GETX S->M misses (upgrade misses)
   PUTS: 0 # Clean evictions (from lower level)
   PUTX: 0 # Dirty evictions (from lower level)
   INV: 0 # Invalidates (from upper level)
   INVX: 0 # Downgrades (from upper level)
   FWD: 0 # Forwards (from upper level)
   latGETnl: 879883 # GET request latency on next level
   latGETnet: 0 # GET request latency on network to next level
  l1i-3: # Filter cache stats
   fhGETS: 221246433 # Filtered GETS hits
   fhGETX: 0 # Filtered GETX hits
   hGETS: 0 # GETS hits
   hGETX: 0 # GETX hits
   mGETS: 47020 # GETS misses
   mGETXIM: 0 # GETX I->M misses
   mGETXSM: 0 # GETX S->M misses (upgrade misses)
   PUTS: 0 # Clean evictions (from lower level)
   PUTX: 0 # Dirty evictions (from lower level)
   INV: 0 # Invalidates (from upper level)
   INVX: 0 # Downgrades (from upper level)
   FWD: 0 # Forwards (from upper level)
   latGETnl: 850788 # GET request latency on next level
   latGETnet: 0 # GET request latency on network to next level
 l1d: # Cache stats
  l1d-0: # Filter cache stats
   fhGETS: 204613534 # Filtered GETS hits
   fhGETX: 53433492 # Filtered GETX hits
   hGETS: 77 # GETS hits
   hGETX: 23009431 # GETX hits
   mGETS: 71358638 # GETS misses
   mGETXIM: 9901804 # GETX I->M misses
   mGETXSM: 302 # GETX S->M misses (upgrade misses)
   PUTS: 0 # Clean evictions (from lower level)
   PUTX: 0 # Dirty evictions (from lower level)
   INV: 109 # Invalidates (from upper level)
   INVX: 907 # Downgrades (from upper level)
   FWD: 0 # Forwards (from upper level)
   latGETnl: 1474186563 # GET request latency on next level
   latGETnet: 0 # GET request latency on network to next level
  l1d-1: # Filter cache stats
   fhGETS: 232142616 # Filtered GETS hits
   fhGETX: 56704409 # Filtered GETX hits
   hGETS: 99 # GETS hits
   hGETX: 24448459 # GETX hits
   mGETS: 61564235 # GETS misses
   mGETXIM: 10690277 # GETX I->M misses
   mGETXSM: 317 # GETX S->M misses (upgrade misses)
   PUTS: 0 # Clean evictions (from lower level)
   PUTX: 0 # Dirty evictions (from lower level)
   INV: 143 # Invalidates (from upper level)
   INVX: 1122 # Downgrades (from upper level)
   FWD: 0 # Forwards (from upper level)
   latGETnl: 1312518942 # GET request latency on next level
   latGETnet: 0 # GET request latency on network to next level
  l1d-2: # Filter cache stats
   fhGETS: 233437415 # Filtered GETS hits
   fhGETX: 56961358 # Filtered GETX hits
   hGETS: 37 # GETS hits
   hGETX: 24347970 # GETX hits
   mGETS: 60763830 # GETS misses
   mGETXIM: 10713441 # GETX I->M misses
   mGETXSM: 212 # GETX S->M misses (upgrade misses)
   PUTS: 0 # Clean evictions (from lower level)
   PUTX: 0 # Dirty evictions (from lower level)
   INV: 64 # Invalidates (from upper level)
   INVX: 1492 # Downgrades (from upper level)
   FWD: 0 # Forwards (from upper level)
   latGETnl: 1299506644 # GET request latency on next level
   latGETnet: 0 # GET request latency on network to next level
  l1d-3: # Filter cache stats
   fhGETS: 233149404 # Filtered GETS hits
   fhGETX: 56934566 # Filtered GETX hits
   hGETS: 65 # GETS hits
   hGETX: 24639078 # GETX hits
   mGETS: 62103887 # GETS misses
   mGETXIM: 10749655 # GETX I->M misses
   mGETXSM: 307 # GETX S->M misses (upgrade misses)
   PUTS: 0 # Clean evictions (from lower level)
   PUTX: 0 # Dirty evictions (from lower level)
   INV: 107 # Invalidates (from upper level)
   INVX: 607 # Downgrades (from upper level)
   FWD: 0 # Forwards (from upper level)
   latGETnl: 1322759890 # GET request latency on next level
   latGETnet: 0 # GET request latency on network to next level
 l2: # Cache stats
  l2-0: # Cache stats
   hGETS: 71376976 # GETS hits
   hGETX: 9887740 # GETX hits
   mGETS: 28524 # GETS misses
   mGETXIM: 13928 # GETX I->M misses
   mGETXSM: 438 # GETX S->M misses (upgrade misses)
   PUTS: 48395561 # Clean evictions (from lower level)
   PUTX: 32911506 # Dirty evictions (from lower level)
   INV: 509 # Invalidates (from upper level)
   INVX: 3588 # Downgrades (from upper level)
   FWD: 0 # Forwards (from upper level)
   latGETnl: 11529707 # GET request latency on next level
   latGETnet: 0 # GET request latency on network to next level
  l2-1: # Cache stats
   hGETS: 61582512 # GETS hits
   hGETX: 10675988 # GETX hits
   mGETS: 28806 # GETS misses
   mGETXIM: 14035 # GETX I->M misses
   mGETXSM: 571 # GETX S->M misses (upgrade misses)
   PUTS: 37162289 # Clean evictions (from lower level)
   PUTX: 35139035 # Dirty evictions (from lower level)
   INV: 969 # Invalidates (from upper level)
   INVX: 5103 # Downgrades (from upper level)
   FWD: 0 # Forwards (from upper level)
   latGETnl: 11946198 # GET request latency on next level
   latGETnet: 0 # GET request latency on network to next level
  l2-2: # Cache stats
   hGETS: 60781284 # GETS hits
   hGETX: 10699430 # GETX hits
   mGETS: 28770 # GETS misses
   mGETXIM: 13929 # GETX I->M misses
   mGETXSM: 294 # GETX S->M misses (upgrade misses)
   PUTS: 36461717 # Clean evictions (from lower level)
   PUTX: 35061586 # Dirty evictions (from lower level)
   INV: 661 # Invalidates (from upper level)
   INVX: 7745 # Downgrades (from upper level)
   FWD: 0 # Forwards (from upper level)
   latGETnl: 12959801 # GET request latency on next level
   latGETnet: 0 # GET request latency on network to next level
  l2-3: # Cache stats
   hGETS: 62122158 # GETS hits
   hGETX: 10735506 # GETX hits
   mGETS: 28749 # GETS misses
   mGETXIM: 13904 # GETX I->M misses
   mGETXSM: 552 # GETX S->M misses (upgrade misses)
   PUTS: 37511305 # Clean evictions (from lower level)
   PUTX: 35389022 # Dirty evictions (from lower level)
   INV: 783 # Invalidates (from upper level)
   INVX: 3344 # Downgrades (from upper level)
   FWD: 0 # Forwards (from upper level)
   latGETnl: 11395036 # GET request latency on next level
   latGETnet: 0 # GET request latency on network to next level
 l3: # Cache stats
  l3-0: # Cache stats
   hGETS: 56537 # GETS hits
   hGETX: 2398 # GETX hits
   mGETS: 58312 # GETS misses
   mGETXIM: 55253 # GETX I->M misses
   mGETXSM: 0 # GETX S->M misses (upgrade misses)
   PUTS: 0 # Clean evictions (from lower level)
   PUTX: 0 # Dirty evictions (from lower level)
   INV: 0 # Invalidates (from upper level)
   INVX: 0 # Downgrades (from upper level)
   FWD: 0 # Forwards (from upper level)
   latGETnl: 42928534 # GET request latency on next level
   latGETnet: 0 # GET request latency on network to next level
 mem: # Memory controller stats
  mem-0: # Memory controller stats
   rd: 113565 # Read requests
   wr: 0 # Write requests
   rdlat: 42928534 # Total latency experienced by read requests
   wrlat: 0 # Total latency experienced by write requests
   load: 4419 # Sum of load factors (0-100) per update
   ups: 309 # Number of latency updates
   clampedLoads: 0 # Number of updates where the load was clamped to 95%
 sched: # Scheduler stats
  thCr: 4 # Threads created
  thFn: 0 # Threads finished
  schedEvs: 4 # Schedule events
  waitEvs: 0 # Wait events
  handoffEvs: 0 # Handoff events
  sleepEvs: 0 # Sleep events
  idlePhases: 0 # Phases with no thread active
  idlePeriods: 0 # Periods with no thread active
  occHist: # Occupancy histogram
   0: 0
   1: 0
   2: 0
   3: 0
   4: 8502
  rqSzHist: # Run queue size histogram
   0: 8502
   1: 0
   2: 0
   3: 0
   4: 0
   5: 0
   6: 0
   7: 0
   8: 0
   9: 0
   10: 0
   11: 0
   12: 0
   13: 0
   14: 0
   15: 0
   16: 0
 heartbeats: # Per-process heartbeats
  0: 0
  1: 0
  2: 0
  3: 0
  4: 0
  5: 0
  6: 0
  7: 0
  8: 0
  9: 0
  10: 0
  11: 0
  12: 0
  13: 0
  14: 0
  15: 0
  16: 0
  17: 0
  18: 0
  19: 0
  20: 0
  21: 0
  22: 0
  23: 0
  24: 0
  25: 0
  26: 0
  27: 0
  28: 0
  29: 0
  30: 0
  31: 0
  32: 0
  33: 0
  34: 0
  35: 0
  36: 0
  37: 0
  38: 0
  39: 0
  40: 0
  41: 0
  42: 0
  43: 0
  44: 0
  45: 0
  46: 0
  47: 0
  48: 0
  49: 0
  50: 0
  51: 0
  52: 0
  53: 0
  54: 0
  55: 0
  56: 0
  57: 0
  58: 0
  59: 0
  60: 0
  61: 0
  62: 0
  63: 0
===
