# zsim stats
===
root: # Stats
 contention: # Contention simulation stats
  domain-0: # Domain stats
   time: 489550215 # Weave simulation time
 time: # Simulator time breakdown
  init: 19458419987
  bound: 745961507206
  weave: 1603127518
  ff: 0
 trigger: 20000 # Reason for this stats dump
 phase: 9174 # Simulated phases
 core: # Core stats
  core-0: # Core stats
   cycles: 917400003 # Simulated unhalted cycles
   cCycles: 0 # Cycles due to contention stalls
   instrs: 1265718990 # Simulated instructions
   uops: 1296346702 # Retired micro-ops
   bbls: 203040347 # Basic blocks
   approxInstrs: 15380005 # Instrs with approx uop decoding
   mispredBranches: 10679 # Mispredicted branches
   fetchStalls: 1224574 # Fetch stalls
   decodeStalls: 329109417 # Decode stalls
   issueStalls: 49951661 # Issue stalls
  core-1: # Core stats
   cycles: 916500207 # Simulated unhalted cycles
   cCycles: 0 # Cycles due to contention stalls
   instrs: 1224377501 # Simulated instructions
   uops: 1253319822 # Retired micro-ops
   bbls: 196615254 # Basic blocks
   approxInstrs: 14900089 # Instrs with approx uop decoding
   mispredBranches: 10148 # Mispredicted branches
   fetchStalls: 1185619 # Fetch stalls
   decodeStalls: 317979936 # Decode stalls
   issueStalls: 46679617 # Issue stalls
  core-2: # Core stats
   cycles: 916477066 # Simulated unhalted cycles
   cCycles: 0 # Cycles due to contention stalls
   instrs: 1296366623 # Simulated instructions
   uops: 1326331891 # Retired micro-ops
   bbls: 208388434 # Basic blocks
   approxInstrs: 15780116 # Instrs with approx uop decoding
   mispredBranches: 10611 # Mispredicted branches
   fetchStalls: 1228081 # Fetch stalls
   decodeStalls: 336325491 # Decode stalls
   issueStalls: 51395145 # Issue stalls
  core-3: # Core stats
   cycles: 916083188 # Simulated unhalted cycles
   cCycles: 0 # Cycles due to contention stalls
   instrs: 1214064683 # Simulated instructions
   uops: 1242412351 # Retired micro-ops
   bbls: 195071412 # Basic blocks
   approxInstrs: 14780113 # Instrs with approx uop decoding
   mispredBranches: 10079 # Mispredicted branches
   fetchStalls: 1180627 # Fetch stalls
   decodeStalls: 315133483 # Decode stalls
   issueStalls: 45727375 # Issue stalls
 l1i: # Cache stats
  l1i-0: # Filter cache stats
   fhGETS: 219783986 # Filtered GETS hits
   fhGETX: 0 # Filtered GETX hits
   hGETS: 0 # GETS hits
   hGETX: 0 # GETX hits
   mGETS: 59452 # GETS misses
   mGETXIM: 0 # GETX I->M misses
   mGETXSM: 0 # GETX S->M misses (upgrade misses)
   PUTS: 0 # Clean evictions (from lower level)
   PUTX: 0 # Dirty evictions (from lower level)
   INV: 14980 # Invalidates (from upper level)
   INVX: 0 # Downgrades (from upper level)
   FWD: 0 # Forwards (from upper level)
   latGETnl: 1316526 # GET request latency on next level
   latGETnet: 0 # GET request latency on network to next level
  l1i-1: # Filter cache stats
   fhGETS: 212802006 # Filtered GETS hits
   fhGETX: 0 # Filtered GETX hits
   hGETS: 0 # GETS hits
   hGETX: 0 # GETX hits
   mGETS: 59621 # GETS misses
   mGETXIM: 0 # GETX I->M misses
   mGETXSM: 0 # GETX S->M misses (upgrade misses)
   PUTS: 0 # Clean evictions (from lower level)
   PUTX: 0 # Dirty evictions (from lower level)
   INV: 14461 # Invalidates (from upper level)
   INVX: 0 # Downgrades (from upper level)
   FWD: 0 # Forwards (from upper level)
   latGETnl: 1247446 # GET request latency on next level
   latGETnet: 0 # GET request latency on network to next level
  l1i-2: # Filter cache stats
   fhGETS: 225523222 # Filtered GETS hits
   fhGETX: 0 # Filtered GETX hits
   hGETS: 0 # GETS hits
   hGETX: 0 # GETX hits
   mGETS: 61084 # GETS misses
   mGETXIM: 0 # GETX I->M misses
   mGETXSM: 0 # GETX S->M misses (upgrade misses)
   PUTS: 0 # Clean evictions (from lower level)
   PUTX: 0 # Dirty evictions (from lower level)
   INV: 15283 # Invalidates (from upper level)
   INVX: 0 # Downgrades (from upper level)
   FWD: 0 # Forwards (from upper level)
   latGETnl: 1299773 # GET request latency on next level
   latGETnet: 0 # GET request latency on network to next level
  l1i-3: # Filter cache stats
   fhGETS: 211130685 # Filtered GETS hits
   fhGETX: 0 # Filtered GETX hits
   hGETS: 0 # GETS hits
   hGETX: 0 # GETX hits
   mGETS: 59869 # GETS misses
   mGETXIM: 0 # GETX I->M misses
   mGETXSM: 0 # GETX S->M misses (upgrade misses)
   PUTS: 0 # Clean evictions (from lower level)
   PUTX: 0 # Dirty evictions (from lower level)
   INV: 14308 # Invalidates (from upper level)
   INVX: 0 # Downgrades (from upper level)
   FWD: 0 # Forwards (from upper level)
   latGETnl: 1242977 # GET request latency on next level
   latGETnet: 0 # GET request latency on network to next level
 l1d: # Cache stats
  l1d-0: # Filter cache stats
   fhGETS: 233141695 # Filtered GETS hits
   fhGETX: 56964650 # Filtered GETX hits
   hGETS: 1757 # GETS hits
   hGETX: 24414919 # GETX hits
   mGETS: 60884925 # GETS misses
   mGETXIM: 10692900 # GETX I->M misses
   mGETXSM: 2445 # GETX S->M misses (upgrade misses)
   PUTS: 0 # Clean evictions (from lower level)
   PUTX: 0 # Dirty evictions (from lower level)
   INV: 65 # Invalidates (from upper level)
   INVX: 3423 # Downgrades (from upper level)
   FWD: 0 # Forwards (from upper level)
   latGETnl: 1370589526 # GET request latency on next level
   latGETnet: 0 # GET request latency on network to next level
  l1d-1: # Filter cache stats
   fhGETS: 224647807 # Filtered GETS hits
   fhGETX: 54823549 # Filtered GETX hits
   hGETS: 69 # GETS hits
   hGETX: 23602274 # GETX hits
   mGETS: 59218255 # GETS misses
   mGETXIM: 10375646 # GETX I->M misses
   mGETXSM: 211 # GETX S->M misses (upgrade misses)
   PUTS: 0 # Clean evictions (from lower level)
   PUTX: 0 # Dirty evictions (from lower level)
   INV: 1381 # Invalidates (from upper level)
   INVX: 1231 # Downgrades (from upper level)
   FWD: 0 # Forwards (from upper level)
   latGETnl: 1346768011 # GET request latency on next level
   latGETnet: 0 # GET request latency on network to next level
  l1d-2: # Filter cache stats
   fhGETS: 238214045 # Filtered GETS hits
   fhGETX: 57937420 # Filtered GETX hits
   hGETS: 82 # GETS hits
   hGETX: 24878619 # GETX hits
   mGETS: 61808308 # GETS misses
   mGETXIM: 10970829 # GETX I->M misses
   mGETXSM: 254 # GETX S->M misses (upgrade misses)
   PUTS: 0 # Clean evictions (from lower level)
   PUTX: 0 # Dirty evictions (from lower level)
   INV: 1379 # Invalidates (from upper level)
   INVX: 1243 # Downgrades (from upper level)
   FWD: 0 # Forwards (from upper level)
   latGETnl: 1334119297 # GET request latency on next level
   latGETnet: 0 # GET request latency on network to next level
  l1d-3: # Filter cache stats
   fhGETS: 215227018 # Filtered GETS hits
   fhGETX: 54306274 # Filtered GETX hits
   hGETS: 76 # GETS hits
   hGETX: 23427137 # GETX hits
   mGETS: 65804949 # GETS misses
   mGETXIM: 10247124 # GETX I->M misses
   mGETXSM: 259 # GETX S->M misses (upgrade misses)
   PUTS: 0 # Clean evictions (from lower level)
   PUTX: 0 # Dirty evictions (from lower level)
   INV: 1403 # Invalidates (from upper level)
   INVX: 722 # Downgrades (from upper level)
   FWD: 0 # Forwards (from upper level)
   latGETnl: 1409935760 # GET request latency on next level
   latGETnet: 0 # GET request latency on network to next level
 l2: # Cache stats
  l2-0: # Cache stats
   hGETS: 44744539 # GETS hits
   hGETX: 10426379 # GETX hits
   mGETS: 16199838 # GETS misses
   mGETXIM: 266430 # GETX I->M misses
   mGETXSM: 2536 # GETX S->M misses (upgrade misses)
   PUTS: 36513281 # Clean evictions (from lower level)
   PUTX: 35108870 # Dirty evictions (from lower level)
   INV: 564 # Invalidates (from upper level)
   INVX: 28032 # Downgrades (from upper level)
   FWD: 0 # Forwards (from upper level)
   latGETnl: 440589666 # GET request latency on next level
   latGETnet: 0 # GET request latency on network to next level
  l2-1: # Cache stats
   hGETS: 42930216 # GETS hits
   hGETX: 10121608 # GETX hits
   mGETS: 16347660 # GETS misses
   mGETXIM: 253991 # GETX I->M misses
   mGETXSM: 258 # GETX S->M misses (upgrade misses)
   PUTS: 35659523 # Clean evictions (from lower level)
   PUTX: 33978074 # Dirty evictions (from lower level)
   INV: 2348 # Invalidates (from upper level)
   INVX: 23156 # Downgrades (from upper level)
   FWD: 0 # Forwards (from upper level)
   latGETnl: 442516928 # GET request latency on next level
   latGETnet: 0 # GET request latency on network to next level
  l2-2: # Cache stats
   hGETS: 47566155 # GETS hits
   hGETX: 10754145 # GETX hits
   mGETS: 14303237 # GETS misses
   mGETXIM: 216683 # GETX I->M misses
   mGETXSM: 255 # GETX S->M misses (upgrade misses)
   PUTS: 36973836 # Clean evictions (from lower level)
   PUTX: 35849640 # Dirty evictions (from lower level)
   INV: 2455 # Invalidates (from upper level)
   INVX: 29915 # Downgrades (from upper level)
   FWD: 0 # Forwards (from upper level)
   latGETnl: 388492895 # GET request latency on next level
   latGETnet: 0 # GET request latency on network to next level
  l2-3: # Cache stats
   hGETS: 50285686 # GETS hits
   hGETX: 10007390 # GETX hits
   mGETS: 15579132 # GETS misses
   mGETXIM: 239734 # GETX I->M misses
   mGETXSM: 259 # GETX S->M misses (upgrade misses)
   PUTS: 42421666 # Clean evictions (from lower level)
   PUTX: 33674448 # Dirty evictions (from lower level)
   INV: 2339 # Invalidates (from upper level)
   INVX: 24031 # Downgrades (from upper level)
   FWD: 0 # Forwards (from upper level)
   latGETnl: 421720124 # GET request latency on next level
   latGETnet: 0 # GET request latency on network to next level
 l3: # Cache stats
  l3-0: # Cache stats
   hGETS: 62371552 # GETS hits
   hGETX: 924845 # GETX hits
   mGETS: 58315 # GETS misses
   mGETXIM: 55301 # GETX I->M misses
   mGETXSM: 0 # GETX S->M misses (upgrade misses)
   PUTS: 62295628 # Clean evictions (from lower level)
   PUTX: 972299 # Dirty evictions (from lower level)
   INV: 0 # Invalidates (from upper level)
   INVX: 0 # Downgrades (from upper level)
   FWD: 0 # Forwards (from upper level)
   latGETnl: 43207689 # GET request latency on next level
   latGETnet: 0 # GET request latency on network to next level
 mem: # Memory controller stats
  mem-0: # Memory controller stats
   rd: 113616 # Read requests
   wr: 0 # Write requests
   rdlat: 43207689 # Total latency experienced by read requests
   wrlat: 0 # Total latency experienced by write requests
   load: 4463 # Sum of load factors (0-100) per update
   ups: 320 # Number of latency updates
   clampedLoads: 0 # Number of updates where the load was clamped to 95%
 sched: # Scheduler stats
  thCr: 4 # Threads created
  thFn: 0 # Threads finished
  schedEvs: 4 # Schedule events
  waitEvs: 0 # Wait events
  handoffEvs: 0 # Handoff events
  sleepEvs: 0 # Sleep events
  idlePhases: 0 # Phases with no thread active
  idlePeriods: 0 # Periods with no thread active
  occHist: # Occupancy histogram
   0: 0
   1: 0
   2: 1
   3: 0
   4: 9173
  rqSzHist: # Run queue size histogram
   0: 9174
   1: 0
   2: 0
   3: 0
   4: 0
   5: 0
   6: 0
   7: 0
   8: 0
   9: 0
   10: 0
   11: 0
   12: 0
   13: 0
   14: 0
   15: 0
   16: 0
 heartbeats: # Per-process heartbeats
  0: 0
  1: 0
  2: 0
  3: 0
  4: 0
  5: 0
  6: 0
  7: 0
  8: 0
  9: 0
  10: 0
  11: 0
  12: 0
  13: 0
  14: 0
  15: 0
  16: 0
  17: 0
  18: 0
  19: 0
  20: 0
  21: 0
  22: 0
  23: 0
  24: 0
  25: 0
  26: 0
  27: 0
  28: 0
  29: 0
  30: 0
  31: 0
  32: 0
  33: 0
  34: 0
  35: 0
  36: 0
  37: 0
  38: 0
  39: 0
  40: 0
  41: 0
  42: 0
  43: 0
  44: 0
  45: 0
  46: 0
  47: 0
  48: 0
  49: 0
  50: 0
  51: 0
  52: 0
  53: 0
  54: 0
  55: 0
  56: 0
  57: 0
  58: 0
  59: 0
  60: 0
  61: 0
  62: 0
  63: 0
===
