# zsim stats
===
root: # Stats
 contention: # Contention simulation stats
  domain-0: # Domain stats
   time: 453655016 # Weave simulation time
 time: # Simulator time breakdown
  init: 20894091331
  bound: 624048208974
  weave: 1422115153
  ff: 0
 trigger: 20000 # Reason for this stats dump
 phase: 8362 # Simulated phases
 core: # Core stats
  core-0: # Core stats
   cycles: 835568918 # Simulated unhalted cycles
   cCycles: 0 # Cycles due to contention stalls
   instrs: 1247872787 # Simulated instructions
   uops: 1277643571 # Retired micro-ops
   bbls: 200307632 # Basic blocks
   approxInstrs: 15180117 # Instrs with approx uop decoding
   mispredBranches: 10513 # Mispredicted branches
   fetchStalls: 1008965 # Fetch stalls
   decodeStalls: 324250302 # Decode stalls
   issueStalls: 44626892 # Issue stalls
  core-1: # Core stats
   cycles: 836200003 # Simulated unhalted cycles
   cCycles: 0 # Cycles due to contention stalls
   instrs: 1246548113 # Simulated instructions
   uops: 1276258940 # Retired micro-ops
   bbls: 200103104 # Basic blocks
   approxInstrs: 15160004 # Instrs with approx uop decoding
   mispredBranches: 10374 # Mispredicted branches
   fetchStalls: 969972 # Fetch stalls
   decodeStalls: 323890565 # Decode stalls
   issueStalls: 44837067 # Issue stalls
  core-2: # Core stats
   cycles: 835635693 # Simulated unhalted cycles
   cCycles: 0 # Cycles due to contention stalls
   instrs: 1254111383 # Simulated instructions
   uops: 1283337327 # Retired micro-ops
   bbls: 201527863 # Basic blocks
   approxInstrs: 15260089 # Instrs with approx uop decoding
   mispredBranches: 10344 # Mispredicted branches
   fetchStalls: 996974 # Fetch stalls
   decodeStalls: 325479532 # Decode stalls
   issueStalls: 47823754 # Issue stalls
  core-3: # Core stats
   cycles: 835276977 # Simulated unhalted cycles
   cCycles: 0 # Cycles due to contention stalls
   instrs: 1251564389 # Simulated instructions
   uops: 1280741476 # Retired micro-ops
   bbls: 201101246 # Basic blocks
   approxInstrs: 15240118 # Instrs with approx uop decoding
   mispredBranches: 10281 # Mispredicted branches
   fetchStalls: 983387 # Fetch stalls
   decodeStalls: 324828749 # Decode stalls
   issueStalls: 46800896 # Issue stalls
 l1i: # Cache stats
  l1i-0: # Filter cache stats
   fhGETS: 216826026 # Filtered GETS hits
   fhGETX: 0 # Filtered GETX hits
   hGETS: 0 # GETS hits
   hGETX: 0 # GETX hits
   mGETS: 47118 # GETS misses
   mGETXIM: 0 # GETX I->M misses
   mGETXSM: 0 # GETX S->M misses (upgrade misses)
   PUTS: 0 # Clean evictions (from lower level)
   PUTX: 0 # Dirty evictions (from lower level)
   INV: 0 # Invalidates (from upper level)
   INVX: 0 # Downgrades (from upper level)
   FWD: 0 # Forwards (from upper level)
   latGETnl: 894897 # GET request latency on next level
   latGETnet: 0 # GET request latency on network to next level
  l1i-1: # Filter cache stats
   fhGETS: 216607827 # Filtered GETS hits
   fhGETX: 0 # Filtered GETX hits
   hGETS: 0 # GETS hits
   hGETX: 0 # GETX hits
   mGETS: 45760 # GETS misses
   mGETXIM: 0 # GETX I->M misses
   mGETXSM: 0 # GETX S->M misses (upgrade misses)
   PUTS: 0 # Clean evictions (from lower level)
   PUTX: 0 # Dirty evictions (from lower level)
   INV: 0 # Invalidates (from upper level)
   INVX: 0 # Downgrades (from upper level)
   FWD: 0 # Forwards (from upper level)
   latGETnl: 837094 # GET request latency on next level
   latGETnet: 0 # GET request latency on network to next level
  l1i-2: # Filter cache stats
   fhGETS: 218115646 # Filtered GETS hits
   fhGETX: 0 # Filtered GETX hits
   hGETS: 0 # GETS hits
   hGETX: 0 # GETX hits
   mGETS: 46888 # GETS misses
   mGETXIM: 0 # GETX I->M misses
   mGETXSM: 0 # GETX S->M misses (upgrade misses)
   PUTS: 0 # Clean evictions (from lower level)
   PUTX: 0 # Dirty evictions (from lower level)
   INV: 0 # Invalidates (from upper level)
   INVX: 0 # Downgrades (from upper level)
   FWD: 0 # Forwards (from upper level)
   latGETnl: 887083 # GET request latency on next level
   latGETnet: 0 # GET request latency on network to next level
  l1i-3: # Filter cache stats
   fhGETS: 217663270 # Filtered GETS hits
   fhGETX: 0 # Filtered GETX hits
   hGETS: 0 # GETS hits
   hGETX: 0 # GETX hits
   mGETS: 47053 # GETS misses
   mGETXIM: 0 # GETX I->M misses
   mGETXSM: 0 # GETX S->M misses (upgrade misses)
   PUTS: 0 # Clean evictions (from lower level)
   PUTX: 0 # Dirty evictions (from lower level)
   INV: 0 # Invalidates (from upper level)
   INVX: 0 # Downgrades (from upper level)
   FWD: 0 # Forwards (from upper level)
   latGETnl: 851108 # GET request latency on next level
   latGETnet: 0 # GET request latency on network to next level
 l1d: # Cache stats
  l1d-0: # Filter cache stats
   fhGETS: 229626132 # Filtered GETS hits
   fhGETX: 56087937 # Filtered GETX hits
   hGETS: 1502 # GETS hits
   hGETX: 24072535 # GETX hits
   mGETS: 59858876 # GETS misses
   mGETXIM: 10472397 # GETX I->M misses
   mGETXSM: 2360 # GETX S->M misses (upgrade misses)
   PUTS: 0 # Clean evictions (from lower level)
   PUTX: 0 # Dirty evictions (from lower level)
   INV: 112 # Invalidates (from upper level)
   INVX: 2495 # Downgrades (from upper level)
   FWD: 0 # Forwards (from upper level)
   latGETnl: 1277888755 # GET request latency on next level
   latGETnet: 0 # GET request latency on network to next level
  l1d-1: # Filter cache stats
   fhGETS: 229575017 # Filtered GETS hits
   fhGETX: 56116202 # Filtered GETX hits
   hGETS: 75 # GETS hits
   hGETX: 23902622 # GETX hits
   mGETS: 59549515 # GETS misses
   mGETXIM: 10521209 # GETX I->M misses
   mGETXSM: 203 # GETX S->M misses (upgrade misses)
   PUTS: 0 # Clean evictions (from lower level)
   PUTX: 0 # Dirty evictions (from lower level)
   INV: 974 # Invalidates (from upper level)
   INVX: 1357 # Downgrades (from upper level)
   FWD: 0 # Forwards (from upper level)
   latGETnl: 1274085502 # GET request latency on next level
   latGETnet: 0 # GET request latency on network to next level
  l1d-2: # Filter cache stats
   fhGETS: 229716786 # Filtered GETS hits
   fhGETX: 56051656 # Filtered GETX hits
   hGETS: 68 # GETS hits
   hGETX: 24195304 # GETX hits
   mGETS: 60738148 # GETS misses
   mGETXIM: 10561009 # GETX I->M misses
   mGETXSM: 292 # GETX S->M misses (upgrade misses)
   PUTS: 0 # Clean evictions (from lower level)
   PUTX: 0 # Dirty evictions (from lower level)
   INV: 1102 # Invalidates (from upper level)
   INVX: 1057 # Downgrades (from upper level)
   FWD: 0 # Forwards (from upper level)
   latGETnl: 1295380218 # GET request latency on next level
   latGETnet: 0 # GET request latency on network to next level
  l1d-3: # Filter cache stats
   fhGETS: 228958859 # Filtered GETS hits
   fhGETX: 55938439 # Filtered GETX hits
   hGETS: 69 # GETS hits
   hGETX: 24155008 # GETX hits
   mGETS: 60827929 # GETS misses
   mGETXIM: 10544789 # GETX I->M misses
   mGETXSM: 319 # GETX S->M misses (upgrade misses)
   PUTS: 0 # Clean evictions (from lower level)
   PUTX: 0 # Dirty evictions (from lower level)
   INV: 1097 # Invalidates (from upper level)
   INVX: 787 # Downgrades (from upper level)
   FWD: 0 # Forwards (from upper level)
   latGETnl: 1296080634 # GET request latency on next level
   latGETnet: 0 # GET request latency on network to next level
 l2: # Cache stats
  l2-0: # Cache stats
   hGETS: 59877195 # GETS hits
   hGETX: 10458226 # GETX hits
   mGETS: 28799 # GETS misses
   mGETXIM: 13978 # GETX I->M misses
   mGETXSM: 2553 # GETX S->M misses (upgrade misses)
   PUTS: 35832012 # Clean evictions (from lower level)
   PUTX: 34546139 # Dirty evictions (from lower level)
   INV: 814 # Invalidates (from upper level)
   INVX: 6603 # Downgrades (from upper level)
   FWD: 0 # Forwards (from upper level)
   latGETnl: 11930134 # GET request latency on next level
   latGETnet: 0 # GET request latency on network to next level
  l2-1: # Cache stats
   hGETS: 59564988 # GETS hits
   hGETX: 10507109 # GETX hits
   mGETS: 30287 # GETS misses
   mGETXIM: 13935 # GETX I->M misses
   mGETXSM: 368 # GETX S->M misses (upgrade misses)
   PUTS: 35691381 # Clean evictions (from lower level)
   PUTX: 34424001 # Dirty evictions (from lower level)
   INV: 2327 # Invalidates (from upper level)
   INVX: 7438 # Downgrades (from upper level)
   FWD: 0 # Forwards (from upper level)
   latGETnl: 12822230 # GET request latency on next level
   latGETnet: 0 # GET request latency on network to next level
  l2-2: # Cache stats
   hGETS: 60754644 # GETS hits
   hGETX: 10547022 # GETX hits
   mGETS: 30392 # GETS misses
   mGETXIM: 13937 # GETX I->M misses
   mGETXSM: 342 # GETX S->M misses (upgrade misses)
   PUTS: 36588227 # Clean evictions (from lower level)
   PUTX: 34756588 # Dirty evictions (from lower level)
   INV: 2264 # Invalidates (from upper level)
   INVX: 4705 # Downgrades (from upper level)
   FWD: 0 # Forwards (from upper level)
   latGETnl: 12033235 # GET request latency on next level
   latGETnet: 0 # GET request latency on network to next level
  l2-3: # Cache stats
   hGETS: 60844568 # GETS hits
   hGETX: 10530706 # GETX hits
   mGETS: 30414 # GETS misses
   mGETXIM: 13898 # GETX I->M misses
   mGETXSM: 504 # GETX S->M misses (upgrade misses)
   PUTS: 36718482 # Clean evictions (from lower level)
   PUTX: 34700064 # Dirty evictions (from lower level)
   INV: 2433 # Invalidates (from upper level)
   INVX: 3025 # Downgrades (from upper level)
   FWD: 0 # Forwards (from upper level)
   latGETnl: 11370122 # GET request latency on next level
   latGETnet: 0 # GET request latency on network to next level
 l3: # Cache stats
  l3-0: # Cache stats
   hGETS: 61580 # GETS hits
   hGETX: 4226 # GETX hits
   mGETS: 58312 # GETS misses
   mGETXIM: 55289 # GETX I->M misses
   mGETXSM: 0 # GETX S->M misses (upgrade misses)
   PUTS: 0 # Clean evictions (from lower level)
   PUTX: 0 # Dirty evictions (from lower level)
   INV: 0 # Invalidates (from upper level)
   INVX: 0 # Downgrades (from upper level)
   FWD: 0 # Forwards (from upper level)
   latGETnl: 42992145 # GET request latency on next level
   latGETnet: 0 # GET request latency on network to next level
 mem: # Memory controller stats
  mem-0: # Memory controller stats
   rd: 113601 # Read requests
   wr: 0 # Write requests
   rdlat: 42992145 # Total latency experienced by read requests
   wrlat: 0 # Total latency experienced by write requests
   load: 4419 # Sum of load factors (0-100) per update
   ups: 309 # Number of latency updates
   clampedLoads: 0 # Number of updates where the load was clamped to 95%
 sched: # Scheduler stats
  thCr: 4 # Threads created
  thFn: 0 # Threads finished
  schedEvs: 4 # Schedule events
  waitEvs: 0 # Wait events
  handoffEvs: 0 # Handoff events
  sleepEvs: 0 # Sleep events
  idlePhases: 0 # Phases with no thread active
  idlePeriods: 0 # Periods with no thread active
  occHist: # Occupancy histogram
   0: 0
   1: 0
   2: 0
   3: 0
   4: 8362
  rqSzHist: # Run queue size histogram
   0: 8362
   1: 0
   2: 0
   3: 0
   4: 0
   5: 0
   6: 0
   7: 0
   8: 0
   9: 0
   10: 0
   11: 0
   12: 0
   13: 0
   14: 0
   15: 0
   16: 0
 heartbeats: # Per-process heartbeats
  0: 0
  1: 0
  2: 0
  3: 0
  4: 0
  5: 0
  6: 0
  7: 0
  8: 0
  9: 0
  10: 0
  11: 0
  12: 0
  13: 0
  14: 0
  15: 0
  16: 0
  17: 0
  18: 0
  19: 0
  20: 0
  21: 0
  22: 0
  23: 0
  24: 0
  25: 0
  26: 0
  27: 0
  28: 0
  29: 0
  30: 0
  31: 0
  32: 0
  33: 0
  34: 0
  35: 0
  36: 0
  37: 0
  38: 0
  39: 0
  40: 0
  41: 0
  42: 0
  43: 0
  44: 0
  45: 0
  46: 0
  47: 0
  48: 0
  49: 0
  50: 0
  51: 0
  52: 0
  53: 0
  54: 0
  55: 0
  56: 0
  57: 0
  58: 0
  59: 0
  60: 0
  61: 0
  62: 0
  63: 0
===
