# zsim stats
===
root: # Stats
 rdtsc: 63152466205747240 # Host timestamp counter
 trigger: 20000 # Reason for this stats dump
 phase: 34056 # Simulated phases
 core: # Core stats
  core-0: # Core stats
   cycles: 3405600012 # Simulated cycles
   instrs: 5000142240 # Simulated instructions
   uops: 5937263701 # Retired micro-ops
   bbls: 538090808 # Basic blocks
   approxInstrs: 3 # Instrs with approx uop decoding
   mispredBranches: 5898795 # Mispredicted branches
 l1i: # Cache stats
  l1i-0: # Cache stats
   hGETS: 899053383 # GETS hits
   hGETX: 0 # GETX hits
   mGETS: 17790 # GETS misses
   mGETXIM: 0 # GETX I->M misses
   mGETXSM: 0 # GETX S->M misses (upgrade misses)
   PUTS: 0 # Clean evictions (from lower level)
   PUTX: 0 # Dirty evictions (from lower level)
   INV: 17742 # Invalidates (from upper level)
   INVX: 0 # Downgrades (from upper level)
   latGETnl: 455698 # GET request latency on next level
   latGETnet: 0 # GET request latency on network to next level
 l1d: # Cache stats
  l1d-0: # Cache stats
   hGETS: 1132472713 # GETS hits
   hGETX: 447910686 # GETX hits
   mGETS: 3072209 # GETS misses
   mGETXIM: 1716 # GETX I->M misses
   mGETXSM: 0 # GETX S->M misses (upgrade misses)
   PUTS: 0 # Clean evictions (from lower level)
   PUTX: 0 # Dirty evictions (from lower level)
   INV: 58749 # Invalidates (from upper level)
   INVX: 0 # Downgrades (from upper level)
   latGETnl: 404638058 # GET request latency on next level
   latGETnet: 0 # GET request latency on network to next level
 l2: # Cache stats
  l2-0: # Cache stats
   hGETS: 228347 # GETS hits
   hGETX: 0 # GETX hits
   mGETS: 2861652 # GETS misses
   mGETXIM: 1716 # GETX I->M misses
   mGETXSM: 0 # GETX S->M misses (upgrade misses)
   PUTS: 3014651 # Clean evictions (from lower level)
   PUTX: 13 # Dirty evictions (from lower level)
   INV: 1011 # Invalidates (from upper level)
   INVX: 0 # Downgrades (from upper level)
   latGETnl: 380360036 # GET request latency on next level
   latGETnet: 0 # GET request latency on network to next level
 l3: # Cache stats
  l3-0: # Cache stats
   hGETS: 74422 # GETS hits
   hGETX: 1700 # GETX hits
   mGETS: 2787230 # GETS misses
   mGETXIM: 16 # GETX I->M misses
   mGETXSM: 0 # GETX S->M misses (upgrade misses)
   PUTS: 2852449 # Clean evictions (from lower level)
   PUTX: 1716 # Dirty evictions (from lower level)
   INV: 0 # Invalidates (from upper level)
   INVX: 0 # Downgrades (from upper level)
   latGETnl: 331682780 # GET request latency on next level
   latGETnet: 0 # GET request latency on network to next level
 mem: # Memory controller stats
  mem-0: # Memory controller stats
   rd: 2787246 # Read requests
   wr: 13 # Write requests
   rdlat: 331682780 # Total latency experienced by read requests
   wrlat: 1547 # Total latency experienced by write requests
   load: 34059 # Sum of load factors (0-100) per update
   ups: 34055 # Number of latency updates
   clampedLoads: 0 # Number of updates where the load was clamped to 95%
 sched: # Scheduler stats
  thCr: 1 # Threads created
  thFn: 0 # Threads finished
  schedEvs: 1 # Schedule events
  waitEvs: 0 # Wait events
  handoffEvs: 0 # Handoff events
  sleepEvs: 0 # Sleep events
  idlePhases: 0 # Phases with no thread active
  idlePeriods: 0 # Periods with no thread active
  occHist: # Occupancy histogram
   0: 0
   1: 34056
  rqSzHist: # Run queue size histogram
   0: 34056
   1: 0
   2: 0
   3: 0
   4: 0
   5: 0
   6: 0
   7: 0
   8: 0
   9: 0
   10: 0
   11: 0
   12: 0
   13: 0
   14: 0
   15: 0
   16: 0
===
