# zsim stats
===
root: # Stats
 rdtsc: 63168282759001175 # Host timestamp counter
 trigger: 20000 # Reason for this stats dump
 phase: 63247 # Simulated phases
 core: # Core stats
  core-0: # Core stats
   cycles: 6324700082 # Simulated cycles
   instrs: 5000043084 # Simulated instructions
   uops: 6034641755 # Retired micro-ops
   bbls: 763330961 # Basic blocks
   approxInstrs: 233 # Instrs with approx uop decoding
   mispredBranches: 4847787 # Mispredicted branches
 l1i: # Cache stats
  l1i-0: # Cache stats
   hGETS: 1001953724 # GETS hits
   hGETX: 0 # GETX hits
   mGETS: 12238 # GETS misses
   mGETXIM: 0 # GETX I->M misses
   mGETXSM: 0 # GETX S->M misses (upgrade misses)
   PUTS: 0 # Clean evictions (from lower level)
   PUTX: 0 # Dirty evictions (from lower level)
   INV: 12235 # Invalidates (from upper level)
   INVX: 0 # Downgrades (from upper level)
   latGETnl: 536934 # GET request latency on next level
   latGETnet: 0 # GET request latency on network to next level
 l1d: # Cache stats
  l1d-0: # Cache stats
   hGETS: 1374072538 # GETS hits
   hGETX: 278736390 # GETX hits
   mGETS: 36726479 # GETS misses
   mGETXIM: 2207298 # GETX I->M misses
   mGETXSM: 0 # GETX S->M misses (upgrade misses)
   PUTS: 0 # Clean evictions (from lower level)
   PUTX: 0 # Dirty evictions (from lower level)
   INV: 48110 # Invalidates (from upper level)
   INVX: 0 # Downgrades (from upper level)
   latGETnl: 5858304948 # GET request latency on next level
   latGETnet: 0 # GET request latency on network to next level
 l2: # Cache stats
  l2-0: # Cache stats
   hGETS: 247084 # GETS hits
   hGETX: 5 # GETX hits
   mGETS: 36491633 # GETS misses
   mGETXIM: 2207293 # GETX I->M misses
   mGETXSM: 0 # GETX S->M misses (upgrade misses)
   PUTS: 34867651 # Clean evictions (from lower level)
   PUTX: 4017505 # Dirty evictions (from lower level)
   INV: 0 # Invalidates (from upper level)
   INVX: 0 # Downgrades (from upper level)
   latGETnl: 5547273762 # GET request latency on next level
   latGETnet: 0 # GET request latency on network to next level
 l3: # Cache stats
  l3-0: # Cache stats
   hGETS: 1270265 # GETS hits
   hGETX: 13421 # GETX hits
   mGETS: 35221368 # GETS misses
   mGETXIM: 2193872 # GETX I->M misses
   mGETXSM: 0 # GETX S->M misses (upgrade misses)
   PUTS: 34898093 # Clean evictions (from lower level)
   PUTX: 3792641 # Dirty evictions (from lower level)
   INV: 0 # Invalidates (from upper level)
   INVX: 0 # Downgrades (from upper level)
   latGETnl: 4889392020 # GET request latency on next level
   latGETnet: 0 # GET request latency on network to next level
 mem: # Memory controller stats
  mem-0: # Memory controller stats
   rd: 37415240 # Read requests
   wr: 3128880 # Write requests
   rdlat: 4889392020 # Total latency experienced by read requests
   wrlat: 473163673 # Total latency experienced by write requests
   load: 650106 # Sum of load factors (0-100) per update
   ups: 62750 # Number of latency updates
   clampedLoads: 11 # Number of updates where the load was clamped to 95%
 sched: # Scheduler stats
  thCr: 1 # Threads created
  thFn: 0 # Threads finished
  schedEvs: 1 # Schedule events
  waitEvs: 0 # Wait events
  handoffEvs: 0 # Handoff events
  sleepEvs: 0 # Sleep events
  idlePhases: 0 # Phases with no thread active
  idlePeriods: 0 # Periods with no thread active
  occHist: # Occupancy histogram
   0: 0
   1: 63247
  rqSzHist: # Run queue size histogram
   0: 63247
   1: 0
   2: 0
   3: 0
   4: 0
   5: 0
   6: 0
   7: 0
   8: 0
   9: 0
   10: 0
   11: 0
   12: 0
   13: 0
   14: 0
   15: 0
   16: 0
===
