# zsim stats
===
root: # Stats
 contention: # Contention simulation stats
  domain-0: # Domain stats
   time: 498327640 # Weave simulation time
 time: # Simulator time breakdown
  init: 22483200261
  bound: 719647328674
  weave: 1915864094
  ff: 0
 trigger: 20000 # Reason for this stats dump
 phase: 8909 # Simulated phases
 core: # Core stats
  core-0: # Core stats
   cycles: 889745814 # Simulated unhalted cycles
   cCycles: 0 # Cycles due to contention stalls
   instrs: 1208526069 # Simulated instructions
   uops: 1237283214 # Retired micro-ops
   bbls: 194018062 # Basic blocks
   approxInstrs: 14700122 # Instrs with approx uop decoding
   mispredBranches: 10122 # Mispredicted branches
   fetchStalls: 995108 # Fetch stalls
   decodeStalls: 313964448 # Decode stalls
   issueStalls: 27473844 # Issue stalls
  core-1: # Core stats
   cycles: 890900002 # Simulated unhalted cycles
   cCycles: 0 # Cycles due to contention stalls
   instrs: 1252724464 # Simulated instructions
   uops: 1281573947 # Retired micro-ops
   bbls: 201389873 # Basic blocks
   approxInstrs: 15260004 # Instrs with approx uop decoding
   mispredBranches: 10181 # Mispredicted branches
   fetchStalls: 984033 # Fetch stalls
   decodeStalls: 324932258 # Decode stalls
   issueStalls: 44146585 # Issue stalls
  core-2: # Core stats
   cycles: 889955436 # Simulated unhalted cycles
   cCycles: 0 # Cycles due to contention stalls
   instrs: 1209396447 # Simulated instructions
   uops: 1238158991 # Retired micro-ops
   bbls: 194176856 # Basic blocks
   approxInstrs: 14700118 # Instrs with approx uop decoding
   mispredBranches: 10096 # Mispredicted branches
   fetchStalls: 978323 # Fetch stalls
   decodeStalls: 314180987 # Decode stalls
   issueStalls: 34025219 # Issue stalls
  core-3: # Core stats
   cycles: 889960374 # Simulated unhalted cycles
   cCycles: 0 # Cycles due to contention stalls
   instrs: 1329396219 # Simulated instructions
   uops: 1360760304 # Retired micro-ops
   bbls: 213484092 # Basic blocks
   approxInstrs: 16180119 # Instrs with approx uop decoding
   mispredBranches: 11051 # Mispredicted branches
   fetchStalls: 1005784 # Fetch stalls
   decodeStalls: 345231120 # Decode stalls
   issueStalls: 48053327 # Issue stalls
 l1i: # Cache stats
  l1i-0: # Filter cache stats
   fhGETS: 210009257 # Filtered GETS hits
   fhGETX: 0 # Filtered GETX hits
   hGETS: 0 # GETS hits
   hGETX: 0 # GETX hits
   mGETS: 46948 # GETS misses
   mGETXIM: 0 # GETX I->M misses
   mGETXSM: 0 # GETX S->M misses (upgrade misses)
   PUTS: 0 # Clean evictions (from lower level)
   PUTX: 0 # Dirty evictions (from lower level)
   INV: 0 # Invalidates (from upper level)
   INVX: 0 # Downgrades (from upper level)
   FWD: 0 # Forwards (from upper level)
   latGETnl: 879904 # GET request latency on next level
   latGETnet: 0 # GET request latency on network to next level
  l1i-1: # Filter cache stats
   fhGETS: 217967662 # Filtered GETS hits
   fhGETX: 0 # Filtered GETX hits
   hGETS: 0 # GETS hits
   hGETX: 0 # GETX hits
   mGETS: 45942 # GETS misses
   mGETXIM: 0 # GETX I->M misses
   mGETXSM: 0 # GETX S->M misses (upgrade misses)
   PUTS: 0 # Clean evictions (from lower level)
   PUTX: 0 # Dirty evictions (from lower level)
   INV: 0 # Invalidates (from upper level)
   INVX: 0 # Downgrades (from upper level)
   FWD: 0 # Forwards (from upper level)
   latGETnl: 872964 # GET request latency on next level
   latGETnet: 0 # GET request latency on network to next level
  l1i-2: # Filter cache stats
   fhGETS: 210173595 # Filtered GETS hits
   fhGETX: 0 # Filtered GETX hits
   hGETS: 0 # GETS hits
   hGETX: 0 # GETX hits
   mGETS: 46847 # GETS misses
   mGETXIM: 0 # GETX I->M misses
   mGETXSM: 0 # GETX S->M misses (upgrade misses)
   PUTS: 0 # Clean evictions (from lower level)
   PUTX: 0 # Dirty evictions (from lower level)
   INV: 0 # Invalidates (from upper level)
   INVX: 0 # Downgrades (from upper level)
   FWD: 0 # Forwards (from upper level)
   latGETnl: 850837 # GET request latency on next level
   latGETnet: 0 # GET request latency on network to next level
  l1i-3: # Filter cache stats
   fhGETS: 231077242 # Filtered GETS hits
   fhGETX: 0 # Filtered GETX hits
   hGETS: 0 # GETS hits
   hGETX: 0 # GETX hits
   mGETS: 47516 # GETS misses
   mGETXIM: 0 # GETX I->M misses
   mGETXSM: 0 # GETX S->M misses (upgrade misses)
   PUTS: 0 # Clean evictions (from lower level)
   PUTX: 0 # Dirty evictions (from lower level)
   INV: 0 # Invalidates (from upper level)
   INVX: 0 # Downgrades (from upper level)
   FWD: 0 # Forwards (from upper level)
   latGETnl: 870305 # GET request latency on next level
   latGETnet: 0 # GET request latency on network to next level
 l1d: # Cache stats
  l1d-0: # Filter cache stats
   fhGETS: 158466425 # Filtered GETS hits
   fhGETX: 33282786 # Filtered GETX hits
   hGETS: 56 # GETS hits
   hGETX: 44311112 # GETX hits
   mGETS: 121866705 # GETS misses
   mGETXIM: 10133349 # GETX I->M misses
   mGETXSM: 213 # GETX S->M misses (upgrade misses)
   PUTS: 0 # Clean evictions (from lower level)
   PUTX: 0 # Dirty evictions (from lower level)
   INV: 110 # Invalidates (from upper level)
   INVX: 771 # Downgrades (from upper level)
   FWD: 0 # Forwards (from upper level)
   latGETnl: 2387367771 # GET request latency on next level
   latGETnet: 0 # GET request latency on network to next level
  l1d-1: # Filter cache stats
   fhGETS: 222637189 # Filtered GETS hits
   fhGETX: 48870980 # Filtered GETX hits
   hGETS: 57 # GETS hits
   hGETX: 24070361 # GETX hits
   mGETS: 67112799 # GETS misses
   mGETXIM: 17651133 # GETX I->M misses
   mGETXSM: 191 # GETX S->M misses (upgrade misses)
   PUTS: 0 # Clean evictions (from lower level)
   PUTX: 0 # Dirty evictions (from lower level)
   INV: 57 # Invalidates (from upper level)
   INVX: 1470 # Downgrades (from upper level)
   FWD: 0 # Forwards (from upper level)
   latGETnl: 1538579178 # GET request latency on next level
   latGETnet: 0 # GET request latency on network to next level
  l1d-2: # Filter cache stats
   fhGETS: 201151495 # Filtered GETS hits
   fhGETX: 50247088 # Filtered GETX hits
   hGETS: 99 # GETS hits
   hGETX: 27361553 # GETX hits
   mGETS: 79428388 # GETS misses
   mGETXIM: 10174847 # GETX I->M misses
   mGETXSM: 308 # GETX S->M misses (upgrade misses)
   PUTS: 0 # Clean evictions (from lower level)
   PUTX: 0 # Dirty evictions (from lower level)
   INV: 122 # Invalidates (from upper level)
   INVX: 877 # Downgrades (from upper level)
   FWD: 0 # Forwards (from upper level)
   latGETnl: 1624316823 # GET request latency on next level
   latGETnet: 0 # GET request latency on network to next level
  l1d-3: # Filter cache stats
   fhGETS: 243579416 # Filtered GETS hits
   fhGETX: 59502387 # Filtered GETX hits
   hGETS: 71 # GETS hits
   hGETX: 25648515 # GETX hits
   mGETS: 64627156 # GETS misses
   mGETXIM: 11233824 # GETX I->M misses
   mGETXSM: 322 # GETX S->M misses (upgrade misses)
   PUTS: 0 # Clean evictions (from lower level)
   PUTX: 0 # Dirty evictions (from lower level)
   INV: 118 # Invalidates (from upper level)
   INVX: 825 # Downgrades (from upper level)
   FWD: 0 # Forwards (from upper level)
   latGETnl: 1377238252 # GET request latency on next level
   latGETnet: 0 # GET request latency on network to next level
 l2: # Cache stats
  l2-0: # Cache stats
   hGETS: 121885011 # GETS hits
   hGETX: 10119136 # GETX hits
   mGETS: 28642 # GETS misses
   mGETXIM: 13939 # GETX I->M misses
   mGETXSM: 487 # GETX S->M misses (upgrade misses)
   PUTS: 77602129 # Clean evictions (from lower level)
   PUTX: 54444635 # Dirty evictions (from lower level)
   INV: 636 # Invalidates (from upper level)
   INVX: 3450 # Downgrades (from upper level)
   FWD: 0 # Forwards (from upper level)
   latGETnl: 11397805 # GET request latency on next level
   latGETnet: 0 # GET request latency on network to next level
  l2-1: # Cache stats
   hGETS: 67130065 # GETS hits
   hGETX: 17637186 # GETX hits
   mGETS: 28676 # GETS misses
   mGETXIM: 13902 # GETX I->M misses
   mGETXSM: 236 # GETX S->M misses (upgrade misses)
   PUTS: 43088039 # Clean evictions (from lower level)
   PUTX: 41721650 # Dirty evictions (from lower level)
   INV: 556 # Invalidates (from upper level)
   INVX: 7662 # Downgrades (from upper level)
   FWD: 0 # Forwards (from upper level)
   latGETnl: 12870972 # GET request latency on next level
   latGETnet: 0 # GET request latency on network to next level
  l2-2: # Cache stats
   hGETS: 79446655 # GETS hits
   hGETX: 10160907 # GETX hits
   mGETS: 28580 # GETS misses
   mGETXIM: 13894 # GETX I->M misses
   mGETXSM: 354 # GETX S->M misses (upgrade misses)
   PUTS: 52113153 # Clean evictions (from lower level)
   PUTX: 37536679 # Dirty evictions (from lower level)
   INV: 605 # Invalidates (from upper level)
   INVX: 3646 # Downgrades (from upper level)
   FWD: 0 # Forwards (from upper level)
   latGETnl: 11460640 # GET request latency on next level
   latGETnet: 0 # GET request latency on network to next level
  l2-3: # Cache stats
   hGETS: 64646008 # GETS hits
   hGETX: 11219911 # GETX hits
   mGETS: 28664 # GETS misses
   mGETXIM: 13910 # GETX I->M misses
   mGETXSM: 325 # GETX S->M misses (upgrade misses)
   PUTS: 39025649 # Clean evictions (from lower level)
   PUTX: 36882601 # Dirty evictions (from lower level)
   INV: 582 # Invalidates (from upper level)
   INVX: 4601 # Downgrades (from upper level)
   FWD: 0 # Forwards (from upper level)
   latGETnl: 11749833 # GET request latency on next level
   latGETnet: 0 # GET request latency on network to next level
 l3: # Cache stats
  l3-0: # Cache stats
   hGETS: 56247 # GETS hits
   hGETX: 1788 # GETX hits
   mGETS: 58315 # GETS misses
   mGETXIM: 55259 # GETX I->M misses
   mGETXSM: 0 # GETX S->M misses (upgrade misses)
   PUTS: 0 # Clean evictions (from lower level)
   PUTX: 0 # Dirty evictions (from lower level)
   INV: 0 # Invalidates (from upper level)
   INVX: 0 # Downgrades (from upper level)
   FWD: 0 # Forwards (from upper level)
   latGETnl: 42962808 # GET request latency on next level
   latGETnet: 0 # GET request latency on network to next level
 mem: # Memory controller stats
  mem-0: # Memory controller stats
   rd: 113574 # Read requests
   wr: 0 # Write requests
   rdlat: 42962808 # Total latency experienced by read requests
   wrlat: 0 # Total latency experienced by write requests
   load: 4419 # Sum of load factors (0-100) per update
   ups: 324 # Number of latency updates
   clampedLoads: 0 # Number of updates where the load was clamped to 95%
 sched: # Scheduler stats
  thCr: 4 # Threads created
  thFn: 0 # Threads finished
  schedEvs: 4 # Schedule events
  waitEvs: 0 # Wait events
  handoffEvs: 0 # Handoff events
  sleepEvs: 0 # Sleep events
  idlePhases: 0 # Phases with no thread active
  idlePeriods: 0 # Periods with no thread active
  occHist: # Occupancy histogram
   0: 0
   1: 0
   2: 0
   3: 0
   4: 8909
  rqSzHist: # Run queue size histogram
   0: 8909
   1: 0
   2: 0
   3: 0
   4: 0
   5: 0
   6: 0
   7: 0
   8: 0
   9: 0
   10: 0
   11: 0
   12: 0
   13: 0
   14: 0
   15: 0
   16: 0
 heartbeats: # Per-process heartbeats
  0: 0
  1: 0
  2: 0
  3: 0
  4: 0
  5: 0
  6: 0
  7: 0
  8: 0
  9: 0
  10: 0
  11: 0
  12: 0
  13: 0
  14: 0
  15: 0
  16: 0
  17: 0
  18: 0
  19: 0
  20: 0
  21: 0
  22: 0
  23: 0
  24: 0
  25: 0
  26: 0
  27: 0
  28: 0
  29: 0
  30: 0
  31: 0
  32: 0
  33: 0
  34: 0
  35: 0
  36: 0
  37: 0
  38: 0
  39: 0
  40: 0
  41: 0
  42: 0
  43: 0
  44: 0
  45: 0
  46: 0
  47: 0
  48: 0
  49: 0
  50: 0
  51: 0
  52: 0
  53: 0
  54: 0
  55: 0
  56: 0
  57: 0
  58: 0
  59: 0
  60: 0
  61: 0
  62: 0
  63: 0
===
