# zsim stats
===
root: # Stats
 contention: # Contention simulation stats
  domain-0: # Domain stats
   time: 453689513 # Weave simulation time
 time: # Simulator time breakdown
  init: 20106469109
  bound: 932470030578
  weave: 919822387
  ff: 0
 trigger: 20000 # Reason for this stats dump
 phase: 8189 # Simulated phases
 core: # Core stats
  core-0: # Core stats
   cycles: 818519147 # Simulated unhalted cycles
   cCycles: 0 # Cycles due to contention stalls
   instrs: 849765710 # Simulated instructions
   uops: 869466496 # Retired micro-ops
   bbls: 136632748 # Basic blocks
   approxInstrs: 10340121 # Instrs with approx uop decoding
   mispredBranches: 7198 # Mispredicted branches
   fetchStalls: 1274729 # Fetch stalls
   decodeStalls: 220438180 # Decode stalls
   issueStalls: 26757158 # Issue stalls
  core-1: # Core stats
   cycles: 818770106 # Simulated unhalted cycles
   cCycles: 0 # Cycles due to contention stalls
   instrs: 823799337 # Simulated instructions
   uops: 842958416 # Retired micro-ops
   bbls: 132443872 # Basic blocks
   approxInstrs: 10020034 # Instrs with approx uop decoding
   mispredBranches: 6758 # Mispredicted branches
   fetchStalls: 1188865 # Fetch stalls
   decodeStalls: 213724813 # Decode stalls
   issueStalls: 22197336 # Issue stalls
  core-2: # Core stats
   cycles: 818609724 # Simulated unhalted cycles
   cCycles: 0 # Cycles due to contention stalls
   instrs: 824224903 # Simulated instructions
   uops: 843423250 # Retired micro-ops
   bbls: 132502223 # Basic blocks
   approxInstrs: 10027526 # Instrs with approx uop decoding
   mispredBranches: 6857 # Mispredicted branches
   fetchStalls: 1194536 # Fetch stalls
   decodeStalls: 213849686 # Decode stalls
   issueStalls: 22411283 # Issue stalls
  core-3: # Core stats
   cycles: 818482545 # Simulated unhalted cycles
   cCycles: 0 # Cycles due to contention stalls
   instrs: 830131400 # Simulated instructions
   uops: 849913716 # Retired micro-ops
   bbls: 133330358 # Basic blocks
   approxInstrs: 10080103 # Instrs with approx uop decoding
   mispredBranches: 7176 # Mispredicted branches
   fetchStalls: 1231458 # Fetch stalls
   decodeStalls: 215645813 # Decode stalls
   issueStalls: 24354257 # Issue stalls
  core-4: # Core stats
   cycles: 818558644 # Simulated unhalted cycles
   cCycles: 0 # Cycles due to contention stalls
   instrs: 848055363 # Simulated instructions
   uops: 868738250 # Retired micro-ops
   bbls: 136047395 # Basic blocks
   approxInstrs: 10300077 # Instrs with approx uop decoding
   mispredBranches: 7368 # Mispredicted branches
   fetchStalls: 1222947 # Fetch stalls
   decodeStalls: 220555477 # Decode stalls
   issueStalls: 26273891 # Issue stalls
  core-5: # Core stats
   cycles: 818177066 # Simulated unhalted cycles
   cCycles: 0 # Cycles due to contention stalls
   instrs: 824415601 # Simulated instructions
   uops: 844277480 # Retired micro-ops
   bbls: 132327474 # Basic blocks
   approxInstrs: 10020099 # Instrs with approx uop decoding
   mispredBranches: 7060 # Mispredicted branches
   fetchStalls: 1199597 # Fetch stalls
   decodeStalls: 214255381 # Decode stalls
   issueStalls: 22163360 # Issue stalls
 l1i: # Cache stats
  l1i-0: # Filter cache stats
   fhGETS: 147838395 # Filtered GETS hits
   fhGETX: 0 # Filtered GETX hits
   hGETS: 0 # GETS hits
   hGETX: 0 # GETX hits
   mGETS: 65453 # GETS misses
   mGETXIM: 0 # GETX I->M misses
   mGETXSM: 0 # GETX S->M misses (upgrade misses)
   PUTS: 0 # Clean evictions (from lower level)
   PUTX: 0 # Dirty evictions (from lower level)
   INV: 22499 # Invalidates (from upper level)
   INVX: 0 # Downgrades (from upper level)
   FWD: 0 # Forwards (from upper level)
   latGETnl: 1416189 # GET request latency on next level
   latGETnet: 0 # GET request latency on network to next level
  l1i-1: # Filter cache stats
   fhGETS: 143300138 # Filtered GETS hits
   fhGETX: 0 # Filtered GETX hits
   hGETS: 0 # GETS hits
   hGETX: 0 # GETX hits
   mGETS: 62899 # GETS misses
   mGETXIM: 0 # GETX I->M misses
   mGETXSM: 0 # GETX S->M misses (upgrade misses)
   PUTS: 0 # Clean evictions (from lower level)
   PUTX: 0 # Dirty evictions (from lower level)
   INV: 21206 # Invalidates (from upper level)
   INVX: 0 # Downgrades (from upper level)
   FWD: 0 # Forwards (from upper level)
   latGETnl: 1285210 # GET request latency on next level
   latGETnet: 0 # GET request latency on network to next level
  l1i-2: # Filter cache stats
   fhGETS: 143361835 # Filtered GETS hits
   fhGETX: 0 # Filtered GETX hits
   hGETS: 0 # GETS hits
   hGETX: 0 # GETX hits
   mGETS: 63729 # GETS misses
   mGETXIM: 0 # GETX I->M misses
   mGETXSM: 0 # GETX S->M misses (upgrade misses)
   PUTS: 0 # Clean evictions (from lower level)
   PUTX: 0 # Dirty evictions (from lower level)
   INV: 21224 # Invalidates (from upper level)
   INVX: 0 # Downgrades (from upper level)
   FWD: 0 # Forwards (from upper level)
   latGETnl: 1288389 # GET request latency on next level
   latGETnet: 0 # GET request latency on network to next level
  l1i-3: # Filter cache stats
   fhGETS: 144276606 # Filtered GETS hits
   fhGETX: 0 # Filtered GETX hits
   hGETS: 0 # GETS hits
   hGETX: 0 # GETX hits
   mGETS: 64717 # GETS misses
   mGETXIM: 0 # GETX I->M misses
   mGETXSM: 0 # GETX S->M misses (upgrade misses)
   PUTS: 0 # Clean evictions (from lower level)
   PUTX: 0 # Dirty evictions (from lower level)
   INV: 21938 # Invalidates (from upper level)
   INVX: 0 # Downgrades (from upper level)
   FWD: 0 # Forwards (from upper level)
   latGETnl: 1323173 # GET request latency on next level
   latGETnet: 0 # GET request latency on network to next level
  l1i-4: # Filter cache stats
   fhGETS: 147237888 # Filtered GETS hits
   fhGETX: 0 # Filtered GETX hits
   hGETS: 0 # GETS hits
   hGETX: 0 # GETX hits
   mGETS: 64164 # GETS misses
   mGETXIM: 0 # GETX I->M misses
   mGETXSM: 0 # GETX S->M misses (upgrade misses)
   PUTS: 0 # Clean evictions (from lower level)
   PUTX: 0 # Dirty evictions (from lower level)
   INV: 21898 # Invalidates (from upper level)
   INVX: 0 # Downgrades (from upper level)
   FWD: 0 # Forwards (from upper level)
   latGETnl: 1316583 # GET request latency on next level
   latGETnet: 0 # GET request latency on network to next level
  l1i-5: # Filter cache stats
   fhGETS: 143197259 # Filtered GETS hits
   fhGETX: 0 # Filtered GETX hits
   hGETS: 0 # GETS hits
   hGETX: 0 # GETX hits
   mGETS: 63739 # GETS misses
   mGETXIM: 0 # GETX I->M misses
   mGETXSM: 0 # GETX S->M misses (upgrade misses)
   PUTS: 0 # Clean evictions (from lower level)
   PUTX: 0 # Dirty evictions (from lower level)
   INV: 21254 # Invalidates (from upper level)
   INVX: 0 # Downgrades (from upper level)
   FWD: 0 # Forwards (from upper level)
   latGETnl: 1288709 # GET request latency on next level
   latGETnet: 0 # GET request latency on network to next level
 l1d: # Cache stats
  l1d-0: # Filter cache stats
   fhGETS: 155278255 # Filtered GETS hits
   fhGETX: 37929341 # Filtered GETX hits
   hGETS: 474 # GETS hits
   hGETX: 16408554 # GETX hits
   mGETS: 41243247 # GETS misses
   mGETXIM: 7200649 # GETX I->M misses
   mGETXSM: 338 # GETX S->M misses (upgrade misses)
   PUTS: 0 # Clean evictions (from lower level)
   PUTX: 0 # Dirty evictions (from lower level)
   INV: 692 # Invalidates (from upper level)
   INVX: 7624 # Downgrades (from upper level)
   FWD: 0 # Forwards (from upper level)
   latGETnl: 1605935134 # GET request latency on next level
   latGETnet: 0 # GET request latency on network to next level
  l1d-1: # Filter cache stats
   fhGETS: 141263978 # Filtered GETS hits
   fhGETX: 36865323 # Filtered GETX hits
   hGETS: 303 # GETS hits
   hGETX: 15884980 # GETX hits
   mGETS: 49371191 # GETS misses
   mGETXIM: 6911500 # GETX I->M misses
   mGETXSM: 72 # GETX S->M misses (upgrade misses)
   PUTS: 0 # Clean evictions (from lower level)
   PUTX: 0 # Dirty evictions (from lower level)
   INV: 93 # Invalidates (from upper level)
   INVX: 8828 # Downgrades (from upper level)
   FWD: 0 # Forwards (from upper level)
   latGETnl: 1655472058 # GET request latency on next level
   latGETnet: 0 # GET request latency on network to next level
  l1d-2: # Filter cache stats
   fhGETS: 141318867 # Filtered GETS hits
   fhGETX: 36873692 # Filtered GETX hits
   hGETS: 542 # GETS hits
   hGETX: 15942886 # GETX hits
   mGETS: 49446028 # GETS misses
   mGETXIM: 6876655 # GETX I->M misses
   mGETXSM: 715 # GETX S->M misses (upgrade misses)
   PUTS: 0 # Clean evictions (from lower level)
   PUTX: 0 # Dirty evictions (from lower level)
   INV: 386 # Invalidates (from upper level)
   INVX: 7512 # Downgrades (from upper level)
   FWD: 0 # Forwards (from upper level)
   latGETnl: 1656309705 # GET request latency on next level
   latGETnet: 0 # GET request latency on network to next level
  l1d-3: # Filter cache stats
   fhGETS: 142750883 # Filtered GETS hits
   fhGETX: 37358030 # Filtered GETX hits
   hGETS: 227 # GETS hits
   hGETX: 15982408 # GETX hits
   mGETS: 49689099 # GETS misses
   mGETXIM: 6986866 # GETX I->M misses
   mGETXSM: 171 # GETX S->M misses (upgrade misses)
   PUTS: 0 # Clean evictions (from lower level)
   PUTX: 0 # Dirty evictions (from lower level)
   INV: 140 # Invalidates (from upper level)
   INVX: 6368 # Downgrades (from upper level)
   FWD: 0 # Forwards (from upper level)
   latGETnl: 1668137407 # GET request latency on next level
   latGETnet: 0 # GET request latency on network to next level
  l1d-4: # Filter cache stats
   fhGETS: 155731438 # Filtered GETS hits
   fhGETX: 38185041 # Filtered GETX hits
   hGETS: 496 # GETS hits
   hGETX: 16385057 # GETX hits
   mGETS: 41256078 # GETS misses
   mGETXIM: 7215502 # GETX I->M misses
   mGETXSM: 528 # GETX S->M misses (upgrade misses)
   PUTS: 0 # Clean evictions (from lower level)
   PUTX: 0 # Dirty evictions (from lower level)
   INV: 964 # Invalidates (from upper level)
   INVX: 7748 # Downgrades (from upper level)
   FWD: 0 # Forwards (from upper level)
   latGETnl: 1599660378 # GET request latency on next level
   latGETnet: 0 # GET request latency on network to next level
  l1d-5: # Filter cache stats
   fhGETS: 141775122 # Filtered GETS hits
   fhGETX: 37103737 # Filtered GETX hits
   hGETS: 709 # GETS hits
   hGETX: 15911619 # GETX hits
   mGETS: 49571755 # GETS misses
   mGETXIM: 6929610 # GETX I->M misses
   mGETXSM: 925 # GETX S->M misses (upgrade misses)
   PUTS: 0 # Clean evictions (from lower level)
   PUTX: 0 # Dirty evictions (from lower level)
   INV: 457 # Invalidates (from upper level)
   INVX: 7788 # Downgrades (from upper level)
   FWD: 0 # Forwards (from upper level)
   latGETnl: 1656452273 # GET request latency on next level
   latGETnet: 0 # GET request latency on network to next level
 l2: # Cache stats
  l2-0: # Cache stats
   hGETS: 7402788 # GETS hits
   hGETX: 942757 # GETX hits
   mGETS: 33905912 # GETS misses
   mGETXIM: 6257892 # GETX I->M misses
   mGETXSM: 338 # GETX S->M misses (upgrade misses)
   PUTS: 24876778 # Clean evictions (from lower level)
   PUTX: 23609311 # Dirty evictions (from lower level)
   INV: 969 # Invalidates (from upper level)
   INVX: 977419 # Downgrades (from upper level)
   FWD: 0 # Forwards (from upper level)
   latGETnl: 1073744766 # GET request latency on next level
   latGETnet: 0 # GET request latency on network to next level
  l2-1: # Cache stats
   hGETS: 16570344 # GETS hits
   hGETX: 849188 # GETX hits
   mGETS: 32863746 # GETS misses
   mGETXIM: 6062274 # GETX I->M misses
   mGETXSM: 110 # GETX S->M misses (upgrade misses)
   PUTS: 33527702 # Clean evictions (from lower level)
   PUTX: 22796523 # Dirty evictions (from lower level)
   INV: 191 # Invalidates (from upper level)
   INVX: 1451713 # Downgrades (from upper level)
   FWD: 0 # Forwards (from upper level)
   latGETnl: 1036954986 # GET request latency on next level
   latGETnet: 0 # GET request latency on network to next level
  l2-2: # Cache stats
   hGETS: 16620384 # GETS hits
   hGETX: 814410 # GETX hits
   mGETS: 32889373 # GETS misses
   mGETXIM: 6062245 # GETX I->M misses
   mGETXSM: 715 # GETX S->M misses (upgrade misses)
   PUTS: 33545127 # Clean evictions (from lower level)
   PUTX: 22819608 # Dirty evictions (from lower level)
   INV: 540 # Invalidates (from upper level)
   INVX: 831611 # Downgrades (from upper level)
   FWD: 0 # Forwards (from upper level)
   latGETnl: 1037339697 # GET request latency on next level
   latGETnet: 0 # GET request latency on network to next level
  l2-3: # Cache stats
   hGETS: 16654312 # GETS hits
   hGETX: 854522 # GETX hits
   mGETS: 33099504 # GETS misses
   mGETXIM: 6132344 # GETX I->M misses
   mGETXSM: 171 # GETX S->M misses (upgrade misses)
   PUTS: 33749169 # Clean evictions (from lower level)
   PUTX: 22969363 # Dirty evictions (from lower level)
   INV: 350 # Invalidates (from upper level)
   INVX: 1282621 # Downgrades (from upper level)
   FWD: 0 # Forwards (from upper level)
   latGETnl: 1045311197 # GET request latency on next level
   latGETnet: 0 # GET request latency on network to next level
  l2-4: # Cache stats
   hGETS: 7532217 # GETS hits
   hGETX: 943041 # GETX hits
   mGETS: 33788025 # GETS misses
   mGETXIM: 6272460 # GETX I->M misses
   mGETXSM: 529 # GETX S->M misses (upgrade misses)
   PUTS: 24912213 # Clean evictions (from lower level)
   PUTX: 23600595 # Dirty evictions (from lower level)
   INV: 1395 # Invalidates (from upper level)
   INVX: 1112413 # Downgrades (from upper level)
   FWD: 0 # Forwards (from upper level)
   latGETnl: 1067077969 # GET request latency on next level
   latGETnet: 0 # GET request latency on network to next level
  l2-5: # Cache stats
   hGETS: 16777142 # GETS hits
   hGETX: 847300 # GETX hits
   mGETS: 32858352 # GETS misses
   mGETXIM: 6082310 # GETX I->M misses
   mGETXSM: 925 # GETX S->M misses (upgrade misses)
   PUTS: 33702016 # Clean evictions (from lower level)
   PUTX: 22841307 # Dirty evictions (from lower level)
   INV: 637 # Invalidates (from upper level)
   INVX: 1560445 # Downgrades (from upper level)
   FWD: 0 # Forwards (from upper level)
   latGETnl: 1035514663 # GET request latency on next level
   latGETnet: 0 # GET request latency on network to next level
 l3: # Cache stats
  l3-0: # Cache stats
   hGETS: 199326548 # GETS hits
   hGETX: 36789459 # GETX hits
   mGETS: 78364 # GETS misses
   mGETXIM: 82854 # GETX I->M misses
   mGETXSM: 0 # GETX S->M misses (upgrade misses)
   PUTS: 108196102 # Clean evictions (from lower level)
   PUTX: 128025101 # Dirty evictions (from lower level)
   INV: 0 # Invalidates (from upper level)
   INVX: 0 # Downgrades (from upper level)
   FWD: 0 # Forwards (from upper level)
   latGETnl: 73119999 # GET request latency on next level
   latGETnet: 0 # GET request latency on network to next level
 mem: # Memory controller stats
  mem-0: # Memory controller stats
   rd: 161218 # Read requests
   wr: 0 # Write requests
   rdlat: 73119999 # Total latency experienced by read requests
   wrlat: 0 # Total latency experienced by write requests
   load: 6324 # Sum of load factors (0-100) per update
   ups: 328 # Number of latency updates
   clampedLoads: 0 # Number of updates where the load was clamped to 95%
 sched: # Scheduler stats
  thCr: 6 # Threads created
  thFn: 0 # Threads finished
  schedEvs: 6 # Schedule events
  waitEvs: 0 # Wait events
  handoffEvs: 0 # Handoff events
  sleepEvs: 0 # Sleep events
  idlePhases: 0 # Phases with no thread active
  idlePeriods: 0 # Periods with no thread active
  occHist: # Occupancy histogram
   0: 0
   1: 0
   2: 0
   3: 0
   4: 0
   5: 0
   6: 8189
  rqSzHist: # Run queue size histogram
   0: 8189
   1: 0
   2: 0
   3: 0
   4: 0
   5: 0
   6: 0
   7: 0
   8: 0
   9: 0
   10: 0
   11: 0
   12: 0
   13: 0
   14: 0
   15: 0
   16: 0
 heartbeats: # Per-process heartbeats
  0: 0
  1: 0
  2: 0
  3: 0
  4: 0
  5: 0
  6: 0
  7: 0
  8: 0
  9: 0
  10: 0
  11: 0
  12: 0
  13: 0
  14: 0
  15: 0
  16: 0
  17: 0
  18: 0
  19: 0
  20: 0
  21: 0
  22: 0
  23: 0
  24: 0
  25: 0
  26: 0
  27: 0
  28: 0
  29: 0
  30: 0
  31: 0
  32: 0
  33: 0
  34: 0
  35: 0
  36: 0
  37: 0
  38: 0
  39: 0
  40: 0
  41: 0
  42: 0
  43: 0
  44: 0
  45: 0
  46: 0
  47: 0
  48: 0
  49: 0
  50: 0
  51: 0
  52: 0
  53: 0
  54: 0
  55: 0
  56: 0
  57: 0
  58: 0
  59: 0
  60: 0
  61: 0
  62: 0
  63: 0
===
