# zsim stats
===
root: # Stats
 contention: # Contention simulation stats
  domain-0: # Domain stats
   time: 1530403926 # Weave simulation time
 time: # Simulator time breakdown
  init: 19887470865
  bound: 1539445843119
  weave: 2780497411
  ff: 0
 trigger: 20000 # Reason for this stats dump
 phase: 27879 # Simulated phases
 core: # Core stats
  core-0: # Core stats
   cycles: 2787570484 # Simulated unhalted cycles
   cCycles: 0 # Cycles due to contention stalls
   instrs: 625083997 # Simulated instructions
   uops: 639796934 # Retired micro-ops
   bbls: 100479430 # Basic blocks
   approxInstrs: 7600107 # Instrs with approx uop decoding
   mispredBranches: 5391 # Mispredicted branches
   fetchStalls: 561652 # Fetch stalls
   decodeStalls: 162239304 # Decode stalls
   issueStalls: 15957602 # Issue stalls
  core-1: # Core stats
   cycles: 2787855190 # Simulated unhalted cycles
   cCycles: 0 # Cycles due to contention stalls
   instrs: 624336229 # Simulated instructions
   uops: 638698777 # Retired micro-ops
   bbls: 100458046 # Basic blocks
   approxInstrs: 7600084 # Instrs with approx uop decoding
   mispredBranches: 5230 # Mispredicted branches
   fetchStalls: 758382 # Fetch stalls
   decodeStalls: 161867710 # Decode stalls
   issueStalls: 15888285 # Issue stalls
  core-2: # Core stats
   cycles: 2787735942 # Simulated unhalted cycles
   cCycles: 0 # Cycles due to contention stalls
   instrs: 624354795 # Simulated instructions
   uops: 638717350 # Retired micro-ops
   bbls: 100461814 # Basic blocks
   approxInstrs: 7600118 # Instrs with approx uop decoding
   mispredBranches: 5322 # Mispredicted branches
   fetchStalls: 3419825 # Fetch stalls
   decodeStalls: 161871791 # Decode stalls
   issueStalls: 16449730 # Issue stalls
  core-3: # Core stats
   cycles: 2787572929 # Simulated unhalted cycles
   cCycles: 0 # Cycles due to contention stalls
   instrs: 625037444 # Simulated instructions
   uops: 640091212 # Retired micro-ops
   bbls: 100387967 # Basic blocks
   approxInstrs: 7580118 # Instrs with approx uop decoding
   mispredBranches: 5451 # Mispredicted branches
   fetchStalls: 433478 # Fetch stalls
   decodeStalls: 162416121 # Decode stalls
   issueStalls: 16622482 # Issue stalls
  core-4: # Core stats
   cycles: 2787510826 # Simulated unhalted cycles
   cCycles: 0 # Cycles due to contention stalls
   instrs: 624835735 # Simulated instructions
   uops: 639874823 # Retired micro-ops
   bbls: 100355235 # Basic blocks
   approxInstrs: 7580118 # Instrs with approx uop decoding
   mispredBranches: 5450 # Mispredicted branches
   fetchStalls: 461308 # Fetch stalls
   decodeStalls: 162358018 # Decode stalls
   issueStalls: 16476071 # Issue stalls
  core-5: # Core stats
   cycles: 2787390341 # Simulated unhalted cycles
   cCycles: 0 # Cycles due to contention stalls
   instrs: 625637627 # Simulated instructions
   uops: 641029689 # Retired micro-ops
   bbls: 100386119 # Basic blocks
   approxInstrs: 7580119 # Instrs with approx uop decoding
   mispredBranches: 5575 # Mispredicted branches
   fetchStalls: 510405 # Fetch stalls
   decodeStalls: 162745431 # Decode stalls
   issueStalls: 16498539 # Issue stalls
  core-6: # Core stats
   cycles: 2787862745 # Simulated unhalted cycles
   cCycles: 0 # Cycles due to contention stalls
   instrs: 625815790 # Simulated instructions
   uops: 640879102 # Retired micro-ops
   bbls: 100498178 # Basic blocks
   approxInstrs: 7600089 # Instrs with approx uop decoding
   mispredBranches: 5491 # Mispredicted branches
   fetchStalls: 682289 # Fetch stalls
   decodeStalls: 162607439 # Decode stalls
   issueStalls: 16403080 # Issue stalls
  core-7: # Core stats
   cycles: 2787900456 # Simulated unhalted cycles
   cCycles: 0 # Cycles due to contention stalls
   instrs: 624961162 # Simulated instructions
   uops: 640007120 # Retired micro-ops
   bbls: 100372881 # Basic blocks
   approxInstrs: 7580004 # Instrs with approx uop decoding
   mispredBranches: 5335 # Mispredicted branches
   fetchStalls: 492247 # Fetch stalls
   decodeStalls: 162395359 # Decode stalls
   issueStalls: 16657960 # Issue stalls
 l1i: # Cache stats
  l1i-0: # Filter cache stats
   fhGETS: 108712321 # Filtered GETS hits
   fhGETX: 0 # Filtered GETX hits
   hGETS: 41095 # GETS hits
   hGETX: 0 # GETX hits
   mGETS: 17329 # GETS misses
   mGETXIM: 0 # GETX I->M misses
   mGETXSM: 0 # GETX S->M misses (upgrade misses)
   PUTS: 0 # Clean evictions (from lower level)
   PUTX: 0 # Dirty evictions (from lower level)
   INV: 17325 # Invalidates (from upper level)
   INVX: 0 # Downgrades (from upper level)
   FWD: 0 # Forwards (from upper level)
   latGETnl: 653683 # GET request latency on next level
   latGETnet: 0 # GET request latency on network to next level
  l1i-1: # Filter cache stats
   fhGETS: 108680633 # Filtered GETS hits
   fhGETX: 0 # Filtered GETX hits
   hGETS: 40827 # GETS hits
   hGETX: 0 # GETX hits
   mGETS: 17105 # GETS misses
   mGETXIM: 0 # GETX I->M misses
   mGETXSM: 0 # GETX S->M misses (upgrade misses)
   PUTS: 0 # Clean evictions (from lower level)
   PUTX: 0 # Dirty evictions (from lower level)
   INV: 17101 # Invalidates (from upper level)
   INVX: 0 # Downgrades (from upper level)
   FWD: 0 # Forwards (from upper level)
   latGETnl: 897665 # GET request latency on next level
   latGETnet: 0 # GET request latency on network to next level
  l1i-2: # Filter cache stats
   fhGETS: 108684171 # Filtered GETS hits
   fhGETX: 0 # Filtered GETX hits
   hGETS: 41207 # GETS hits
   hGETX: 0 # GETX hits
   mGETS: 17578 # GETS misses
   mGETXIM: 0 # GETX I->M misses
   mGETXSM: 0 # GETX S->M misses (upgrade misses)
   PUTS: 0 # Clean evictions (from lower level)
   PUTX: 0 # Dirty evictions (from lower level)
   INV: 17574 # Invalidates (from upper level)
   INVX: 0 # Downgrades (from upper level)
   FWD: 0 # Forwards (from upper level)
   latGETnl: 4312016 # GET request latency on next level
   latGETnet: 0 # GET request latency on network to next level
  l1i-3: # Filter cache stats
   fhGETS: 108613126 # Filtered GETS hits
   fhGETX: 0 # Filtered GETX hits
   hGETS: 41190 # GETS hits
   hGETX: 0 # GETX hits
   mGETS: 17168 # GETS misses
   mGETXIM: 0 # GETX I->M misses
   mGETXSM: 0 # GETX S->M misses (upgrade misses)
   PUTS: 0 # Clean evictions (from lower level)
   PUTX: 0 # Dirty evictions (from lower level)
   INV: 17158 # Invalidates (from upper level)
   INVX: 0 # Downgrades (from upper level)
   FWD: 0 # Forwards (from upper level)
   latGETnl: 464562 # GET request latency on next level
   latGETnet: 0 # GET request latency on network to next level
  l1i-4: # Filter cache stats
   fhGETS: 108580371 # Filtered GETS hits
   fhGETX: 0 # Filtered GETX hits
   hGETS: 41189 # GETS hits
   hGETX: 0 # GETX hits
   mGETS: 17186 # GETS misses
   mGETXIM: 0 # GETX I->M misses
   mGETXSM: 0 # GETX S->M misses (upgrade misses)
   PUTS: 0 # Clean evictions (from lower level)
   PUTX: 0 # Dirty evictions (from lower level)
   INV: 17184 # Invalidates (from upper level)
   INVX: 0 # Downgrades (from upper level)
   FWD: 0 # Forwards (from upper level)
   latGETnl: 494627 # GET request latency on next level
   latGETnet: 0 # GET request latency on network to next level
  l1i-5: # Filter cache stats
   fhGETS: 108621709 # Filtered GETS hits
   fhGETX: 0 # Filtered GETX hits
   hGETS: 41207 # GETS hits
   hGETX: 0 # GETX hits
   mGETS: 17217 # GETS misses
   mGETXIM: 0 # GETX I->M misses
   mGETXSM: 0 # GETX S->M misses (upgrade misses)
   PUTS: 0 # Clean evictions (from lower level)
   PUTX: 0 # Dirty evictions (from lower level)
   INV: 17215 # Invalidates (from upper level)
   INVX: 0 # Downgrades (from upper level)
   FWD: 0 # Forwards (from upper level)
   latGETnl: 574043 # GET request latency on next level
   latGETnet: 0 # GET request latency on network to next level
  l1i-6: # Filter cache stats
   fhGETS: 108741450 # Filtered GETS hits
   fhGETX: 0 # Filtered GETX hits
   hGETS: 40904 # GETS hits
   hGETX: 0 # GETX hits
   mGETS: 17296 # GETS misses
   mGETXIM: 0 # GETX I->M misses
   mGETXSM: 0 # GETX S->M misses (upgrade misses)
   PUTS: 0 # Clean evictions (from lower level)
   PUTX: 0 # Dirty evictions (from lower level)
   INV: 17292 # Invalidates (from upper level)
   INVX: 0 # Downgrades (from upper level)
   FWD: 0 # Forwards (from upper level)
   latGETnl: 802763 # GET request latency on next level
   latGETnet: 0 # GET request latency on network to next level
  l1i-7: # Filter cache stats
   fhGETS: 108598588 # Filtered GETS hits
   fhGETX: 0 # Filtered GETX hits
   hGETS: 40059 # GETS hits
   hGETX: 0 # GETX hits
   mGETS: 17173 # GETS misses
   mGETXIM: 0 # GETX I->M misses
   mGETXSM: 0 # GETX S->M misses (upgrade misses)
   PUTS: 0 # Clean evictions (from lower level)
   PUTX: 0 # Dirty evictions (from lower level)
   INV: 17163 # Invalidates (from upper level)
   INVX: 0 # Downgrades (from upper level)
   FWD: 0 # Forwards (from upper level)
   latGETnl: 524324 # GET request latency on next level
   latGETnet: 0 # GET request latency on network to next level
 l1d: # Cache stats
  l1d-0: # Filter cache stats
   fhGETS: 117203040 # Filtered GETS hits
   fhGETX: 28714186 # Filtered GETX hits
   hGETS: 2492014 # GETS hits
   hGETX: 12056294 # GETX hits
   mGETS: 24905189 # GETS misses
   mGETXIM: 4606781 # GETX I->M misses
   mGETXSM: 217 # GETX S->M misses (upgrade misses)
   PUTS: 0 # Clean evictions (from lower level)
   PUTX: 0 # Dirty evictions (from lower level)
   INV: 6061 # Invalidates (from upper level)
   INVX: 671642 # Downgrades (from upper level)
   FWD: 0 # Forwards (from upper level)
   latGETnl: 7409300380 # GET request latency on next level
   latGETnet: 0 # GET request latency on network to next level
  l1d-1: # Filter cache stats
   fhGETS: 116461321 # Filtered GETS hits
   fhGETX: 28530358 # Filtered GETX hits
   hGETS: 2774217 # GETS hits
   hGETX: 12084063 # GETX hits
   mGETS: 24893400 # GETS misses
   mGETXIM: 4592130 # GETX I->M misses
   mGETXSM: 148 # GETX S->M misses (upgrade misses)
   PUTS: 0 # Clean evictions (from lower level)
   PUTX: 0 # Dirty evictions (from lower level)
   INV: 6779 # Invalidates (from upper level)
   INVX: 658111 # Downgrades (from upper level)
   FWD: 0 # Forwards (from upper level)
   latGETnl: 6970702824 # GET request latency on next level
   latGETnet: 0 # GET request latency on network to next level
  l1d-2: # Filter cache stats
   fhGETS: 116438799 # Filtered GETS hits
   fhGETX: 28511988 # Filtered GETX hits
   hGETS: 2792318 # GETS hits
   hGETX: 12094899 # GETX hits
   mGETS: 24901286 # GETS misses
   mGETXIM: 4592152 # GETX I->M misses
   mGETXSM: 8692 # GETX S->M misses (upgrade misses)
   PUTS: 0 # Clean evictions (from lower level)
   PUTX: 0 # Dirty evictions (from lower level)
   INV: 13590 # Invalidates (from upper level)
   INVX: 798768 # Downgrades (from upper level)
   FWD: 0 # Forwards (from upper level)
   latGETnl: 7111661819 # GET request latency on next level
   latGETnet: 0 # GET request latency on network to next level
  l1d-3: # Filter cache stats
   fhGETS: 117253545 # Filtered GETS hits
   fhGETX: 28783616 # Filtered GETX hits
   hGETS: 2821779 # GETS hits
   hGETX: 12083382 # GETX hits
   mGETS: 24884104 # GETS misses
   mGETXIM: 4622153 # GETX I->M misses
   mGETXSM: 7524 # GETX S->M misses (upgrade misses)
   PUTS: 0 # Clean evictions (from lower level)
   PUTX: 0 # Dirty evictions (from lower level)
   INV: 14335 # Invalidates (from upper level)
   INVX: 11733 # Downgrades (from upper level)
   FWD: 0 # Forwards (from upper level)
   latGETnl: 7095702013 # GET request latency on next level
   latGETnet: 0 # GET request latency on network to next level
  l1d-4: # Filter cache stats
   fhGETS: 117241204 # Filtered GETS hits
   fhGETX: 28806659 # Filtered GETX hits
   hGETS: 2774642 # GETS hits
   hGETX: 12053671 # GETX hits
   mGETS: 24866778 # GETS misses
   mGETXIM: 4622158 # GETX I->M misses
   mGETXSM: 168 # GETX S->M misses (upgrade misses)
   PUTS: 0 # Clean evictions (from lower level)
   PUTX: 0 # Dirty evictions (from lower level)
   INV: 6829 # Invalidates (from upper level)
   INVX: 1814 # Downgrades (from upper level)
   FWD: 0 # Forwards (from upper level)
   latGETnl: 6589263387 # GET request latency on next level
   latGETnet: 0 # GET request latency on network to next level
  l1d-5: # Filter cache stats
   fhGETS: 117709468 # Filtered GETS hits
   fhGETX: 28961764 # Filtered GETX hits
   hGETS: 2787826 # GETS hits
   hGETX: 12057460 # GETX hits
   mGETS: 24879565 # GETS misses
   mGETXIM: 4637172 # GETX I->M misses
   mGETXSM: 153 # GETX S->M misses (upgrade misses)
   PUTS: 0 # Clean evictions (from lower level)
   PUTX: 0 # Dirty evictions (from lower level)
   INV: 7073 # Invalidates (from upper level)
   INVX: 1973 # Downgrades (from upper level)
   FWD: 0 # Forwards (from upper level)
   latGETnl: 6669800025 # GET request latency on next level
   latGETnet: 0 # GET request latency on network to next level
  l1d-6: # Filter cache stats
   fhGETS: 110034921 # Filtered GETS hits
   fhGETX: 28848753 # Filtered GETX hits
   hGETS: 10121446 # GETS hits
   hGETX: 12075234 # GETX hits
   mGETS: 24913009 # GETS misses
   mGETXIM: 4622170 # GETX I->M misses
   mGETXSM: 556 # GETX S->M misses (upgrade misses)
   PUTS: 0 # Clean evictions (from lower level)
   PUTX: 0 # Dirty evictions (from lower level)
   INV: 6741 # Invalidates (from upper level)
   INVX: 448609 # Downgrades (from upper level)
   FWD: 0 # Forwards (from upper level)
   latGETnl: 7658259171 # GET request latency on next level
   latGETnet: 0 # GET request latency on network to next level
  l1d-7: # Filter cache stats
   fhGETS: 117382565 # Filtered GETS hits
   fhGETX: 28845284 # Filtered GETX hits
   hGETS: 2681934 # GETS hits
   hGETX: 12024895 # GETX hits
   mGETS: 24874529 # GETS misses
   mGETXIM: 4622127 # GETX I->M misses
   mGETXSM: 67 # GETX S->M misses (upgrade misses)
   PUTS: 0 # Clean evictions (from lower level)
   PUTX: 0 # Dirty evictions (from lower level)
   INV: 6745 # Invalidates (from upper level)
   INVX: 8567 # Downgrades (from upper level)
   FWD: 0 # Forwards (from upper level)
   latGETnl: 7323391772 # GET request latency on next level
   latGETnet: 0 # GET request latency on network to next level
 l2: # Cache stats
  l2-0: # Cache stats
   hGETS: 18 # GETS hits
   hGETX: 0 # GETX hits
   mGETS: 24922500 # GETS misses
   mGETXIM: 4606781 # GETX I->M misses
   mGETXSM: 217 # GETX S->M misses (upgrade misses)
   PUTS: 13499721 # Clean evictions (from lower level)
   PUTX: 16005676 # Dirty evictions (from lower level)
   INV: 373432 # Invalidates (from upper level)
   INVX: 828740 # Downgrades (from upper level)
   FWD: 0 # Forwards (from upper level)
   latGETnl: 7173717935 # GET request latency on next level
   latGETnet: 0 # GET request latency on network to next level
  l2-1: # Cache stats
   hGETS: 3 # GETS hits
   hGETX: 0 # GETX hits
   mGETS: 24910502 # GETS misses
   mGETXIM: 4592130 # GETX I->M misses
   mGETXSM: 148 # GETX S->M misses (upgrade misses)
   PUTS: 13487392 # Clean evictions (from lower level)
   PUTX: 15990847 # Dirty evictions (from lower level)
   INV: 507534 # Invalidates (from upper level)
   INVX: 791337 # Downgrades (from upper level)
   FWD: 0 # Forwards (from upper level)
   latGETnl: 6735578225 # GET request latency on next level
   latGETnet: 0 # GET request latency on network to next level
  l2-2: # Cache stats
   hGETS: 0 # GETS hits
   hGETX: 0 # GETX hits
   mGETS: 24918864 # GETS misses
   mGETXIM: 4592152 # GETX I->M misses
   mGETXSM: 8692 # GETX S->M misses (upgrade misses)
   PUTS: 13488421 # Clean evictions (from lower level)
   PUTX: 15990915 # Dirty evictions (from lower level)
   INV: 98877 # Invalidates (from upper level)
   INVX: 1679233 # Downgrades (from upper level)
   FWD: 0 # Forwards (from upper level)
   latGETnl: 6879816171 # GET request latency on next level
   latGETnet: 0 # GET request latency on network to next level
  l2-3: # Cache stats
   hGETS: 0 # GETS hits
   hGETX: 0 # GETX hits
   mGETS: 24901272 # GETS misses
   mGETXIM: 4622153 # GETX I->M misses
   mGETXSM: 7524 # GETX S->M misses (upgrade misses)
   PUTS: 13495522 # Clean evictions (from lower level)
   PUTX: 15995888 # Dirty evictions (from lower level)
   INV: 296474 # Invalidates (from upper level)
   INVX: 271248 # Downgrades (from upper level)
   FWD: 0 # Forwards (from upper level)
   latGETnl: 6859918983 # GET request latency on next level
   latGETnet: 0 # GET request latency on network to next level
  l2-4: # Cache stats
   hGETS: 0 # GETS hits
   hGETX: 0 # GETX hits
   mGETS: 24883964 # GETS misses
   mGETXIM: 4622158 # GETX I->M misses
   mGETXSM: 168 # GETX S->M misses (upgrade misses)
   PUTS: 13488554 # Clean evictions (from lower level)
   PUTX: 15993041 # Dirty evictions (from lower level)
   INV: 30477 # Invalidates (from upper level)
   INVX: 36868 # Downgrades (from upper level)
   FWD: 0 # Forwards (from upper level)
   latGETnl: 6353707694 # GET request latency on next level
   latGETnet: 0 # GET request latency on network to next level
  l2-5: # Cache stats
   hGETS: 0 # GETS hits
   hGETX: 0 # GETX hits
   mGETS: 24896782 # GETS misses
   mGETXIM: 4637172 # GETX I->M misses
   mGETXSM: 153 # GETX S->M misses (upgrade misses)
   PUTS: 13501084 # Clean evictions (from lower level)
   PUTX: 16008068 # Dirty evictions (from lower level)
   INV: 248618 # Invalidates (from upper level)
   INVX: 99965 # Downgrades (from upper level)
   FWD: 0 # Forwards (from upper level)
   latGETnl: 6434101212 # GET request latency on next level
   latGETnet: 0 # GET request latency on network to next level
  l2-6: # Cache stats
   hGETS: 0 # GETS hits
   hGETX: 1 # GETX hits
   mGETS: 24930305 # GETS misses
   mGETXIM: 4622169 # GETX I->M misses
   mGETXSM: 556 # GETX S->M misses (upgrade misses)
   PUTS: 13507137 # Clean evictions (from lower level)
   PUTX: 16020789 # Dirty evictions (from lower level)
   INV: 126329 # Invalidates (from upper level)
   INVX: 508867 # Downgrades (from upper level)
   FWD: 0 # Forwards (from upper level)
   latGETnl: 7422637686 # GET request latency on next level
   latGETnet: 0 # GET request latency on network to next level
  l2-7: # Cache stats
   hGETS: 20 # GETS hits
   hGETX: 3 # GETX hits
   mGETS: 24891682 # GETS misses
   mGETXIM: 4622124 # GETX I->M misses
   mGETXSM: 67 # GETX S->M misses (upgrade misses)
   PUTS: 13495878 # Clean evictions (from lower level)
   PUTX: 15993521 # Dirty evictions (from lower level)
   INV: 367016 # Invalidates (from upper level)
   INVX: 71269 # Downgrades (from upper level)
   FWD: 0 # Forwards (from upper level)
   latGETnl: 7087804928 # GET request latency on next level
   latGETnet: 0 # GET request latency on network to next level
 l3: # Cache stats
  l3-0: # Cache stats
   hGETS: 134203217 # GETS hits
   hGETX: 35831114 # GETX hits
   mGETS: 65052654 # GETS misses
   mGETXIM: 1103250 # GETX I->M misses
   mGETXSM: 0 # GETX S->M misses (upgrade misses)
   PUTS: 106323359 # Clean evictions (from lower level)
   PUTX: 127735156 # Dirty evictions (from lower level)
   INV: 0 # Invalidates (from upper level)
   INVX: 0 # Downgrades (from upper level)
   FWD: 0 # Forwards (from upper level)
   latGETnl: 50887126723 # GET request latency on next level
   latGETnet: 0 # GET request latency on network to next level
 mem: # Memory controller stats
  mem-0: # Memory controller stats
   rd: 66155904 # Read requests
   wr: 21764327 # Write requests
   rdlat: 50887126723 # Total latency experienced by read requests
   wrlat: 17666852571 # Total latency experienced by write requests
   load: 2515054 # Sum of load factors (0-100) per update
   ups: 27877 # Number of latency updates
   clampedLoads: 15329 # Number of updates where the load was clamped to 95%
 sched: # Scheduler stats
  thCr: 8 # Threads created
  thFn: 0 # Threads finished
  schedEvs: 8 # Schedule events
  waitEvs: 0 # Wait events
  handoffEvs: 0 # Handoff events
  sleepEvs: 0 # Sleep events
  idlePhases: 0 # Phases with no thread active
  idlePeriods: 0 # Periods with no thread active
  occHist: # Occupancy histogram
   0: 0
   1: 0
   2: 0
   3: 0
   4: 0
   5: 0
   6: 0
   7: 0
   8: 27879
  rqSzHist: # Run queue size histogram
   0: 27879
   1: 0
   2: 0
   3: 0
   4: 0
   5: 0
   6: 0
   7: 0
   8: 0
   9: 0
   10: 0
   11: 0
   12: 0
   13: 0
   14: 0
   15: 0
   16: 0
 heartbeats: # Per-process heartbeats
  0: 0
  1: 0
  2: 0
  3: 0
  4: 0
  5: 0
  6: 0
  7: 0
  8: 0
  9: 0
  10: 0
  11: 0
  12: 0
  13: 0
  14: 0
  15: 0
  16: 0
  17: 0
  18: 0
  19: 0
  20: 0
  21: 0
  22: 0
  23: 0
  24: 0
  25: 0
  26: 0
  27: 0
  28: 0
  29: 0
  30: 0
  31: 0
  32: 0
  33: 0
  34: 0
  35: 0
  36: 0
  37: 0
  38: 0
  39: 0
  40: 0
  41: 0
  42: 0
  43: 0
  44: 0
  45: 0
  46: 0
  47: 0
  48: 0
  49: 0
  50: 0
  51: 0
  52: 0
  53: 0
  54: 0
  55: 0
  56: 0
  57: 0
  58: 0
  59: 0
  60: 0
  61: 0
  62: 0
  63: 0
===
