# zsim stats
===
root: # Stats
 contention: # Contention simulation stats
  domain-0: # Domain stats
   time: 1413935607 # Weave simulation time
 time: # Simulator time breakdown
  init: 16243875645
  bound: 462382583166
  weave: 3010564633
  ff: 0
 trigger: 20000 # Reason for this stats dump
 phase: 34680 # Simulated phases
 core: # Core stats
  core-0: # Core stats
   cycles: 3468000034 # Simulated unhalted cycles
   cCycles: 0 # Cycles due to contention stalls
   instrs: 5000112680 # Simulated instructions
   uops: 6182377236 # Retired micro-ops
   bbls: 538087632 # Basic blocks
   approxInstrs: 1 # Instrs with approx uop decoding
   mispredBranches: 1634648 # Mispredicted branches
   fetchStalls: 27940318 # Fetch stalls
   decodeStalls: 1901286732 # Decode stalls
   issueStalls: 144947682 # Issue stalls
 l1i: # Cache stats
  l1i-0: # Filter cache stats
   fhGETS: 614544398 # Filtered GETS hits
   fhGETX: 0 # Filtered GETX hits
   hGETS: 130969123 # GETS hits
   hGETX: 0 # GETX hits
   mGETS: 1150 # GETS misses
   mGETXIM: 0 # GETX I->M misses
   mGETXSM: 0 # GETX S->M misses (upgrade misses)
   PUTS: 0 # Clean evictions (from lower level)
   PUTX: 0 # Dirty evictions (from lower level)
   INV: 1101 # Invalidates (from upper level)
   INVX: 0 # Downgrades (from upper level)
   FWD: 0 # Forwards (from upper level)
   latGETnl: 172500 # GET request latency on next level
   latGETnet: 0 # GET request latency on network to next level
 l1d: # Cache stats
  l1d-0: # Filter cache stats
   fhGETS: 1034936698 # Filtered GETS hits
   fhGETX: 445335071 # Filtered GETX hits
   hGETS: 97532561 # GETS hits
   hGETX: 2574541 # GETX hits
   mGETS: 3068951 # GETS misses
   mGETXIM: 148 # GETX I->M misses
   mGETXSM: 0 # GETX S->M misses (upgrade misses)
   PUTS: 0 # Clean evictions (from lower level)
   PUTX: 0 # Dirty evictions (from lower level)
   INV: 4644 # Invalidates (from upper level)
   INVX: 0 # Downgrades (from upper level)
   FWD: 0 # Forwards (from upper level)
   latGETnl: 422562201 # GET request latency on next level
   latGETnet: 0 # GET request latency on network to next level
 l2: # Cache stats
  l2-0: # Cache stats
   hGETS: 277965 # GETS hits
   hGETX: 0 # GETX hits
   mGETS: 2792136 # GETS misses
   mGETXIM: 148 # GETX I->M misses
   mGETXSM: 0 # GETX S->M misses (upgrade misses)
   PUTS: 3063931 # Clean evictions (from lower level)
   PUTX: 12 # Dirty evictions (from lower level)
   INV: 2661212 # Invalidates (from upper level)
   INVX: 0 # Downgrades (from upper level)
   FWD: 0 # Forwards (from upper level)
   latGETnl: 379751215 # GET request latency on next level
   latGETnet: 0 # GET request latency on network to next level
 l3: # Cache stats
  l3-0: # Cache stats
   hGETS: 0 # GETS hits
   hGETX: 0 # GETX hits
   mGETS: 2792136 # GETS misses
   mGETXIM: 148 # GETX I->M misses
   mGETXSM: 0 # GETX S->M misses (upgrade misses)
   PUTS: 0 # Clean evictions (from lower level)
   PUTX: 0 # Dirty evictions (from lower level)
   INV: 0 # Invalidates (from upper level)
   INVX: 0 # Downgrades (from upper level)
   FWD: 0 # Forwards (from upper level)
   latGETnl: 332282387 # GET request latency on next level
   latGETnet: 0 # GET request latency on network to next level
 mem: # Memory controller stats
  mem-0: # Memory controller stats
   rd: 2792284 # Read requests
   wr: 147 # Write requests
   rdlat: 332282387 # Total latency experienced by read requests
   wrlat: 17493 # Total latency experienced by write requests
   load: 34683 # Sum of load factors (0-100) per update
   ups: 34679 # Number of latency updates
   clampedLoads: 0 # Number of updates where the load was clamped to 95%
 sched: # Scheduler stats
  thCr: 1 # Threads created
  thFn: 0 # Threads finished
  schedEvs: 1 # Schedule events
  waitEvs: 0 # Wait events
  handoffEvs: 0 # Handoff events
  sleepEvs: 0 # Sleep events
  idlePhases: 0 # Phases with no thread active
  idlePeriods: 0 # Periods with no thread active
  occHist: # Occupancy histogram
   0: 0
   1: 34680
  rqSzHist: # Run queue size histogram
   0: 34680
   1: 0
   2: 0
   3: 0
   4: 0
   5: 0
   6: 0
   7: 0
   8: 0
   9: 0
   10: 0
   11: 0
   12: 0
   13: 0
   14: 0
   15: 0
   16: 0
 heartbeats: # Per-process heartbeats
  0: 0
  1: 0
  2: 0
  3: 0
  4: 0
  5: 0
  6: 0
  7: 0
  8: 0
  9: 0
  10: 0
  11: 0
  12: 0
  13: 0
  14: 0
  15: 0
  16: 0
  17: 0
  18: 0
  19: 0
  20: 0
  21: 0
  22: 0
  23: 0
  24: 0
  25: 0
  26: 0
  27: 0
  28: 0
  29: 0
  30: 0
  31: 0
  32: 0
  33: 0
  34: 0
  35: 0
  36: 0
  37: 0
  38: 0
  39: 0
  40: 0
  41: 0
  42: 0
  43: 0
  44: 0
  45: 0
  46: 0
  47: 0
  48: 0
  49: 0
  50: 0
  51: 0
  52: 0
  53: 0
  54: 0
  55: 0
  56: 0
  57: 0
  58: 0
  59: 0
  60: 0
  61: 0
  62: 0
  63: 0
===
