# zsim stats
===
root: # Stats
 contention: # Contention simulation stats
  domain-0: # Domain stats
   time: 426010182 # Weave simulation time
 time: # Simulator time breakdown
  init: 19747162733
  bound: 608034334270
  weave: 738209541
  ff: 0
 trigger: 20000 # Reason for this stats dump
 phase: 7788 # Simulated phases
 core: # Core stats
  core-0: # Core stats
   cycles: 777885753 # Simulated unhalted cycles
   cCycles: 0 # Cycles due to contention stalls
   instrs: 1251908454 # Simulated instructions
   uops: 1281069703 # Retired micro-ops
   bbls: 201166776 # Basic blocks
   approxInstrs: 15240119 # Instrs with approx uop decoding
   mispredBranches: 10300 # Mispredicted branches
   fetchStalls: 194269 # Fetch stalls
   decodeStalls: 324899798 # Decode stalls
   issueStalls: 50100063 # Issue stalls
  core-1: # Core stats
   cycles: 778176849 # Simulated unhalted cycles
   cCycles: 0 # Cycles due to contention stalls
   instrs: 1248013742 # Simulated instructions
   uops: 1277777664 # Retired micro-ops
   bbls: 200334590 # Basic blocks
   approxInstrs: 15180118 # Instrs with approx uop decoding
   mispredBranches: 10481 # Mispredicted branches
   fetchStalls: 185214 # Fetch stalls
   decodeStalls: 324279348 # Decode stalls
   issueStalls: 48453942 # Issue stalls
  core-2: # Core stats
   cycles: 778800004 # Simulated unhalted cycles
   cCycles: 0 # Cycles due to contention stalls
   instrs: 1252552648 # Simulated instructions
   uops: 1281744824 # Retired micro-ops
   bbls: 201275542 # Basic blocks
   approxInstrs: 15240008 # Instrs with approx uop decoding
   mispredBranches: 10209 # Mispredicted branches
   fetchStalls: 188046 # Fetch stalls
   decodeStalls: 325081558 # Decode stalls
   issueStalls: 49252101 # Issue stalls
  core-3: # Core stats
   cycles: 777568626 # Simulated unhalted cycles
   cCycles: 0 # Cycles due to contention stalls
   instrs: 1247924383 # Simulated instructions
   uops: 1277692061 # Retired micro-ops
   bbls: 200317391 # Basic blocks
   approxInstrs: 15180086 # Instrs with approx uop decoding
   mispredBranches: 10526 # Mispredicted branches
   fetchStalls: 188097 # Fetch stalls
   decodeStalls: 324260707 # Decode stalls
   issueStalls: 47826503 # Issue stalls
 l1i: # Cache stats
  l1i-0: # Filter cache stats
   fhGETS: 217780929 # Filtered GETS hits
   fhGETX: 0 # Filtered GETX hits
   hGETS: 0 # GETS hits
   hGETX: 0 # GETX hits
   mGETS: 368 # GETS misses
   mGETXIM: 0 # GETX I->M misses
   mGETXSM: 0 # GETX S->M misses (upgrade misses)
   PUTS: 0 # Clean evictions (from lower level)
   PUTX: 0 # Dirty evictions (from lower level)
   INV: 0 # Invalidates (from upper level)
   INVX: 0 # Downgrades (from upper level)
   FWD: 0 # Forwards (from upper level)
   latGETnl: 38805 # GET request latency on next level
   latGETnet: 0 # GET request latency on network to next level
  l1i-1: # Filter cache stats
   fhGETS: 216901898 # Filtered GETS hits
   fhGETX: 0 # Filtered GETX hits
   hGETS: 0 # GETS hits
   hGETX: 0 # GETX hits
   mGETS: 294 # GETS misses
   mGETXIM: 0 # GETX I->M misses
   mGETXSM: 0 # GETX S->M misses (upgrade misses)
   PUTS: 0 # Clean evictions (from lower level)
   PUTX: 0 # Dirty evictions (from lower level)
   INV: 0 # Invalidates (from upper level)
   INVX: 0 # Downgrades (from upper level)
   FWD: 0 # Forwards (from upper level)
   latGETnl: 18204 # GET request latency on next level
   latGETnet: 0 # GET request latency on network to next level
  l1i-2: # Filter cache stats
   fhGETS: 217889211 # Filtered GETS hits
   fhGETX: 0 # Filtered GETX hits
   hGETS: 0 # GETS hits
   hGETX: 0 # GETX hits
   mGETS: 376 # GETS misses
   mGETXIM: 0 # GETX I->M misses
   mGETXSM: 0 # GETX S->M misses (upgrade misses)
   PUTS: 0 # Clean evictions (from lower level)
   PUTX: 0 # Dirty evictions (from lower level)
   INV: 0 # Invalidates (from upper level)
   INVX: 0 # Downgrades (from upper level)
   FWD: 0 # Forwards (from upper level)
   latGETnl: 37691 # GET request latency on next level
   latGETnet: 0 # GET request latency on network to next level
  l1i-3: # Filter cache stats
   fhGETS: 216883345 # Filtered GETS hits
   fhGETX: 0 # Filtered GETX hits
   hGETS: 0 # GETS hits
   hGETX: 0 # GETX hits
   mGETS: 414 # GETS misses
   mGETXIM: 0 # GETX I->M misses
   mGETXSM: 0 # GETX S->M misses (upgrade misses)
   PUTS: 0 # Clean evictions (from lower level)
   PUTX: 0 # Dirty evictions (from lower level)
   INV: 0 # Invalidates (from upper level)
   INVX: 0 # Downgrades (from upper level)
   FWD: 0 # Forwards (from upper level)
   latGETnl: 18089 # GET request latency on next level
   latGETnet: 0 # GET request latency on network to next level
 l1d: # Cache stats
  l1d-0: # Filter cache stats
   fhGETS: 237313610 # Filtered GETS hits
   fhGETX: 57915694 # Filtered GETX hits
   hGETS: 1444 # GETS hits
   hGETX: 23194908 # GETX hits
   mGETS: 52521319 # GETS misses
   mGETXIM: 9543213 # GETX I->M misses
   mGETXSM: 2281 # GETX S->M misses (upgrade misses)
   PUTS: 0 # Clean evictions (from lower level)
   PUTX: 0 # Dirty evictions (from lower level)
   INV: 109 # Invalidates (from upper level)
   INVX: 3426 # Downgrades (from upper level)
   FWD: 0 # Forwards (from upper level)
   latGETnl: 1002641968 # GET request latency on next level
   latGETnet: 0 # GET request latency on network to next level
  l1d-1: # Filter cache stats
   fhGETS: 237155328 # Filtered GETS hits
   fhGETX: 58046875 # Filtered GETX hits
   hGETS: 84 # GETS hits
   hGETX: 23038396 # GETX hits
   mGETS: 52351329 # GETS misses
   mGETXIM: 9556157 # GETX I->M misses
   mGETXSM: 325 # GETX S->M misses (upgrade misses)
   PUTS: 0 # Clean evictions (from lower level)
   PUTX: 0 # Dirty evictions (from lower level)
   INV: 1130 # Invalidates (from upper level)
   INVX: 2810 # Downgrades (from upper level)
   FWD: 0 # Forwards (from upper level)
   latGETnl: 1000404373 # GET request latency on next level
   latGETnet: 0 # GET request latency on network to next level
  l1d-2: # Filter cache stats
   fhGETS: 237459588 # Filtered GETS hits
   fhGETX: 57967880 # Filtered GETX hits
   hGETS: 51 # GETS hits
   hGETX: 23169863 # GETX hits
   mGETS: 52629017 # GETS misses
   mGETXIM: 9566943 # GETX I->M misses
   mGETXSM: 219 # GETX S->M misses (upgrade misses)
   PUTS: 0 # Clean evictions (from lower level)
   PUTX: 0 # Dirty evictions (from lower level)
   INV: 1036 # Invalidates (from upper level)
   INVX: 3807 # Downgrades (from upper level)
   FWD: 0 # Forwards (from upper level)
   latGETnl: 1005553505 # GET request latency on next level
   latGETnet: 0 # GET request latency on network to next level
  l1d-3: # Filter cache stats
   fhGETS: 237217431 # Filtered GETS hits
   fhGETX: 58023702 # Filtered GETX hits
   hGETS: 49 # GETS hits
   hGETX: 23057013 # GETX hits
   mGETS: 52276086 # GETS misses
   mGETXIM: 9556480 # GETX I->M misses
   mGETXSM: 291 # GETX S->M misses (upgrade misses)
   PUTS: 0 # Clean evictions (from lower level)
   PUTX: 0 # Dirty evictions (from lower level)
   INV: 1072 # Invalidates (from upper level)
   INVX: 1194 # Downgrades (from upper level)
   FWD: 0 # Forwards (from upper level)
   latGETnl: 998465442 # GET request latency on next level
   latGETnet: 0 # GET request latency on network to next level
 l2: # Cache stats
  l2-0: # Cache stats
   hGETS: 52493010 # GETS hits
   hGETX: 9529141 # GETX hits
   mGETS: 28677 # GETS misses
   mGETXIM: 13936 # GETX I->M misses
   mGETXSM: 2417 # GETX S->M misses (upgrade misses)
   PUTS: 29325351 # Clean evictions (from lower level)
   PUTX: 32739043 # Dirty evictions (from lower level)
   INV: 670 # Invalidates (from upper level)
   INVX: 6196 # Downgrades (from upper level)
   FWD: 0 # Forwards (from upper level)
   latGETnl: 9605877 # GET request latency on next level
   latGETnet: 0 # GET request latency on network to next level
  l2-1: # Cache stats
   hGETS: 52321409 # GETS hits
   hGETX: 9542161 # GETX hits
   mGETS: 30214 # GETS misses
   mGETXIM: 13914 # GETX I->M misses
   mGETXSM: 407 # GETX S->M misses (upgrade misses)
   PUTS: 29311588 # Clean evictions (from lower level)
   PUTX: 32594671 # Dirty evictions (from lower level)
   INV: 2245 # Invalidates (from upper level)
   INVX: 5445 # Downgrades (from upper level)
   FWD: 0 # Forwards (from upper level)
   latGETnl: 9892897 # GET request latency on next level
   latGETnet: 0 # GET request latency on network to next level
  l2-2: # Cache stats
   hGETS: 52599077 # GETS hits
   hGETX: 9552994 # GETX hits
   mGETS: 30316 # GETS misses
   mGETXIM: 13901 # GETX I->M misses
   mGETXSM: 267 # GETX S->M misses (upgrade misses)
   PUTS: 29458039 # Clean evictions (from lower level)
   PUTX: 32736851 # Dirty evictions (from lower level)
   INV: 2188 # Invalidates (from upper level)
   INVX: 7329 # Downgrades (from upper level)
   FWD: 0 # Forwards (from upper level)
   latGETnl: 10446316 # GET request latency on next level
   latGETnet: 0 # GET request latency on network to next level
  l2-3: # Cache stats
   hGETS: 52246206 # GETS hits
   hGETX: 9542441 # GETX hits
   mGETS: 30294 # GETS misses
   mGETXIM: 13942 # GETX I->M misses
   mGETXSM: 388 # GETX S->M misses (upgrade misses)
   PUTS: 29217868 # Clean evictions (from lower level)
   PUTX: 32613626 # Dirty evictions (from lower level)
   INV: 2168 # Invalidates (from upper level)
   INVX: 2523 # Downgrades (from upper level)
   FWD: 0 # Forwards (from upper level)
   latGETnl: 9151195 # GET request latency on next level
   latGETnet: 0 # GET request latency on network to next level
 l3: # Cache stats
  l3-0: # Cache stats
   hGETS: 61187 # GETS hits
   hGETX: 3876 # GETX hits
   mGETS: 58314 # GETS misses
   mGETXIM: 55296 # GETX I->M misses
   mGETXSM: 0 # GETX S->M misses (upgrade misses)
   PUTS: 0 # Clean evictions (from lower level)
   PUTX: 0 # Dirty evictions (from lower level)
   INV: 0 # Invalidates (from upper level)
   INVX: 0 # Downgrades (from upper level)
   FWD: 0 # Forwards (from upper level)
   latGETnl: 34527670 # GET request latency on next level
   latGETnet: 0 # GET request latency on network to next level
 mem: # Memory controller stats
  mem-0: # Memory controller stats
   rd: 113610 # Read requests
   wr: 0 # Write requests
   rdlat: 34527670 # Total latency experienced by read requests
   wrlat: 0 # Total latency experienced by write requests
   load: 3582 # Sum of load factors (0-100) per update
   ups: 283 # Number of latency updates
   clampedLoads: 0 # Number of updates where the load was clamped to 95%
 sched: # Scheduler stats
  thCr: 4 # Threads created
  thFn: 0 # Threads finished
  schedEvs: 4 # Schedule events
  waitEvs: 0 # Wait events
  handoffEvs: 0 # Handoff events
  sleepEvs: 0 # Sleep events
  idlePhases: 0 # Phases with no thread active
  idlePeriods: 0 # Periods with no thread active
  occHist: # Occupancy histogram
   0: 0
   1: 0
   2: 0
   3: 0
   4: 7788
  rqSzHist: # Run queue size histogram
   0: 7788
   1: 0
   2: 0
   3: 0
   4: 0
   5: 0
   6: 0
   7: 0
   8: 0
   9: 0
   10: 0
   11: 0
   12: 0
   13: 0
   14: 0
   15: 0
   16: 0
 heartbeats: # Per-process heartbeats
  0: 0
  1: 0
  2: 0
  3: 0
  4: 0
  5: 0
  6: 0
  7: 0
  8: 0
  9: 0
  10: 0
  11: 0
  12: 0
  13: 0
  14: 0
  15: 0
  16: 0
  17: 0
  18: 0
  19: 0
  20: 0
  21: 0
  22: 0
  23: 0
  24: 0
  25: 0
  26: 0
  27: 0
  28: 0
  29: 0
  30: 0
  31: 0
  32: 0
  33: 0
  34: 0
  35: 0
  36: 0
  37: 0
  38: 0
  39: 0
  40: 0
  41: 0
  42: 0
  43: 0
  44: 0
  45: 0
  46: 0
  47: 0
  48: 0
  49: 0
  50: 0
  51: 0
  52: 0
  53: 0
  54: 0
  55: 0
  56: 0
  57: 0
  58: 0
  59: 0
  60: 0
  61: 0
  62: 0
  63: 0
===
