# zsim stats
===
root: # Stats
 contention: # Contention simulation stats
  domain-0: # Domain stats
   time: 440966784 # Weave simulation time
 time: # Simulator time breakdown
  init: 19739425103
  bound: 668372101211
  weave: 1371670580
  ff: 0
 trigger: 20000 # Reason for this stats dump
 phase: 8243 # Simulated phases
 core: # Core stats
  core-0: # Core stats
   cycles: 823282803 # Simulated unhalted cycles
   cCycles: 0 # Cycles due to contention stalls
   instrs: 1184234167 # Simulated instructions
   uops: 1212469069 # Retired micro-ops
   bbls: 190103543 # Basic blocks
   approxInstrs: 14400122 # Instrs with approx uop decoding
   mispredBranches: 9907 # Mispredicted branches
   fetchStalls: 899127 # Fetch stalls
   decodeStalls: 307663331 # Decode stalls
   issueStalls: 31184892 # Issue stalls
  core-1: # Core stats
   cycles: 823297987 # Simulated unhalted cycles
   cCycles: 0 # Cycles due to contention stalls
   instrs: 1293906754 # Simulated instructions
   uops: 1324458837 # Retired micro-ops
   bbls: 207790251 # Basic blocks
   approxInstrs: 15740119 # Instrs with approx uop decoding
   mispredBranches: 10742 # Mispredicted branches
   fetchStalls: 903162 # Fetch stalls
   decodeStalls: 336033618 # Decode stalls
   issueStalls: 47303546 # Issue stalls
  core-2: # Core stats
   cycles: 824300002 # Simulated unhalted cycles
   cCycles: 0 # Cycles due to contention stalls
   instrs: 1222296982 # Simulated instructions
   uops: 1250831282 # Retired micro-ops
   bbls: 196387716 # Basic blocks
   approxInstrs: 14880004 # Instrs with approx uop decoding
   mispredBranches: 10060 # Mispredicted branches
   fetchStalls: 889749 # Fetch stalls
   decodeStalls: 317247568 # Decode stalls
   issueStalls: 41472846 # Issue stalls
  core-3: # Core stats
   cycles: 823484191 # Simulated unhalted cycles
   cCycles: 0 # Cycles due to contention stalls
   instrs: 1299607173 # Simulated instructions
   uops: 1329971837 # Retired micro-ops
   bbls: 208794735 # Basic blocks
   approxInstrs: 15820087 # Instrs with approx uop decoding
   mispredBranches: 10712 # Mispredicted branches
   fetchStalls: 906598 # Fetch stalls
   decodeStalls: 337327341 # Decode stalls
   issueStalls: 48658260 # Issue stalls
 l1i: # Cache stats
  l1i-0: # Filter cache stats
   fhGETS: 205767822 # Filtered GETS hits
   fhGETX: 0 # Filtered GETX hits
   hGETS: 0 # GETS hits
   hGETX: 0 # GETX hits
   mGETS: 46808 # GETS misses
   mGETXIM: 0 # GETX I->M misses
   mGETXSM: 0 # GETX S->M misses (upgrade misses)
   PUTS: 0 # Clean evictions (from lower level)
   PUTX: 0 # Dirty evictions (from lower level)
   INV: 0 # Invalidates (from upper level)
   INVX: 0 # Downgrades (from upper level)
   FWD: 0 # Forwards (from upper level)
   latGETnl: 783768 # GET request latency on next level
   latGETnet: 0 # GET request latency on network to next level
  l1i-1: # Filter cache stats
   fhGETS: 224919387 # Filtered GETS hits
   fhGETX: 0 # Filtered GETX hits
   hGETS: 0 # GETS hits
   hGETX: 0 # GETX hits
   mGETS: 47253 # GETS misses
   mGETXIM: 0 # GETX I->M misses
   mGETXSM: 0 # GETX S->M misses (upgrade misses)
   PUTS: 0 # Clean evictions (from lower level)
   PUTX: 0 # Dirty evictions (from lower level)
   INV: 0 # Invalidates (from upper level)
   INVX: 0 # Downgrades (from upper level)
   FWD: 0 # Forwards (from upper level)
   latGETnl: 764310 # GET request latency on next level
   latGETnet: 0 # GET request latency on network to next level
  l1i-2: # Filter cache stats
   fhGETS: 212563256 # Filtered GETS hits
   fhGETX: 0 # Filtered GETX hits
   hGETS: 0 # GETS hits
   hGETX: 0 # GETX hits
   mGETS: 45837 # GETS misses
   mGETXIM: 0 # GETX I->M misses
   mGETXSM: 0 # GETX S->M misses (upgrade misses)
   PUTS: 0 # Clean evictions (from lower level)
   PUTX: 0 # Dirty evictions (from lower level)
   INV: 0 # Invalidates (from upper level)
   INVX: 0 # Downgrades (from upper level)
   FWD: 0 # Forwards (from upper level)
   latGETnl: 775301 # GET request latency on next level
   latGETnet: 0 # GET request latency on network to next level
  l1i-3: # Filter cache stats
   fhGETS: 225992985 # Filtered GETS hits
   fhGETX: 0 # Filtered GETX hits
   hGETS: 0 # GETS hits
   hGETX: 0 # GETX hits
   mGETS: 46996 # GETS misses
   mGETXIM: 0 # GETX I->M misses
   mGETXSM: 0 # GETX S->M misses (upgrade misses)
   PUTS: 0 # Clean evictions (from lower level)
   PUTX: 0 # Dirty evictions (from lower level)
   INV: 0 # Invalidates (from upper level)
   INVX: 0 # Downgrades (from upper level)
   FWD: 0 # Forwards (from upper level)
   latGETnl: 775284 # GET request latency on next level
   latGETnet: 0 # GET request latency on network to next level
 l1d: # Cache stats
  l1d-0: # Filter cache stats
   fhGETS: 155335536 # Filtered GETS hits
   fhGETX: 32622330 # Filtered GETX hits
   hGETS: 61 # GETS hits
   hGETX: 43412458 # GETX hits
   mGETS: 119460871 # GETS misses
   mGETXIM: 9923556 # GETX I->M misses
   mGETXSM: 211 # GETX S->M misses (upgrade misses)
   PUTS: 0 # Clean evictions (from lower level)
   PUTX: 0 # Dirty evictions (from lower level)
   INV: 116 # Invalidates (from upper level)
   INVX: 898 # Downgrades (from upper level)
   FWD: 0 # Forwards (from upper level)
   latGETnl: 2081531108 # GET request latency on next level
   latGETnet: 0 # GET request latency on network to next level
  l1d-1: # Filter cache stats
   fhGETS: 238165406 # Filtered GETS hits
   fhGETX: 58092450 # Filtered GETX hits
   hGETS: 71 # GETS hits
   hGETX: 24826159 # GETX hits
   mGETS: 61735193 # GETS misses
   mGETXIM: 10939332 # GETX I->M misses
   mGETXSM: 319 # GETX S->M misses (upgrade misses)
   PUTS: 0 # Clean evictions (from lower level)
   PUTX: 0 # Dirty evictions (from lower level)
   INV: 109 # Invalidates (from upper level)
   INVX: 813 # Downgrades (from upper level)
   FWD: 0 # Forwards (from upper level)
   latGETnl: 1174372066 # GET request latency on next level
   latGETnet: 0 # GET request latency on network to next level
  l1d-2: # Filter cache stats
   fhGETS: 217626496 # Filtered GETS hits
   fhGETX: 47853065 # Filtered GETX hits
   hGETS: 68 # GETS hits
   hGETX: 23453979 # GETX hits
   mGETS: 65405929 # GETS misses
   mGETXIM: 17229570 # GETX I->M misses
   mGETXSM: 196 # GETX S->M misses (upgrade misses)
   PUTS: 0 # Clean evictions (from lower level)
   PUTX: 0 # Dirty evictions (from lower level)
   INV: 60 # Invalidates (from upper level)
   INVX: 1433 # Downgrades (from upper level)
   FWD: 0 # Forwards (from upper level)
   latGETnl: 1334967228 # GET request latency on next level
   latGETnet: 0 # GET request latency on network to next level
  l1d-3: # Filter cache stats
   fhGETS: 237772265 # Filtered GETS hits
   fhGETX: 58049198 # Filtered GETX hits
   hGETS: 396 # GETS hits
   hGETX: 25102327 # GETX hits
   mGETS: 63245589 # GETS misses
   mGETXIM: 10970345 # GETX I->M misses
   mGETXSM: 461 # GETX S->M misses (upgrade misses)
   PUTS: 0 # Clean evictions (from lower level)
   PUTX: 0 # Dirty evictions (from lower level)
   INV: 146 # Invalidates (from upper level)
   INVX: 1304 # Downgrades (from upper level)
   FWD: 0 # Forwards (from upper level)
   latGETnl: 1199266286 # GET request latency on next level
   latGETnet: 0 # GET request latency on network to next level
 l2: # Cache stats
  l2-0: # Cache stats
   hGETS: 119479081 # GETS hits
   hGETX: 9909400 # GETX hits
   mGETS: 28598 # GETS misses
   mGETXIM: 13926 # GETX I->M misses
   mGETXSM: 441 # GETX S->M misses (upgrade misses)
   PUTS: 76094812 # Clean evictions (from lower level)
   PUTX: 53336179 # Dirty evictions (from lower level)
   INV: 590 # Invalidates (from upper level)
   INVX: 3373 # Downgrades (from upper level)
   FWD: 0 # Forwards (from upper level)
   latGETnl: 11411740 # GET request latency on next level
   latGETnet: 0 # GET request latency on network to next level
  l2-1: # Cache stats
   hGETS: 61752914 # GETS hits
   hGETX: 10925170 # GETX hits
   mGETS: 29532 # GETS misses
   mGETXIM: 13999 # GETX I->M misses
   mGETXSM: 482 # GETX S->M misses (upgrade misses)
   PUTS: 36955818 # Clean evictions (from lower level)
   PUTX: 35765723 # Dirty evictions (from lower level)
   INV: 1653 # Invalidates (from upper level)
   INVX: 4061 # Downgrades (from upper level)
   FWD: 0 # Forwards (from upper level)
   latGETnl: 11582824 # GET request latency on next level
   latGETnet: 0 # GET request latency on network to next level
  l2-2: # Cache stats
   hGETS: 65423074 # GETS hits
   hGETX: 17215622 # GETX hits
   mGETS: 28692 # GETS misses
   mGETXIM: 13905 # GETX I->M misses
   mGETXSM: 239 # GETX S->M misses (upgrade misses)
   PUTS: 41997437 # Clean evictions (from lower level)
   PUTX: 40683711 # Dirty evictions (from lower level)
   INV: 576 # Invalidates (from upper level)
   INVX: 7583 # Downgrades (from upper level)
   FWD: 0 # Forwards (from upper level)
   latGETnl: 12838017 # GET request latency on next level
   latGETnet: 0 # GET request latency on network to next level
  l2-3: # Cache stats
   hGETS: 63263712 # GETS hits
   hGETX: 10955519 # GETX hits
   mGETS: 28873 # GETS misses
   mGETXIM: 13966 # GETX I->M misses
   mGETXSM: 1321 # GETX S->M misses (upgrade misses)
   PUTS: 38189743 # Clean evictions (from lower level)
   PUTX: 36072913 # Dirty evictions (from lower level)
   INV: 806 # Invalidates (from upper level)
   INVX: 5428 # Downgrades (from upper level)
   FWD: 0 # Forwards (from upper level)
   latGETnl: 11827314 # GET request latency on next level
   latGETnet: 0 # GET request latency on network to next level
 l3: # Cache stats
  l3-0: # Cache stats
   hGETS: 57369 # GETS hits
   hGETX: 2984 # GETX hits
   mGETS: 58326 # GETS misses
   mGETXIM: 55295 # GETX I->M misses
   mGETXSM: 0 # GETX S->M misses (upgrade misses)
   PUTS: 0 # Clean evictions (from lower level)
   PUTX: 0 # Dirty evictions (from lower level)
   INV: 0 # Invalidates (from upper level)
   INVX: 0 # Downgrades (from upper level)
   FWD: 0 # Forwards (from upper level)
   latGETnl: 43090387 # GET request latency on next level
   latGETnet: 0 # GET request latency on network to next level
 mem: # Memory controller stats
  mem-0: # Memory controller stats
   rd: 113621 # Read requests
   wr: 2 # Write requests
   rdlat: 43090387 # Total latency experienced by read requests
   wrlat: 706 # Total latency experienced by write requests
   load: 4442 # Sum of load factors (0-100) per update
   ups: 320 # Number of latency updates
   clampedLoads: 0 # Number of updates where the load was clamped to 95%
 sched: # Scheduler stats
  thCr: 4 # Threads created
  thFn: 0 # Threads finished
  schedEvs: 4 # Schedule events
  waitEvs: 0 # Wait events
  handoffEvs: 0 # Handoff events
  sleepEvs: 0 # Sleep events
  idlePhases: 0 # Phases with no thread active
  idlePeriods: 0 # Periods with no thread active
  occHist: # Occupancy histogram
   0: 0
   1: 0
   2: 0
   3: 0
   4: 8243
  rqSzHist: # Run queue size histogram
   0: 8243
   1: 0
   2: 0
   3: 0
   4: 0
   5: 0
   6: 0
   7: 0
   8: 0
   9: 0
   10: 0
   11: 0
   12: 0
   13: 0
   14: 0
   15: 0
   16: 0
 heartbeats: # Per-process heartbeats
  0: 0
  1: 0
  2: 0
  3: 0
  4: 0
  5: 0
  6: 0
  7: 0
  8: 0
  9: 0
  10: 0
  11: 0
  12: 0
  13: 0
  14: 0
  15: 0
  16: 0
  17: 0
  18: 0
  19: 0
  20: 0
  21: 0
  22: 0
  23: 0
  24: 0
  25: 0
  26: 0
  27: 0
  28: 0
  29: 0
  30: 0
  31: 0
  32: 0
  33: 0
  34: 0
  35: 0
  36: 0
  37: 0
  38: 0
  39: 0
  40: 0
  41: 0
  42: 0
  43: 0
  44: 0
  45: 0
  46: 0
  47: 0
  48: 0
  49: 0
  50: 0
  51: 0
  52: 0
  53: 0
  54: 0
  55: 0
  56: 0
  57: 0
  58: 0
  59: 0
  60: 0
  61: 0
  62: 0
  63: 0
===
