# zsim stats
===
root: # Stats
 contention: # Contention simulation stats
  domain-0: # Domain stats
   time: 3771214235 # Weave simulation time
 time: # Simulator time breakdown
  init: 19396821981
  bound: 1487515422127
  weave: 9463835677
  ff: 0
 trigger: 20000 # Reason for this stats dump
 phase: 78248 # Simulated phases
 core: # Core stats
  core-0: # Core stats
   cycles: 7823878651 # Simulated unhalted cycles
   cCycles: 0 # Cycles due to contention stalls
   instrs: 1233695168 # Simulated instructions
   uops: 1262664783 # Retired micro-ops
   bbls: 198169984 # Basic blocks
   approxInstrs: 15020117 # Instrs with approx uop decoding
   mispredBranches: 10227 # Mispredicted branches
   fetchStalls: 5195415 # Fetch stalls
   decodeStalls: 320312988 # Decode stalls
   issueStalls: 41046669 # Issue stalls
  core-1: # Core stats
   cycles: 7824800007 # Simulated unhalted cycles
   cCycles: 0 # Cycles due to contention stalls
   instrs: 1247210393 # Simulated instructions
   uops: 1277275327 # Retired micro-ops
   bbls: 200108419 # Basic blocks
   approxInstrs: 15160007 # Instrs with approx uop decoding
   mispredBranches: 10540 # Mispredicted branches
   fetchStalls: 4785225 # Fetch stalls
   decodeStalls: 324244424 # Decode stalls
   issueStalls: 39678306 # Issue stalls
  core-2: # Core stats
   cycles: 7824136083 # Simulated unhalted cycles
   cCycles: 0 # Cycles due to contention stalls
   instrs: 1217251850 # Simulated instructions
   uops: 1245677350 # Retired micro-ops
   bbls: 195580834 # Basic blocks
   approxInstrs: 14820088 # Instrs with approx uop decoding
   mispredBranches: 10051 # Mispredicted branches
   fetchStalls: 5052835 # Fetch stalls
   decodeStalls: 315957692 # Decode stalls
   issueStalls: 38423099 # Issue stalls
  core-3: # Core stats
   cycles: 7823711257 # Simulated unhalted cycles
   cCycles: 0 # Cycles due to contention stalls
   instrs: 1301914505 # Simulated instructions
   uops: 1332343454 # Retired micro-ops
   bbls: 209175445 # Basic blocks
   approxInstrs: 15840119 # Instrs with approx uop decoding
   mispredBranches: 10706 # Mispredicted branches
   fetchStalls: 5756604 # Fetch stalls
   decodeStalls: 337931518 # Decode stalls
   issueStalls: 42792627 # Issue stalls
 l1i: # Cache stats
  l1i-0: # Filter cache stats
   fhGETS: 214484068 # Filtered GETS hits
   fhGETX: 0 # Filtered GETX hits
   hGETS: 0 # GETS hits
   hGETX: 0 # GETX hits
   mGETS: 60519 # GETS misses
   mGETXIM: 0 # GETX I->M misses
   mGETXSM: 0 # GETX S->M misses (upgrade misses)
   PUTS: 0 # Clean evictions (from lower level)
   PUTX: 0 # Dirty evictions (from lower level)
   INV: 15496 # Invalidates (from upper level)
   INVX: 0 # Downgrades (from upper level)
   FWD: 0 # Forwards (from upper level)
   latGETnl: 6423915 # GET request latency on next level
   latGETnet: 0 # GET request latency on network to next level
  l1i-1: # Filter cache stats
   fhGETS: 216608789 # Filtered GETS hits
   fhGETX: 0 # Filtered GETX hits
   hGETS: 0 # GETS hits
   hGETX: 0 # GETX hits
   mGETS: 59497 # GETS misses
   mGETXIM: 0 # GETX I->M misses
   mGETXSM: 0 # GETX S->M misses (upgrade misses)
   PUTS: 0 # Clean evictions (from lower level)
   PUTX: 0 # Dirty evictions (from lower level)
   INV: 15584 # Invalidates (from upper level)
   INVX: 0 # Downgrades (from upper level)
   FWD: 0 # Forwards (from upper level)
   latGETnl: 5885468 # GET request latency on next level
   latGETnet: 0 # GET request latency on network to next level
  l1i-2: # Filter cache stats
   fhGETS: 211679046 # Filtered GETS hits
   fhGETX: 0 # Filtered GETX hits
   hGETS: 0 # GETS hits
   hGETX: 0 # GETX hits
   mGETS: 59930 # GETS misses
   mGETXIM: 0 # GETX I->M misses
   mGETXSM: 0 # GETX S->M misses (upgrade misses)
   PUTS: 0 # Clean evictions (from lower level)
   PUTX: 0 # Dirty evictions (from lower level)
   INV: 15303 # Invalidates (from upper level)
   INVX: 0 # Downgrades (from upper level)
   FWD: 0 # Forwards (from upper level)
   latGETnl: 6232638 # GET request latency on next level
   latGETnet: 0 # GET request latency on network to next level
  l1i-3: # Filter cache stats
   fhGETS: 226380369 # Filtered GETS hits
   fhGETX: 0 # Filtered GETX hits
   hGETS: 0 # GETS hits
   hGETX: 0 # GETX hits
   mGETS: 61344 # GETS misses
   mGETXIM: 0 # GETX I->M misses
   mGETXSM: 0 # GETX S->M misses (upgrade misses)
   PUTS: 0 # Clean evictions (from lower level)
   PUTX: 0 # Dirty evictions (from lower level)
   INV: 16049 # Invalidates (from upper level)
   INVX: 0 # Downgrades (from upper level)
   FWD: 0 # Forwards (from upper level)
   latGETnl: 7205261 # GET request latency on next level
   latGETnet: 0 # GET request latency on network to next level
 l1d: # Cache stats
  l1d-0: # Filter cache stats
   fhGETS: 226552384 # Filtered GETS hits
   fhGETX: 55240186 # Filtered GETX hits
   hGETS: 19917 # GETS hits
   hGETX: 23793367 # GETX hits
   mGETS: 59225562 # GETS misses
   mGETXIM: 10384933 # GETX I->M misses
   mGETXSM: 17287 # GETX S->M misses (upgrade misses)
   PUTS: 0 # Clean evictions (from lower level)
   PUTX: 0 # Dirty evictions (from lower level)
   INV: 38028 # Invalidates (from upper level)
   INVX: 174898 # Downgrades (from upper level)
   FWD: 0 # Forwards (from upper level)
   latGETnl: 19429084012 # GET request latency on next level
   latGETnet: 0 # GET request latency on network to next level
  l1d-1: # Filter cache stats
   fhGETS: 229219358 # Filtered GETS hits
   fhGETX: 56083295 # Filtered GETX hits
   hGETS: 4420 # GETS hits
   hGETX: 24016774 # GETX hits
   mGETS: 60360026 # GETS misses
   mGETXIM: 10606382 # GETX I->M misses
   mGETXSM: 110 # GETX S->M misses (upgrade misses)
   PUTS: 0 # Clean evictions (from lower level)
   PUTX: 0 # Dirty evictions (from lower level)
   INV: 48361 # Invalidates (from upper level)
   INVX: 166018 # Downgrades (from upper level)
   FWD: 0 # Forwards (from upper level)
   latGETnl: 19525175878 # GET request latency on next level
   latGETnet: 0 # GET request latency on network to next level
  l1d-2: # Filter cache stats
   fhGETS: 223628626 # Filtered GETS hits
   fhGETX: 54498668 # Filtered GETX hits
   hGETS: 4158 # GETS hits
   hGETX: 23386588 # GETX hits
   mGETS: 58182283 # GETS misses
   mGETXIM: 10312558 # GETX I->M misses
   mGETXSM: 187 # GETX S->M misses (upgrade misses)
   PUTS: 0 # Clean evictions (from lower level)
   PUTX: 0 # Dirty evictions (from lower level)
   INV: 45140 # Invalidates (from upper level)
   INVX: 150912 # Downgrades (from upper level)
   FWD: 0 # Forwards (from upper level)
   latGETnl: 19295488726 # GET request latency on next level
   latGETnet: 0 # GET request latency on network to next level
  l1d-3: # Filter cache stats
   fhGETS: 238371550 # Filtered GETS hits
   fhGETX: 58164897 # Filtered GETX hits
   hGETS: 4295 # GETS hits
   hGETX: 25080899 # GETX hits
   mGETS: 63285045 # GETS misses
   mGETXIM: 11035263 # GETX I->M misses
   mGETXSM: 217 # GETX S->M misses (upgrade misses)
   PUTS: 0 # Clean evictions (from lower level)
   PUTX: 0 # Dirty evictions (from lower level)
   INV: 45318 # Invalidates (from upper level)
   INVX: 159232 # Downgrades (from upper level)
   FWD: 0 # Forwards (from upper level)
   latGETnl: 20103842344 # GET request latency on next level
   latGETnet: 0 # GET request latency on network to next level
 l2: # Cache stats
  l2-0: # Cache stats
   hGETS: 32568746 # GETS hits
   hGETX: 7843144 # GETX hits
   mGETS: 26717335 # GETS misses
   mGETXIM: 2541769 # GETX I->M misses
   mGETXSM: 17307 # GETX S->M misses (upgrade misses)
   PUTS: 35458392 # Clean evictions (from lower level)
   PUTX: 34159017 # Dirty evictions (from lower level)
   INV: 29008705 # Invalidates (from upper level)
   INVX: 1931495 # Downgrades (from upper level)
   FWD: 0 # Forwards (from upper level)
   latGETnl: 18529560014 # GET request latency on next level
   latGETnet: 0 # GET request latency on network to next level
  l2-1: # Cache stats
   hGETS: 33419878 # GETS hits
   hGETX: 8276405 # GETX hits
   mGETS: 26999645 # GETS misses
   mGETXIM: 2329977 # GETX I->M misses
   mGETXSM: 110 # GETX S->M misses (upgrade misses)
   PUTS: 36359147 # Clean evictions (from lower level)
   PUTX: 34602732 # Dirty evictions (from lower level)
   INV: 29156825 # Invalidates (from upper level)
   INVX: 1937668 # Downgrades (from upper level)
   FWD: 0 # Forwards (from upper level)
   latGETnl: 18607723151 # GET request latency on next level
   latGETnet: 0 # GET request latency on network to next level
  l2-2: # Cache stats
   hGETS: 31789370 # GETS hits
   hGETX: 7866238 # GETX hits
   mGETS: 26452843 # GETS misses
   mGETXIM: 2446319 # GETX I->M misses
   mGETXSM: 188 # GETX S->M misses (upgrade misses)
   PUTS: 34813577 # Clean evictions (from lower level)
   PUTX: 33680670 # Dirty evictions (from lower level)
   INV: 28720048 # Invalidates (from upper level)
   INVX: 1980071 # Downgrades (from upper level)
   FWD: 0 # Forwards (from upper level)
   latGETnl: 18410506910 # GET request latency on next level
   latGETnet: 0 # GET request latency on network to next level
  l2-3: # Cache stats
   hGETS: 35798809 # GETS hits
   hGETX: 8388514 # GETX hits
   mGETS: 27547580 # GETS misses
   mGETXIM: 2646745 # GETX I->M misses
   mGETXSM: 221 # GETX S->M misses (upgrade misses)
   PUTS: 38225445 # Clean evictions (from lower level)
   PUTX: 36094773 # Dirty evictions (from lower level)
   INV: 29541101 # Invalidates (from upper level)
   INVX: 2229493 # Downgrades (from upper level)
   FWD: 0 # Forwards (from upper level)
   latGETnl: 19144083308 # GET request latency on next level
   latGETnet: 0 # GET request latency on network to next level
 l3: # Cache stats
  l3-0: # Cache stats
   hGETS: 21300384 # GETS hits
   hGETX: 24670 # GETX hits
   mGETS: 86417019 # GETS misses
   mGETXIM: 9957966 # GETX I->M misses
   mGETXSM: 0 # GETX S->M misses (upgrade misses)
   PUTS: 1184331 # Clean evictions (from lower level)
   PUTX: 59 # Dirty evictions (from lower level)
   INV: 0 # Invalidates (from upper level)
   INVX: 0 # Downgrades (from upper level)
   FWD: 0 # Forwards (from upper level)
   latGETnl: 71994543049 # GET request latency on next level
   latGETnet: 0 # GET request latency on network to next level
 mem: # Memory controller stats
  mem-0: # Memory controller stats
   rd: 96374985 # Read requests
   wr: 46912382 # Write requests
   rdlat: 71994543049 # Total latency experienced by read requests
   wrlat: 34879247698 # Total latency experienced by write requests
   load: 5646973 # Sum of load factors (0-100) per update
   ups: 78246 # Number of latency updates
   clampedLoads: 5886 # Number of updates where the load was clamped to 95%
 sched: # Scheduler stats
  thCr: 4 # Threads created
  thFn: 0 # Threads finished
  schedEvs: 4 # Schedule events
  waitEvs: 0 # Wait events
  handoffEvs: 0 # Handoff events
  sleepEvs: 0 # Sleep events
  idlePhases: 0 # Phases with no thread active
  idlePeriods: 0 # Periods with no thread active
  occHist: # Occupancy histogram
   0: 0
   1: 0
   2: 0
   3: 0
   4: 78248
  rqSzHist: # Run queue size histogram
   0: 78248
   1: 0
   2: 0
   3: 0
   4: 0
   5: 0
   6: 0
   7: 0
   8: 0
   9: 0
   10: 0
   11: 0
   12: 0
   13: 0
   14: 0
   15: 0
   16: 0
 heartbeats: # Per-process heartbeats
  0: 0
  1: 0
  2: 0
  3: 0
  4: 0
  5: 0
  6: 0
  7: 0
  8: 0
  9: 0
  10: 0
  11: 0
  12: 0
  13: 0
  14: 0
  15: 0
  16: 0
  17: 0
  18: 0
  19: 0
  20: 0
  21: 0
  22: 0
  23: 0
  24: 0
  25: 0
  26: 0
  27: 0
  28: 0
  29: 0
  30: 0
  31: 0
  32: 0
  33: 0
  34: 0
  35: 0
  36: 0
  37: 0
  38: 0
  39: 0
  40: 0
  41: 0
  42: 0
  43: 0
  44: 0
  45: 0
  46: 0
  47: 0
  48: 0
  49: 0
  50: 0
  51: 0
  52: 0
  53: 0
  54: 0
  55: 0
  56: 0
  57: 0
  58: 0
  59: 0
  60: 0
  61: 0
  62: 0
  63: 0
===
