# zsim stats
===
root: # Stats
 contention: # Contention simulation stats
  domain-0: # Domain stats
   time: 374451674 # Weave simulation time
 time: # Simulator time breakdown
  init: 19851468050
  bound: 903024673783
  weave: 644898344
  ff: 0
 trigger: 20000 # Reason for this stats dump
 phase: 6844 # Simulated phases
 core: # Core stats
  core-0: # Core stats
   cycles: 684173862 # Simulated unhalted cycles
   cCycles: 0 # Cycles due to contention stalls
   instrs: 916915211 # Simulated instructions
   uops: 938751601 # Retired micro-ops
   bbls: 147246704 # Basic blocks
   approxInstrs: 11140120 # Instrs with approx uop decoding
   mispredBranches: 7856 # Mispredicted branches
   fetchStalls: 1374627 # Fetch stalls
   decodeStalls: 238165827 # Decode stalls
   issueStalls: 26527344 # Issue stalls
  core-1: # Core stats
   cycles: 684324833 # Simulated unhalted cycles
   cCycles: 0 # Cycles due to contention stalls
   instrs: 691933230 # Simulated instructions
   uops: 707841065 # Retired micro-ops
   bbls: 111319525 # Basic blocks
   approxInstrs: 8420060 # Instrs with approx uop decoding
   mispredBranches: 5755 # Mispredicted branches
   fetchStalls: 1132975 # Fetch stalls
   decodeStalls: 179379745 # Decode stalls
   issueStalls: 21890800 # Issue stalls
  core-2: # Core stats
   cycles: 684164269 # Simulated unhalted cycles
   cCycles: 0 # Cycles due to contention stalls
   instrs: 681492315 # Simulated instructions
   uops: 697401517 # Retired micro-ops
   bbls: 109582993 # Basic blocks
   approxInstrs: 8280119 # Instrs with approx uop decoding
   mispredBranches: 5789 # Mispredicted branches
   fetchStalls: 1128063 # Fetch stalls
   decodeStalls: 176829809 # Decode stalls
   issueStalls: 20843443 # Issue stalls
  core-3: # Core stats
   cycles: 684240809 # Simulated unhalted cycles
   cCycles: 0 # Cycles due to contention stalls
   instrs: 682269677 # Simulated instructions
   uops: 698743951 # Retired micro-ops
   bbls: 109536389 # Basic blocks
   approxInstrs: 8280093 # Instrs with approx uop decoding
   mispredBranches: 5854 # Mispredicted branches
   fetchStalls: 1124113 # Fetch stalls
   decodeStalls: 177287371 # Decode stalls
   issueStalls: 21194341 # Issue stalls
  core-4: # Core stats
   cycles: 684400039 # Simulated unhalted cycles
   cCycles: 0 # Cycles due to contention stalls
   instrs: 676993397 # Simulated instructions
   uops: 693329776 # Retired micro-ops
   bbls: 108686373 # Basic blocks
   approxInstrs: 8220030 # Instrs with approx uop decoding
   mispredBranches: 5866 # Mispredicted branches
   fetchStalls: 1116282 # Fetch stalls
   decodeStalls: 175918329 # Decode stalls
   issueStalls: 20340312 # Issue stalls
  core-5: # Core stats
   cycles: 684011012 # Simulated unhalted cycles
   cCycles: 0 # Cycles due to contention stalls
   instrs: 681151693 # Simulated instructions
   uops: 697259896 # Retired micro-ops
   bbls: 109449578 # Basic blocks
   approxInstrs: 8280112 # Instrs with approx uop decoding
   mispredBranches: 5810 # Mispredicted branches
   fetchStalls: 1139036 # Fetch stalls
   decodeStalls: 176812220 # Decode stalls
   issueStalls: 21257734 # Issue stalls
  core-6: # Core stats
   cycles: 684292617 # Simulated unhalted cycles
   cCycles: 0 # Cycles due to contention stalls
   instrs: 669991725 # Simulated instructions
   uops: 685830112 # Retired micro-ops
   bbls: 107673956 # Basic blocks
   approxInstrs: 8140103 # Instrs with approx uop decoding
   mispredBranches: 5757 # Mispredicted branches
   fetchStalls: 1116064 # Fetch stalls
   decodeStalls: 173941096 # Decode stalls
   issueStalls: 18119938 # Issue stalls
 l1i: # Cache stats
  l1i-0: # Filter cache stats
   fhGETS: 159333935 # Filtered GETS hits
   fhGETX: 0 # Filtered GETX hits
   hGETS: 0 # GETS hits
   hGETX: 0 # GETX hits
   mGETS: 66667 # GETS misses
   mGETXIM: 0 # GETX I->M misses
   mGETXSM: 0 # GETX S->M misses (upgrade misses)
   PUTS: 0 # Clean evictions (from lower level)
   PUTX: 0 # Dirty evictions (from lower level)
   INV: 23648 # Invalidates (from upper level)
   INVX: 0 # Downgrades (from upper level)
   FWD: 0 # Forwards (from upper level)
   latGETnl: 1492380 # GET request latency on next level
   latGETnet: 0 # GET request latency on network to next level
  l1i-1: # Filter cache stats
   fhGETS: 120424655 # Filtered GETS hits
   fhGETX: 0 # Filtered GETX hits
   hGETS: 0 # GETS hits
   hGETX: 0 # GETX hits
   mGETS: 59727 # GETS misses
   mGETXIM: 0 # GETX I->M misses
   mGETXSM: 0 # GETX S->M misses (upgrade misses)
   PUTS: 0 # Clean evictions (from lower level)
   PUTX: 0 # Dirty evictions (from lower level)
   INV: 17804 # Invalidates (from upper level)
   INVX: 0 # Downgrades (from upper level)
   FWD: 0 # Forwards (from upper level)
   latGETnl: 1219042 # GET request latency on next level
   latGETnet: 0 # GET request latency on network to next level
  l1i-2: # Filter cache stats
   fhGETS: 118557922 # Filtered GETS hits
   fhGETX: 0 # Filtered GETX hits
   hGETS: 0 # GETS hits
   hGETX: 0 # GETX hits
   mGETS: 60082 # GETS misses
   mGETXIM: 0 # GETX I->M misses
   mGETXSM: 0 # GETX S->M misses (upgrade misses)
   PUTS: 0 # Clean evictions (from lower level)
   PUTX: 0 # Dirty evictions (from lower level)
   INV: 17583 # Invalidates (from upper level)
   INVX: 0 # Downgrades (from upper level)
   FWD: 0 # Forwards (from upper level)
   latGETnl: 1209965 # GET request latency on next level
   latGETnet: 0 # GET request latency on network to next level
  l1i-3: # Filter cache stats
   fhGETS: 118511862 # Filtered GETS hits
   fhGETX: 0 # Filtered GETX hits
   hGETS: 0 # GETS hits
   hGETX: 0 # GETX hits
   mGETS: 59775 # GETS misses
   mGETXIM: 0 # GETX I->M misses
   mGETXSM: 0 # GETX S->M misses (upgrade misses)
   PUTS: 0 # Clean evictions (from lower level)
   PUTX: 0 # Dirty evictions (from lower level)
   INV: 17585 # Invalidates (from upper level)
   INVX: 0 # Downgrades (from upper level)
   FWD: 0 # Forwards (from upper level)
   latGETnl: 1203463 # GET request latency on next level
   latGETnet: 0 # GET request latency on network to next level
  l1i-4: # Filter cache stats
   fhGETS: 117602536 # Filtered GETS hits
   fhGETX: 0 # Filtered GETX hits
   hGETS: 0 # GETS hits
   hGETX: 0 # GETX hits
   mGETS: 59081 # GETS misses
   mGETXIM: 0 # GETX I->M misses
   mGETXSM: 0 # GETX S->M misses (upgrade misses)
   PUTS: 0 # Clean evictions (from lower level)
   PUTX: 0 # Dirty evictions (from lower level)
   INV: 17476 # Invalidates (from upper level)
   INVX: 0 # Downgrades (from upper level)
   FWD: 0 # Forwards (from upper level)
   latGETnl: 1193714 # GET request latency on next level
   latGETnet: 0 # GET request latency on network to next level
  l1i-5: # Filter cache stats
   fhGETS: 118414601 # Filtered GETS hits
   fhGETX: 0 # Filtered GETX hits
   hGETS: 0 # GETS hits
   hGETX: 0 # GETX hits
   mGETS: 60069 # GETS misses
   mGETXIM: 0 # GETX I->M misses
   mGETXSM: 0 # GETX S->M misses (upgrade misses)
   PUTS: 0 # Clean evictions (from lower level)
   PUTX: 0 # Dirty evictions (from lower level)
   INV: 17588 # Invalidates (from upper level)
   INVX: 0 # Downgrades (from upper level)
   FWD: 0 # Forwards (from upper level)
   latGETnl: 1241048 # GET request latency on next level
   latGETnet: 0 # GET request latency on network to next level
  l1i-6: # Filter cache stats
   fhGETS: 116499104 # Filtered GETS hits
   fhGETX: 0 # Filtered GETX hits
   hGETS: 0 # GETS hits
   hGETX: 0 # GETX hits
   mGETS: 59691 # GETS misses
   mGETXIM: 0 # GETX I->M misses
   mGETXSM: 0 # GETX S->M misses (upgrade misses)
   PUTS: 0 # Clean evictions (from lower level)
   PUTX: 0 # Dirty evictions (from lower level)
   INV: 17320 # Invalidates (from upper level)
   INVX: 0 # Downgrades (from upper level)
   FWD: 0 # Forwards (from upper level)
   latGETnl: 1198335 # GET request latency on next level
   latGETnet: 0 # GET request latency on network to next level
 l1d: # Cache stats
  l1d-0: # Filter cache stats
   fhGETS: 162166631 # Filtered GETS hits
   fhGETX: 41039894 # Filtered GETX hits
   hGETS: 886 # GETS hits
   hGETX: 23314022 # GETX hits
   mGETS: 50555397 # GETS misses
   mGETXIM: 2204667 # GETX I->M misses
   mGETXSM: 212 # GETX S->M misses (upgrade misses)
   PUTS: 0 # Clean evictions (from lower level)
   PUTX: 0 # Dirty evictions (from lower level)
   INV: 204 # Invalidates (from upper level)
   INVX: 9061 # Downgrades (from upper level)
   FWD: 0 # Forwards (from upper level)
   latGETnl: 1788785913 # GET request latency on next level
   latGETnet: 0 # GET request latency on network to next level
  l1d-1: # Filter cache stats
   fhGETS: 126872252 # Filtered GETS hits
   fhGETX: 30833040 # Filtered GETX hits
   hGETS: 1039 # GETS hits
   hGETX: 13350863 # GETX hits
   mGETS: 33060892 # GETS misses
   mGETXIM: 5852425 # GETX I->M misses
   mGETXSM: 766 # GETX S->M misses (upgrade misses)
   PUTS: 0 # Clean evictions (from lower level)
   PUTX: 0 # Dirty evictions (from lower level)
   INV: 120 # Invalidates (from upper level)
   INVX: 7493 # Downgrades (from upper level)
   FWD: 0 # Forwards (from upper level)
   latGETnl: 1342500111 # GET request latency on next level
   latGETnet: 0 # GET request latency on network to next level
  l1d-2: # Filter cache stats
   fhGETS: 124569299 # Filtered GETS hits
   fhGETX: 30493271 # Filtered GETX hits
   hGETS: 243 # GETS hits
   hGETX: 13133191 # GETX hits
   mGETS: 33072857 # GETS misses
   mGETXIM: 5785408 # GETX I->M misses
   mGETXSM: 174 # GETX S->M misses (upgrade misses)
   PUTS: 0 # Clean evictions (from lower level)
   PUTX: 0 # Dirty evictions (from lower level)
   INV: 365 # Invalidates (from upper level)
   INVX: 6438 # Downgrades (from upper level)
   FWD: 0 # Forwards (from upper level)
   latGETnl: 1327160185 # GET request latency on next level
   latGETnet: 0 # GET request latency on network to next level
  l1d-3: # Filter cache stats
   fhGETS: 125920266 # Filtered GETS hits
   fhGETX: 30767305 # Filtered GETX hits
   hGETS: 240 # GETS hits
   hGETX: 13052593 # GETX hits
   mGETS: 32509181 # GETS misses
   mGETXIM: 5785952 # GETX I->M misses
   mGETXSM: 167 # GETX S->M misses (upgrade misses)
   PUTS: 0 # Clean evictions (from lower level)
   PUTX: 0 # Dirty evictions (from lower level)
   INV: 346 # Invalidates (from upper level)
   INVX: 6541 # Downgrades (from upper level)
   FWD: 0 # Forwards (from upper level)
   latGETnl: 1321407176 # GET request latency on next level
   latGETnet: 0 # GET request latency on network to next level
  l1d-4: # Filter cache stats
   fhGETS: 117025748 # Filtered GETS hits
   fhGETX: 30591881 # Filtered GETX hits
   hGETS: 186 # GETS hits
   hGETX: 12967967 # GETX hits
   mGETS: 40056188 # GETS misses
   mGETXIM: 5693076 # GETX I->M misses
   mGETXSM: 89 # GETX S->M misses (upgrade misses)
   PUTS: 0 # Clean evictions (from lower level)
   PUTX: 0 # Dirty evictions (from lower level)
   INV: 291 # Invalidates (from upper level)
   INVX: 5632 # Downgrades (from upper level)
   FWD: 0 # Forwards (from upper level)
   latGETnl: 1400913539 # GET request latency on next level
   latGETnet: 0 # GET request latency on network to next level
  l1d-5: # Filter cache stats
   fhGETS: 124711233 # Filtered GETS hits
   fhGETX: 30497978 # Filtered GETX hits
   hGETS: 226 # GETS hits
   hGETX: 13137678 # GETX hits
   mGETS: 33104363 # GETS misses
   mGETXIM: 5772363 # GETX I->M misses
   mGETXSM: 192 # GETX S->M misses (upgrade misses)
   PUTS: 0 # Clean evictions (from lower level)
   PUTX: 0 # Dirty evictions (from lower level)
   INV: 365 # Invalidates (from upper level)
   INVX: 5500 # Downgrades (from upper level)
   FWD: 0 # Forwards (from upper level)
   latGETnl: 1326445189 # GET request latency on next level
   latGETnet: 0 # GET request latency on network to next level
  l1d-6: # Filter cache stats
   fhGETS: 107617602 # Filtered GETS hits
   fhGETX: 26297403 # Filtered GETX hits
   hGETS: 513 # GETS hits
   hGETX: 16729392 # GETX hits
   mGETS: 47491377 # GETS misses
   mGETXIM: 5631123 # GETX I->M misses
   mGETXSM: 182 # GETX S->M misses (upgrade misses)
   PUTS: 0 # Clean evictions (from lower level)
   PUTX: 0 # Dirty evictions (from lower level)
   INV: 187 # Invalidates (from upper level)
   INVX: 6511 # Downgrades (from upper level)
   FWD: 0 # Forwards (from upper level)
   latGETnl: 1483484548 # GET request latency on next level
   latGETnet: 0 # GET request latency on network to next level
 l2: # Cache stats
  l2-0: # Cache stats
   hGETS: 8496163 # GETS hits
   hGETX: 1016445 # GETX hits
   mGETS: 42125901 # GETS misses
   mGETXIM: 1188222 # GETX I->M misses
   mGETXSM: 212 # GETX S->M misses (upgrade misses)
   PUTS: 27283950 # Clean evictions (from lower level)
   PUTX: 25518863 # Dirty evictions (from lower level)
   INV: 283 # Invalidates (from upper level)
   INVX: 1020853 # Downgrades (from upper level)
   FWD: 0 # Forwards (from upper level)
   latGETnl: 1156354977 # GET request latency on next level
   latGETnet: 0 # GET request latency on network to next level
  l2-1: # Cache stats
   hGETS: 5517487 # GETS hits
   hGETX: 770701 # GETX hits
   mGETS: 27603132 # GETS misses
   mGETXIM: 5081724 # GETX I->M misses
   mGETXSM: 766 # GETX S->M misses (upgrade misses)
   PUTS: 19751657 # Clean evictions (from lower level)
   PUTX: 19203397 # Dirty evictions (from lower level)
   INV: 205 # Invalidates (from upper level)
   INVX: 1017482 # Downgrades (from upper level)
   FWD: 0 # Forwards (from upper level)
   latGETnl: 876033433 # GET request latency on next level
   latGETnet: 0 # GET request latency on network to next level
  l2-2: # Cache stats
   hGETS: 5953979 # GETS hits
   hGETX: 761916 # GETX hits
   mGETS: 27178960 # GETS misses
   mGETXIM: 5023492 # GETX I->M misses
   mGETXSM: 174 # GETX S->M misses (upgrade misses)
   PUTS: 19981651 # Clean evictions (from lower level)
   PUTX: 18918679 # Dirty evictions (from lower level)
   INV: 900 # Invalidates (from upper level)
   INVX: 1085463 # Downgrades (from upper level)
   FWD: 0 # Forwards (from upper level)
   latGETnl: 861347898 # GET request latency on next level
   latGETnet: 0 # GET request latency on network to next level
  l2-3: # Cache stats
   hGETS: 5398179 # GETS hits
   hGETX: 754750 # GETX hits
   mGETS: 27170777 # GETS misses
   mGETXIM: 5031202 # GETX I->M misses
   mGETXSM: 167 # GETX S->M misses (upgrade misses)
   PUTS: 19498231 # Clean evictions (from lower level)
   PUTX: 18838680 # Dirty evictions (from lower level)
   INV: 891 # Invalidates (from upper level)
   INVX: 1124976 # Downgrades (from upper level)
   FWD: 0 # Forwards (from upper level)
   latGETnl: 862349739 # GET request latency on next level
   latGETnet: 0 # GET request latency on network to next level
  l2-4: # Cache stats
   hGETS: 13151040 # GETS hits
   hGETX: 692060 # GETX hits
   mGETS: 26964229 # GETS misses
   mGETXIM: 5001016 # GETX I->M misses
   mGETXSM: 89 # GETX S->M misses (upgrade misses)
   PUTS: 27129466 # Clean evictions (from lower level)
   PUTX: 18661047 # Dirty evictions (from lower level)
   INV: 783 # Invalidates (from upper level)
   INVX: 989013 # Downgrades (from upper level)
   FWD: 0 # Forwards (from upper level)
   latGETnl: 852406045 # GET request latency on next level
   latGETnet: 0 # GET request latency on network to next level
  l2-5: # Cache stats
   hGETS: 6014548 # GETS hits
   hGETX: 761799 # GETX hits
   mGETS: 27149884 # GETS misses
   mGETXIM: 5010564 # GETX I->M misses
   mGETXSM: 192 # GETX S->M misses (upgrade misses)
   PUTS: 20008641 # Clean evictions (from lower level)
   PUTX: 18910136 # Dirty evictions (from lower level)
   INV: 861 # Invalidates (from upper level)
   INVX: 704763 # Downgrades (from upper level)
   FWD: 0 # Forwards (from upper level)
   latGETnl: 860442393 # GET request latency on next level
   latGETnet: 0 # GET request latency on network to next level
  l2-6: # Cache stats
   hGETS: 20848321 # GETS hits
   hGETX: 684994 # GETX hits
   mGETS: 26702747 # GETS misses
   mGETXIM: 4946129 # GETX I->M misses
   mGETXSM: 182 # GETX S->M misses (upgrade misses)
   PUTS: 30803965 # Clean evictions (from lower level)
   PUTX: 22360651 # Dirty evictions (from lower level)
   INV: 324 # Invalidates (from upper level)
   INVX: 995725 # Downgrades (from upper level)
   FWD: 0 # Forwards (from upper level)
   latGETnl: 846494407 # GET request latency on next level
   latGETnet: 0 # GET request latency on network to next level
 l3: # Cache stats
  l3-0: # Cache stats
   hGETS: 204807273 # GETS hits
   hGETX: 31187511 # GETX hits
   mGETS: 88357 # GETS misses
   mGETXIM: 96620 # GETX I->M misses
   mGETXSM: 0 # GETX S->M misses (upgrade misses)
   PUTS: 108135015 # Clean evictions (from lower level)
   PUTX: 127981373 # Dirty evictions (from lower level)
   INV: 0 # Invalidates (from upper level)
   INVX: 0 # Downgrades (from upper level)
   FWD: 0 # Forwards (from upper level)
   latGETnl: 91271446 # GET request latency on next level
   latGETnet: 0 # GET request latency on network to next level
 mem: # Memory controller stats
  mem-0: # Memory controller stats
   rd: 184977 # Read requests
   wr: 0 # Write requests
   rdlat: 91271446 # Total latency experienced by read requests
   wrlat: 0 # Total latency experienced by write requests
   load: 7252 # Sum of load factors (0-100) per update
   ups: 328 # Number of latency updates
   clampedLoads: 0 # Number of updates where the load was clamped to 95%
 sched: # Scheduler stats
  thCr: 7 # Threads created
  thFn: 0 # Threads finished
  schedEvs: 7 # Schedule events
  waitEvs: 0 # Wait events
  handoffEvs: 0 # Handoff events
  sleepEvs: 0 # Sleep events
  idlePhases: 0 # Phases with no thread active
  idlePeriods: 0 # Periods with no thread active
  occHist: # Occupancy histogram
   0: 0
   1: 0
   2: 0
   3: 0
   4: 0
   5: 0
   6: 0
   7: 6844
  rqSzHist: # Run queue size histogram
   0: 6844
   1: 0
   2: 0
   3: 0
   4: 0
   5: 0
   6: 0
   7: 0
   8: 0
   9: 0
   10: 0
   11: 0
   12: 0
   13: 0
   14: 0
   15: 0
   16: 0
 heartbeats: # Per-process heartbeats
  0: 0
  1: 0
  2: 0
  3: 0
  4: 0
  5: 0
  6: 0
  7: 0
  8: 0
  9: 0
  10: 0
  11: 0
  12: 0
  13: 0
  14: 0
  15: 0
  16: 0
  17: 0
  18: 0
  19: 0
  20: 0
  21: 0
  22: 0
  23: 0
  24: 0
  25: 0
  26: 0
  27: 0
  28: 0
  29: 0
  30: 0
  31: 0
  32: 0
  33: 0
  34: 0
  35: 0
  36: 0
  37: 0
  38: 0
  39: 0
  40: 0
  41: 0
  42: 0
  43: 0
  44: 0
  45: 0
  46: 0
  47: 0
  48: 0
  49: 0
  50: 0
  51: 0
  52: 0
  53: 0
  54: 0
  55: 0
  56: 0
  57: 0
  58: 0
  59: 0
  60: 0
  61: 0
  62: 0
  63: 0
===
