# zsim stats
===
root: # Stats
 rdtsc: 64076853178805992 # Host timestamp counter
 trigger: 20000 # Reason for this stats dump
 phase: 351255 # Simulated phases
 core: # Core stats
  core-0: # Core stats
   cycles: 35125500014 # Simulated cycles
   instrs: 5000017223 # Simulated instructions
   uops: 5672085524 # Retired micro-ops
   bbls: 802761573 # Basic blocks
   approxInstrs: 60890404 # Instrs with approx uop decoding
   mispredBranches: 328004854 # Mispredicted branches
 l1i: # Cache stats
  l1i-0: # Cache stats
   hGETS: 1102843269 # GETS hits
   hGETX: 0 # GETX hits
   mGETS: 693054 # GETS misses
   mGETXIM: 0 # GETX I->M misses
   mGETXSM: 0 # GETX S->M misses (upgrade misses)
   PUTS: 0 # Clean evictions (from lower level)
   PUTX: 0 # Dirty evictions (from lower level)
   INV: 625999 # Invalidates (from upper level)
   INVX: 0 # Downgrades (from upper level)
   latGETnl: 38942545 # GET request latency on next level
   latGETnet: 0 # GET request latency on network to next level
 l1d: # Cache stats
  l1d-0: # Cache stats
   hGETS: 921401034 # GETS hits
   hGETX: 319832808 # GETX hits
   mGETS: 237851115 # GETS misses
   mGETXIM: 42370916 # GETX I->M misses
   mGETXSM: 0 # GETX S->M misses (upgrade misses)
   PUTS: 0 # Clean evictions (from lower level)
   PUTX: 0 # Dirty evictions (from lower level)
   INV: 532627 # Invalidates (from upper level)
   INVX: 0 # Downgrades (from upper level)
   latGETnl: 27613693980 # GET request latency on next level
   latGETnet: 0 # GET request latency on network to next level
 l2: # Cache stats
  l2-0: # Cache stats
   hGETS: 37462572 # GETS hits
   hGETX: 5395928 # GETX hits
   mGETS: 201081597 # GETS misses
   mGETXIM: 36974988 # GETX I->M misses
   mGETXSM: 0 # GETX S->M misses (upgrade misses)
   PUTS: 141486057 # Clean evictions (from lower level)
   PUTX: 138270336 # Dirty evictions (from lower level)
   INV: 0 # Invalidates (from upper level)
   INVX: 0 # Downgrades (from upper level)
   latGETnl: 25405315845 # GET request latency on next level
   latGETnet: 0 # GET request latency on network to next level
 l3: # Cache stats
  l3-0: # Cache stats
   hGETS: 35320442 # GETS hits
   hGETX: 10898716 # GETX hits
   mGETS: 165761155 # GETS misses
   mGETXIM: 26076272 # GETX I->M misses
   mGETXSM: 0 # GETX S->M misses (upgrade misses)
   PUTS: 109699239 # Clean evictions (from lower level)
   PUTX: 128353250 # Dirty evictions (from lower level)
   INV: 0 # Invalidates (from upper level)
   INVX: 0 # Downgrades (from upper level)
   latGETnl: 22072523655 # GET request latency on next level
   latGETnet: 0 # GET request latency on network to next level
 mem: # Memory controller stats
  mem-0: # Memory controller stats
   rd: 191837427 # Read requests
   wr: 98006394 # Write requests
   rdlat: 22072523655 # Total latency experienced by read requests
   wrlat: 11588006341 # Total latency experienced by write requests
   load: 4164978 # Sum of load factors (0-100) per update
   ups: 347915 # Number of latency updates
   clampedLoads: 0 # Number of updates where the load was clamped to 95%
 sched: # Scheduler stats
  thCr: 1 # Threads created
  thFn: 0 # Threads finished
  schedEvs: 1 # Schedule events
  waitEvs: 0 # Wait events
  handoffEvs: 0 # Handoff events
  sleepEvs: 0 # Sleep events
  idlePhases: 0 # Phases with no thread active
  idlePeriods: 0 # Periods with no thread active
  occHist: # Occupancy histogram
   0: 0
   1: 351255
  rqSzHist: # Run queue size histogram
   0: 351255
   1: 0
   2: 0
   3: 0
   4: 0
   5: 0
   6: 0
   7: 0
   8: 0
   9: 0
   10: 0
   11: 0
   12: 0
   13: 0
   14: 0
   15: 0
   16: 0
===
