# zsim stats
===
root: # Stats
 contention: # Contention simulation stats
  domain-0: # Domain stats
   time: 422561361 # Weave simulation time
 time: # Simulator time breakdown
  init: 19543596776
  bound: 608682675582
  weave: 700855705
  ff: 0
 trigger: 20000 # Reason for this stats dump
 phase: 7679 # Simulated phases
 core: # Core stats
  core-0: # Core stats
   cycles: 767900001 # Simulated unhalted cycles
   cCycles: 0 # Cycles due to contention stalls
   instrs: 1382450386 # Simulated instructions
   uops: 1415261552 # Retired micro-ops
   bbls: 221939918 # Basic blocks
   approxInstrs: 16820006 # Instrs with approx uop decoding
   mispredBranches: 11469 # Mispredicted branches
   fetchStalls: 924069 # Fetch stalls
   decodeStalls: 359137660 # Decode stalls
   issueStalls: 51102522 # Issue stalls
  core-1: # Core stats
   cycles: 766837513 # Simulated unhalted cycles
   cCycles: 0 # Cycles due to contention stalls
   instrs: 1205583035 # Simulated instructions
   uops: 1233929390 # Retired micro-ops
   bbls: 193667177 # Basic blocks
   approxInstrs: 14660119 # Instrs with approx uop decoding
   mispredBranches: 10067 # Mispredicted branches
   fetchStalls: 895468 # Fetch stalls
   decodeStalls: 313025180 # Decode stalls
   issueStalls: 44210642 # Issue stalls
  core-2: # Core stats
   cycles: 766711658 # Simulated unhalted cycles
   cCycles: 0 # Cycles due to contention stalls
   instrs: 1207944298 # Simulated instructions
   uops: 1236343342 # Retired micro-ops
   bbls: 194028169 # Basic blocks
   approxInstrs: 14700119 # Instrs with approx uop decoding
   mispredBranches: 9997 # Mispredicted branches
   fetchStalls: 885453 # Fetch stalls
   decodeStalls: 313627097 # Decode stalls
   issueStalls: 45329560 # Issue stalls
  core-3: # Core stats
   cycles: 766959485 # Simulated unhalted cycles
   cCycles: 0 # Cycles due to contention stalls
   instrs: 1204149785 # Simulated instructions
   uops: 1232481272 # Retired micro-ops
   bbls: 193420130 # Basic blocks
   approxInstrs: 14651506 # Instrs with approx uop decoding
   mispredBranches: 10005 # Mispredicted branches
   fetchStalls: 898063 # Fetch stalls
   decodeStalls: 312666168 # Decode stalls
   issueStalls: 44255046 # Issue stalls
 l1i: # Cache stats
  l1i-0: # Filter cache stats
   fhGETS: 240246363 # Filtered GETS hits
   fhGETX: 0 # Filtered GETX hits
   hGETS: 0 # GETS hits
   hGETX: 0 # GETX hits
   mGETS: 46445 # GETS misses
   mGETXIM: 0 # GETX I->M misses
   mGETXSM: 0 # GETX S->M misses (upgrade misses)
   PUTS: 0 # Clean evictions (from lower level)
   PUTX: 0 # Dirty evictions (from lower level)
   INV: 0 # Invalidates (from upper level)
   INVX: 0 # Downgrades (from upper level)
   FWD: 0 # Forwards (from upper level)
   latGETnl: 787997 # GET request latency on next level
   latGETnet: 0 # GET request latency on network to next level
  l1i-1: # Filter cache stats
   fhGETS: 209613620 # Filtered GETS hits
   fhGETX: 0 # Filtered GETX hits
   hGETS: 0 # GETS hits
   hGETX: 0 # GETX hits
   mGETS: 47039 # GETS misses
   mGETXIM: 0 # GETX I->M misses
   mGETXSM: 0 # GETX S->M misses (upgrade misses)
   PUTS: 0 # Clean evictions (from lower level)
   PUTX: 0 # Dirty evictions (from lower level)
   INV: 0 # Invalidates (from upper level)
   INVX: 0 # Downgrades (from upper level)
   FWD: 0 # Forwards (from upper level)
   latGETnl: 772784 # GET request latency on next level
   latGETnet: 0 # GET request latency on network to next level
  l1i-2: # Filter cache stats
   fhGETS: 210011485 # Filtered GETS hits
   fhGETX: 0 # Filtered GETX hits
   hGETS: 0 # GETS hits
   hGETX: 0 # GETX hits
   mGETS: 46867 # GETS misses
   mGETXIM: 0 # GETX I->M misses
   mGETXSM: 0 # GETX S->M misses (upgrade misses)
   PUTS: 0 # Clean evictions (from lower level)
   PUTX: 0 # Dirty evictions (from lower level)
   INV: 0 # Invalidates (from upper level)
   INVX: 0 # Downgrades (from upper level)
   FWD: 0 # Forwards (from upper level)
   latGETnl: 753560 # GET request latency on next level
   latGETnet: 0 # GET request latency on network to next level
  l1i-3: # Filter cache stats
   fhGETS: 209352112 # Filtered GETS hits
   fhGETX: 0 # Filtered GETX hits
   hGETS: 0 # GETS hits
   hGETX: 0 # GETX hits
   mGETS: 46929 # GETS misses
   mGETXIM: 0 # GETX I->M misses
   mGETXSM: 0 # GETX S->M misses (upgrade misses)
   PUTS: 0 # Clean evictions (from lower level)
   PUTX: 0 # Dirty evictions (from lower level)
   INV: 0 # Invalidates (from upper level)
   INVX: 0 # Downgrades (from upper level)
   FWD: 0 # Forwards (from upper level)
   latGETnl: 785866 # GET request latency on next level
   latGETnet: 0 # GET request latency on network to next level
 l1d: # Cache stats
  l1d-0: # Filter cache stats
   fhGETS: 237825443 # Filtered GETS hits
   fhGETX: 54225020 # Filtered GETX hits
   hGETS: 1527 # GETS hits
   hGETX: 35059422 # GETX hits
   mGETS: 82784783 # GETS misses
   mGETXIM: 11049070 # GETX I->M misses
   mGETXSM: 2450 # GETX S->M misses (upgrade misses)
   PUTS: 0 # Clean evictions (from lower level)
   PUTX: 0 # Dirty evictions (from lower level)
   INV: 61 # Invalidates (from upper level)
   INVX: 2991 # Downgrades (from upper level)
   FWD: 0 # Forwards (from upper level)
   latGETnl: 1514753365 # GET request latency on next level
   latGETnet: 0 # GET request latency on network to next level
  l1d-1: # Filter cache stats
   fhGETS: 220725259 # Filtered GETS hits
   fhGETX: 53906771 # Filtered GETX hits
   hGETS: 76 # GETS hits
   hGETX: 23273102 # GETX hits
   mGETS: 58656265 # GETS misses
   mGETXIM: 10226907 # GETX I->M misses
   mGETXSM: 311 # GETX S->M misses (upgrade misses)
   PUTS: 0 # Clean evictions (from lower level)
   PUTX: 0 # Dirty evictions (from lower level)
   INV: 1218 # Invalidates (from upper level)
   INVX: 764 # Downgrades (from upper level)
   FWD: 0 # Forwards (from upper level)
   latGETnl: 1113580957 # GET request latency on next level
   latGETnet: 0 # GET request latency on network to next level
  l1d-2: # Filter cache stats
   fhGETS: 221043694 # Filtered GETS hits
   fhGETX: 54007009 # Filtered GETX hits
   hGETS: 47 # GETS hits
   hGETX: 23344360 # GETX hits
   mGETS: 58841884 # GETS misses
   mGETXIM: 10213133 # GETX I->M misses
   mGETXSM: 309 # GETX S->M misses (upgrade misses)
   PUTS: 0 # Clean evictions (from lower level)
   PUTX: 0 # Dirty evictions (from lower level)
   INV: 1172 # Invalidates (from upper level)
   INVX: 733 # Downgrades (from upper level)
   FWD: 0 # Forwards (from upper level)
   latGETnl: 1116119008 # GET request latency on next level
   latGETnet: 0 # GET request latency on network to next level
  l1d-3: # Filter cache stats
   fhGETS: 220417411 # Filtered GETS hits
   fhGETX: 53871310 # Filtered GETX hits
   hGETS: 85 # GETS hits
   hGETX: 23228350 # GETX hits
   mGETS: 58596768 # GETS misses
   mGETXIM: 10215340 # GETX I->M misses
   mGETXSM: 308 # GETX S->M misses (upgrade misses)
   PUTS: 0 # Clean evictions (from lower level)
   PUTX: 0 # Dirty evictions (from lower level)
   INV: 1210 # Invalidates (from upper level)
   INVX: 899 # Downgrades (from upper level)
   FWD: 0 # Forwards (from upper level)
   latGETnl: 1112613670 # GET request latency on next level
   latGETnet: 0 # GET request latency on network to next level
 l2: # Cache stats
  l2-0: # Cache stats
   hGETS: 82802585 # GETS hits
   hGETX: 11035032 # GETX hits
   mGETS: 28643 # GETS misses
   mGETXIM: 13952 # GETX I->M misses
   mGETXSM: 2536 # GETX S->M misses (upgrade misses)
   PUTS: 47770353 # Clean evictions (from lower level)
   PUTX: 46109756 # Dirty evictions (from lower level)
   INV: 518 # Invalidates (from upper level)
   INVX: 11431 # Downgrades (from upper level)
   FWD: 0 # Forwards (from upper level)
   latGETnl: 13417394 # GET request latency on next level
   latGETnet: 0 # GET request latency on network to next level
  l2-1: # Cache stats
   hGETS: 58672828 # GETS hits
   hGETX: 10213013 # GETX hits
   mGETS: 30476 # GETS misses
   mGETXIM: 13893 # GETX I->M misses
   mGETXSM: 312 # GETX S->M misses (upgrade misses)
   PUTS: 35428623 # Clean evictions (from lower level)
   PUTX: 33500242 # Dirty evictions (from lower level)
   INV: 2492 # Invalidates (from upper level)
   INVX: 3406 # Downgrades (from upper level)
   FWD: 0 # Forwards (from upper level)
   latGETnl: 11465389 # GET request latency on next level
   latGETnet: 0 # GET request latency on network to next level
  l2-2: # Cache stats
   hGETS: 58858411 # GETS hits
   hGETX: 10199243 # GETX hits
   mGETS: 30340 # GETS misses
   mGETXIM: 13889 # GETX I->M misses
   mGETXSM: 310 # GETX S->M misses (upgrade misses)
   PUTS: 35542840 # Clean evictions (from lower level)
   PUTX: 33557744 # Dirty evictions (from lower level)
   INV: 2362 # Invalidates (from upper level)
   INVX: 2744 # Downgrades (from upper level)
   FWD: 0 # Forwards (from upper level)
   latGETnl: 11237480 # GET request latency on next level
   latGETnet: 0 # GET request latency on network to next level
  l2-3: # Cache stats
   hGETS: 58613218 # GETS hits
   hGETX: 10201387 # GETX hits
   mGETS: 30479 # GETS misses
   mGETXIM: 13901 # GETX I->M misses
   mGETXSM: 360 # GETX S->M misses (upgrade misses)
   PUTS: 35413780 # Clean evictions (from lower level)
   PUTX: 33443919 # Dirty evictions (from lower level)
   INV: 2380 # Invalidates (from upper level)
   INVX: 3891 # Downgrades (from upper level)
   FWD: 0 # Forwards (from upper level)
   latGETnl: 11650016 # GET request latency on next level
   latGETnet: 0 # GET request latency on network to next level
 l3: # Cache stats
  l3-0: # Cache stats
   hGETS: 61626 # GETS hits
   hGETX: 3893 # GETX hits
   mGETS: 58312 # GETS misses
   mGETXIM: 55260 # GETX I->M misses
   mGETXSM: 0 # GETX S->M misses (upgrade misses)
   PUTS: 0 # Clean evictions (from lower level)
   PUTX: 0 # Dirty evictions (from lower level)
   INV: 0 # Invalidates (from upper level)
   INVX: 0 # Downgrades (from upper level)
   FWD: 0 # Forwards (from upper level)
   latGETnl: 43035531 # GET request latency on next level
   latGETnet: 0 # GET request latency on network to next level
 mem: # Memory controller stats
  mem-0: # Memory controller stats
   rd: 113572 # Read requests
   wr: 0 # Write requests
   rdlat: 43035531 # Total latency experienced by read requests
   wrlat: 0 # Total latency experienced by write requests
   load: 4440 # Sum of load factors (0-100) per update
   ups: 315 # Number of latency updates
   clampedLoads: 0 # Number of updates where the load was clamped to 95%
 sched: # Scheduler stats
  thCr: 4 # Threads created
  thFn: 0 # Threads finished
  schedEvs: 4 # Schedule events
  waitEvs: 0 # Wait events
  handoffEvs: 0 # Handoff events
  sleepEvs: 0 # Sleep events
  idlePhases: 0 # Phases with no thread active
  idlePeriods: 0 # Periods with no thread active
  occHist: # Occupancy histogram
   0: 0
   1: 0
   2: 1
   3: 0
   4: 7678
  rqSzHist: # Run queue size histogram
   0: 7679
   1: 0
   2: 0
   3: 0
   4: 0
   5: 0
   6: 0
   7: 0
   8: 0
   9: 0
   10: 0
   11: 0
   12: 0
   13: 0
   14: 0
   15: 0
   16: 0
 heartbeats: # Per-process heartbeats
  0: 0
  1: 0
  2: 0
  3: 0
  4: 0
  5: 0
  6: 0
  7: 0
  8: 0
  9: 0
  10: 0
  11: 0
  12: 0
  13: 0
  14: 0
  15: 0
  16: 0
  17: 0
  18: 0
  19: 0
  20: 0
  21: 0
  22: 0
  23: 0
  24: 0
  25: 0
  26: 0
  27: 0
  28: 0
  29: 0
  30: 0
  31: 0
  32: 0
  33: 0
  34: 0
  35: 0
  36: 0
  37: 0
  38: 0
  39: 0
  40: 0
  41: 0
  42: 0
  43: 0
  44: 0
  45: 0
  46: 0
  47: 0
  48: 0
  49: 0
  50: 0
  51: 0
  52: 0
  53: 0
  54: 0
  55: 0
  56: 0
  57: 0
  58: 0
  59: 0
  60: 0
  61: 0
  62: 0
  63: 0
===
