# zsim stats
===
root: # Stats
 contention: # Contention simulation stats
  domain-0: # Domain stats
   time: 490480824 # Weave simulation time
 time: # Simulator time breakdown
  init: 19699617664
  bound: 684798913377
  weave: 820199848
  ff: 0
 trigger: 20000 # Reason for this stats dump
 phase: 8769 # Simulated phases
 core: # Core stats
  core-0: # Core stats
   cycles: 876101872 # Simulated unhalted cycles
   cCycles: 0 # Cycles due to contention stalls
   instrs: 1265887592 # Simulated instructions
   uops: 1295521745 # Retired micro-ops
   bbls: 203380144 # Basic blocks
   approxInstrs: 15400088 # Instrs with approx uop decoding
   mispredBranches: 10477 # Mispredicted branches
   fetchStalls: 1189220 # Fetch stalls
   decodeStalls: 328616948 # Decode stalls
   issueStalls: 51334101 # Issue stalls
  core-1: # Core stats
   cycles: 876898028 # Simulated unhalted cycles
   cCycles: 0 # Cycles due to contention stalls
   instrs: 1244934419 # Simulated instructions
   uops: 1273951240 # Retired micro-ops
   bbls: 200037552 # Basic blocks
   approxInstrs: 15160004 # Instrs with approx uop decoding
   mispredBranches: 10116 # Mispredicted branches
   fetchStalls: 1156048 # Fetch stalls
   decodeStalls: 323123251 # Decode stalls
   issueStalls: 48332820 # Issue stalls
  core-2: # Core stats
   cycles: 876240877 # Simulated unhalted cycles
   cCycles: 0 # Cycles due to contention stalls
   instrs: 1245248709 # Simulated instructions
   uops: 1274909702 # Retired micro-ops
   bbls: 199909030 # Basic blocks
   approxInstrs: 15140118 # Instrs with approx uop decoding
   mispredBranches: 10464 # Mispredicted branches
   fetchStalls: 1174433 # Fetch stalls
   decodeStalls: 323541352 # Decode stalls
   issueStalls: 49424099 # Issue stalls
  core-3: # Core stats
   cycles: 875977411 # Simulated unhalted cycles
   cCycles: 0 # Cycles due to contention stalls
   instrs: 1244081994 # Simulated instructions
   uops: 1273614611 # Retired micro-ops
   bbls: 199741920 # Basic blocks
   approxInstrs: 15120118 # Instrs with approx uop decoding
   mispredBranches: 10462 # Mispredicted branches
   fetchStalls: 1112649 # Fetch stalls
   decodeStalls: 323175834 # Decode stalls
   issueStalls: 49253742 # Issue stalls
 l1i: # Cache stats
  l1i-0: # Filter cache stats
   fhGETS: 220115176 # Filtered GETS hits
   fhGETX: 0 # Filtered GETX hits
   hGETS: 0 # GETS hits
   hGETX: 0 # GETX hits
   mGETS: 60205 # GETS misses
   mGETXIM: 0 # GETX I->M misses
   mGETXSM: 0 # GETX S->M misses (upgrade misses)
   PUTS: 0 # Clean evictions (from lower level)
   PUTX: 0 # Dirty evictions (from lower level)
   INV: 14784 # Invalidates (from upper level)
   INVX: 0 # Downgrades (from upper level)
   FWD: 0 # Forwards (from upper level)
   latGETnl: 1255835 # GET request latency on next level
   latGETnet: 0 # GET request latency on network to next level
  l1i-1: # Filter cache stats
   fhGETS: 216506099 # Filtered GETS hits
   fhGETX: 0 # Filtered GETX hits
   hGETS: 0 # GETS hits
   hGETX: 0 # GETX hits
   mGETS: 58828 # GETS misses
   mGETXIM: 0 # GETX I->M misses
   mGETXSM: 0 # GETX S->M misses (upgrade misses)
   PUTS: 0 # Clean evictions (from lower level)
   PUTX: 0 # Dirty evictions (from lower level)
   INV: 14564 # Invalidates (from upper level)
   INVX: 0 # Downgrades (from upper level)
   FWD: 0 # Forwards (from upper level)
   latGETnl: 1208770 # GET request latency on next level
   latGETnet: 0 # GET request latency on network to next level
  l1i-2: # Filter cache stats
   fhGETS: 216383890 # Filtered GETS hits
   fhGETX: 0 # Filtered GETX hits
   hGETS: 0 # GETS hits
   hGETX: 0 # GETX hits
   mGETS: 60291 # GETS misses
   mGETXIM: 0 # GETX I->M misses
   mGETXSM: 0 # GETX S->M misses (upgrade misses)
   PUTS: 0 # Clean evictions (from lower level)
   PUTX: 0 # Dirty evictions (from lower level)
   INV: 14613 # Invalidates (from upper level)
   INVX: 0 # Downgrades (from upper level)
   FWD: 0 # Forwards (from upper level)
   latGETnl: 1221015 # GET request latency on next level
   latGETnet: 0 # GET request latency on network to next level
  l1i-3: # Filter cache stats
   fhGETS: 216189080 # Filtered GETS hits
   fhGETX: 0 # Filtered GETX hits
   hGETS: 0 # GETS hits
   hGETX: 0 # GETX hits
   mGETS: 57986 # GETS misses
   mGETXIM: 0 # GETX I->M misses
   mGETXSM: 0 # GETX S->M misses (upgrade misses)
   PUTS: 0 # Clean evictions (from lower level)
   PUTX: 0 # Dirty evictions (from lower level)
   INV: 11999 # Invalidates (from upper level)
   INVX: 0 # Downgrades (from upper level)
   FWD: 0 # Forwards (from upper level)
   latGETnl: 1145501 # GET request latency on next level
   latGETnet: 0 # GET request latency on network to next level
 l1d: # Cache stats
  l1d-0: # Filter cache stats
   fhGETS: 232675217 # Filtered GETS hits
   fhGETX: 56695024 # Filtered GETX hits
   hGETS: 94 # GETS hits
   hGETX: 24308342 # GETX hits
   mGETS: 60581947 # GETS misses
   mGETXIM: 10722052 # GETX I->M misses
   mGETXSM: 201 # GETX S->M misses (upgrade misses)
   PUTS: 0 # Clean evictions (from lower level)
   PUTX: 0 # Dirty evictions (from lower level)
   INV: 1247 # Invalidates (from upper level)
   INVX: 1367 # Downgrades (from upper level)
   FWD: 0 # Forwards (from upper level)
   latGETnl: 1218265282 # GET request latency on next level
   latGETnet: 0 # GET request latency on network to next level
  l1d-1: # Filter cache stats
   fhGETS: 228429682 # Filtered GETS hits
   fhGETX: 55689859 # Filtered GETX hits
   hGETS: 1626 # GETS hits
   hGETX: 24021079 # GETX hits
   mGETS: 59734035 # GETS misses
   mGETXIM: 10480619 # GETX I->M misses
   mGETXSM: 2315 # GETX S->M misses (upgrade misses)
   PUTS: 0 # Clean evictions (from lower level)
   PUTX: 0 # Dirty evictions (from lower level)
   INV: 55 # Invalidates (from upper level)
   INVX: 3793 # Downgrades (from upper level)
   FWD: 0 # Forwards (from upper level)
   latGETnl: 1255084520 # GET request latency on next level
   latGETnet: 0 # GET request latency on network to next level
  l1d-2: # Filter cache stats
   fhGETS: 228203290 # Filtered GETS hits
   fhGETX: 55866747 # Filtered GETX hits
   hGETS: 98 # GETS hits
   hGETX: 24010544 # GETX hits
   mGETS: 60574854 # GETS misses
   mGETXIM: 10570020 # GETX I->M misses
   mGETXSM: 280 # GETX S->M misses (upgrade misses)
   PUTS: 0 # Clean evictions (from lower level)
   PUTX: 0 # Dirty evictions (from lower level)
   INV: 1318 # Invalidates (from upper level)
   INVX: 1603 # Downgrades (from upper level)
   FWD: 0 # Forwards (from upper level)
   latGETnl: 1248611592 # GET request latency on next level
   latGETnet: 0 # GET request latency on network to next level
  l1d-3: # Filter cache stats
   fhGETS: 228140995 # Filtered GETS hits
   fhGETX: 55716113 # Filtered GETX hits
   hGETS: 89 # GETS hits
   hGETX: 23980563 # GETX hits
   mGETS: 60505931 # GETS misses
   mGETXIM: 10543479 # GETX I->M misses
   mGETXSM: 311 # GETX S->M misses (upgrade misses)
   PUTS: 0 # Clean evictions (from lower level)
   PUTX: 0 # Dirty evictions (from lower level)
   INV: 1226 # Invalidates (from upper level)
   INVX: 1159 # Downgrades (from upper level)
   FWD: 0 # Forwards (from upper level)
   latGETnl: 1247345297 # GET request latency on next level
   latGETnet: 0 # GET request latency on network to next level
 l2: # Cache stats
  l2-0: # Cache stats
   hGETS: 49136341 # GETS hits
   hGETX: 10534320 # GETX hits
   mGETS: 11505811 # GETS misses
   mGETXIM: 187653 # GETX I->M misses
   mGETXSM: 280 # GETX S->M misses (upgrade misses)
   PUTS: 36317523 # Clean evictions (from lower level)
   PUTX: 35030570 # Dirty evictions (from lower level)
   INV: 2212 # Invalidates (from upper level)
   INVX: 73913 # Downgrades (from upper level)
   FWD: 0 # Forwards (from upper level)
   latGETnl: 291783852 # GET request latency on next level
   latGETnet: 0 # GET request latency on network to next level
  l2-1: # Cache stats
   hGETS: 46260621 # GETS hits
   hGETX: 10264829 # GETX hits
   mGETS: 13532242 # GETS misses
   mGETXIM: 215790 # GETX I->M misses
   mGETXSM: 2315 # GETX S->M misses (upgrade misses)
   PUTS: 35755989 # Clean evictions (from lower level)
   PUTX: 34502757 # Dirty evictions (from lower level)
   INV: 564 # Invalidates (from upper level)
   INVX: 52183 # Downgrades (from upper level)
   FWD: 0 # Forwards (from upper level)
   latGETnl: 342707929 # GET request latency on next level
   latGETnet: 0 # GET request latency on network to next level
  l2-2: # Cache stats
   hGETS: 47816865 # GETS hits
   hGETX: 10358603 # GETX hits
   mGETS: 12818280 # GETS misses
   mGETXIM: 211373 # GETX I->M misses
   mGETXSM: 324 # GETX S->M misses (upgrade misses)
   PUTS: 36608365 # Clean evictions (from lower level)
   PUTX: 34580752 # Dirty evictions (from lower level)
   INV: 2272 # Invalidates (from upper level)
   INVX: 84131 # Downgrades (from upper level)
   FWD: 0 # Forwards (from upper level)
   latGETnl: 324161822 # GET request latency on next level
   latGETnet: 0 # GET request latency on network to next level
  l2-3: # Cache stats
   hGETS: 47735773 # GETS hits
   hGETX: 10331060 # GETX hits
   mGETS: 12828144 # GETS misses
   mGETXIM: 212373 # GETX I->M misses
   mGETXSM: 357 # GETX S->M misses (upgrade misses)
   PUTS: 36569754 # Clean evictions (from lower level)
   PUTX: 34524301 # Dirty evictions (from lower level)
   INV: 2309 # Invalidates (from upper level)
   INVX: 19097 # Downgrades (from upper level)
   FWD: 0 # Forwards (from upper level)
   latGETnl: 324090607 # GET request latency on next level
   latGETnet: 0 # GET request latency on network to next level
 l3: # Cache stats
  l3-0: # Cache stats
   hGETS: 50626162 # GETS hits
   hGETX: 775168 # GETX hits
   mGETS: 58315 # GETS misses
   mGETXIM: 55297 # GETX I->M misses
   mGETXSM: 0 # GETX S->M misses (upgrade misses)
   PUTS: 50564390 # Clean evictions (from lower level)
   PUTX: 808853 # Dirty evictions (from lower level)
   INV: 0 # Invalidates (from upper level)
   INVX: 0 # Downgrades (from upper level)
   FWD: 0 # Forwards (from upper level)
   latGETnl: 43315758 # GET request latency on next level
   latGETnet: 0 # GET request latency on network to next level
 mem: # Memory controller stats
  mem-0: # Memory controller stats
   rd: 113612 # Read requests
   wr: 0 # Write requests
   rdlat: 43315758 # Total latency experienced by read requests
   wrlat: 0 # Total latency experienced by write requests
   load: 4430 # Sum of load factors (0-100) per update
   ups: 303 # Number of latency updates
   clampedLoads: 0 # Number of updates where the load was clamped to 95%
 sched: # Scheduler stats
  thCr: 4 # Threads created
  thFn: 0 # Threads finished
  schedEvs: 4 # Schedule events
  waitEvs: 0 # Wait events
  handoffEvs: 0 # Handoff events
  sleepEvs: 0 # Sleep events
  idlePhases: 0 # Phases with no thread active
  idlePeriods: 0 # Periods with no thread active
  occHist: # Occupancy histogram
   0: 0
   1: 0
   2: 0
   3: 0
   4: 8769
  rqSzHist: # Run queue size histogram
   0: 8769
   1: 0
   2: 0
   3: 0
   4: 0
   5: 0
   6: 0
   7: 0
   8: 0
   9: 0
   10: 0
   11: 0
   12: 0
   13: 0
   14: 0
   15: 0
   16: 0
 heartbeats: # Per-process heartbeats
  0: 0
  1: 0
  2: 0
  3: 0
  4: 0
  5: 0
  6: 0
  7: 0
  8: 0
  9: 0
  10: 0
  11: 0
  12: 0
  13: 0
  14: 0
  15: 0
  16: 0
  17: 0
  18: 0
  19: 0
  20: 0
  21: 0
  22: 0
  23: 0
  24: 0
  25: 0
  26: 0
  27: 0
  28: 0
  29: 0
  30: 0
  31: 0
  32: 0
  33: 0
  34: 0
  35: 0
  36: 0
  37: 0
  38: 0
  39: 0
  40: 0
  41: 0
  42: 0
  43: 0
  44: 0
  45: 0
  46: 0
  47: 0
  48: 0
  49: 0
  50: 0
  51: 0
  52: 0
  53: 0
  54: 0
  55: 0
  56: 0
  57: 0
  58: 0
  59: 0
  60: 0
  61: 0
  62: 0
  63: 0
===
