# zsim stats
===
root: # Stats
 contention: # Contention simulation stats
  domain-0: # Domain stats
   time: 445858793 # Weave simulation time
 time: # Simulator time breakdown
  init: 19701440656
  bound: 627078777145
  weave: 943036441
  ff: 0
 trigger: 20000 # Reason for this stats dump
 phase: 8375 # Simulated phases
 core: # Core stats
  core-0: # Core stats
   cycles: 837500009 # Simulated unhalted cycles
   cCycles: 0 # Cycles due to contention stalls
   instrs: 1249517954 # Simulated instructions
   uops: 1278286328 # Retired micro-ops
   bbls: 200880378 # Basic blocks
   approxInstrs: 15220007 # Instrs with approx uop decoding
   mispredBranches: 10103 # Mispredicted branches
   fetchStalls: 991680 # Fetch stalls
   decodeStalls: 324102820 # Decode stalls
   issueStalls: 45793521 # Issue stalls
  core-1: # Core stats
   cycles: 836746155 # Simulated unhalted cycles
   cCycles: 0 # Cycles due to contention stalls
   instrs: 1248665216 # Simulated instructions
   uops: 1278782974 # Retired micro-ops
   bbls: 200337644 # Basic blocks
   approxInstrs: 15180089 # Instrs with approx uop decoding
   mispredBranches: 10575 # Mispredicted branches
   fetchStalls: 991407 # Fetch stalls
   decodeStalls: 324630798 # Decode stalls
   issueStalls: 45878517 # Issue stalls
  core-2: # Core stats
   cycles: 836670702 # Simulated unhalted cycles
   cCycles: 0 # Cycles due to contention stalls
   instrs: 1254115272 # Simulated instructions
   uops: 1283347304 # Retired micro-ops
   bbls: 201530108 # Basic blocks
   approxInstrs: 15260119 # Instrs with approx uop decoding
   mispredBranches: 10339 # Mispredicted branches
   fetchStalls: 988636 # Fetch stalls
   decodeStalls: 325479636 # Decode stalls
   issueStalls: 46680143 # Issue stalls
  core-3: # Core stats
   cycles: 836527927 # Simulated unhalted cycles
   cCycles: 0 # Cycles due to contention stalls
   instrs: 1248234434 # Simulated instructions
   uops: 1277987917 # Retired micro-ops
   bbls: 200376634 # Basic blocks
   approxInstrs: 15180118 # Instrs with approx uop decoding
   mispredBranches: 10477 # Mispredicted branches
   fetchStalls: 988368 # Fetch stalls
   decodeStalls: 324324900 # Decode stalls
   issueStalls: 45735956 # Issue stalls
 l1i: # Cache stats
  l1i-0: # Filter cache stats
   fhGETS: 217418188 # Filtered GETS hits
   fhGETX: 0 # Filtered GETX hits
   hGETS: 0 # GETS hits
   hGETX: 0 # GETX hits
   mGETS: 45808 # GETS misses
   mGETXIM: 0 # GETX I->M misses
   mGETXSM: 0 # GETX S->M misses (upgrade misses)
   PUTS: 0 # Clean evictions (from lower level)
   PUTX: 0 # Dirty evictions (from lower level)
   INV: 0 # Invalidates (from upper level)
   INVX: 0 # Downgrades (from upper level)
   FWD: 0 # Forwards (from upper level)
   latGETnl: 892789 # GET request latency on next level
   latGETnet: 0 # GET request latency on network to next level
  l1i-1: # Filter cache stats
   fhGETS: 216867428 # Filtered GETS hits
   fhGETX: 0 # Filtered GETX hits
   hGETS: 0 # GETS hits
   hGETX: 0 # GETX hits
   mGETS: 46770 # GETS misses
   mGETXIM: 0 # GETX I->M misses
   mGETXSM: 0 # GETX S->M misses (upgrade misses)
   PUTS: 0 # Clean evictions (from lower level)
   PUTX: 0 # Dirty evictions (from lower level)
   INV: 0 # Invalidates (from upper level)
   INVX: 0 # Downgrades (from upper level)
   FWD: 0 # Forwards (from upper level)
   latGETnl: 862823 # GET request latency on next level
   latGETnet: 0 # GET request latency on network to next level
  l1i-2: # Filter cache stats
   fhGETS: 218117618 # Filtered GETS hits
   fhGETX: 0 # Filtered GETX hits
   hGETS: 0 # GETS hits
   hGETX: 0 # GETX hits
   mGETS: 47168 # GETS misses
   mGETXIM: 0 # GETX I->M misses
   mGETXSM: 0 # GETX S->M misses (upgrade misses)
   PUTS: 0 # Clean evictions (from lower level)
   PUTX: 0 # Dirty evictions (from lower level)
   INV: 0 # Invalidates (from upper level)
   INVX: 0 # Downgrades (from upper level)
   FWD: 0 # Forwards (from upper level)
   latGETnl: 862885 # GET request latency on next level
   latGETnet: 0 # GET request latency on network to next level
  l1i-3: # Filter cache stats
   fhGETS: 216900615 # Filtered GETS hits
   fhGETX: 0 # Filtered GETX hits
   hGETS: 0 # GETS hits
   hGETX: 0 # GETX hits
   mGETS: 47104 # GETS misses
   mGETXIM: 0 # GETX I->M misses
   mGETXSM: 0 # GETX S->M misses (upgrade misses)
   PUTS: 0 # Clean evictions (from lower level)
   PUTX: 0 # Dirty evictions (from lower level)
   INV: 0 # Invalidates (from upper level)
   INVX: 0 # Downgrades (from upper level)
   FWD: 0 # Forwards (from upper level)
   latGETnl: 853712 # GET request latency on next level
   latGETnet: 0 # GET request latency on network to next level
 l1d: # Cache stats
  l1d-0: # Filter cache stats
   fhGETS: 228966033 # Filtered GETS hits
   fhGETX: 55735420 # Filtered GETX hits
   hGETS: 1449 # GETS hits
   hGETX: 24109453 # GETX hits
   mGETS: 59992226 # GETS misses
   mGETXIM: 10533559 # GETX I->M misses
   mGETXSM: 2103 # GETX S->M misses (upgrade misses)
   PUTS: 0 # Clean evictions (from lower level)
   PUTX: 0 # Dirty evictions (from lower level)
   INV: 58 # Invalidates (from upper level)
   INVX: 2966 # Downgrades (from upper level)
   FWD: 0 # Forwards (from upper level)
   latGETnl: 1282462740 # GET request latency on next level
   latGETnet: 0 # GET request latency on network to next level
  l1d-1: # Filter cache stats
   fhGETS: 229122945 # Filtered GETS hits
   fhGETX: 56137340 # Filtered GETX hits
   hGETS: 62 # GETS hits
   hGETX: 24056929 # GETX hits
   mGETS: 60840716 # GETS misses
   mGETXIM: 10612967 # GETX I->M misses
   mGETXSM: 194 # GETX S->M misses (upgrade misses)
   PUTS: 0 # Clean evictions (from lower level)
   PUTX: 0 # Dirty evictions (from lower level)
   INV: 1093 # Invalidates (from upper level)
   INVX: 948 # Downgrades (from upper level)
   FWD: 0 # Forwards (from upper level)
   latGETnl: 1297878125 # GET request latency on next level
   latGETnet: 0 # GET request latency on network to next level
  l1d-2: # Filter cache stats
   fhGETS: 229391659 # Filtered GETS hits
   fhGETX: 55932475 # Filtered GETX hits
   hGETS: 98 # GETS hits
   hGETX: 24247871 # GETX hits
   mGETS: 61062742 # GETS misses
   mGETXIM: 10626849 # GETX I->M misses
   mGETXSM: 780 # GETX S->M misses (upgrade misses)
   PUTS: 0 # Clean evictions (from lower level)
   PUTX: 0 # Dirty evictions (from lower level)
   INV: 2381 # Invalidates (from upper level)
   INVX: 1310 # Downgrades (from upper level)
   FWD: 0 # Forwards (from upper level)
   latGETnl: 1302207840 # GET request latency on next level
   latGETnet: 0 # GET request latency on network to next level
  l1d-3: # Filter cache stats
   fhGETS: 228501836 # Filtered GETS hits
   fhGETX: 55883822 # Filtered GETX hits
   hGETS: 728 # GETS hits
   hGETX: 24182066 # GETX hits
   mGETS: 61035726 # GETS misses
   mGETXIM: 10584898 # GETX I->M misses
   mGETXSM: 1498 # GETX S->M misses (upgrade misses)
   PUTS: 0 # Clean evictions (from lower level)
   PUTX: 0 # Dirty evictions (from lower level)
   INV: 1580 # Invalidates (from upper level)
   INVX: 1822 # Downgrades (from upper level)
   FWD: 0 # Forwards (from upper level)
   latGETnl: 1300752322 # GET request latency on next level
   latGETnet: 0 # GET request latency on network to next level
 l2: # Cache stats
  l2-0: # Cache stats
   hGETS: 60009341 # GETS hits
   hGETX: 10519348 # GETX hits
   mGETS: 28693 # GETS misses
   mGETXIM: 13937 # GETX I->M misses
   mGETXSM: 2377 # GETX S->M misses (upgrade misses)
   PUTS: 35927417 # Clean evictions (from lower level)
   PUTX: 34643990 # Dirty evictions (from lower level)
   INV: 554 # Invalidates (from upper level)
   INVX: 9936 # Downgrades (from upper level)
   FWD: 0 # Forwards (from upper level)
   latGETnl: 13029001 # GET request latency on next level
   latGETnet: 0 # GET request latency on network to next level
  l2-1: # Cache stats
   hGETS: 60857156 # GETS hits
   hGETX: 10598777 # GETX hits
   mGETS: 30330 # GETS misses
   mGETXIM: 13961 # GETX I->M misses
   mGETXSM: 423 # GETX S->M misses (upgrade misses)
   PUTS: 36829189 # Clean evictions (from lower level)
   PUTX: 34670043 # Dirty evictions (from lower level)
   INV: 2365 # Invalidates (from upper level)
   INVX: 4239 # Downgrades (from upper level)
   FWD: 0 # Forwards (from upper level)
   latGETnl: 11729302 # GET request latency on next level
   latGETnet: 0 # GET request latency on network to next level
  l2-2: # Cache stats
   hGETS: 61077816 # GETS hits
   hGETX: 10611896 # GETX hits
   mGETS: 32094 # GETS misses
   mGETXIM: 14292 # GETX I->M misses
   mGETXSM: 1441 # GETX S->M misses (upgrade misses)
   PUTS: 36859330 # Clean evictions (from lower level)
   PUTX: 34874920 # Dirty evictions (from lower level)
   INV: 4384 # Invalidates (from upper level)
   INVX: 4746 # Downgrades (from upper level)
   FWD: 0 # Forwards (from upper level)
   latGETnl: 11795023 # GET request latency on next level
   latGETnet: 0 # GET request latency on network to next level
  l2-3: # Cache stats
   hGETS: 61051777 # GETS hits
   hGETX: 10569788 # GETX hits
   mGETS: 31053 # GETS misses
   mGETXIM: 14765 # GETX I->M misses
   mGETXSM: 1843 # GETX S->M misses (upgrade misses)
   PUTS: 36898846 # Clean evictions (from lower level)
   PUTX: 34767174 # Dirty evictions (from lower level)
   INV: 3932 # Invalidates (from upper level)
   INVX: 5198 # Downgrades (from upper level)
   FWD: 0 # Forwards (from upper level)
   latGETnl: 11559966 # GET request latency on next level
   latGETnet: 0 # GET request latency on network to next level
 l3: # Cache stats
  l3-0: # Cache stats
   hGETS: 63850 # GETS hits
   hGETX: 7745 # GETX hits
   mGETS: 58320 # GETS misses
   mGETXIM: 55294 # GETX I->M misses
   mGETXSM: 0 # GETX S->M misses (upgrade misses)
   PUTS: 0 # Clean evictions (from lower level)
   PUTX: 0 # Dirty evictions (from lower level)
   INV: 0 # Invalidates (from upper level)
   INVX: 0 # Downgrades (from upper level)
   FWD: 0 # Forwards (from upper level)
   latGETnl: 43050792 # GET request latency on next level
   latGETnet: 0 # GET request latency on network to next level
 mem: # Memory controller stats
  mem-0: # Memory controller stats
   rd: 113614 # Read requests
   wr: 0 # Write requests
   rdlat: 43050792 # Total latency experienced by read requests
   wrlat: 0 # Total latency experienced by write requests
   load: 4417 # Sum of load factors (0-100) per update
   ups: 308 # Number of latency updates
   clampedLoads: 0 # Number of updates where the load was clamped to 95%
 sched: # Scheduler stats
  thCr: 4 # Threads created
  thFn: 0 # Threads finished
  schedEvs: 4 # Schedule events
  waitEvs: 0 # Wait events
  handoffEvs: 0 # Handoff events
  sleepEvs: 0 # Sleep events
  idlePhases: 0 # Phases with no thread active
  idlePeriods: 0 # Periods with no thread active
  occHist: # Occupancy histogram
   0: 0
   1: 0
   2: 0
   3: 0
   4: 8375
  rqSzHist: # Run queue size histogram
   0: 8375
   1: 0
   2: 0
   3: 0
   4: 0
   5: 0
   6: 0
   7: 0
   8: 0
   9: 0
   10: 0
   11: 0
   12: 0
   13: 0
   14: 0
   15: 0
   16: 0
 heartbeats: # Per-process heartbeats
  0: 0
  1: 0
  2: 0
  3: 0
  4: 0
  5: 0
  6: 0
  7: 0
  8: 0
  9: 0
  10: 0
  11: 0
  12: 0
  13: 0
  14: 0
  15: 0
  16: 0
  17: 0
  18: 0
  19: 0
  20: 0
  21: 0
  22: 0
  23: 0
  24: 0
  25: 0
  26: 0
  27: 0
  28: 0
  29: 0
  30: 0
  31: 0
  32: 0
  33: 0
  34: 0
  35: 0
  36: 0
  37: 0
  38: 0
  39: 0
  40: 0
  41: 0
  42: 0
  43: 0
  44: 0
  45: 0
  46: 0
  47: 0
  48: 0
  49: 0
  50: 0
  51: 0
  52: 0
  53: 0
  54: 0
  55: 0
  56: 0
  57: 0
  58: 0
  59: 0
  60: 0
  61: 0
  62: 0
  63: 0
===
