# zsim stats
===
root: # Stats
 contention: # Contention simulation stats
  domain-0: # Domain stats
   time: 752850950 # Weave simulation time
 time: # Simulator time breakdown
  init: 16132554347
  bound: 470479247078
  weave: 1242851163
  ff: 0
 trigger: 20000 # Reason for this stats dump
 phase: 17339 # Simulated phases
 core: # Core stats
  core-0: # Core stats
   cycles: 1733900005 # Simulated unhalted cycles
   cCycles: 0 # Cycles due to contention stalls
   instrs: 2500061520 # Simulated instructions
   uops: 3091194142 # Retired micro-ops
   bbls: 269045120 # Basic blocks
   approxInstrs: 4 # Instrs with approx uop decoding
   mispredBranches: 817609 # Mispredicted branches
   fetchStalls: 13981896 # Fetch stalls
   decodeStalls: 950644117 # Decode stalls
   issueStalls: 72438523 # Issue stalls
  core-1: # Core stats
   cycles: 1733900006 # Simulated unhalted cycles
   cCycles: 0 # Cycles due to contention stalls
   instrs: 2500192316 # Simulated instructions
   uops: 3091356641 # Retired micro-ops
   bbls: 269058619 # Basic blocks
   approxInstrs: 3 # Instrs with approx uop decoding
   mispredBranches: 817559 # Mispredicted branches
   fetchStalls: 14012087 # Fetch stalls
   decodeStalls: 950694829 # Decode stalls
   issueStalls: 72433442 # Issue stalls
 l1i: # Cache stats
  l1i-0: # Filter cache stats
   fhGETS: 307273814 # Filtered GETS hits
   fhGETX: 0 # Filtered GETX hits
   hGETS: 65484641 # GETS hits
   hGETX: 0 # GETX hits
   mGETS: 1273 # GETS misses
   mGETXIM: 0 # GETX I->M misses
   mGETXSM: 0 # GETX S->M misses (upgrade misses)
   PUTS: 0 # Clean evictions (from lower level)
   PUTX: 0 # Dirty evictions (from lower level)
   INV: 1219 # Invalidates (from upper level)
   INVX: 0 # Downgrades (from upper level)
   FWD: 0 # Forwards (from upper level)
   latGETnl: 100927 # GET request latency on next level
   latGETnet: 0 # GET request latency on network to next level
  l1i-1: # Filter cache stats
   fhGETS: 299860040 # Filtered GETS hits
   fhGETX: 0 # Filtered GETX hits
   hGETS: 72917301 # GETS hits
   hGETX: 0 # GETX hits
   mGETS: 1151 # GETS misses
   mGETXIM: 0 # GETX I->M misses
   mGETXSM: 0 # GETX S->M misses (upgrade misses)
   PUTS: 0 # Clean evictions (from lower level)
   PUTX: 0 # Dirty evictions (from lower level)
   INV: 1103 # Invalidates (from upper level)
   INVX: 0 # Downgrades (from upper level)
   FWD: 0 # Forwards (from upper level)
   latGETnl: 127856 # GET request latency on next level
   latGETnet: 0 # GET request latency on network to next level
 l1d: # Cache stats
  l1d-0: # Filter cache stats
   fhGETS: 517468059 # Filtered GETS hits
   fhGETX: 222668085 # Filtered GETX hits
   hGETS: 48765887 # GETS hits
   hGETX: 1287369 # GETX hits
   mGETS: 1536837 # GETS misses
   mGETXIM: 131 # GETX I->M misses
   mGETXSM: 2 # GETX S->M misses (upgrade misses)
   PUTS: 0 # Clean evictions (from lower level)
   PUTX: 0 # Dirty evictions (from lower level)
   INV: 4669 # Invalidates (from upper level)
   INVX: 3257 # Downgrades (from upper level)
   FWD: 0 # Forwards (from upper level)
   latGETnl: 209824620 # GET request latency on next level
   latGETnet: 0 # GET request latency on network to next level
  l1d-1: # Filter cache stats
   fhGETS: 517208962 # Filtered GETS hits
   fhGETX: 222569115 # Filtered GETX hits
   hGETS: 49056838 # GETS hits
   hGETX: 1397968 # GETX hits
   mGETS: 1534354 # GETS misses
   mGETXIM: 72 # GETX I->M misses
   mGETXSM: 6 # GETX S->M misses (upgrade misses)
   PUTS: 0 # Clean evictions (from lower level)
   PUTX: 0 # Dirty evictions (from lower level)
   INV: 4919 # Invalidates (from upper level)
   INVX: 1898 # Downgrades (from upper level)
   FWD: 0 # Forwards (from upper level)
   latGETnl: 209641544 # GET request latency on next level
   latGETnet: 0 # GET request latency on network to next level
 l2: # Cache stats
  l2-0: # Cache stats
   hGETS: 138585 # GETS hits
   hGETX: 0 # GETX hits
   mGETS: 1399525 # GETS misses
   mGETXIM: 131 # GETX I->M misses
   mGETXSM: 2 # GETX S->M misses (upgrade misses)
   PUTS: 1531756 # Clean evictions (from lower level)
   PUTX: 36 # Dirty evictions (from lower level)
   INV: 1334101 # Invalidates (from upper level)
   INVX: 3299 # Downgrades (from upper level)
   FWD: 0 # Forwards (from upper level)
   latGETnl: 191466631 # GET request latency on next level
   latGETnet: 0 # GET request latency on network to next level
  l2-1: # Cache stats
   hGETS: 136095 # GETS hits
   hGETX: 0 # GETX hits
   mGETS: 1399410 # GETS misses
   mGETXIM: 72 # GETX I->M misses
   mGETXSM: 6 # GETX S->M misses (upgrade misses)
   PUTS: 1528974 # Clean evictions (from lower level)
   PUTX: 21 # Dirty evictions (from lower level)
   INV: 1333686 # Invalidates (from upper level)
   INVX: 1902 # Downgrades (from upper level)
   FWD: 0 # Forwards (from upper level)
   latGETnl: 191342404 # GET request latency on next level
   latGETnet: 0 # GET request latency on network to next level
 l3: # Cache stats
  l3-0: # Cache stats
   hGETS: 6302 # GETS hits
   hGETX: 11 # GETX hits
   mGETS: 2792633 # GETS misses
   mGETXIM: 200 # GETX I->M misses
   mGETXSM: 0 # GETX S->M misses (upgrade misses)
   PUTS: 0 # Clean evictions (from lower level)
   PUTX: 0 # Dirty evictions (from lower level)
   INV: 0 # Invalidates (from upper level)
   INVX: 0 # Downgrades (from upper level)
   FWD: 0 # Forwards (from upper level)
   latGETnl: 335140345 # GET request latency on next level
   latGETnet: 0 # GET request latency on network to next level
 mem: # Memory controller stats
  mem-0: # Memory controller stats
   rd: 2792833 # Read requests
   wr: 298 # Write requests
   rdlat: 335140345 # Total latency experienced by read requests
   wrlat: 35760 # Total latency experienced by write requests
   load: 34765 # Sum of load factors (0-100) per update
   ups: 17338 # Number of latency updates
   clampedLoads: 0 # Number of updates where the load was clamped to 95%
 sched: # Scheduler stats
  thCr: 2 # Threads created
  thFn: 0 # Threads finished
  schedEvs: 2 # Schedule events
  waitEvs: 0 # Wait events
  handoffEvs: 0 # Handoff events
  sleepEvs: 0 # Sleep events
  idlePhases: 0 # Phases with no thread active
  idlePeriods: 0 # Periods with no thread active
  occHist: # Occupancy histogram
   0: 0
   1: 0
   2: 17339
  rqSzHist: # Run queue size histogram
   0: 17339
   1: 0
   2: 0
   3: 0
   4: 0
   5: 0
   6: 0
   7: 0
   8: 0
   9: 0
   10: 0
   11: 0
   12: 0
   13: 0
   14: 0
   15: 0
   16: 0
 heartbeats: # Per-process heartbeats
  0: 0
  1: 0
  2: 0
  3: 0
  4: 0
  5: 0
  6: 0
  7: 0
  8: 0
  9: 0
  10: 0
  11: 0
  12: 0
  13: 0
  14: 0
  15: 0
  16: 0
  17: 0
  18: 0
  19: 0
  20: 0
  21: 0
  22: 0
  23: 0
  24: 0
  25: 0
  26: 0
  27: 0
  28: 0
  29: 0
  30: 0
  31: 0
  32: 0
  33: 0
  34: 0
  35: 0
  36: 0
  37: 0
  38: 0
  39: 0
  40: 0
  41: 0
  42: 0
  43: 0
  44: 0
  45: 0
  46: 0
  47: 0
  48: 0
  49: 0
  50: 0
  51: 0
  52: 0
  53: 0
  54: 0
  55: 0
  56: 0
  57: 0
  58: 0
  59: 0
  60: 0
  61: 0
  62: 0
  63: 0
===
