# zsim stats
===
root: # Stats
 contention: # Contention simulation stats
  domain-0: # Domain stats
   time: 456462328 # Weave simulation time
 time: # Simulator time breakdown
  init: 22537480068
  bound: 641493550176
  weave: 1300453097
  ff: 0
 trigger: 20000 # Reason for this stats dump
 phase: 8373 # Simulated phases
 core: # Core stats
  core-0: # Core stats
   cycles: 836345014 # Simulated unhalted cycles
   cCycles: 0 # Cycles due to contention stalls
   instrs: 1255675377 # Simulated instructions
   uops: 1284938339 # Retired micro-ops
   bbls: 201776193 # Basic blocks
   approxInstrs: 15280087 # Instrs with approx uop decoding
   mispredBranches: 10335 # Mispredicted branches
   fetchStalls: 1000338 # Fetch stalls
   decodeStalls: 325880860 # Decode stalls
   issueStalls: 47505759 # Issue stalls
  core-1: # Core stats
   cycles: 837200002 # Simulated unhalted cycles
   cCycles: 0 # Cycles due to contention stalls
   instrs: 1251006918 # Simulated instructions
   uops: 1280175661 # Retired micro-ops
   bbls: 201023371 # Basic blocks
   approxInstrs: 15220502 # Instrs with approx uop decoding
   mispredBranches: 10206 # Mispredicted branches
   fetchStalls: 980217 # Fetch stalls
   decodeStalls: 324687023 # Decode stalls
   issueStalls: 46901679 # Issue stalls
  core-2: # Core stats
   cycles: 836356638 # Simulated unhalted cycles
   cCycles: 0 # Cycles due to contention stalls
   instrs: 1246556367 # Simulated instructions
   uops: 1276272123 # Retired micro-ops
   bbls: 200107476 # Basic blocks
   approxInstrs: 15160118 # Instrs with approx uop decoding
   mispredBranches: 10481 # Mispredicted branches
   fetchStalls: 989829 # Fetch stalls
   decodeStalls: 323894979 # Decode stalls
   issueStalls: 45381745 # Issue stalls
  core-3: # Core stats
   cycles: 836165713 # Simulated unhalted cycles
   cCycles: 0 # Cycles due to contention stalls
   instrs: 1247129516 # Simulated instructions
   uops: 1276840788 # Retired micro-ops
   bbls: 200213706 # Basic blocks
   approxInstrs: 15160118 # Instrs with approx uop decoding
   mispredBranches: 10466 # Mispredicted branches
   fetchStalls: 988383 # Fetch stalls
   decodeStalls: 324030011 # Decode stalls
   issueStalls: 45425326 # Issue stalls
 l1i: # Cache stats
  l1i-0: # Filter cache stats
   fhGETS: 218384027 # Filtered GETS hits
   fhGETX: 0 # Filtered GETX hits
   hGETS: 0 # GETS hits
   hGETX: 0 # GETX hits
   mGETS: 46807 # GETS misses
   mGETXIM: 0 # GETX I->M misses
   mGETXSM: 0 # GETX S->M misses (upgrade misses)
   PUTS: 0 # Clean evictions (from lower level)
   PUTX: 0 # Dirty evictions (from lower level)
   INV: 0 # Invalidates (from upper level)
   INVX: 0 # Downgrades (from upper level)
   FWD: 0 # Forwards (from upper level)
   latGETnl: 890550 # GET request latency on next level
   latGETnet: 0 # GET request latency on network to next level
  l1i-1: # Filter cache stats
   fhGETS: 217571855 # Filtered GETS hits
   fhGETX: 0 # Filtered GETX hits
   hGETS: 0 # GETS hits
   hGETX: 0 # GETX hits
   mGETS: 45791 # GETS misses
   mGETXIM: 0 # GETX I->M misses
   mGETXSM: 0 # GETX S->M misses (upgrade misses)
   PUTS: 0 # Clean evictions (from lower level)
   PUTX: 0 # Dirty evictions (from lower level)
   INV: 0 # Invalidates (from upper level)
   INVX: 0 # Downgrades (from upper level)
   FWD: 0 # Forwards (from upper level)
   latGETnl: 868957 # GET request latency on next level
   latGETnet: 0 # GET request latency on network to next level
  l1i-2: # Filter cache stats
   fhGETS: 216610701 # Filtered GETS hits
   fhGETX: 0 # Filtered GETX hits
   hGETS: 0 # GETS hits
   hGETX: 0 # GETX hits
   mGETS: 47112 # GETS misses
   mGETXIM: 0 # GETX I->M misses
   mGETXSM: 0 # GETX S->M misses (upgrade misses)
   PUTS: 0 # Clean evictions (from lower level)
   PUTX: 0 # Dirty evictions (from lower level)
   INV: 0 # Invalidates (from upper level)
   INVX: 0 # Downgrades (from upper level)
   FWD: 0 # Forwards (from upper level)
   latGETnl: 855671 # GET request latency on next level
   latGETnet: 0 # GET request latency on network to next level
  l1i-3: # Filter cache stats
   fhGETS: 216721819 # Filtered GETS hits
   fhGETX: 0 # Filtered GETX hits
   hGETS: 0 # GETS hits
   hGETX: 0 # GETX hits
   mGETS: 47051 # GETS misses
   mGETXIM: 0 # GETX I->M misses
   mGETXSM: 0 # GETX S->M misses (upgrade misses)
   PUTS: 0 # Clean evictions (from lower level)
   PUTX: 0 # Dirty evictions (from lower level)
   INV: 0 # Invalidates (from upper level)
   INVX: 0 # Downgrades (from upper level)
   FWD: 0 # Forwards (from upper level)
   latGETnl: 855054 # GET request latency on next level
   latGETnet: 0 # GET request latency on network to next level
 l1d: # Cache stats
  l1d-0: # Filter cache stats
   fhGETS: 230465308 # Filtered GETS hits
   fhGETX: 56105963 # Filtered GETX hits
   hGETS: 1443 # GETS hits
   hGETX: 24247573 # GETX hits
   mGETS: 60362251 # GETS misses
   mGETXIM: 10558383 # GETX I->M misses
   mGETXSM: 2288 # GETX S->M misses (upgrade misses)
   PUTS: 0 # Clean evictions (from lower level)
   PUTX: 0 # Dirty evictions (from lower level)
   INV: 100 # Invalidates (from upper level)
   INVX: 2453 # Downgrades (from upper level)
   FWD: 0 # Forwards (from upper level)
   latGETnl: 1288513880 # GET request latency on next level
   latGETnet: 0 # GET request latency on network to next level
  l1d-1: # Filter cache stats
   fhGETS: 230135512 # Filtered GETS hits
   fhGETX: 56109445 # Filtered GETX hits
   hGETS: 52 # GETS hits
   hGETX: 23899493 # GETX hits
   mGETS: 59577327 # GETS misses
   mGETXIM: 10594276 # GETX I->M misses
   mGETXSM: 206 # GETX S->M misses (upgrade misses)
   PUTS: 0 # Clean evictions (from lower level)
   PUTX: 0 # Dirty evictions (from lower level)
   INV: 1007 # Invalidates (from upper level)
   INVX: 1459 # Downgrades (from upper level)
   FWD: 0 # Forwards (from upper level)
   latGETnl: 1276043461 # GET request latency on next level
   latGETnet: 0 # GET request latency on network to next level
  l1d-2: # Filter cache stats
   fhGETS: 228415972 # Filtered GETS hits
   fhGETX: 55910468 # Filtered GETX hits
   hGETS: 73 # GETS hits
   hGETX: 24037682 # GETX hits
   mGETS: 60715368 # GETS misses
   mGETXIM: 10591531 # GETX I->M misses
   mGETXSM: 323 # GETX S->M misses (upgrade misses)
   PUTS: 0 # Clean evictions (from lower level)
   PUTX: 0 # Dirty evictions (from lower level)
   INV: 1092 # Invalidates (from upper level)
   INVX: 1068 # Downgrades (from upper level)
   FWD: 0 # Forwards (from upper level)
   latGETnl: 1295249832 # GET request latency on next level
   latGETnet: 0 # GET request latency on network to next level
  l1d-3: # Filter cache stats
   fhGETS: 228560438 # Filtered GETS hits
   fhGETX: 55932320 # Filtered GETX hits
   hGETS: 82 # GETS hits
   hGETX: 24043275 # GETX hits
   mGETS: 60710335 # GETS misses
   mGETXIM: 10602371 # GETX I->M misses
   mGETXSM: 318 # GETX S->M misses (upgrade misses)
   PUTS: 0 # Clean evictions (from lower level)
   PUTX: 0 # Dirty evictions (from lower level)
   INV: 1110 # Invalidates (from upper level)
   INVX: 856 # Downgrades (from upper level)
   FWD: 0 # Forwards (from upper level)
   latGETnl: 1295073017 # GET request latency on next level
   latGETnet: 0 # GET request latency on network to next level
 l2: # Cache stats
  l2-0: # Cache stats
   hGETS: 60380227 # GETS hits
   hGETX: 10544267 # GETX hits
   mGETS: 28831 # GETS misses
   mGETXIM: 13929 # GETX I->M misses
   mGETXSM: 2475 # GETX S->M misses (upgrade misses)
   PUTS: 36160039 # Clean evictions (from lower level)
   PUTX: 34807174 # Dirty evictions (from lower level)
   INV: 654 # Invalidates (from upper level)
   INVX: 6457 # Downgrades (from upper level)
   FWD: 0 # Forwards (from upper level)
   latGETnl: 11949308 # GET request latency on next level
   latGETnet: 0 # GET request latency on network to next level
  l2-1: # Cache stats
   hGETS: 59592833 # GETS hits
   hGETX: 10580326 # GETX hits
   mGETS: 30285 # GETS misses
   mGETXIM: 13916 # GETX I->M misses
   mGETXSM: 240 # GETX S->M misses (upgrade misses)
   PUTS: 35722348 # Clean evictions (from lower level)
   PUTX: 34493911 # Dirty evictions (from lower level)
   INV: 2186 # Invalidates (from upper level)
   INVX: 7690 # Downgrades (from upper level)
   FWD: 0 # Forwards (from upper level)
   latGETnl: 12995618 # GET request latency on next level
   latGETnet: 0 # GET request latency on network to next level
  l2-2: # Cache stats
   hGETS: 60732274 # GETS hits
   hGETX: 10577634 # GETX hits
   mGETS: 30206 # GETS misses
   mGETXIM: 13896 # GETX I->M misses
   mGETXSM: 324 # GETX S->M misses (upgrade misses)
   PUTS: 36723321 # Clean evictions (from lower level)
   PUTX: 34629470 # Dirty evictions (from lower level)
   INV: 2222 # Invalidates (from upper level)
   INVX: 4097 # Downgrades (from upper level)
   FWD: 0 # Forwards (from upper level)
   latGETnl: 11727491 # GET request latency on next level
   latGETnet: 0 # GET request latency on network to next level
  l2-3: # Cache stats
   hGETS: 60727198 # GETS hits
   hGETX: 10588426 # GETX hits
   mGETS: 30188 # GETS misses
   mGETXIM: 13900 # GETX I->M misses
   mGETXSM: 363 # GETX S->M misses (upgrade misses)
   PUTS: 36712589 # Clean evictions (from lower level)
   PUTX: 34645930 # Dirty evictions (from lower level)
   INV: 2217 # Invalidates (from upper level)
   INVX: 3187 # Downgrades (from upper level)
   FWD: 0 # Forwards (from upper level)
   latGETnl: 11446721 # GET request latency on next level
   latGETnet: 0 # GET request latency on network to next level
 l3: # Cache stats
  l3-0: # Cache stats
   hGETS: 61195 # GETS hits
   hGETX: 3748 # GETX hits
   mGETS: 58315 # GETS misses
   mGETXIM: 55295 # GETX I->M misses
   mGETXSM: 0 # GETX S->M misses (upgrade misses)
   PUTS: 0 # Clean evictions (from lower level)
   PUTX: 0 # Dirty evictions (from lower level)
   INV: 0 # Invalidates (from upper level)
   INVX: 0 # Downgrades (from upper level)
   FWD: 0 # Forwards (from upper level)
   latGETnl: 42992010 # GET request latency on next level
   latGETnet: 0 # GET request latency on network to next level
 mem: # Memory controller stats
  mem-0: # Memory controller stats
   rd: 113610 # Read requests
   wr: 0 # Write requests
   rdlat: 42992010 # Total latency experienced by read requests
   wrlat: 0 # Total latency experienced by write requests
   load: 4427 # Sum of load factors (0-100) per update
   ups: 313 # Number of latency updates
   clampedLoads: 0 # Number of updates where the load was clamped to 95%
 sched: # Scheduler stats
  thCr: 4 # Threads created
  thFn: 0 # Threads finished
  schedEvs: 4 # Schedule events
  waitEvs: 0 # Wait events
  handoffEvs: 0 # Handoff events
  sleepEvs: 0 # Sleep events
  idlePhases: 0 # Phases with no thread active
  idlePeriods: 0 # Periods with no thread active
  occHist: # Occupancy histogram
   0: 0
   1: 1
   2: 0
   3: 0
   4: 8372
  rqSzHist: # Run queue size histogram
   0: 8373
   1: 0
   2: 0
   3: 0
   4: 0
   5: 0
   6: 0
   7: 0
   8: 0
   9: 0
   10: 0
   11: 0
   12: 0
   13: 0
   14: 0
   15: 0
   16: 0
 heartbeats: # Per-process heartbeats
  0: 0
  1: 0
  2: 0
  3: 0
  4: 0
  5: 0
  6: 0
  7: 0
  8: 0
  9: 0
  10: 0
  11: 0
  12: 0
  13: 0
  14: 0
  15: 0
  16: 0
  17: 0
  18: 0
  19: 0
  20: 0
  21: 0
  22: 0
  23: 0
  24: 0
  25: 0
  26: 0
  27: 0
  28: 0
  29: 0
  30: 0
  31: 0
  32: 0
  33: 0
  34: 0
  35: 0
  36: 0
  37: 0
  38: 0
  39: 0
  40: 0
  41: 0
  42: 0
  43: 0
  44: 0
  45: 0
  46: 0
  47: 0
  48: 0
  49: 0
  50: 0
  51: 0
  52: 0
  53: 0
  54: 0
  55: 0
  56: 0
  57: 0
  58: 0
  59: 0
  60: 0
  61: 0
  62: 0
  63: 0
===
