# zsim stats
===
root: # Stats
 contention: # Contention simulation stats
  domain-0: # Domain stats
   time: 417089700 # Weave simulation time
 time: # Simulator time breakdown
  init: 20616205025
  bound: 651860227928
  weave: 1386320007
  ff: 0
 trigger: 20000 # Reason for this stats dump
 phase: 7770 # Simulated phases
 core: # Core stats
  core-0: # Core stats
   cycles: 775728317 # Simulated unhalted cycles
   cCycles: 0 # Cycles due to contention stalls
   instrs: 1243210722 # Simulated instructions
   uops: 1272701931 # Retired micro-ops
   bbls: 199609385 # Basic blocks
   approxInstrs: 15120122 # Instrs with approx uop decoding
   mispredBranches: 10388 # Mispredicted branches
   fetchStalls: 195642 # Fetch stalls
   decodeStalls: 322912011 # Decode stalls
   issueStalls: 47588316 # Issue stalls
  core-1: # Core stats
   cycles: 776058753 # Simulated unhalted cycles
   cCycles: 0 # Cycles due to contention stalls
   instrs: 1252716162 # Simulated instructions
   uops: 1281930281 # Retired micro-ops
   bbls: 201297106 # Basic blocks
   approxInstrs: 15243216 # Instrs with approx uop decoding
   mispredBranches: 10270 # Mispredicted branches
   fetchStalls: 182941 # Fetch stalls
   decodeStalls: 325129290 # Decode stalls
   issueStalls: 49911072 # Issue stalls
  core-2: # Core stats
   cycles: 777000005 # Simulated unhalted cycles
   cCycles: 0 # Cycles due to contention stalls
   instrs: 1256791692 # Simulated instructions
   uops: 1286070712 # Retired micro-ops
   bbls: 201943184 # Basic blocks
   approxInstrs: 15300004 # Instrs with approx uop decoding
   mispredBranches: 10350 # Mispredicted branches
   fetchStalls: 196859 # Fetch stalls
   decodeStalls: 326155711 # Decode stalls
   issueStalls: 51339229 # Issue stalls
  core-3: # Core stats
   cycles: 775769976 # Simulated unhalted cycles
   cCycles: 0 # Cycles due to contention stalls
   instrs: 1247618934 # Simulated instructions
   uops: 1277364959 # Retired micro-ops
   bbls: 200293572 # Basic blocks
   approxInstrs: 15160119 # Instrs with approx uop decoding
   mispredBranches: 10477 # Mispredicted branches
   fetchStalls: 185033 # Fetch stalls
   decodeStalls: 324170923 # Decode stalls
   issueStalls: 49372375 # Issue stalls
 l1i: # Cache stats
  l1i-0: # Filter cache stats
   fhGETS: 216057089 # Filtered GETS hits
   fhGETX: 0 # Filtered GETX hits
   hGETS: 46668 # GETS hits
   hGETX: 0 # GETX hits
   mGETS: 483 # GETS misses
   mGETXIM: 0 # GETX I->M misses
   mGETXSM: 0 # GETX S->M misses (upgrade misses)
   PUTS: 0 # Clean evictions (from lower level)
   PUTX: 0 # Dirty evictions (from lower level)
   INV: 0 # Invalidates (from upper level)
   INVX: 0 # Downgrades (from upper level)
   FWD: 0 # Forwards (from upper level)
   latGETnl: 36502 # GET request latency on next level
   latGETnet: 0 # GET request latency on network to next level
  l1i-1: # Filter cache stats
   fhGETS: 217866023 # Filtered GETS hits
   fhGETX: 0 # Filtered GETX hits
   hGETS: 46613 # GETS hits
   hGETX: 0 # GETX hits
   mGETS: 414 # GETS misses
   mGETXIM: 0 # GETX I->M misses
   mGETXSM: 0 # GETX S->M misses (upgrade misses)
   PUTS: 0 # Clean evictions (from lower level)
   PUTX: 0 # Dirty evictions (from lower level)
   INV: 0 # Invalidates (from upper level)
   INVX: 0 # Downgrades (from upper level)
   FWD: 0 # Forwards (from upper level)
   latGETnl: 16236 # GET request latency on next level
   latGETnet: 0 # GET request latency on network to next level
  l1i-2: # Filter cache stats
   fhGETS: 218571769 # Filtered GETS hits
   fhGETX: 0 # Filtered GETX hits
   hGETS: 45482 # GETS hits
   hGETX: 0 # GETX hits
   mGETS: 584 # GETS misses
   mGETXIM: 0 # GETX I->M misses
   mGETXSM: 0 # GETX S->M misses (upgrade misses)
   PUTS: 0 # Clean evictions (from lower level)
   PUTX: 0 # Dirty evictions (from lower level)
   INV: 0 # Invalidates (from upper level)
   INVX: 0 # Downgrades (from upper level)
   FWD: 0 # Forwards (from upper level)
   latGETnl: 47569 # GET request latency on next level
   latGETnet: 0 # GET request latency on network to next level
  l1i-3: # Filter cache stats
   fhGETS: 216801715 # Filtered GETS hits
   fhGETX: 0 # Filtered GETX hits
   hGETS: 46631 # GETS hits
   hGETX: 0 # GETX hits
   mGETS: 437 # GETS misses
   mGETXIM: 0 # GETX I->M misses
   mGETXSM: 0 # GETX S->M misses (upgrade misses)
   PUTS: 0 # Clean evictions (from lower level)
   PUTX: 0 # Dirty evictions (from lower level)
   INV: 0 # Invalidates (from upper level)
   INVX: 0 # Downgrades (from upper level)
   FWD: 0 # Forwards (from upper level)
   latGETnl: 14993 # GET request latency on next level
   latGETnet: 0 # GET request latency on network to next level
 l1d: # Cache stats
  l1d-0: # Filter cache stats
   fhGETS: 162999419 # Filtered GETS hits
   fhGETX: 34188377 # Filtered GETX hits
   hGETS: 71166763 # GETS hits
   hGETX: 46722429 # GETX hits
   mGETS: 54192492 # GETS misses
   mGETXIM: 9277193 # GETX I->M misses
   mGETXSM: 304 # GETX S->M misses (upgrade misses)
   PUTS: 0 # Clean evictions (from lower level)
   PUTX: 0 # Dirty evictions (from lower level)
   INV: 109 # Invalidates (from upper level)
   INVX: 1104 # Downgrades (from upper level)
   FWD: 0 # Forwards (from upper level)
   latGETnl: 1024532994 # GET request latency on next level
   latGETnet: 0 # GET request latency on network to next level
  l1d-1: # Filter cache stats
   fhGETS: 229488910 # Filtered GETS hits
   fhGETX: 55975316 # Filtered GETX hits
   hGETS: 10306587 # GETS hits
   hGETX: 25473268 # GETX hits
   mGETS: 50332724 # GETS misses
   mGETXIM: 9268842 # GETX I->M misses
   mGETXSM: 313 # GETX S->M misses (upgrade misses)
   PUTS: 0 # Clean evictions (from lower level)
   PUTX: 0 # Dirty evictions (from lower level)
   INV: 122 # Invalidates (from upper level)
   INVX: 1528 # Downgrades (from upper level)
   FWD: 0 # Forwards (from upper level)
   latGETnl: 963198617 # GET request latency on next level
   latGETnet: 0 # GET request latency on network to next level
  l1d-2: # Filter cache stats
   fhGETS: 230905586 # Filtered GETS hits
   fhGETX: 56257561 # Filtered GETX hits
   hGETS: 9923766 # GETS hits
   hGETX: 25445384 # GETX hits
   mGETS: 50203431 # GETS misses
   mGETXIM: 9290384 # GETX I->M misses
   mGETXSM: 195 # GETX S->M misses (upgrade misses)
   PUTS: 0 # Clean evictions (from lower level)
   PUTX: 0 # Dirty evictions (from lower level)
   INV: 81 # Invalidates (from upper level)
   INVX: 2429 # Downgrades (from upper level)
   FWD: 0 # Forwards (from upper level)
   latGETnl: 962679007 # GET request latency on next level
   latGETnet: 0 # GET request latency on network to next level
  l1d-3: # Filter cache stats
   fhGETS: 221765284 # Filtered GETS hits
   fhGETX: 48976132 # Filtered GETX hits
   hGETS: 17363767 # GETS hits
   hGETX: 31884772 # GETX hits
   mGETS: 50328767 # GETS misses
   mGETXIM: 9750906 # GETX I->M misses
   mGETXSM: 316 # GETX S->M misses (upgrade misses)
   PUTS: 0 # Clean evictions (from lower level)
   PUTX: 0 # Dirty evictions (from lower level)
   INV: 109 # Invalidates (from upper level)
   INVX: 1053 # Downgrades (from upper level)
   FWD: 0 # Forwards (from upper level)
   latGETnl: 970565068 # GET request latency on next level
   latGETnet: 0 # GET request latency on network to next level
 l2: # Cache stats
  l2-0: # Cache stats
   hGETS: 54164400 # GETS hits
   hGETX: 9263121 # GETX hits
   mGETS: 28575 # GETS misses
   mGETXIM: 13936 # GETX I->M misses
   mGETXSM: 440 # GETX S->M misses (upgrade misses)
   PUTS: 30436025 # Clean evictions (from lower level)
   PUTX: 33033787 # Dirty evictions (from lower level)
   INV: 565 # Invalidates (from upper level)
   INVX: 2411 # Downgrades (from upper level)
   FWD: 0 # Forwards (from upper level)
   latGETnl: 9041944 # GET request latency on next level
   latGETnet: 0 # GET request latency on network to next level
  l2-1: # Cache stats
   hGETS: 50304381 # GETS hits
   hGETX: 9254660 # GETX hits
   mGETS: 28757 # GETS misses
   mGETXIM: 13962 # GETX I->M misses
   mGETXSM: 533 # GETX S->M misses (upgrade misses)
   PUTS: 27455939 # Clean evictions (from lower level)
   PUTX: 32145677 # Dirty evictions (from lower level)
   INV: 848 # Invalidates (from upper level)
   INVX: 4634 # Downgrades (from upper level)
   FWD: 0 # Forwards (from upper level)
   latGETnl: 9578165 # GET request latency on next level
   latGETnet: 0 # GET request latency on network to next level
  l2-2: # Cache stats
   hGETS: 50175166 # GETS hits
   hGETX: 9276238 # GETX hits
   mGETS: 28849 # GETS misses
   mGETXIM: 13913 # GETX I->M misses
   mGETXSM: 428 # GETX S->M misses (upgrade misses)
   PUTS: 27249251 # Clean evictions (from lower level)
   PUTX: 32244816 # Dirty evictions (from lower level)
   INV: 723 # Invalidates (from upper level)
   INVX: 9048 # Downgrades (from upper level)
   FWD: 0 # Forwards (from upper level)
   latGETnl: 10813072 # GET request latency on next level
   latGETnet: 0 # GET request latency on network to next level
  l2-3: # Cache stats
   hGETS: 50300564 # GETS hits
   hGETX: 9736960 # GETX hits
   mGETS: 28640 # GETS misses
   mGETXIM: 13915 # GETX I->M misses
   mGETXSM: 347 # GETX S->M misses (upgrade misses)
   PUTS: 27558903 # Clean evictions (from lower level)
   PUTX: 32520856 # Dirty evictions (from lower level)
   INV: 683 # Invalidates (from upper level)
   INVX: 3579 # Downgrades (from upper level)
   FWD: 0 # Forwards (from upper level)
   latGETnl: 9293245 # GET request latency on next level
   latGETnet: 0 # GET request latency on network to next level
 l3: # Cache stats
  l3-0: # Cache stats
   hGETS: 56508 # GETS hits
   hGETX: 2220 # GETX hits
   mGETS: 58313 # GETS misses
   mGETXIM: 55254 # GETX I->M misses
   mGETXSM: 0 # GETX S->M misses (upgrade misses)
   PUTS: 0 # Clean evictions (from lower level)
   PUTX: 0 # Dirty evictions (from lower level)
   INV: 0 # Invalidates (from upper level)
   INVX: 0 # Downgrades (from upper level)
   FWD: 0 # Forwards (from upper level)
   latGETnl: 34387409 # GET request latency on next level
   latGETnet: 0 # GET request latency on network to next level
 mem: # Memory controller stats
  mem-0: # Memory controller stats
   rd: 113567 # Read requests
   wr: 0 # Write requests
   rdlat: 34387409 # Total latency experienced by read requests
   wrlat: 0 # Total latency experienced by write requests
   load: 3569 # Sum of load factors (0-100) per update
   ups: 292 # Number of latency updates
   clampedLoads: 0 # Number of updates where the load was clamped to 95%
 sched: # Scheduler stats
  thCr: 4 # Threads created
  thFn: 0 # Threads finished
  schedEvs: 4 # Schedule events
  waitEvs: 0 # Wait events
  handoffEvs: 0 # Handoff events
  sleepEvs: 0 # Sleep events
  idlePhases: 0 # Phases with no thread active
  idlePeriods: 0 # Periods with no thread active
  occHist: # Occupancy histogram
   0: 0
   1: 0
   2: 0
   3: 0
   4: 7770
  rqSzHist: # Run queue size histogram
   0: 7770
   1: 0
   2: 0
   3: 0
   4: 0
   5: 0
   6: 0
   7: 0
   8: 0
   9: 0
   10: 0
   11: 0
   12: 0
   13: 0
   14: 0
   15: 0
   16: 0
 heartbeats: # Per-process heartbeats
  0: 0
  1: 0
  2: 0
  3: 0
  4: 0
  5: 0
  6: 0
  7: 0
  8: 0
  9: 0
  10: 0
  11: 0
  12: 0
  13: 0
  14: 0
  15: 0
  16: 0
  17: 0
  18: 0
  19: 0
  20: 0
  21: 0
  22: 0
  23: 0
  24: 0
  25: 0
  26: 0
  27: 0
  28: 0
  29: 0
  30: 0
  31: 0
  32: 0
  33: 0
  34: 0
  35: 0
  36: 0
  37: 0
  38: 0
  39: 0
  40: 0
  41: 0
  42: 0
  43: 0
  44: 0
  45: 0
  46: 0
  47: 0
  48: 0
  49: 0
  50: 0
  51: 0
  52: 0
  53: 0
  54: 0
  55: 0
  56: 0
  57: 0
  58: 0
  59: 0
  60: 0
  61: 0
  62: 0
  63: 0
===
