# zsim stats
===
root: # Stats
 contention: # Contention simulation stats
  domain-0: # Domain stats
   time: 484874847 # Weave simulation time
 time: # Simulator time breakdown
  init: 20775684333
  bound: 713111303411
  weave: 1565604969
  ff: 0
 trigger: 20000 # Reason for this stats dump
 phase: 8641 # Simulated phases
 core: # Core stats
  core-0: # Core stats
   cycles: 863321772 # Simulated unhalted cycles
   cCycles: 0 # Cycles due to contention stalls
   instrs: 1242457231 # Simulated instructions
   uops: 1271598275 # Retired micro-ops
   bbls: 199586657 # Basic blocks
   approxInstrs: 15120122 # Instrs with approx uop decoding
   mispredBranches: 10264 # Mispredicted branches
   fetchStalls: 911061 # Fetch stalls
   decodeStalls: 322539420 # Decode stalls
   issueStalls: 32797060 # Issue stalls
  core-1: # Core stats
   cycles: 863223654 # Simulated unhalted cycles
   cCycles: 0 # Cycles due to contention stalls
   instrs: 1234676046 # Simulated instructions
   uops: 1263331186 # Retired micro-ops
   bbls: 198427347 # Basic blocks
   approxInstrs: 15040118 # Instrs with approx uop decoding
   mispredBranches: 10141 # Mispredicted branches
   fetchStalls: 902100 # Fetch stalls
   decodeStalls: 320381866 # Decode stalls
   issueStalls: 36166754 # Issue stalls
  core-2: # Core stats
   cycles: 863134713 # Simulated unhalted cycles
   cCycles: 0 # Cycles due to contention stalls
   instrs: 1241602123 # Simulated instructions
   uops: 1271053019 # Retired micro-ops
   bbls: 199353700 # Basic blocks
   approxInstrs: 15100118 # Instrs with approx uop decoding
   mispredBranches: 10349 # Mispredicted branches
   fetchStalls: 894176 # Fetch stalls
   decodeStalls: 322496135 # Decode stalls
   issueStalls: 32883793 # Issue stalls
  core-3: # Core stats
   cycles: 864100005 # Simulated unhalted cycles
   cCycles: 0 # Cycles due to contention stalls
   instrs: 1281513616 # Simulated instructions
   uops: 1311979185 # Retired micro-ops
   bbls: 205742980 # Basic blocks
   approxInstrs: 15580004 # Instrs with approx uop decoding
   mispredBranches: 10724 # Mispredicted branches
   fetchStalls: 895616 # Fetch stalls
   decodeStalls: 332922725 # Decode stalls
   issueStalls: 42797262 # Issue stalls
 l1i: # Cache stats
  l1i-0: # Filter cache stats
   fhGETS: 216023938 # Filtered GETS hits
   fhGETX: 0 # Filtered GETX hits
   hGETS: 0 # GETS hits
   hGETX: 0 # GETX hits
   mGETS: 47073 # GETS misses
   mGETXIM: 0 # GETX I->M misses
   mGETXSM: 0 # GETX S->M misses (upgrade misses)
   PUTS: 0 # Clean evictions (from lower level)
   PUTX: 0 # Dirty evictions (from lower level)
   INV: 0 # Invalidates (from upper level)
   INVX: 0 # Downgrades (from upper level)
   FWD: 0 # Forwards (from upper level)
   latGETnl: 796430 # GET request latency on next level
   latGETnet: 0 # GET request latency on network to next level
  l1i-1: # Filter cache stats
   fhGETS: 214765996 # Filtered GETS hits
   fhGETX: 0 # Filtered GETX hits
   hGETS: 0 # GETS hits
   hGETX: 0 # GETX hits
   mGETS: 47044 # GETS misses
   mGETXIM: 0 # GETX I->M misses
   mGETXSM: 0 # GETX S->M misses (upgrade misses)
   PUTS: 0 # Clean evictions (from lower level)
   PUTX: 0 # Dirty evictions (from lower level)
   INV: 0 # Invalidates (from upper level)
   INVX: 0 # Downgrades (from upper level)
   FWD: 0 # Forwards (from upper level)
   latGETnl: 790693 # GET request latency on next level
   latGETnet: 0 # GET request latency on network to next level
  l1i-2: # Filter cache stats
   fhGETS: 215781323 # Filtered GETS hits
   fhGETX: 0 # Filtered GETX hits
   hGETS: 0 # GETS hits
   hGETX: 0 # GETX hits
   mGETS: 47059 # GETS misses
   mGETXIM: 0 # GETX I->M misses
   mGETXSM: 0 # GETX S->M misses (upgrade misses)
   PUTS: 0 # Clean evictions (from lower level)
   PUTX: 0 # Dirty evictions (from lower level)
   INV: 0 # Invalidates (from upper level)
   INVX: 0 # Downgrades (from upper level)
   FWD: 0 # Forwards (from upper level)
   latGETnl: 758719 # GET request latency on next level
   latGETnet: 0 # GET request latency on network to next level
  l1i-3: # Filter cache stats
   fhGETS: 222703061 # Filtered GETS hits
   fhGETX: 0 # Filtered GETX hits
   hGETS: 0 # GETS hits
   hGETX: 0 # GETX hits
   mGETS: 46127 # GETS misses
   mGETXIM: 0 # GETX I->M misses
   mGETXSM: 0 # GETX S->M misses (upgrade misses)
   PUTS: 0 # Clean evictions (from lower level)
   PUTX: 0 # Dirty evictions (from lower level)
   INV: 0 # Invalidates (from upper level)
   INVX: 0 # Downgrades (from upper level)
   FWD: 0 # Forwards (from upper level)
   latGETnl: 756468 # GET request latency on next level
   latGETnet: 0 # GET request latency on network to next level
 l1d: # Cache stats
  l1d-0: # Filter cache stats
   fhGETS: 162738534 # Filtered GETS hits
   fhGETX: 34039451 # Filtered GETX hits
   hGETS: 87 # GETS hits
   hGETX: 45575814 # GETX hits
   mGETS: 125147363 # GETS misses
   mGETXIM: 10400410 # GETX I->M misses
   mGETXSM: 214 # GETX S->M misses (upgrade misses)
   PUTS: 0 # Clean evictions (from lower level)
   PUTX: 0 # Dirty evictions (from lower level)
   INV: 114 # Invalidates (from upper level)
   INVX: 1067 # Downgrades (from upper level)
   FWD: 0 # Forwards (from upper level)
   latGETnl: 2180625240 # GET request latency on next level
   latGETnet: 0 # GET request latency on network to next level
  l1d-1: # Filter cache stats
   fhGETS: 204336969 # Filtered GETS hits
   fhGETX: 48023802 # Filtered GETX hits
   hGETS: 76 # GETS hits
   hGETX: 30990256 # GETX hits
   mGETS: 81404014 # GETS misses
   mGETXIM: 10365637 # GETX I->M misses
   mGETXSM: 306 # GETX S->M misses (upgrade misses)
   PUTS: 0 # Clean evictions (from lower level)
   PUTX: 0 # Dirty evictions (from lower level)
   INV: 115 # Invalidates (from upper level)
   INVX: 916 # Downgrades (from upper level)
   FWD: 0 # Forwards (from upper level)
   latGETnl: 1479915702 # GET request latency on next level
   latGETnet: 0 # GET request latency on network to next level
  l1d-2: # Filter cache stats
   fhGETS: 206564531 # Filtered GETS hits
   fhGETX: 51551333 # Filtered GETX hits
   hGETS: 97 # GETS hits
   hGETX: 28087853 # GETX hits
   mGETS: 81398288 # GETS misses
   mGETXIM: 10443074 # GETX I->M misses
   mGETXSM: 316 # GETX S->M misses (upgrade misses)
   PUTS: 0 # Clean evictions (from lower level)
   PUTX: 0 # Dirty evictions (from lower level)
   INV: 122 # Invalidates (from upper level)
   INVX: 879 # Downgrades (from upper level)
   FWD: 0 # Forwards (from upper level)
   latGETnl: 1480881059 # GET request latency on next level
   latGETnet: 0 # GET request latency on network to next level
  l1d-3: # Filter cache stats
   fhGETS: 228719581 # Filtered GETS hits
   fhGETX: 50376623 # Filtered GETX hits
   hGETS: 71 # GETS hits
   hGETX: 24571163 # GETX hits
   mGETS: 68557598 # GETS misses
   mGETXIM: 18077241 # GETX I->M misses
   mGETXSM: 202 # GETX S->M misses (upgrade misses)
   PUTS: 0 # Clean evictions (from lower level)
   PUTX: 0 # Dirty evictions (from lower level)
   INV: 61 # Invalidates (from upper level)
   INVX: 1511 # Downgrades (from upper level)
   FWD: 0 # Forwards (from upper level)
   latGETnl: 1399080062 # GET request latency on next level
   latGETnet: 0 # GET request latency on network to next level
 l2: # Cache stats
  l2-0: # Cache stats
   hGETS: 125165823 # GETS hits
   hGETX: 10386246 # GETX hits
   mGETS: 28613 # GETS misses
   mGETXIM: 13931 # GETX I->M misses
   mGETXSM: 447 # GETX S->M misses (upgrade misses)
   PUTS: 79618246 # Clean evictions (from lower level)
   PUTX: 55976358 # Dirty evictions (from lower level)
   INV: 607 # Invalidates (from upper level)
   INVX: 4595 # Downgrades (from upper level)
   FWD: 0 # Forwards (from upper level)
   latGETnl: 11900710 # GET request latency on next level
   latGETnet: 0 # GET request latency on network to next level
  l2-1: # Cache stats
   hGETS: 81422390 # GETS hits
   hGETX: 10351739 # GETX hits
   mGETS: 28668 # GETS misses
   mGETXIM: 13898 # GETX I->M misses
   mGETXSM: 306 # GETX S->M misses (upgrade misses)
   PUTS: 50460307 # Clean evictions (from lower level)
   PUTX: 41356145 # Dirty evictions (from lower level)
   INV: 559 # Invalidates (from upper level)
   INVX: 3685 # Downgrades (from upper level)
   FWD: 0 # Forwards (from upper level)
   latGETnl: 11634379 # GET request latency on next level
   latGETnet: 0 # GET request latency on network to next level
  l2-2: # Cache stats
   hGETS: 81416791 # GETS hits
   hGETX: 10429132 # GETX hits
   mGETS: 28556 # GETS misses
   mGETXIM: 13899 # GETX I->M misses
   mGETXSM: 359 # GETX S->M misses (upgrade misses)
   PUTS: 53357018 # Clean evictions (from lower level)
   PUTX: 38531153 # Dirty evictions (from lower level)
   INV: 586 # Invalidates (from upper level)
   INVX: 3228 # Downgrades (from upper level)
   FWD: 0 # Forwards (from upper level)
   latGETnl: 11419986 # GET request latency on next level
   latGETnet: 0 # GET request latency on network to next level
  l2-3: # Cache stats
   hGETS: 68575090 # GETS hits
   hGETX: 18063334 # GETX hits
   mGETS: 28635 # GETS misses
   mGETXIM: 13906 # GETX I->M misses
   mGETXSM: 203 # GETX S->M misses (upgrade misses)
   PUTS: 44032172 # Clean evictions (from lower level)
   PUTX: 42648605 # Dirty evictions (from lower level)
   INV: 528 # Invalidates (from upper level)
   INVX: 7763 # Downgrades (from upper level)
   FWD: 0 # Forwards (from upper level)
   latGETnl: 12937842 # GET request latency on next level
   latGETnet: 0 # GET request latency on network to next level
 l3: # Cache stats
  l3-0: # Cache stats
   hGETS: 56158 # GETS hits
   hGETX: 1690 # GETX hits
   mGETS: 58314 # GETS misses
   mGETXIM: 55259 # GETX I->M misses
   mGETXSM: 0 # GETX S->M misses (upgrade misses)
   PUTS: 0 # Clean evictions (from lower level)
   PUTX: 0 # Dirty evictions (from lower level)
   INV: 0 # Invalidates (from upper level)
   INVX: 0 # Downgrades (from upper level)
   FWD: 0 # Forwards (from upper level)
   latGETnl: 43081639 # GET request latency on next level
   latGETnet: 0 # GET request latency on network to next level
 mem: # Memory controller stats
  mem-0: # Memory controller stats
   rd: 113573 # Read requests
   wr: 0 # Write requests
   rdlat: 43081639 # Total latency experienced by read requests
   wrlat: 0 # Total latency experienced by write requests
   load: 4420 # Sum of load factors (0-100) per update
   ups: 317 # Number of latency updates
   clampedLoads: 0 # Number of updates where the load was clamped to 95%
 sched: # Scheduler stats
  thCr: 4 # Threads created
  thFn: 0 # Threads finished
  schedEvs: 4 # Schedule events
  waitEvs: 0 # Wait events
  handoffEvs: 0 # Handoff events
  sleepEvs: 0 # Sleep events
  idlePhases: 0 # Phases with no thread active
  idlePeriods: 0 # Periods with no thread active
  occHist: # Occupancy histogram
   0: 0
   1: 0
   2: 0
   3: 0
   4: 8641
  rqSzHist: # Run queue size histogram
   0: 8641
   1: 0
   2: 0
   3: 0
   4: 0
   5: 0
   6: 0
   7: 0
   8: 0
   9: 0
   10: 0
   11: 0
   12: 0
   13: 0
   14: 0
   15: 0
   16: 0
 heartbeats: # Per-process heartbeats
  0: 0
  1: 0
  2: 0
  3: 0
  4: 0
  5: 0
  6: 0
  7: 0
  8: 0
  9: 0
  10: 0
  11: 0
  12: 0
  13: 0
  14: 0
  15: 0
  16: 0
  17: 0
  18: 0
  19: 0
  20: 0
  21: 0
  22: 0
  23: 0
  24: 0
  25: 0
  26: 0
  27: 0
  28: 0
  29: 0
  30: 0
  31: 0
  32: 0
  33: 0
  34: 0
  35: 0
  36: 0
  37: 0
  38: 0
  39: 0
  40: 0
  41: 0
  42: 0
  43: 0
  44: 0
  45: 0
  46: 0
  47: 0
  48: 0
  49: 0
  50: 0
  51: 0
  52: 0
  53: 0
  54: 0
  55: 0
  56: 0
  57: 0
  58: 0
  59: 0
  60: 0
  61: 0
  62: 0
  63: 0
===
