# zsim stats
===
root: # Stats
 contention: # Contention simulation stats
  domain-0: # Domain stats
   time: 3458511295 # Weave simulation time
 time: # Simulator time breakdown
  init: 19851007252
  bound: 1516894360004
  weave: 6142543433
  ff: 0
 trigger: 20000 # Reason for this stats dump
 phase: 77732 # Simulated phases
 core: # Core stats
  core-0: # Core stats
   cycles: 7772391609 # Simulated unhalted cycles
   cCycles: 0 # Cycles due to contention stalls
   instrs: 1203247774 # Simulated instructions
   uops: 1231518065 # Retired micro-ops
   bbls: 193285061 # Basic blocks
   approxInstrs: 14640121 # Instrs with approx uop decoding
   mispredBranches: 10037 # Mispredicted branches
   fetchStalls: 5079664 # Fetch stalls
   decodeStalls: 312407088 # Decode stalls
   issueStalls: 36105307 # Issue stalls
  core-1: # Core stats
   cycles: 7772023119 # Simulated unhalted cycles
   cCycles: 0 # Cycles due to contention stalls
   instrs: 1402902577 # Simulated instructions
   uops: 1436307260 # Retired micro-ops
   bbls: 225194637 # Basic blocks
   approxInstrs: 17060119 # Instrs with approx uop decoding
   mispredBranches: 11796 # Mispredicted branches
   fetchStalls: 7666575 # Fetch stalls
   decodeStalls: 364489794 # Decode stalls
   issueStalls: 52150294 # Issue stalls
  core-2: # Core stats
   cycles: 7772227589 # Simulated unhalted cycles
   cCycles: 0 # Cycles due to contention stalls
   instrs: 1194666864 # Simulated instructions
   uops: 1222607243 # Retired micro-ops
   bbls: 191941081 # Basic blocks
   approxInstrs: 14540118 # Instrs with approx uop decoding
   mispredBranches: 9835 # Mispredicted branches
   fetchStalls: 4856476 # Fetch stalls
   decodeStalls: 310092673 # Decode stalls
   issueStalls: 36959153 # Issue stalls
  core-3: # Core stats
   cycles: 7773200007 # Simulated unhalted cycles
   cCycles: 0 # Cycles due to contention stalls
   instrs: 1199205272 # Simulated instructions
   uops: 1227420718 # Retired micro-ops
   bbls: 192625182 # Basic blocks
   approxInstrs: 14587768 # Instrs with approx uop decoding
   mispredBranches: 9923 # Mispredicted branches
   fetchStalls: 4662000 # Fetch stalls
   decodeStalls: 311389739 # Decode stalls
   issueStalls: 38414190 # Issue stalls
 l1i: # Cache stats
  l1i-0: # Filter cache stats
   fhGETS: 209197884 # Filtered GETS hits
   fhGETX: 0 # Filtered GETX hits
   hGETS: 0 # GETS hits
   hGETX: 0 # GETX hits
   mGETS: 60525 # GETS misses
   mGETXIM: 0 # GETX I->M misses
   mGETXSM: 0 # GETX S->M misses (upgrade misses)
   PUTS: 0 # Clean evictions (from lower level)
   PUTX: 0 # Dirty evictions (from lower level)
   INV: 15616 # Invalidates (from upper level)
   INVX: 0 # Downgrades (from upper level)
   FWD: 0 # Forwards (from upper level)
   latGETnl: 6249694 # GET request latency on next level
   latGETnet: 0 # GET request latency on network to next level
  l1i-1: # Filter cache stats
   fhGETS: 243752871 # Filtered GETS hits
   fhGETX: 0 # Filtered GETX hits
   hGETS: 0 # GETS hits
   hGETX: 0 # GETX hits
   mGETS: 62658 # GETS misses
   mGETXIM: 0 # GETX I->M misses
   mGETXSM: 0 # GETX S->M misses (upgrade misses)
   PUTS: 0 # Clean evictions (from lower level)
   PUTX: 0 # Dirty evictions (from lower level)
   INV: 16842 # Invalidates (from upper level)
   INVX: 0 # Downgrades (from upper level)
   FWD: 0 # Forwards (from upper level)
   latGETnl: 9868155 # GET request latency on next level
   latGETnet: 0 # GET request latency on network to next level
  l1i-2: # Filter cache stats
   fhGETS: 207733201 # Filtered GETS hits
   fhGETX: 0 # Filtered GETX hits
   hGETS: 0 # GETS hits
   hGETX: 0 # GETX hits
   mGETS: 60171 # GETS misses
   mGETXIM: 0 # GETX I->M misses
   mGETXSM: 0 # GETX S->M misses (upgrade misses)
   PUTS: 0 # Clean evictions (from lower level)
   PUTX: 0 # Dirty evictions (from lower level)
   INV: 15395 # Invalidates (from upper level)
   INVX: 0 # Downgrades (from upper level)
   FWD: 0 # Forwards (from upper level)
   latGETnl: 5878411 # GET request latency on next level
   latGETnet: 0 # GET request latency on network to next level
  l1i-3: # Filter cache stats
   fhGETS: 208482712 # Filtered GETS hits
   fhGETX: 0 # Filtered GETX hits
   hGETS: 0 # GETS hits
   hGETX: 0 # GETX hits
   mGETS: 59142 # GETS misses
   mGETXIM: 0 # GETX I->M misses
   mGETXSM: 0 # GETX S->M misses (upgrade misses)
   PUTS: 0 # Clean evictions (from lower level)
   PUTX: 0 # Dirty evictions (from lower level)
   INV: 15468 # Invalidates (from upper level)
   INVX: 0 # Downgrades (from upper level)
   FWD: 0 # Forwards (from upper level)
   latGETnl: 5628567 # GET request latency on next level
   latGETnet: 0 # GET request latency on network to next level
 l1d: # Cache stats
  l1d-0: # Filter cache stats
   fhGETS: 206531809 # Filtered GETS hits
   fhGETX: 53930239 # Filtered GETX hits
   hGETS: 4354 # GETS hits
   hGETX: 23232685 # GETX hits
   mGETS: 72177315 # GETS misses
   mGETXIM: 10081614 # GETX I->M misses
   mGETXSM: 206 # GETX S->M misses (upgrade misses)
   PUTS: 0 # Clean evictions (from lower level)
   PUTX: 0 # Dirty evictions (from lower level)
   INV: 40808 # Invalidates (from upper level)
   INVX: 146349 # Downgrades (from upper level)
   FWD: 0 # Forwards (from upper level)
   latGETnl: 19653773245 # GET request latency on next level
   latGETnet: 0 # GET request latency on network to next level
  l1d-1: # Filter cache stats
   fhGETS: 248768643 # Filtered GETS hits
   fhGETX: 62878548 # Filtered GETX hits
   hGETS: 6612 # GETS hits
   hGETX: 35578403 # GETX hits
   mGETS: 76732461 # GETS misses
   mGETXIM: 3373351 # GETX I->M misses
   mGETXSM: 217 # GETX S->M misses (upgrade misses)
   PUTS: 0 # Clean evictions (from lower level)
   PUTX: 0 # Dirty evictions (from lower level)
   INV: 31800 # Invalidates (from upper level)
   INVX: 225243 # Downgrades (from upper level)
   FWD: 0 # Forwards (from upper level)
   latGETnl: 22883732513 # GET request latency on next level
   latGETnet: 0 # GET request latency on network to next level
  l1d-2: # Filter cache stats
   fhGETS: 206205009 # Filtered GETS hits
   fhGETX: 53626427 # Filtered GETX hits
   hGETS: 4475 # GETS hits
   hGETX: 22928105 # GETX hits
   mGETS: 70480425 # GETS misses
   mGETXIM: 9988214 # GETX I->M misses
   mGETXSM: 209 # GETX S->M misses (upgrade misses)
   PUTS: 0 # Clean evictions (from lower level)
   PUTX: 0 # Dirty evictions (from lower level)
   INV: 37425 # Invalidates (from upper level)
   INVX: 150904 # Downgrades (from upper level)
   FWD: 0 # Forwards (from upper level)
   latGETnl: 19576476795 # GET request latency on next level
   latGETnet: 0 # GET request latency on network to next level
  l1d-3: # Filter cache stats
   fhGETS: 220742740 # Filtered GETS hits
   fhGETX: 53798379 # Filtered GETX hits
   hGETS: 4225 # GETS hits
   hGETX: 23021414 # GETX hits
   mGETS: 57070070 # GETS misses
   mGETXIM: 10160238 # GETX I->M misses
   mGETXSM: 98 # GETX S->M misses (upgrade misses)
   PUTS: 0 # Clean evictions (from lower level)
   PUTX: 0 # Dirty evictions (from lower level)
   INV: 38363 # Invalidates (from upper level)
   INVX: 143102 # Downgrades (from upper level)
   FWD: 0 # Forwards (from upper level)
   latGETnl: 19394789311 # GET request latency on next level
   latGETnet: 0 # GET request latency on network to next level
 l2: # Cache stats
  l2-0: # Cache stats
   hGETS: 45746296 # GETS hits
   hGETX: 7702868 # GETX hits
   mGETS: 26491544 # GETS misses
   mGETXIM: 2378724 # GETX I->M misses
   mGETXSM: 228 # GETX S->M misses (upgrade misses)
   PUTS: 48970214 # Clean evictions (from lower level)
   PUTX: 33292735 # Dirty evictions (from lower level)
   INV: 28758748 # Invalidates (from upper level)
   INVX: 1748014 # Downgrades (from upper level)
   FWD: 0 # Forwards (from upper level)
   latGETnl: 18589867359 # GET request latency on next level
   latGETnet: 0 # GET request latency on network to next level
  l2-1: # Cache stats
   hGETS: 45522184 # GETS hits
   hGETX: 2903047 # GETX hits
   mGETS: 31272935 # GETS misses
   mGETXIM: 470282 # GETX I->M misses
   mGETXSM: 239 # GETX S->M misses (upgrade misses)
   PUTS: 41182065 # Clean evictions (from lower level)
   PUTX: 38937683 # Dirty evictions (from lower level)
   INV: 31452606 # Invalidates (from upper level)
   INVX: 3034423 # Downgrades (from upper level)
   FWD: 0 # Forwards (from upper level)
   latGETnl: 21851407737 # GET request latency on next level
   latGETnet: 0 # GET request latency on network to next level
  l2-2: # Cache stats
   hGETS: 44191738 # GETS hits
   hGETX: 7578044 # GETX hits
   mGETS: 26348858 # GETS misses
   mGETXIM: 2410166 # GETX I->M misses
   mGETXSM: 213 # GETX S->M misses (upgrade misses)
   PUTS: 47580270 # Clean evictions (from lower level)
   PUTX: 32895641 # Dirty evictions (from lower level)
   INV: 28655558 # Invalidates (from upper level)
   INVX: 1810268 # Downgrades (from upper level)
   FWD: 0 # Forwards (from upper level)
   latGETnl: 18535477959 # GET request latency on next level
   latGETnet: 0 # GET request latency on network to next level
  l2-3: # Cache stats
   hGETS: 30730631 # GETS hits
   hGETX: 7774021 # GETX hits
   mGETS: 26398581 # GETS misses
   mGETXIM: 2386217 # GETX I->M misses
   mGETXSM: 98 # GETX S->M misses (upgrade misses)
   PUTS: 34073717 # Clean evictions (from lower level)
   PUTX: 33161791 # Dirty evictions (from lower level)
   INV: 28705234 # Invalidates (from upper level)
   INVX: 1739575 # Downgrades (from upper level)
   FWD: 0 # Forwards (from upper level)
   latGETnl: 18525653754 # GET request latency on next level
   latGETnet: 0 # GET request latency on network to next level
 l3: # Cache stats
  l3-0: # Cache stats
   hGETS: 20687386 # GETS hits
   hGETX: 1014 # GETX hits
   mGETS: 89824532 # GETS misses
   mGETXIM: 7645153 # GETX I->M misses
   mGETXSM: 0 # GETX S->M misses (upgrade misses)
   PUTS: 497290 # Clean evictions (from lower level)
   PUTX: 12 # Dirty evictions (from lower level)
   INV: 0 # Invalidates (from upper level)
   INVX: 0 # Downgrades (from upper level)
   FWD: 0 # Forwards (from upper level)
   latGETnl: 74791932265 # GET request latency on next level
   latGETnet: 0 # GET request latency on network to next level
 mem: # Memory controller stats
  mem-0: # Memory controller stats
   rd: 97469685 # Read requests
   wr: 46892108 # Write requests
   rdlat: 74791932265 # Total latency experienced by read requests
   wrlat: 35831393368 # Total latency experienced by write requests
   load: 5667169 # Sum of load factors (0-100) per update
   ups: 77730 # Number of latency updates
   clampedLoads: 7154 # Number of updates where the load was clamped to 95%
 sched: # Scheduler stats
  thCr: 4 # Threads created
  thFn: 0 # Threads finished
  schedEvs: 4 # Schedule events
  waitEvs: 0 # Wait events
  handoffEvs: 0 # Handoff events
  sleepEvs: 0 # Sleep events
  idlePhases: 0 # Phases with no thread active
  idlePeriods: 0 # Periods with no thread active
  occHist: # Occupancy histogram
   0: 0
   1: 0
   2: 0
   3: 0
   4: 77732
  rqSzHist: # Run queue size histogram
   0: 77732
   1: 0
   2: 0
   3: 0
   4: 0
   5: 0
   6: 0
   7: 0
   8: 0
   9: 0
   10: 0
   11: 0
   12: 0
   13: 0
   14: 0
   15: 0
   16: 0
 heartbeats: # Per-process heartbeats
  0: 0
  1: 0
  2: 0
  3: 0
  4: 0
  5: 0
  6: 0
  7: 0
  8: 0
  9: 0
  10: 0
  11: 0
  12: 0
  13: 0
  14: 0
  15: 0
  16: 0
  17: 0
  18: 0
  19: 0
  20: 0
  21: 0
  22: 0
  23: 0
  24: 0
  25: 0
  26: 0
  27: 0
  28: 0
  29: 0
  30: 0
  31: 0
  32: 0
  33: 0
  34: 0
  35: 0
  36: 0
  37: 0
  38: 0
  39: 0
  40: 0
  41: 0
  42: 0
  43: 0
  44: 0
  45: 0
  46: 0
  47: 0
  48: 0
  49: 0
  50: 0
  51: 0
  52: 0
  53: 0
  54: 0
  55: 0
  56: 0
  57: 0
  58: 0
  59: 0
  60: 0
  61: 0
  62: 0
  63: 0
===
