# zsim stats
===
root: # Stats
 rdtsc: 63844103422205708 # Host timestamp counter
 trigger: 20000 # Reason for this stats dump
 phase: 27549 # Simulated phases
 core: # Core stats
  core-0: # Core stats
   cycles: 2754900085 # Simulated cycles
   instrs: 1250022304 # Simulated instructions
   uops: 1484300722 # Retired micro-ops
   bbls: 134522227 # Basic blocks
   approxInstrs: 24 # Instrs with approx uop decoding
   mispredBranches: 22895733 # Mispredicted branches
  core-1: # Core stats
   cycles: 2754900059 # Simulated cycles
   instrs: 1250020413 # Simulated instructions
   uops: 1484298017 # Retired micro-ops
   bbls: 134521139 # Basic blocks
   approxInstrs: 5 # Instrs with approx uop decoding
   mispredBranches: 22895412 # Mispredicted branches
  core-2: # Core stats
   cycles: 2754900002 # Simulated cycles
   instrs: 1249988272 # Simulated instructions
   uops: 1484259794 # Retired micro-ops
   bbls: 134517558 # Basic blocks
   approxInstrs: 5 # Instrs with approx uop decoding
   mispredBranches: 22894771 # Mispredicted branches
  core-3: # Core stats
   cycles: 2754900035 # Simulated cycles
   instrs: 1250026654 # Simulated instructions
   uops: 1484305473 # Retired micro-ops
   bbls: 134521862 # Basic blocks
   approxInstrs: 5 # Instrs with approx uop decoding
   mispredBranches: 22895540 # Mispredicted branches
 l1i: # Cache stats
  l1i-0: # Cache stats
   hGETS: 224764910 # GETS hits
   hGETX: 0 # GETX hits
   mGETS: 1185 # GETS misses
   mGETXIM: 0 # GETX I->M misses
   mGETXSM: 0 # GETX S->M misses (upgrade misses)
   PUTS: 0 # Clean evictions (from lower level)
   PUTX: 0 # Dirty evictions (from lower level)
   INV: 1130 # Invalidates (from upper level)
   INVX: 447 # Downgrades (from upper level)
   latGETnl: 95810 # GET request latency on next level
   latGETnet: 0 # GET request latency on network to next level
  l1i-1: # Cache stats
   hGETS: 224764002 # GETS hits
   hGETX: 0 # GETX hits
   mGETS: 1111 # GETS misses
   mGETXIM: 0 # GETX I->M misses
   mGETXSM: 0 # GETX S->M misses (upgrade misses)
   PUTS: 0 # Clean evictions (from lower level)
   PUTX: 0 # Dirty evictions (from lower level)
   INV: 1063 # Invalidates (from upper level)
   INVX: 381 # Downgrades (from upper level)
   latGETnl: 72016 # GET request latency on next level
   latGETnet: 0 # GET request latency on network to next level
  l1i-2: # Cache stats
   hGETS: 224758174 # GETS hits
   hGETX: 0 # GETX hits
   mGETS: 1070 # GETS misses
   mGETXIM: 0 # GETX I->M misses
   mGETXSM: 0 # GETX S->M misses (upgrade misses)
   PUTS: 0 # Clean evictions (from lower level)
   PUTX: 0 # Dirty evictions (from lower level)
   INV: 1022 # Invalidates (from upper level)
   INVX: 45 # Downgrades (from upper level)
   latGETnl: 31282 # GET request latency on next level
   latGETnet: 0 # GET request latency on network to next level
  l1i-3: # Cache stats
   hGETS: 224765163 # GETS hits
   hGETX: 0 # GETX hits
   mGETS: 1111 # GETS misses
   mGETXIM: 0 # GETX I->M misses
   mGETXSM: 0 # GETX S->M misses (upgrade misses)
   PUTS: 0 # Clean evictions (from lower level)
   PUTX: 0 # Dirty evictions (from lower level)
   INV: 1063 # Invalidates (from upper level)
   INVX: 238 # Downgrades (from upper level)
   latGETnl: 60396 # GET request latency on next level
   latGETnet: 0 # GET request latency on network to next level
 l1d: # Cache stats
  l1d-0: # Cache stats
   hGETS: 283112605 # GETS hits
   hGETX: 111977147 # GETX hits
   mGETS: 771140 # GETS misses
   mGETXIM: 196 # GETX I->M misses
   mGETXSM: 2 # GETX S->M misses (upgrade misses)
   PUTS: 0 # Clean evictions (from lower level)
   PUTX: 0 # Dirty evictions (from lower level)
   INV: 4902 # Invalidates (from upper level)
   INVX: 832 # Downgrades (from upper level)
   latGETnl: 104863525 # GET request latency on next level
   latGETnet: 0 # GET request latency on network to next level
  l1d-1: # Cache stats
   hGETS: 283113518 # GETS hits
   hGETX: 111976713 # GETX hits
   mGETS: 769326 # GETS misses
   mGETXIM: 68 # GETX I->M misses
   mGETXSM: 6 # GETX S->M misses (upgrade misses)
   PUTS: 0 # Clean evictions (from lower level)
   PUTX: 0 # Dirty evictions (from lower level)
   INV: 4835 # Invalidates (from upper level)
   INVX: 1078 # Downgrades (from upper level)
   latGETnl: 104863791 # GET request latency on next level
   latGETnet: 0 # GET request latency on network to next level
  l1d-2: # Cache stats
   hGETS: 283103901 # GETS hits
   hGETX: 111973810 # GETX hits
   mGETS: 771542 # GETS misses
   mGETXIM: 58 # GETX I->M misses
   mGETXSM: 3 # GETX S->M misses (upgrade misses)
   PUTS: 0 # Clean evictions (from lower level)
   PUTX: 0 # Dirty evictions (from lower level)
   INV: 4833 # Invalidates (from upper level)
   INVX: 2014 # Downgrades (from upper level)
   latGETnl: 104976030 # GET request latency on next level
   latGETnet: 0 # GET request latency on network to next level
  l1d-3: # Cache stats
   hGETS: 283115054 # GETS hits
   hGETX: 111977250 # GETX hits
   mGETS: 769281 # GETS misses
   mGETXIM: 126 # GETX I->M misses
   mGETXSM: 6 # GETX S->M misses (upgrade misses)
   PUTS: 0 # Clean evictions (from lower level)
   PUTX: 0 # Dirty evictions (from lower level)
   INV: 4856 # Invalidates (from upper level)
   INVX: 1278 # Downgrades (from upper level)
   latGETnl: 104874200 # GET request latency on next level
   latGETnet: 0 # GET request latency on network to next level
 l2: # Cache stats
  l2-0: # Cache stats
   hGETS: 1061 # GETS hits
   hGETX: 0 # GETX hits
   mGETS: 1235 # GETS misses
   mGETXIM: 0 # GETX I->M misses
   mGETXSM: 0 # GETX S->M misses (upgrade misses)
   PUTS: 7 # Clean evictions (from lower level)
   PUTX: 0 # Dirty evictions (from lower level)
   INV: 1185 # Invalidates (from upper level)
   INVX: 827 # Downgrades (from upper level)
   latGETnl: 139102 # GET request latency on next level
   latGETnet: 0 # GET request latency on network to next level
  l2-1: # Cache stats
   hGETS: 1070 # GETS hits
   hGETX: 0 # GETX hits
   mGETS: 1111 # GETS misses
   mGETXIM: 0 # GETX I->M misses
   mGETXSM: 0 # GETX S->M misses (upgrade misses)
   PUTS: 0 # Clean evictions (from lower level)
   PUTX: 0 # Dirty evictions (from lower level)
   INV: 1063 # Invalidates (from upper level)
   INVX: 283 # Downgrades (from upper level)
   latGETnl: 64982 # GET request latency on next level
   latGETnet: 0 # GET request latency on network to next level
  l2-2: # Cache stats
   hGETS: 142202 # GETS hits
   hGETX: 10 # GETX hits
   mGETS: 1398264 # GETS misses
   mGETXIM: 260 # GETX I->M misses
   mGETXSM: 2 # GETX S->M misses (upgrade misses)
   PUTS: 1529895 # Clean evictions (from lower level)
   PUTX: 74 # Dirty evictions (from lower level)
   INV: 1332669 # Invalidates (from upper level)
   INVX: 1875 # Downgrades (from upper level)
   latGETnl: 191235852 # GET request latency on next level
   latGETnet: 0 # GET request latency on network to next level
  l2-3: # Cache stats
   hGETS: 142703 # GETS hits
   hGETX: 2 # GETX hits
   mGETS: 1398120 # GETS misses
   mGETXIM: 184 # GETX I->M misses
   mGETXSM: 7 # GETX S->M misses (upgrade misses)
   PUTS: 1530268 # Clean evictions (from lower level)
   PUTX: 26 # Dirty evictions (from lower level)
   INV: 1332905 # Invalidates (from upper level)
   INVX: 3292 # Downgrades (from upper level)
   latGETnl: 191353774 # GET request latency on next level
   latGETnet: 0 # GET request latency on network to next level
 l3: # Cache stats
  l3-0: # Cache stats
   hGETS: 6277 # GETS hits
   hGETX: 15 # GETX hits
   mGETS: 2792453 # GETS misses
   mGETXIM: 438 # GETX I->M misses
   mGETXSM: 0 # GETX S->M misses (upgrade misses)
   PUTS: 0 # Clean evictions (from lower level)
   PUTX: 0 # Dirty evictions (from lower level)
   INV: 0 # Invalidates (from upper level)
   INVX: 0 # Downgrades (from upper level)
   latGETnl: 335115303 # GET request latency on next level
   latGETnet: 0 # GET request latency on network to next level
 mem: # Memory controller stats
  mem-0: # Memory controller stats
   rd: 2792891 # Read requests
   wr: 547 # Write requests
   rdlat: 335115303 # Total latency experienced by read requests
   wrlat: 65640 # Total latency experienced by write requests
   load: 27561 # Sum of load factors (0-100) per update
   ups: 27548 # Number of latency updates
   clampedLoads: 0 # Number of updates where the load was clamped to 95%
 sched: # Scheduler stats
  thCr: 4 # Threads created
  thFn: 0 # Threads finished
  schedEvs: 4 # Schedule events
  waitEvs: 0 # Wait events
  handoffEvs: 0 # Handoff events
  sleepEvs: 0 # Sleep events
  idlePhases: 0 # Phases with no thread active
  idlePeriods: 0 # Periods with no thread active
  occHist: # Occupancy histogram
   0: 0
   1: 0
   2: 0
   3: 0
   4: 27549
  rqSzHist: # Run queue size histogram
   0: 27549
   1: 0
   2: 0
   3: 0
   4: 0
   5: 0
   6: 0
   7: 0
   8: 0
   9: 0
   10: 0
   11: 0
   12: 0
   13: 0
   14: 0
   15: 0
   16: 0
===
