# zsim stats
===
root: # Stats
 contention: # Contention simulation stats
  domain-0: # Domain stats
   time: 478975825 # Weave simulation time
 time: # Simulator time breakdown
  init: 19522676740
  bound: 710317279467
  weave: 769509922
  ff: 0
 trigger: 20000 # Reason for this stats dump
 phase: 8819 # Simulated phases
 core: # Core stats
  core-0: # Core stats
   cycles: 881044381 # Simulated unhalted cycles
   cCycles: 0 # Cycles due to contention stalls
   instrs: 1236484708 # Simulated instructions
   uops: 1265824891 # Retired micro-ops
   bbls: 198530028 # Basic blocks
   approxInstrs: 15040122 # Instrs with approx uop decoding
   mispredBranches: 10411 # Mispredicted branches
   fetchStalls: 1190861 # Fetch stalls
   decodeStalls: 321189533 # Decode stalls
   issueStalls: 39350462 # Issue stalls
  core-1: # Core stats
   cycles: 880657168 # Simulated unhalted cycles
   cCycles: 0 # Cycles due to contention stalls
   instrs: 1245486802 # Simulated instructions
   uops: 1275157488 # Retired micro-ops
   bbls: 199951494 # Basic blocks
   approxInstrs: 15140119 # Instrs with approx uop decoding
   mispredBranches: 10475 # Mispredicted branches
   fetchStalls: 1167994 # Fetch stalls
   decodeStalls: 323606380 # Decode stalls
   issueStalls: 44565402 # Issue stalls
  core-2: # Core stats
   cycles: 881043838 # Simulated unhalted cycles
   cCycles: 0 # Cycles due to contention stalls
   instrs: 1227727899 # Simulated instructions
   uops: 1256746533 # Retired micro-ops
   bbls: 197152569 # Basic blocks
   approxInstrs: 14940118 # Instrs with approx uop decoding
   mispredBranches: 10157 # Mispredicted branches
   fetchStalls: 1154180 # Fetch stalls
   decodeStalls: 318838784 # Decode stalls
   issueStalls: 42899241 # Issue stalls
  core-3: # Core stats
   cycles: 881900001 # Simulated unhalted cycles
   cCycles: 0 # Cycles due to contention stalls
   instrs: 1290913031 # Simulated instructions
   uops: 1320729166 # Retired micro-ops
   bbls: 207507749 # Basic blocks
   approxInstrs: 15720004 # Instrs with approx uop decoding
   mispredBranches: 10559 # Mispredicted branches
   fetchStalls: 1183817 # Fetch stalls
   decodeStalls: 334906001 # Decode stalls
   issueStalls: 51705210 # Issue stalls
 l1i: # Cache stats
  l1i-0: # Filter cache stats
   fhGETS: 214881740 # Filtered GETS hits
   fhGETX: 0 # Filtered GETX hits
   hGETS: 0 # GETS hits
   hGETX: 0 # GETX hits
   mGETS: 60230 # GETS misses
   mGETXIM: 0 # GETX I->M misses
   mGETXSM: 0 # GETX S->M misses (upgrade misses)
   PUTS: 0 # Clean evictions (from lower level)
   PUTX: 0 # Dirty evictions (from lower level)
   INV: 14392 # Invalidates (from upper level)
   INVX: 0 # Downgrades (from upper level)
   FWD: 0 # Forwards (from upper level)
   latGETnl: 1272681 # GET request latency on next level
   latGETnet: 0 # GET request latency on network to next level
  l1i-1: # Filter cache stats
   fhGETS: 216426470 # Filtered GETS hits
   fhGETX: 0 # Filtered GETX hits
   hGETS: 0 # GETS hits
   hGETX: 0 # GETX hits
   mGETS: 60221 # GETS misses
   mGETXIM: 0 # GETX I->M misses
   mGETXSM: 0 # GETX S->M misses (upgrade misses)
   PUTS: 0 # Clean evictions (from lower level)
   PUTX: 0 # Dirty evictions (from lower level)
   INV: 14524 # Invalidates (from upper level)
   INVX: 0 # Downgrades (from upper level)
   FWD: 0 # Forwards (from upper level)
   latGETnl: 1216233 # GET request latency on next level
   latGETnet: 0 # GET request latency on network to next level
  l1i-2: # Filter cache stats
   fhGETS: 213380574 # Filtered GETS hits
   fhGETX: 0 # Filtered GETX hits
   hGETS: 0 # GETS hits
   hGETX: 0 # GETX hits
   mGETS: 59837 # GETS misses
   mGETXIM: 0 # GETX I->M misses
   mGETXSM: 0 # GETX S->M misses (upgrade misses)
   PUTS: 0 # Clean evictions (from lower level)
   PUTX: 0 # Dirty evictions (from lower level)
   INV: 14271 # Invalidates (from upper level)
   INVX: 0 # Downgrades (from upper level)
   FWD: 0 # Forwards (from upper level)
   latGETnl: 1199435 # GET request latency on next level
   latGETnet: 0 # GET request latency on network to next level
  l1i-3: # Filter cache stats
   fhGETS: 224583637 # Filtered GETS hits
   fhGETX: 0 # Filtered GETX hits
   hGETS: 0 # GETS hits
   hGETX: 0 # GETX hits
   mGETS: 59682 # GETS misses
   mGETXIM: 0 # GETX I->M misses
   mGETXSM: 0 # GETX S->M misses (upgrade misses)
   PUTS: 0 # Clean evictions (from lower level)
   PUTX: 0 # Dirty evictions (from lower level)
   INV: 14992 # Invalidates (from upper level)
   INVX: 0 # Downgrades (from upper level)
   FWD: 0 # Forwards (from upper level)
   latGETnl: 1242572 # GET request latency on next level
   latGETnet: 0 # GET request latency on network to next level
 l1d: # Cache stats
  l1d-0: # Filter cache stats
   fhGETS: 162080509 # Filtered GETS hits
   fhGETX: 34032813 # Filtered GETX hits
   hGETS: 98 # GETS hits
   hGETX: 45336523 # GETX hits
   mGETS: 124647628 # GETS misses
   mGETXIM: 10366319 # GETX I->M misses
   mGETXSM: 154 # GETX S->M misses (upgrade misses)
   PUTS: 0 # Clean evictions (from lower level)
   PUTX: 0 # Dirty evictions (from lower level)
   INV: 127 # Invalidates (from upper level)
   INVX: 1262 # Downgrades (from upper level)
   FWD: 0 # Forwards (from upper level)
   latGETnl: 1991972988 # GET request latency on next level
   latGETnet: 0 # GET request latency on network to next level
  l1d-1: # Filter cache stats
   fhGETS: 221130827 # Filtered GETS hits
   fhGETX: 48838883 # Filtered GETX hits
   hGETS: 59 # GETS hits
   hGETX: 24048963 # GETX hits
   mGETS: 67734932 # GETS misses
   mGETXIM: 17579414 # GETX I->M misses
   mGETXSM: 232 # GETX S->M misses (upgrade misses)
   PUTS: 0 # Clean evictions (from lower level)
   PUTX: 0 # Dirty evictions (from lower level)
   INV: 128 # Invalidates (from upper level)
   INVX: 825 # Downgrades (from upper level)
   FWD: 0 # Forwards (from upper level)
   latGETnl: 1373047221 # GET request latency on next level
   latGETnet: 0 # GET request latency on network to next level
  l1d-2: # Filter cache stats
   fhGETS: 203469644 # Filtered GETS hits
   fhGETX: 47916812 # Filtered GETX hits
   hGETS: 95 # GETS hits
   hGETX: 30798347 # GETX hits
   mGETS: 81209835 # GETS misses
   mGETXIM: 10310689 # GETX I->M misses
   mGETXSM: 264 # GETX S->M misses (upgrade misses)
   PUTS: 0 # Clean evictions (from lower level)
   PUTX: 0 # Dirty evictions (from lower level)
   INV: 128 # Invalidates (from upper level)
   INVX: 1491 # Downgrades (from upper level)
   FWD: 0 # Forwards (from upper level)
   latGETnl: 1450428302 # GET request latency on next level
   latGETnet: 0 # GET request latency on network to next level
  l1d-3: # Filter cache stats
   fhGETS: 237088604 # Filtered GETS hits
   fhGETX: 57740947 # Filtered GETX hits
   hGETS: 101 # GETS hits
   hGETX: 24774500 # GETX hits
   mGETS: 61519492 # GETS misses
   mGETXIM: 10907091 # GETX I->M misses
   mGETXSM: 121 # GETX S->M misses (upgrade misses)
   PUTS: 0 # Clean evictions (from lower level)
   PUTX: 0 # Dirty evictions (from lower level)
   INV: 99 # Invalidates (from upper level)
   INVX: 1771 # Downgrades (from upper level)
   FWD: 0 # Forwards (from upper level)
   latGETnl: 1210385940 # GET request latency on next level
   latGETnet: 0 # GET request latency on network to next level
 l2: # Cache stats
  l2-0: # Cache stats
   hGETS: 115501513 # GETS hits
   hGETX: 10210595 # GETX hits
   mGETS: 9206345 # GETS misses
   mGETXIM: 155487 # GETX I->M misses
   mGETXSM: 391 # GETX S->M misses (upgrade misses)
   PUTS: 79356618 # Clean evictions (from lower level)
   PUTX: 55702958 # Dirty evictions (from lower level)
   INV: 4289 # Invalidates (from upper level)
   INVX: 26569 # Downgrades (from upper level)
   FWD: 0 # Forwards (from upper level)
   latGETnl: 237279366 # GET request latency on next level
   latGETnet: 0 # GET request latency on network to next level
  l2-1: # Cache stats
   hGETS: 57480505 # GETS hits
   hGETX: 17406970 # GETX hits
   mGETS: 10314648 # GETS misses
   mGETXIM: 172444 # GETX I->M misses
   mGETXSM: 232 # GETX S->M misses (upgrade misses)
   PUTS: 43731211 # Clean evictions (from lower level)
   PUTX: 41628587 # Dirty evictions (from lower level)
   INV: 7134 # Invalidates (from upper level)
   INVX: 39863 # Downgrades (from upper level)
   FWD: 0 # Forwards (from upper level)
   latGETnl: 264391067 # GET request latency on next level
   latGETnet: 0 # GET request latency on network to next level
  l2-2: # Cache stats
   hGETS: 71100845 # GETS hits
   hGETX: 10144184 # GETX hits
   mGETS: 10168827 # GETS misses
   mGETXIM: 166505 # GETX I->M misses
   mGETXSM: 264 # GETX S->M misses (upgrade misses)
   PUTS: 50456639 # Clean evictions (from lower level)
   PUTX: 41109238 # Dirty evictions (from lower level)
   INV: 6801 # Invalidates (from upper level)
   INVX: 39922 # Downgrades (from upper level)
   FWD: 0 # Forwards (from upper level)
   latGETnl: 261079612 # GET request latency on next level
   latGETnet: 0 # GET request latency on network to next level
  l2-3: # Cache stats
   hGETS: 51096876 # GETS hits
   hGETX: 10743065 # GETX hits
   mGETS: 10482298 # GETS misses
   mGETXIM: 163982 # GETX I->M misses
   mGETXSM: 165 # GETX S->M misses (upgrade misses)
   PUTS: 36789389 # Clean evictions (from lower level)
   PUTX: 35681703 # Dirty evictions (from lower level)
   INV: 4666 # Invalidates (from upper level)
   INVX: 56247 # Downgrades (from upper level)
   FWD: 0 # Forwards (from upper level)
   latGETnl: 269305494 # GET request latency on next level
   latGETnet: 0 # GET request latency on network to next level
 l3: # Cache stats
  l3-0: # Cache stats
   hGETS: 40093868 # GETS hits
   hGETX: 600203 # GETX hits
   mGETS: 78250 # GETS misses
   mGETXIM: 59267 # GETX I->M misses
   mGETXSM: 0 # GETX S->M misses (upgrade misses)
   PUTS: 40041895 # Clean evictions (from lower level)
   PUTX: 634689 # Dirty evictions (from lower level)
   INV: 0 # Invalidates (from upper level)
   INVX: 0 # Downgrades (from upper level)
   FWD: 0 # Forwards (from upper level)
   latGETnl: 49944269 # GET request latency on next level
   latGETnet: 0 # GET request latency on network to next level
 mem: # Memory controller stats
  mem-0: # Memory controller stats
   rd: 137517 # Read requests
   wr: 16875 # Write requests
   rdlat: 49944269 # Total latency experienced by read requests
   wrlat: 4736869 # Total latency experienced by write requests
   load: 4880 # Sum of load factors (0-100) per update
   ups: 2182 # Number of latency updates
   clampedLoads: 0 # Number of updates where the load was clamped to 95%
 sched: # Scheduler stats
  thCr: 4 # Threads created
  thFn: 0 # Threads finished
  schedEvs: 4 # Schedule events
  waitEvs: 0 # Wait events
  handoffEvs: 0 # Handoff events
  sleepEvs: 0 # Sleep events
  idlePhases: 0 # Phases with no thread active
  idlePeriods: 0 # Periods with no thread active
  occHist: # Occupancy histogram
   0: 0
   1: 0
   2: 0
   3: 0
   4: 8819
  rqSzHist: # Run queue size histogram
   0: 8819
   1: 0
   2: 0
   3: 0
   4: 0
   5: 0
   6: 0
   7: 0
   8: 0
   9: 0
   10: 0
   11: 0
   12: 0
   13: 0
   14: 0
   15: 0
   16: 0
 heartbeats: # Per-process heartbeats
  0: 0
  1: 0
  2: 0
  3: 0
  4: 0
  5: 0
  6: 0
  7: 0
  8: 0
  9: 0
  10: 0
  11: 0
  12: 0
  13: 0
  14: 0
  15: 0
  16: 0
  17: 0
  18: 0
  19: 0
  20: 0
  21: 0
  22: 0
  23: 0
  24: 0
  25: 0
  26: 0
  27: 0
  28: 0
  29: 0
  30: 0
  31: 0
  32: 0
  33: 0
  34: 0
  35: 0
  36: 0
  37: 0
  38: 0
  39: 0
  40: 0
  41: 0
  42: 0
  43: 0
  44: 0
  45: 0
  46: 0
  47: 0
  48: 0
  49: 0
  50: 0
  51: 0
  52: 0
  53: 0
  54: 0
  55: 0
  56: 0
  57: 0
  58: 0
  59: 0
  60: 0
  61: 0
  62: 0
  63: 0
===
