# zsim stats
===
root: # Stats
 contention: # Contention simulation stats
  domain-0: # Domain stats
   time: 592166880 # Weave simulation time
 time: # Simulator time breakdown
  init: 19667048855
  bound: 879738278540
  weave: 1040880347
  ff: 0
 trigger: 20000 # Reason for this stats dump
 phase: 11322 # Simulated phases
 core: # Core stats
  core-0: # Core stats
   cycles: 1131141236 # Simulated unhalted cycles
   cCycles: 0 # Cycles due to contention stalls
   instrs: 1248695013 # Simulated instructions
   uops: 1277477370 # Retired micro-ops
   bbls: 200754450 # Basic blocks
   approxInstrs: 15202036 # Instrs with approx uop decoding
   mispredBranches: 10173 # Mispredicted branches
   fetchStalls: 1060918 # Fetch stalls
   decodeStalls: 323913321 # Decode stalls
   issueStalls: 36496156 # Issue stalls
  core-1: # Core stats
   cycles: 1131678754 # Simulated unhalted cycles
   cCycles: 0 # Cycles due to contention stalls
   instrs: 1258563871 # Simulated instructions
   uops: 1288033842 # Retired micro-ops
   bbls: 202190873 # Basic blocks
   approxInstrs: 15320110 # Instrs with approx uop decoding
   mispredBranches: 10592 # Mispredicted branches
   fetchStalls: 1071135 # Fetch stalls
   decodeStalls: 326733939 # Decode stalls
   issueStalls: 39099516 # Issue stalls
  core-2: # Core stats
   cycles: 1132170946 # Simulated unhalted cycles
   cCycles: 0 # Cycles due to contention stalls
   instrs: 1249288484 # Simulated instructions
   uops: 1279379461 # Retired micro-ops
   bbls: 200453691 # Basic blocks
   approxInstrs: 15180016 # Instrs with approx uop decoding
   mispredBranches: 10532 # Mispredicted branches
   fetchStalls: 1064900 # Fetch stalls
   decodeStalls: 324760616 # Decode stalls
   issueStalls: 36826379 # Issue stalls
  core-3: # Core stats
   cycles: 1131150821 # Simulated unhalted cycles
   cCycles: 0 # Cycles due to contention stalls
   instrs: 1243684641 # Simulated instructions
   uops: 1273196639 # Retired micro-ops
   bbls: 199692955 # Basic blocks
   approxInstrs: 15120118 # Instrs with approx uop decoding
   mispredBranches: 10357 # Mispredicted branches
   fetchStalls: 1046602 # Fetch stalls
   decodeStalls: 323044587 # Decode stalls
   issueStalls: 37961452 # Issue stalls
 l1i: # Cache stats
  l1i-0: # Filter cache stats
   fhGETS: 217244393 # Filtered GETS hits
   fhGETX: 0 # Filtered GETX hits
   hGETS: 40944 # GETS hits
   hGETX: 0 # GETX hits
   mGETS: 34056 # GETS misses
   mGETXIM: 0 # GETX I->M misses
   mGETXSM: 0 # GETX S->M misses (upgrade misses)
   PUTS: 0 # Clean evictions (from lower level)
   PUTX: 0 # Dirty evictions (from lower level)
   INV: 34003 # Invalidates (from upper level)
   INVX: 0 # Downgrades (from upper level)
   FWD: 0 # Forwards (from upper level)
   latGETnl: 1184102 # GET request latency on next level
   latGETnet: 0 # GET request latency on network to next level
  l1i-1: # Filter cache stats
   fhGETS: 218826025 # Filtered GETS hits
   fhGETX: 0 # Filtered GETX hits
   hGETS: 41535 # GETS hits
   hGETX: 0 # GETX hits
   mGETS: 34505 # GETS misses
   mGETXIM: 0 # GETX I->M misses
   mGETXSM: 0 # GETX S->M misses (upgrade misses)
   PUTS: 0 # Clean evictions (from lower level)
   PUTX: 0 # Dirty evictions (from lower level)
   INV: 34447 # Invalidates (from upper level)
   INVX: 0 # Downgrades (from upper level)
   FWD: 0 # Forwards (from upper level)
   latGETnl: 1192866 # GET request latency on next level
   latGETnet: 0 # GET request latency on network to next level
  l1i-2: # Filter cache stats
   fhGETS: 216964583 # Filtered GETS hits
   fhGETX: 0 # Filtered GETX hits
   hGETS: 40244 # GETS hits
   hGETX: 0 # GETX hits
   mGETS: 34202 # GETS misses
   mGETXIM: 0 # GETX I->M misses
   mGETXSM: 0 # GETX S->M misses (upgrade misses)
   PUTS: 0 # Clean evictions (from lower level)
   PUTX: 0 # Dirty evictions (from lower level)
   INV: 34176 # Invalidates (from upper level)
   INVX: 0 # Downgrades (from upper level)
   FWD: 0 # Forwards (from upper level)
   latGETnl: 1189426 # GET request latency on next level
   latGETnet: 0 # GET request latency on network to next level
  l1i-3: # Filter cache stats
   fhGETS: 216112309 # Filtered GETS hits
   fhGETX: 0 # Filtered GETX hits
   hGETS: 41433 # GETS hits
   hGETX: 0 # GETX hits
   mGETS: 33932 # GETS misses
   mGETXIM: 0 # GETX I->M misses
   mGETXSM: 0 # GETX S->M misses (upgrade misses)
   PUTS: 0 # Clean evictions (from lower level)
   PUTX: 0 # Dirty evictions (from lower level)
   INV: 33924 # Invalidates (from upper level)
   INVX: 0 # Downgrades (from upper level)
   FWD: 0 # Forwards (from upper level)
   latGETnl: 1153642 # GET request latency on next level
   latGETnet: 0 # GET request latency on network to next level
 l1d: # Cache stats
  l1d-0: # Filter cache stats
   fhGETS: 163335055 # Filtered GETS hits
   fhGETX: 34030703 # Filtered GETX hits
   hGETS: 71040421 # GETS hits
   hGETX: 46989966 # GETX hits
   mGETS: 54479272 # GETS misses
   mGETXIM: 9305517 # GETX I->M misses
   mGETXSM: 108 # GETX S->M misses (upgrade misses)
   PUTS: 0 # Clean evictions (from lower level)
   PUTX: 0 # Dirty evictions (from lower level)
   INV: 5937 # Invalidates (from upper level)
   INVX: 8048 # Downgrades (from upper level)
   FWD: 0 # Forwards (from upper level)
   latGETnl: 2080699711 # GET request latency on next level
   latGETnet: 0 # GET request latency on network to next level
  l1d-1: # Filter cache stats
   fhGETS: 224178245 # Filtered GETS hits
   fhGETX: 49366702 # Filtered GETX hits
   hGETS: 16351633 # GETS hits
   hGETX: 32044367 # GETX hits
   mGETS: 50893592 # GETS misses
   mGETXIM: 9820510 # GETX I->M misses
   mGETXSM: 155 # GETX S->M misses (upgrade misses)
   PUTS: 0 # Clean evictions (from lower level)
   PUTX: 0 # Dirty evictions (from lower level)
   INV: 7535 # Invalidates (from upper level)
   INVX: 18454 # Downgrades (from upper level)
   FWD: 0 # Forwards (from upper level)
   latGETnl: 2068950898 # GET request latency on next level
   latGETnet: 0 # GET request latency on network to next level
  l1d-2: # Filter cache stats
   fhGETS: 229064815 # Filtered GETS hits
   fhGETX: 56066439 # Filtered GETX hits
   hGETS: 10979979 # GETS hits
   hGETX: 25503649 # GETX hits
   mGETS: 50018566 # GETS misses
   mGETXIM: 9275885 # GETX I->M misses
   mGETXSM: 256 # GETX S->M misses (upgrade misses)
   PUTS: 0 # Clean evictions (from lower level)
   PUTX: 0 # Dirty evictions (from lower level)
   INV: 11837 # Invalidates (from upper level)
   INVX: 15853 # Downgrades (from upper level)
   FWD: 0 # Forwards (from upper level)
   latGETnl: 2036825350 # GET request latency on next level
   latGETnet: 0 # GET request latency on network to next level
  l1d-3: # Filter cache stats
   fhGETS: 227961503 # Filtered GETS hits
   fhGETX: 55612331 # Filtered GETX hits
   hGETS: 10627642 # GETS hits
   hGETX: 25404063 # GETX hits
   mGETS: 49951391 # GETS misses
   mGETXIM: 9205827 # GETX I->M misses
   mGETXSM: 421 # GETX S->M misses (upgrade misses)
   PUTS: 0 # Clean evictions (from lower level)
   PUTX: 0 # Dirty evictions (from lower level)
   INV: 8971 # Invalidates (from upper level)
   INVX: 9854 # Downgrades (from upper level)
   FWD: 0 # Forwards (from upper level)
   latGETnl: 2018973214 # GET request latency on next level
   latGETnet: 0 # GET request latency on network to next level
 l2: # Cache stats
  l2-0: # Cache stats
   hGETS: 4637870 # GETS hits
   hGETX: 119265 # GETX hits
   mGETS: 49875458 # GETS misses
   mGETXIM: 9186252 # GETX I->M misses
   mGETXSM: 108 # GETX S->M misses (upgrade misses)
   PUTS: 30582826 # Clean evictions (from lower level)
   PUTX: 33195947 # Dirty evictions (from lower level)
   INV: 143 # Invalidates (from upper level)
   INVX: 791515 # Downgrades (from upper level)
   FWD: 0 # Forwards (from upper level)
   latGETnl: 1379875330 # GET request latency on next level
   latGETnet: 0 # GET request latency on network to next level
  l2-1: # Cache stats
   hGETS: 677851 # GETS hits
   hGETX: 547342 # GETX hits
   mGETS: 50250246 # GETS misses
   mGETXIM: 9273168 # GETX I->M misses
   mGETXSM: 155 # GETX S->M misses (upgrade misses)
   PUTS: 27861844 # Clean evictions (from lower level)
   PUTX: 32844643 # Dirty evictions (from lower level)
   INV: 396 # Invalidates (from upper level)
   INVX: 1299795 # Downgrades (from upper level)
   FWD: 0 # Forwards (from upper level)
   latGETnl: 1401907382 # GET request latency on next level
   latGETnet: 0 # GET request latency on network to next level
  l2-2: # Cache stats
   hGETS: 226189 # GETS hits
   hGETX: 41694 # GETX hits
   mGETS: 49826579 # GETS misses
   mGETXIM: 9234191 # GETX I->M misses
   mGETXSM: 256 # GETX S->M misses (upgrade misses)
   PUTS: 27232005 # Clean evictions (from lower level)
   PUTX: 32050502 # Dirty evictions (from lower level)
   INV: 396 # Invalidates (from upper level)
   INVX: 1623145 # Downgrades (from upper level)
   FWD: 0 # Forwards (from upper level)
   latGETnl: 1385396777 # GET request latency on next level
   latGETnet: 0 # GET request latency on network to next level
  l2-3: # Cache stats
   hGETS: 365475 # GETS hits
   hGETX: 41690 # GETX hits
   mGETS: 49619848 # GETS misses
   mGETXIM: 9164137 # GETX I->M misses
   mGETXSM: 421 # GETX S->M misses (upgrade misses)
   PUTS: 27256942 # Clean evictions (from lower level)
   PUTX: 31891183 # Dirty evictions (from lower level)
   INV: 167 # Invalidates (from upper level)
   INVX: 2050001 # Downgrades (from upper level)
   FWD: 0 # Forwards (from upper level)
   latGETnl: 1369019575 # GET request latency on next level
   latGETnet: 0 # GET request latency on network to next level
 l3: # Cache stats
  l3-0: # Cache stats
   hGETS: 199513805 # GETS hits
   hGETX: 36803391 # GETX hits
   mGETS: 58326 # GETS misses
   mGETXIM: 55297 # GETX I->M misses
   mGETXSM: 0 # GETX S->M misses (upgrade misses)
   PUTS: 108301923 # Clean evictions (from lower level)
   PUTX: 128094087 # Dirty evictions (from lower level)
   INV: 0 # Invalidates (from upper level)
   INVX: 0 # Downgrades (from upper level)
   FWD: 0 # Forwards (from upper level)
   latGETnl: 34659365 # GET request latency on next level
   latGETnet: 0 # GET request latency on network to next level
 mem: # Memory controller stats
  mem-0: # Memory controller stats
   rd: 113623 # Read requests
   wr: 0 # Write requests
   rdlat: 34659365 # Total latency experienced by read requests
   wrlat: 0 # Total latency experienced by write requests
   load: 3567 # Sum of load factors (0-100) per update
   ups: 301 # Number of latency updates
   clampedLoads: 0 # Number of updates where the load was clamped to 95%
 sched: # Scheduler stats
  thCr: 4 # Threads created
  thFn: 0 # Threads finished
  schedEvs: 4 # Schedule events
  waitEvs: 0 # Wait events
  handoffEvs: 0 # Handoff events
  sleepEvs: 0 # Sleep events
  idlePhases: 0 # Phases with no thread active
  idlePeriods: 0 # Periods with no thread active
  occHist: # Occupancy histogram
   0: 0
   1: 0
   2: 0
   3: 0
   4: 11322
  rqSzHist: # Run queue size histogram
   0: 11322
   1: 0
   2: 0
   3: 0
   4: 0
   5: 0
   6: 0
   7: 0
   8: 0
   9: 0
   10: 0
   11: 0
   12: 0
   13: 0
   14: 0
   15: 0
   16: 0
 heartbeats: # Per-process heartbeats
  0: 0
  1: 0
  2: 0
  3: 0
  4: 0
  5: 0
  6: 0
  7: 0
  8: 0
  9: 0
  10: 0
  11: 0
  12: 0
  13: 0
  14: 0
  15: 0
  16: 0
  17: 0
  18: 0
  19: 0
  20: 0
  21: 0
  22: 0
  23: 0
  24: 0
  25: 0
  26: 0
  27: 0
  28: 0
  29: 0
  30: 0
  31: 0
  32: 0
  33: 0
  34: 0
  35: 0
  36: 0
  37: 0
  38: 0
  39: 0
  40: 0
  41: 0
  42: 0
  43: 0
  44: 0
  45: 0
  46: 0
  47: 0
  48: 0
  49: 0
  50: 0
  51: 0
  52: 0
  53: 0
  54: 0
  55: 0
  56: 0
  57: 0
  58: 0
  59: 0
  60: 0
  61: 0
  62: 0
  63: 0
===
