# zsim stats
===
root: # Stats
 contention: # Contention simulation stats
  domain-0: # Domain stats
   time: 2324338709 # Weave simulation time
 time: # Simulator time breakdown
  init: 18985826519
  bound: 824032503877
  weave: 7882333873
  ff: 0
 trigger: 20000 # Reason for this stats dump
 phase: 130644 # Simulated phases
 core: # Core stats
  core-0: # Core stats
   cycles: 13064400003 # Simulated unhalted cycles
   cCycles: 0 # Cycles due to contention stalls
   instrs: 5000003489 # Simulated instructions
   uops: 5117129017 # Retired micro-ops
   bbls: 802759175 # Basic blocks
   approxInstrs: 60880004 # Instrs with approx uop decoding
   mispredBranches: 40105 # Mispredicted branches
   fetchStalls: 31880408 # Fetch stalls
   decodeStalls: 1298532835 # Decode stalls
   issueStalls: 128580799 # Issue stalls
 l1i: # Cache stats
  l1i-0: # Filter cache stats
   fhGETS: 868672962 # Filtered GETS hits
   fhGETX: 0 # Filtered GETX hits
   hGETS: 58 # GETS hits
   hGETX: 0 # GETX hits
   mGETS: 509369 # GETS misses
   mGETXIM: 0 # GETX I->M misses
   mGETXSM: 0 # GETX S->M misses (upgrade misses)
   PUTS: 0 # Clean evictions (from lower level)
   PUTX: 0 # Dirty evictions (from lower level)
   INV: 509367 # Invalidates (from upper level)
   INVX: 0 # Downgrades (from upper level)
   FWD: 0 # Forwards (from upper level)
   latGETnl: 36116972 # GET request latency on next level
   latGETnet: 0 # GET request latency on network to next level
 l1d: # Cache stats
  l1d-0: # Filter cache stats
   fhGETS: 940538450 # Filtered GETS hits
   fhGETX: 228875215 # Filtered GETX hits
   hGETS: 18377359 # GETS hits
   hGETX: 96351376 # GETX hits
   mGETS: 200330890 # GETS misses
   mGETXIM: 36976260 # GETX I->M misses
   mGETXSM: 0 # GETX S->M misses (upgrade misses)
   PUTS: 0 # Clean evictions (from lower level)
   PUTX: 0 # Dirty evictions (from lower level)
   INV: 11404415 # Invalidates (from upper level)
   INVX: 0 # Downgrades (from upper level)
   FWD: 0 # Forwards (from upper level)
   latGETnl: 31591249053 # GET request latency on next level
   latGETnet: 0 # GET request latency on network to next level
 l2: # Cache stats
  l2-0: # Cache stats
   hGETS: 0 # GETS hits
   hGETX: 0 # GETX hits
   mGETS: 200840259 # GETS misses
   mGETXIM: 36976260 # GETX I->M misses
   mGETXSM: 0 # GETX S->M misses (upgrade misses)
   PUTS: 100305408 # Clean evictions (from lower level)
   PUTX: 125596830 # Dirty evictions (from lower level)
   INV: 0 # Invalidates (from upper level)
   INVX: 0 # Downgrades (from upper level)
   FWD: 0 # Forwards (from upper level)
   latGETnl: 29724833873 # GET request latency on next level
   latGETnet: 0 # GET request latency on network to next level
 l3: # Cache stats
  l3-0: # Cache stats
   hGETS: 35144867 # GETS hits
   hGETX: 10904188 # GETX hits
   mGETS: 165695392 # GETS misses
   mGETXIM: 26072072 # GETX I->M misses
   mGETXSM: 0 # GETX S->M misses (upgrade misses)
   PUTS: 109460973 # Clean evictions (from lower level)
   PUTX: 128351450 # Dirty evictions (from lower level)
   INV: 0 # Invalidates (from upper level)
   INVX: 0 # Downgrades (from upper level)
   FWD: 0 # Forwards (from upper level)
   latGETnl: 26395402607 # GET request latency on next level
   latGETnet: 0 # GET request latency on network to next level
 mem: # Memory controller stats
  mem-0: # Memory controller stats
   rd: 191767464 # Read requests
   wr: 97996662 # Write requests
   rdlat: 26395402607 # Total latency experienced by read requests
   wrlat: 13928962829 # Total latency experienced by write requests
   load: 4282718 # Sum of load factors (0-100) per update
   ups: 130643 # Number of latency updates
   clampedLoads: 0 # Number of updates where the load was clamped to 95%
 sched: # Scheduler stats
  thCr: 1 # Threads created
  thFn: 0 # Threads finished
  schedEvs: 1 # Schedule events
  waitEvs: 0 # Wait events
  handoffEvs: 0 # Handoff events
  sleepEvs: 0 # Sleep events
  idlePhases: 0 # Phases with no thread active
  idlePeriods: 0 # Periods with no thread active
  occHist: # Occupancy histogram
   0: 0
   1: 130644
  rqSzHist: # Run queue size histogram
   0: 130644
   1: 0
   2: 0
   3: 0
   4: 0
   5: 0
   6: 0
   7: 0
   8: 0
   9: 0
   10: 0
   11: 0
   12: 0
   13: 0
   14: 0
   15: 0
   16: 0
 heartbeats: # Per-process heartbeats
  0: 0
  1: 0
  2: 0
  3: 0
  4: 0
  5: 0
  6: 0
  7: 0
  8: 0
  9: 0
  10: 0
  11: 0
  12: 0
  13: 0
  14: 0
  15: 0
  16: 0
  17: 0
  18: 0
  19: 0
  20: 0
  21: 0
  22: 0
  23: 0
  24: 0
  25: 0
  26: 0
  27: 0
  28: 0
  29: 0
  30: 0
  31: 0
  32: 0
  33: 0
  34: 0
  35: 0
  36: 0
  37: 0
  38: 0
  39: 0
  40: 0
  41: 0
  42: 0
  43: 0
  44: 0
  45: 0
  46: 0
  47: 0
  48: 0
  49: 0
  50: 0
  51: 0
  52: 0
  53: 0
  54: 0
  55: 0
  56: 0
  57: 0
  58: 0
  59: 0
  60: 0
  61: 0
  62: 0
  63: 0
===
