# zsim stats
===
root: # Stats
 contention: # Contention simulation stats
  domain-0: # Domain stats
   time: 415803138 # Weave simulation time
 time: # Simulator time breakdown
  init: 20933169285
  bound: 636872426543
  weave: 1317579594
  ff: 0
 trigger: 20000 # Reason for this stats dump
 phase: 7307 # Simulated phases
 core: # Core stats
  core-0: # Core stats
   cycles: 729360285 # Simulated unhalted cycles
   cCycles: 0 # Cycles due to contention stalls
   instrs: 1184119842 # Simulated instructions
   uops: 1212022030 # Retired micro-ops
   bbls: 190195672 # Basic blocks
   approxInstrs: 14400122 # Instrs with approx uop decoding
   mispredBranches: 9834 # Mispredicted branches
   fetchStalls: 185522 # Fetch stalls
   decodeStalls: 307459624 # Decode stalls
   issueStalls: 54683414 # Issue stalls
  core-1: # Core stats
   cycles: 730700010 # Simulated unhalted cycles
   cCycles: 0 # Cycles due to contention stalls
   instrs: 1451106858 # Simulated instructions
   uops: 1485551427 # Retired micro-ops
   bbls: 232971191 # Basic blocks
   approxInstrs: 17640996 # Instrs with approx uop decoding
   mispredBranches: 12181 # Mispredicted branches
   fetchStalls: 230293 # Fetch stalls
   decodeStalls: 376989715 # Decode stalls
   issueStalls: 73022453 # Issue stalls
  core-2: # Core stats
   cycles: 729620046 # Simulated unhalted cycles
   cCycles: 0 # Cycles due to contention stalls
   instrs: 1181573646 # Simulated instructions
   uops: 1209744355 # Retired micro-ops
   bbls: 189691203 # Basic blocks
   approxInstrs: 14360119 # Instrs with approx uop decoding
   mispredBranches: 9905 # Mispredicted branches
   fetchStalls: 173953 # Fetch stalls
   decodeStalls: 306981791 # Decode stalls
   issueStalls: 54336462 # Issue stalls
  core-3: # Core stats
   cycles: 729813683 # Simulated unhalted cycles
   cCycles: 0 # Cycles due to contention stalls
   instrs: 1183255419 # Simulated instructions
   uops: 1210606491 # Retired micro-ops
   bbls: 190223932 # Basic blocks
   approxInstrs: 14400119 # Instrs with approx uop decoding
   mispredBranches: 9687 # Mispredicted branches
   fetchStalls: 171460 # Fetch stalls
   decodeStalls: 306987252 # Decode stalls
   issueStalls: 54377459 # Issue stalls
 l1i: # Cache stats
  l1i-0: # Filter cache stats
   fhGETS: 205851334 # Filtered GETS hits
   fhGETX: 0 # Filtered GETX hits
   hGETS: 46387 # GETS hits
   hGETX: 0 # GETX hits
   mGETS: 437 # GETS misses
   mGETXIM: 0 # GETX I->M misses
   mGETXSM: 0 # GETX S->M misses (upgrade misses)
   PUTS: 0 # Clean evictions (from lower level)
   PUTX: 0 # Dirty evictions (from lower level)
   INV: 0 # Invalidates (from upper level)
   INVX: 0 # Downgrades (from upper level)
   FWD: 0 # Forwards (from upper level)
   latGETnl: 36811 # GET request latency on next level
   latGETnet: 0 # GET request latency on network to next level
  l1i-1: # Filter cache stats
   fhGETS: 252187169 # Filtered GETS hits
   fhGETX: 0 # Filtered GETX hits
   hGETS: 46351 # GETS hits
   hGETX: 0 # GETX hits
   mGETS: 643 # GETS misses
   mGETXIM: 0 # GETX I->M misses
   mGETXSM: 0 # GETX S->M misses (upgrade misses)
   PUTS: 0 # Clean evictions (from lower level)
   PUTX: 0 # Dirty evictions (from lower level)
   INV: 0 # Invalidates (from upper level)
   INVX: 0 # Downgrades (from upper level)
   FWD: 0 # Forwards (from upper level)
   latGETnl: 55062 # GET request latency on next level
   latGETnet: 0 # GET request latency on network to next level
  l1i-2: # Filter cache stats
   fhGETS: 205317165 # Filtered GETS hits
   fhGETX: 0 # Filtered GETX hits
   hGETS: 46364 # GETS hits
   hGETX: 0 # GETX hits
   mGETS: 428 # GETS misses
   mGETXIM: 0 # GETX I->M misses
   mGETXSM: 0 # GETX S->M misses (upgrade misses)
   PUTS: 0 # Clean evictions (from lower level)
   PUTX: 0 # Dirty evictions (from lower level)
   INV: 0 # Invalidates (from upper level)
   INVX: 0 # Downgrades (from upper level)
   FWD: 0 # Forwards (from upper level)
   latGETnl: 9686 # GET request latency on next level
   latGETnet: 0 # GET request latency on network to next level
  l1i-3: # Filter cache stats
   fhGETS: 205879084 # Filtered GETS hits
   fhGETX: 0 # Filtered GETX hits
   hGETS: 46322 # GETS hits
   hGETX: 0 # GETX hits
   mGETS: 412 # GETS misses
   mGETXIM: 0 # GETX I->M misses
   mGETXSM: 0 # GETX S->M misses (upgrade misses)
   PUTS: 0 # Clean evictions (from lower level)
   PUTX: 0 # Dirty evictions (from lower level)
   INV: 0 # Invalidates (from upper level)
   INVX: 0 # Downgrades (from upper level)
   FWD: 0 # Forwards (from upper level)
   latGETnl: 11833 # GET request latency on next level
   latGETnet: 0 # GET request latency on network to next level
 l1d: # Cache stats
  l1d-0: # Filter cache stats
   fhGETS: 203636211 # Filtered GETS hits
   fhGETX: 53160356 # Filtered GETX hits
   hGETS: 22522730 # GETS hits
   hGETX: 23782440 # GETX hits
   mGETS: 48379208 # GETS misses
   mGETXIM: 8890385 # GETX I->M misses
   mGETXSM: 302 # GETX S->M misses (upgrade misses)
   PUTS: 0 # Clean evictions (from lower level)
   PUTX: 0 # Dirty evictions (from lower level)
   INV: 111 # Invalidates (from upper level)
   INVX: 742 # Downgrades (from upper level)
   FWD: 0 # Forwards (from upper level)
   latGETnl: 867960488 # GET request latency on next level
   latGETnet: 0 # GET request latency on network to next level
  l1d-1: # Filter cache stats
   fhGETS: 224552786 # Filtered GETS hits
   fhGETX: 56918166 # Filtered GETX hits
   hGETS: 43498280 # GETS hits
   hGETX: 46391883 # GETX hits
   mGETS: 68494588 # GETS misses
   mGETXIM: 2027889 # GETX I->M misses
   mGETXSM: 268 # GETX S->M misses (upgrade misses)
   PUTS: 0 # Clean evictions (from lower level)
   PUTX: 0 # Dirty evictions (from lower level)
   INV: 86 # Invalidates (from upper level)
   INVX: 2378 # Downgrades (from upper level)
   FWD: 0 # Forwards (from upper level)
   latGETnl: 1068824379 # GET request latency on next level
   latGETnet: 0 # GET request latency on network to next level
  l1d-2: # Filter cache stats
   fhGETS: 196780293 # Filtered GETS hits
   fhGETX: 49057576 # Filtered GETX hits
   hGETS: 28992048 # GETS hits
   hGETX: 27947044 # GETX hits
   mGETS: 48425214 # GETS misses
   mGETXIM: 8776696 # GETX I->M misses
   mGETXSM: 302 # GETX S->M misses (upgrade misses)
   PUTS: 0 # Clean evictions (from lower level)
   PUTX: 0 # Dirty evictions (from lower level)
   INV: 117 # Invalidates (from upper level)
   INVX: 1159 # Downgrades (from upper level)
   FWD: 0 # Forwards (from upper level)
   latGETnl: 867317138 # GET request latency on next level
   latGETnet: 0 # GET request latency on network to next level
  l1d-3: # Filter cache stats
   fhGETS: 189683874 # Filtered GETS hits
   fhGETX: 46159303 # Filtered GETX hits
   hGETS: 35333574 # GETS hits
   hGETX: 30667165 # GETX hits
   mGETS: 48686048 # GETS misses
   mGETXIM: 8827415 # GETX I->M misses
   mGETXSM: 309 # GETX S->M misses (upgrade misses)
   PUTS: 0 # Clean evictions (from lower level)
   PUTX: 0 # Dirty evictions (from lower level)
   INV: 125 # Invalidates (from upper level)
   INVX: 1537 # Downgrades (from upper level)
   FWD: 0 # Forwards (from upper level)
   latGETnl: 872225307 # GET request latency on next level
   latGETnet: 0 # GET request latency on network to next level
 l2: # Cache stats
  l2-0: # Cache stats
   hGETS: 48350951 # GETS hits
   hGETX: 8876235 # GETX hits
   mGETS: 28694 # GETS misses
   mGETXIM: 13933 # GETX I->M misses
   mGETXSM: 519 # GETX S->M misses (upgrade misses)
   PUTS: 26730986 # Clean evictions (from lower level)
   PUTX: 30538687 # Dirty evictions (from lower level)
   INV: 696 # Invalidates (from upper level)
   INVX: 2089 # Downgrades (from upper level)
   FWD: 0 # Forwards (from upper level)
   latGETnl: 8942319 # GET request latency on next level
   latGETnet: 0 # GET request latency on network to next level
  l2-1: # Cache stats
   hGETS: 68466468 # GETS hits
   hGETX: 2013734 # GETX hits
   mGETS: 28763 # GETS misses
   mGETXIM: 13940 # GETX I->M misses
   mGETXSM: 483 # GETX S->M misses (upgrade misses)
   PUTS: 33199442 # Clean evictions (from lower level)
   PUTX: 37323341 # Dirty evictions (from lower level)
   INV: 658 # Invalidates (from upper level)
   INVX: 9973 # Downgrades (from upper level)
   FWD: 0 # Forwards (from upper level)
   latGETnl: 11028621 # GET request latency on next level
   latGETnet: 0 # GET request latency on network to next level
  l2-2: # Cache stats
   hGETS: 48397084 # GETS hits
   hGETX: 8762761 # GETX hits
   mGETS: 28558 # GETS misses
   mGETXIM: 13912 # GETX I->M misses
   mGETXSM: 325 # GETX S->M misses (upgrade misses)
   PUTS: 26663516 # Clean evictions (from lower level)
   PUTX: 30538463 # Dirty evictions (from lower level)
   INV: 599 # Invalidates (from upper level)
   INVX: 3346 # Downgrades (from upper level)
   FWD: 0 # Forwards (from upper level)
   latGETnl: 9287224 # GET request latency on next level
   latGETnet: 0 # GET request latency on network to next level
  l2-3: # Cache stats
   hGETS: 48657730 # GETS hits
   hGETX: 8813438 # GETX hits
   mGETS: 28730 # GETS misses
   mGETXIM: 13896 # GETX I->M misses
   mGETXSM: 390 # GETX S->M misses (upgrade misses)
   PUTS: 27080172 # Clean evictions (from lower level)
   PUTX: 30433336 # Dirty evictions (from lower level)
   INV: 754 # Invalidates (from upper level)
   INVX: 4230 # Downgrades (from upper level)
   FWD: 0 # Forwards (from upper level)
   latGETnl: 9524380 # GET request latency on next level
   latGETnet: 0 # GET request latency on network to next level
 l3: # Cache stats
  l3-0: # Cache stats
   hGETS: 56434 # GETS hits
   hGETX: 2142 # GETX hits
   mGETS: 58311 # GETS misses
   mGETXIM: 55256 # GETX I->M misses
   mGETXSM: 0 # GETX S->M misses (upgrade misses)
   PUTS: 0 # Clean evictions (from lower level)
   PUTX: 0 # Dirty evictions (from lower level)
   INV: 0 # Invalidates (from upper level)
   INVX: 0 # Downgrades (from upper level)
   FWD: 0 # Forwards (from upper level)
   latGETnl: 34471743 # GET request latency on next level
   latGETnet: 0 # GET request latency on network to next level
 mem: # Memory controller stats
  mem-0: # Memory controller stats
   rd: 113567 # Read requests
   wr: 0 # Write requests
   rdlat: 34471743 # Total latency experienced by read requests
   wrlat: 0 # Total latency experienced by write requests
   load: 3558 # Sum of load factors (0-100) per update
   ups: 294 # Number of latency updates
   clampedLoads: 0 # Number of updates where the load was clamped to 95%
 sched: # Scheduler stats
  thCr: 4 # Threads created
  thFn: 0 # Threads finished
  schedEvs: 4 # Schedule events
  waitEvs: 0 # Wait events
  handoffEvs: 0 # Handoff events
  sleepEvs: 0 # Sleep events
  idlePhases: 0 # Phases with no thread active
  idlePeriods: 0 # Periods with no thread active
  occHist: # Occupancy histogram
   0: 0
   1: 0
   2: 0
   3: 0
   4: 7307
  rqSzHist: # Run queue size histogram
   0: 7307
   1: 0
   2: 0
   3: 0
   4: 0
   5: 0
   6: 0
   7: 0
   8: 0
   9: 0
   10: 0
   11: 0
   12: 0
   13: 0
   14: 0
   15: 0
   16: 0
 heartbeats: # Per-process heartbeats
  0: 0
  1: 0
  2: 0
  3: 0
  4: 0
  5: 0
  6: 0
  7: 0
  8: 0
  9: 0
  10: 0
  11: 0
  12: 0
  13: 0
  14: 0
  15: 0
  16: 0
  17: 0
  18: 0
  19: 0
  20: 0
  21: 0
  22: 0
  23: 0
  24: 0
  25: 0
  26: 0
  27: 0
  28: 0
  29: 0
  30: 0
  31: 0
  32: 0
  33: 0
  34: 0
  35: 0
  36: 0
  37: 0
  38: 0
  39: 0
  40: 0
  41: 0
  42: 0
  43: 0
  44: 0
  45: 0
  46: 0
  47: 0
  48: 0
  49: 0
  50: 0
  51: 0
  52: 0
  53: 0
  54: 0
  55: 0
  56: 0
  57: 0
  58: 0
  59: 0
  60: 0
  61: 0
  62: 0
  63: 0
===
