# zsim stats
===
root: # Stats
 contention: # Contention simulation stats
  domain-0: # Domain stats
   time: 685296181 # Weave simulation time
 time: # Simulator time breakdown
  init: 19889953440
  bound: 882632978130
  weave: 1271362375
  ff: 0
 trigger: 20000 # Reason for this stats dump
 phase: 12203 # Simulated phases
 core: # Core stats
  core-0: # Core stats
   cycles: 1219456728 # Simulated unhalted cycles
   cCycles: 0 # Cycles due to contention stalls
   instrs: 1224957654 # Simulated instructions
   uops: 1253584737 # Retired micro-ops
   bbls: 196817972 # Basic blocks
   approxInstrs: 14906517 # Instrs with approx uop decoding
   mispredBranches: 10078 # Mispredicted branches
   fetchStalls: 1573133 # Fetch stalls
   decodeStalls: 317949711 # Decode stalls
   issueStalls: 34079746 # Issue stalls
  core-1: # Core stats
   cycles: 1220300003 # Simulated unhalted cycles
   cCycles: 0 # Cycles due to contention stalls
   instrs: 1250445813 # Simulated instructions
   uops: 1280592381 # Retired micro-ops
   bbls: 200623688 # Basic blocks
   approxInstrs: 15200004 # Instrs with approx uop decoding
   mispredBranches: 10617 # Mispredicted branches
   fetchStalls: 1594035 # Fetch stalls
   decodeStalls: 325079648 # Decode stalls
   issueStalls: 36822957 # Issue stalls
  core-2: # Core stats
   cycles: 1219364727 # Simulated unhalted cycles
   cCycles: 0 # Cycles due to contention stalls
   instrs: 1251173001 # Simulated instructions
   uops: 1279983907 # Retired micro-ops
   bbls: 201147719 # Basic blocks
   approxInstrs: 15240118 # Instrs with approx uop decoding
   mispredBranches: 10158 # Mispredicted branches
   fetchStalls: 1577834 # Fetch stalls
   decodeStalls: 324530750 # Decode stalls
   issueStalls: 37125069 # Issue stalls
  core-3: # Core stats
   cycles: 1219553299 # Simulated unhalted cycles
   cCycles: 0 # Cycles due to contention stalls
   instrs: 1273699693 # Simulated instructions
   uops: 1303961664 # Retired micro-ops
   bbls: 204501783 # Basic blocks
   approxInstrs: 15480087 # Instrs with approx uop decoding
   mispredBranches: 10698 # Mispredicted branches
   fetchStalls: 1612897 # Fetch stalls
   decodeStalls: 330900180 # Decode stalls
   issueStalls: 39585856 # Issue stalls
 l1i: # Cache stats
  l1i-0: # Filter cache stats
   fhGETS: 212989893 # Filtered GETS hits
   fhGETX: 0 # Filtered GETX hits
   hGETS: 0 # GETS hits
   hGETX: 0 # GETX hits
   mGETS: 74845 # GETS misses
   mGETXIM: 0 # GETX I->M misses
   mGETXSM: 0 # GETX S->M misses (upgrade misses)
   PUTS: 0 # Clean evictions (from lower level)
   PUTX: 0 # Dirty evictions (from lower level)
   INV: 31491 # Invalidates (from upper level)
   INVX: 0 # Downgrades (from upper level)
   FWD: 0 # Forwards (from upper level)
   latGETnl: 1720869 # GET request latency on next level
   latGETnet: 0 # GET request latency on network to next level
  l1i-1: # Filter cache stats
   fhGETS: 217149045 # Filtered GETS hits
   fhGETX: 0 # Filtered GETX hits
   hGETS: 0 # GETS hits
   hGETX: 0 # GETX hits
   mGETS: 74495 # GETS misses
   mGETXIM: 0 # GETX I->M misses
   mGETXSM: 0 # GETX S->M misses (upgrade misses)
   PUTS: 0 # Clean evictions (from lower level)
   PUTX: 0 # Dirty evictions (from lower level)
   INV: 32252 # Invalidates (from upper level)
   INVX: 0 # Downgrades (from upper level)
   FWD: 0 # Forwards (from upper level)
   latGETnl: 1747730 # GET request latency on next level
   latGETnet: 0 # GET request latency on network to next level
  l1i-2: # Filter cache stats
   fhGETS: 217676204 # Filtered GETS hits
   fhGETX: 0 # Filtered GETX hits
   hGETS: 0 # GETS hits
   hGETX: 0 # GETX hits
   mGETS: 75455 # GETS misses
   mGETXIM: 0 # GETX I->M misses
   mGETXSM: 0 # GETX S->M misses (upgrade misses)
   PUTS: 0 # Clean evictions (from lower level)
   PUTX: 0 # Dirty evictions (from lower level)
   INV: 32135 # Invalidates (from upper level)
   INVX: 0 # Downgrades (from upper level)
   FWD: 0 # Forwards (from upper level)
   latGETnl: 1715079 # GET request latency on next level
   latGETnet: 0 # GET request latency on network to next level
  l1i-3: # Filter cache stats
   fhGETS: 221332035 # Filtered GETS hits
   fhGETX: 0 # Filtered GETX hits
   hGETS: 0 # GETS hits
   hGETX: 0 # GETX hits
   mGETS: 75881 # GETS misses
   mGETXIM: 0 # GETX I->M misses
   mGETXSM: 0 # GETX S->M misses (upgrade misses)
   PUTS: 0 # Clean evictions (from lower level)
   PUTX: 0 # Dirty evictions (from lower level)
   INV: 32829 # Invalidates (from upper level)
   INVX: 0 # Downgrades (from upper level)
   FWD: 0 # Forwards (from upper level)
   latGETnl: 1759863 # GET request latency on next level
   latGETnet: 0 # GET request latency on network to next level
 l1d: # Cache stats
  l1d-0: # Filter cache stats
   fhGETS: 210284915 # Filtered GETS hits
   fhGETX: 54820404 # Filtered GETX hits
   hGETS: 550 # GETS hits
   hGETX: 23657004 # GETX hits
   mGETS: 73474678 # GETS misses
   mGETXIM: 10243198 # GETX I->M misses
   mGETXSM: 147 # GETX S->M misses (upgrade misses)
   PUTS: 0 # Clean evictions (from lower level)
   PUTX: 0 # Dirty evictions (from lower level)
   INV: 110 # Invalidates (from upper level)
   INVX: 9323 # Downgrades (from upper level)
   FWD: 0 # Forwards (from upper level)
   latGETnl: 2450166090 # GET request latency on next level
   latGETnet: 0 # GET request latency on network to next level
  l1d-1: # Filter cache stats
   fhGETS: 230527984 # Filtered GETS hits
   fhGETX: 56333174 # Filtered GETX hits
   hGETS: 593 # GETS hits
   hGETX: 23987963 # GETX hits
   mGETS: 59851777 # GETS misses
   mGETXIM: 10604758 # GETX I->M misses
   mGETXSM: 37 # GETX S->M misses (upgrade misses)
   PUTS: 0 # Clean evictions (from lower level)
   PUTX: 0 # Dirty evictions (from lower level)
   INV: 59 # Invalidates (from upper level)
   INVX: 7372 # Downgrades (from upper level)
   FWD: 0 # Forwards (from upper level)
   latGETnl: 2338420609 # GET request latency on next level
   latGETnet: 0 # GET request latency on network to next level
  l1d-2: # Filter cache stats
   fhGETS: 228591052 # Filtered GETS hits
   fhGETX: 55770875 # Filtered GETX hits
   hGETS: 446 # GETS hits
   hGETX: 24150195 # GETX hits
   mGETS: 60775817 # GETS misses
   mGETXIM: 10565870 # GETX I->M misses
   mGETXSM: 158 # GETX S->M misses (upgrade misses)
   PUTS: 0 # Clean evictions (from lower level)
   PUTX: 0 # Dirty evictions (from lower level)
   INV: 136 # Invalidates (from upper level)
   INVX: 6945 # Downgrades (from upper level)
   FWD: 0 # Forwards (from upper level)
   latGETnl: 2348775927 # GET request latency on next level
   latGETnet: 0 # GET request latency on network to next level
  l1d-3: # Filter cache stats
   fhGETS: 233204415 # Filtered GETS hits
   fhGETX: 57013746 # Filtered GETX hits
   hGETS: 834 # GETS hits
   hGETX: 24649729 # GETX hits
   mGETS: 62221162 # GETS misses
   mGETXIM: 10797090 # GETX I->M misses
   mGETXSM: 276 # GETX S->M misses (upgrade misses)
   PUTS: 0 # Clean evictions (from lower level)
   PUTX: 0 # Dirty evictions (from lower level)
   INV: 100 # Invalidates (from upper level)
   INVX: 8053 # Downgrades (from upper level)
   FWD: 0 # Forwards (from upper level)
   latGETnl: 2400240436 # GET request latency on next level
   latGETnet: 0 # GET request latency on network to next level
 l2: # Cache stats
  l2-0: # Cache stats
   hGETS: 24650713 # GETS hits
   hGETX: 1228521 # GETX hits
   mGETS: 48898810 # GETS misses
   mGETXIM: 9014677 # GETX I->M misses
   mGETXSM: 147 # GETX S->M misses (upgrade misses)
   PUTS: 49860799 # Clean evictions (from lower level)
   PUTX: 33900254 # Dirty evictions (from lower level)
   INV: 162 # Invalidates (from upper level)
   INVX: 1965238 # Downgrades (from upper level)
   FWD: 0 # Forwards (from upper level)
   latGETnl: 1530165411 # GET request latency on next level
   latGETnet: 0 # GET request latency on network to next level
  l2-1: # Cache stats
   hGETS: 10060982 # GETS hits
   hGETX: 1371545 # GETX hits
   mGETS: 49865290 # GETS misses
   mGETXIM: 9233213 # GETX I->M misses
   mGETXSM: 37 # GETX S->M misses (upgrade misses)
   PUTS: 35905930 # Clean evictions (from lower level)
   PUTX: 34592721 # Dirty evictions (from lower level)
   INV: 319 # Invalidates (from upper level)
   INVX: 1453877 # Downgrades (from upper level)
   FWD: 0 # Forwards (from upper level)
   latGETnl: 1564326602 # GET request latency on next level
   latGETnet: 0 # GET request latency on network to next level
  l2-2: # Cache stats
   hGETS: 10886445 # GETS hits
   hGETX: 1369330 # GETX hits
   mGETS: 49964827 # GETS misses
   mGETXIM: 9196540 # GETX I->M misses
   mGETXSM: 158 # GETX S->M misses (upgrade misses)
   PUTS: 36668654 # Clean evictions (from lower level)
   PUTX: 34716148 # Dirty evictions (from lower level)
   INV: 182 # Invalidates (from upper level)
   INVX: 1471450 # Downgrades (from upper level)
   FWD: 0 # Forwards (from upper level)
   latGETnl: 1564900706 # GET request latency on next level
   latGETnet: 0 # GET request latency on network to next level
  l2-3: # Cache stats
   hGETS: 11482029 # GETS hits
   hGETX: 1397803 # GETX hits
   mGETS: 50815014 # GETS misses
   mGETXIM: 9399287 # GETX I->M misses
   mGETXSM: 276 # GETX S->M misses (upgrade misses)
   PUTS: 37614274 # Clean evictions (from lower level)
   PUTX: 35446859 # Dirty evictions (from lower level)
   INV: 142 # Invalidates (from upper level)
   INVX: 1274348 # Downgrades (from upper level)
   FWD: 0 # Forwards (from upper level)
   latGETnl: 1597961800 # GET request latency on next level
   latGETnet: 0 # GET request latency on network to next level
 l3: # Cache stats
  l3-0: # Cache stats
   hGETS: 199485617 # GETS hits
   hGETX: 36789038 # GETX hits
   mGETS: 58324 # GETS misses
   mGETXIM: 55297 # GETX I->M misses
   mGETXSM: 0 # GETX S->M misses (upgrade misses)
   PUTS: 108282778 # Clean evictions (from lower level)
   PUTX: 128071307 # Dirty evictions (from lower level)
   INV: 0 # Invalidates (from upper level)
   INVX: 0 # Downgrades (from upper level)
   FWD: 0 # Forwards (from upper level)
   latGETnl: 43308955 # GET request latency on next level
   latGETnet: 0 # GET request latency on network to next level
 mem: # Memory controller stats
  mem-0: # Memory controller stats
   rd: 113621 # Read requests
   wr: 0 # Write requests
   rdlat: 43308955 # Total latency experienced by read requests
   wrlat: 0 # Total latency experienced by write requests
   load: 4450 # Sum of load factors (0-100) per update
   ups: 329 # Number of latency updates
   clampedLoads: 0 # Number of updates where the load was clamped to 95%
 sched: # Scheduler stats
  thCr: 4 # Threads created
  thFn: 0 # Threads finished
  schedEvs: 4 # Schedule events
  waitEvs: 0 # Wait events
  handoffEvs: 0 # Handoff events
  sleepEvs: 0 # Sleep events
  idlePhases: 0 # Phases with no thread active
  idlePeriods: 0 # Periods with no thread active
  occHist: # Occupancy histogram
   0: 0
   1: 0
   2: 0
   3: 0
   4: 12203
  rqSzHist: # Run queue size histogram
   0: 12203
   1: 0
   2: 0
   3: 0
   4: 0
   5: 0
   6: 0
   7: 0
   8: 0
   9: 0
   10: 0
   11: 0
   12: 0
   13: 0
   14: 0
   15: 0
   16: 0
 heartbeats: # Per-process heartbeats
  0: 0
  1: 0
  2: 0
  3: 0
  4: 0
  5: 0
  6: 0
  7: 0
  8: 0
  9: 0
  10: 0
  11: 0
  12: 0
  13: 0
  14: 0
  15: 0
  16: 0
  17: 0
  18: 0
  19: 0
  20: 0
  21: 0
  22: 0
  23: 0
  24: 0
  25: 0
  26: 0
  27: 0
  28: 0
  29: 0
  30: 0
  31: 0
  32: 0
  33: 0
  34: 0
  35: 0
  36: 0
  37: 0
  38: 0
  39: 0
  40: 0
  41: 0
  42: 0
  43: 0
  44: 0
  45: 0
  46: 0
  47: 0
  48: 0
  49: 0
  50: 0
  51: 0
  52: 0
  53: 0
  54: 0
  55: 0
  56: 0
  57: 0
  58: 0
  59: 0
  60: 0
  61: 0
  62: 0
  63: 0
===
