# zsim stats
===
root: # Stats
 contention: # Contention simulation stats
  domain-0: # Domain stats
   time: 3082951438 # Weave simulation time
 time: # Simulator time breakdown
  init: 19780880548
  bound: 1809494523345
  weave: 5392070532
  ff: 0
 trigger: 20000 # Reason for this stats dump
 phase: 56254 # Simulated phases
 core: # Core stats
  core-0: # Core stats
   cycles: 5625248724 # Simulated unhalted cycles
   cCycles: 0 # Cycles due to contention stalls
   instrs: 736685250 # Simulated instructions
   uops: 753976990 # Retired micro-ops
   bbls: 118400333 # Basic blocks
   approxInstrs: 8960120 # Instrs with approx uop decoding
   mispredBranches: 6235 # Mispredicted branches
   fetchStalls: 2935097 # Fetch stalls
   decodeStalls: 191183609 # Decode stalls
   issueStalls: 18628807 # Issue stalls
  core-1: # Core stats
   cycles: 5624981050 # Simulated unhalted cycles
   cCycles: 0 # Cycles due to contention stalls
   instrs: 709139493 # Simulated instructions
   uops: 725208237 # Retired micro-ops
   bbls: 114146980 # Basic blocks
   approxInstrs: 8640119 # Instrs with approx uop decoding
   mispredBranches: 5780 # Mispredicted branches
   fetchStalls: 2762753 # Fetch stalls
   decodeStalls: 183710534 # Decode stalls
   issueStalls: 17608647 # Issue stalls
  core-2: # Core stats
   cycles: 5625295509 # Simulated unhalted cycles
   cCycles: 0 # Cycles due to contention stalls
   instrs: 715615720 # Simulated instructions
   uops: 733269469 # Retired micro-ops
   bbls: 114769200 # Basic blocks
   approxInstrs: 8680091 # Instrs with approx uop decoding
   mispredBranches: 6408 # Mispredicted branches
   fetchStalls: 3107565 # Fetch stalls
   decodeStalls: 186190399 # Decode stalls
   issueStalls: 17624781 # Issue stalls
  core-3: # Core stats
   cycles: 5625317870 # Simulated unhalted cycles
   cCycles: 0 # Cycles due to contention stalls
   instrs: 714970987 # Simulated instructions
   uops: 732270192 # Retired micro-ops
   bbls: 114766977 # Basic blocks
   approxInstrs: 8680092 # Instrs with approx uop decoding
   mispredBranches: 6322 # Mispredicted branches
   fetchStalls: 3060426 # Fetch stalls
   decodeStalls: 185840058 # Decode stalls
   issueStalls: 17491118 # Issue stalls
  core-4: # Core stats
   cycles: 5625343551 # Simulated unhalted cycles
   cCycles: 0 # Cycles due to contention stalls
   instrs: 710564823 # Simulated instructions
   uops: 727332023 # Retired micro-ops
   bbls: 114174328 # Basic blocks
   approxInstrs: 8640025 # Instrs with approx uop decoding
   mispredBranches: 5927 # Mispredicted branches
   fetchStalls: 2470333 # Fetch stalls
   decodeStalls: 184436739 # Decode stalls
   issueStalls: 17650668 # Issue stalls
  core-5: # Core stats
   cycles: 5625149077 # Simulated unhalted cycles
   cCycles: 0 # Cycles due to contention stalls
   instrs: 709099473 # Simulated instructions
   uops: 725138189 # Retired micro-ops
   bbls: 114150930 # Basic blocks
   approxInstrs: 8640115 # Instrs with approx uop decoding
   mispredBranches: 5785 # Mispredicted branches
   fetchStalls: 2946987 # Fetch stalls
   decodeStalls: 183684450 # Decode stalls
   issueStalls: 17727371 # Issue stalls
  core-6: # Core stats
   cycles: 5624843908 # Simulated unhalted cycles
   cCycles: 0 # Cycles due to contention stalls
   instrs: 703935760 # Simulated instructions
   uops: 721174295 # Retired micro-ops
   bbls: 112936337 # Basic blocks
   approxInstrs: 8540090 # Instrs with approx uop decoding
   mispredBranches: 6176 # Mispredicted branches
   fetchStalls: 4224404 # Fetch stalls
   decodeStalls: 183068966 # Decode stalls
   issueStalls: 17902816 # Issue stalls
 l1i: # Cache stats
  l1i-0: # Filter cache stats
   fhGETS: 128105044 # Filtered GETS hits
   fhGETX: 0 # Filtered GETX hits
   hGETS: 41212 # GETS hits
   hGETX: 0 # GETX hits
   mGETS: 20380 # GETS misses
   mGETXIM: 0 # GETX I->M misses
   mGETXSM: 0 # GETX S->M misses (upgrade misses)
   PUTS: 0 # Clean evictions (from lower level)
   PUTX: 0 # Dirty evictions (from lower level)
   INV: 20356 # Invalidates (from upper level)
   INVX: 0 # Downgrades (from upper level)
   FWD: 0 # Forwards (from upper level)
   latGETnl: 3836176 # GET request latency on next level
   latGETnet: 0 # GET request latency on network to next level
  l1i-1: # Filter cache stats
   fhGETS: 123481342 # Filtered GETS hits
   fhGETX: 0 # Filtered GETX hits
   hGETS: 41187 # GETS hits
   hGETX: 0 # GETX hits
   mGETS: 19494 # GETS misses
   mGETXIM: 0 # GETX I->M misses
   mGETXSM: 0 # GETX S->M misses (upgrade misses)
   PUTS: 0 # Clean evictions (from lower level)
   PUTX: 0 # Dirty evictions (from lower level)
   INV: 19482 # Invalidates (from upper level)
   INVX: 0 # Downgrades (from upper level)
   FWD: 0 # Forwards (from upper level)
   latGETnl: 3548799 # GET request latency on next level
   latGETnet: 0 # GET request latency on network to next level
  l1i-2: # Filter cache stats
   fhGETS: 124204232 # Filtered GETS hits
   fhGETX: 0 # Filtered GETX hits
   hGETS: 40948 # GETS hits
   hGETX: 0 # GETX hits
   mGETS: 19999 # GETS misses
   mGETXIM: 0 # GETX I->M misses
   mGETXSM: 0 # GETX S->M misses (upgrade misses)
   PUTS: 0 # Clean evictions (from lower level)
   PUTX: 0 # Dirty evictions (from lower level)
   INV: 19962 # Invalidates (from upper level)
   INVX: 0 # Downgrades (from upper level)
   FWD: 0 # Forwards (from upper level)
   latGETnl: 4182847 # GET request latency on next level
   latGETnet: 0 # GET request latency on network to next level
  l1i-3: # Filter cache stats
   fhGETS: 124193291 # Filtered GETS hits
   fhGETX: 0 # Filtered GETX hits
   hGETS: 41131 # GETS hits
   hGETX: 0 # GETX hits
   mGETS: 19804 # GETS misses
   mGETXIM: 0 # GETX I->M misses
   mGETXSM: 0 # GETX S->M misses (upgrade misses)
   PUTS: 0 # Clean evictions (from lower level)
   PUTX: 0 # Dirty evictions (from lower level)
   INV: 19794 # Invalidates (from upper level)
   INVX: 0 # Downgrades (from upper level)
   FWD: 0 # Forwards (from upper level)
   latGETnl: 4005274 # GET request latency on next level
   latGETnet: 0 # GET request latency on network to next level
  l1i-4: # Filter cache stats
   fhGETS: 123529869 # Filtered GETS hits
   fhGETX: 0 # Filtered GETX hits
   hGETS: 40298 # GETS hits
   hGETX: 0 # GETX hits
   mGETS: 19508 # GETS misses
   mGETXIM: 0 # GETX I->M misses
   mGETXSM: 0 # GETX S->M misses (upgrade misses)
   PUTS: 0 # Clean evictions (from lower level)
   PUTX: 0 # Dirty evictions (from lower level)
   INV: 19493 # Invalidates (from upper level)
   INVX: 0 # Downgrades (from upper level)
   FWD: 0 # Forwards (from upper level)
   latGETnl: 3205858 # GET request latency on next level
   latGETnet: 0 # GET request latency on network to next level
  l1i-5: # Filter cache stats
   fhGETS: 123485273 # Filtered GETS hits
   fhGETX: 0 # Filtered GETX hits
   hGETS: 41179 # GETS hits
   hGETX: 0 # GETX hits
   mGETS: 19537 # GETS misses
   mGETXIM: 0 # GETX I->M misses
   mGETXSM: 0 # GETX S->M misses (upgrade misses)
   PUTS: 0 # Clean evictions (from lower level)
   PUTX: 0 # Dirty evictions (from lower level)
   INV: 19525 # Invalidates (from upper level)
   INVX: 0 # Downgrades (from upper level)
   FWD: 0 # Forwards (from upper level)
   latGETnl: 3885717 # GET request latency on next level
   latGETnet: 0 # GET request latency on network to next level
  l1i-6: # Filter cache stats
   fhGETS: 122212409 # Filtered GETS hits
   fhGETX: 0 # Filtered GETX hits
   hGETS: 40897 # GETS hits
   hGETX: 0 # GETX hits
   mGETS: 19618 # GETS misses
   mGETXIM: 0 # GETX I->M misses
   mGETXSM: 0 # GETX S->M misses (upgrade misses)
   PUTS: 0 # Clean evictions (from lower level)
   PUTX: 0 # Dirty evictions (from lower level)
   INV: 19605 # Invalidates (from upper level)
   INVX: 0 # Downgrades (from upper level)
   FWD: 0 # Forwards (from upper level)
   latGETnl: 5518273 # GET request latency on next level
   latGETnet: 0 # GET request latency on network to next level
 l1d: # Cache stats
  l1d-0: # Filter cache stats
   fhGETS: 137865524 # Filtered GETS hits
   fhGETX: 33714239 # Filtered GETX hits
   hGETS: 3280672 # GETS hits
   hGETX: 14260676 # GETX hits
   mGETS: 29403657 # GETS misses
   mGETXIM: 5421975 # GETX I->M misses
   mGETXSM: 6713 # GETX S->M misses (upgrade misses)
   PUTS: 0 # Clean evictions (from lower level)
   PUTX: 0 # Dirty evictions (from lower level)
   INV: 14370 # Invalidates (from upper level)
   INVX: 358985 # Downgrades (from upper level)
   FWD: 0 # Forwards (from upper level)
   latGETnl: 14488944534 # GET request latency on next level
   latGETnet: 0 # GET request latency on network to next level
  l1d-1: # Filter cache stats
   fhGETS: 132329944 # Filtered GETS hits
   fhGETX: 32274090 # Filtered GETX hits
   hGETS: 3057719 # GETS hits
   hGETX: 13717655 # GETX hits
   mGETS: 28306309 # GETS misses
   mGETXIM: 5193370 # GETX I->M misses
   mGETXSM: 171 # GETX S->M misses (upgrade misses)
   PUTS: 0 # Clean evictions (from lower level)
   PUTX: 0 # Dirty evictions (from lower level)
   INV: 11538 # Invalidates (from upper level)
   INVX: 353812 # Downgrades (from upper level)
   FWD: 0 # Forwards (from upper level)
   latGETnl: 14276022059 # GET request latency on next level
   latGETnet: 0 # GET request latency on network to next level
  l1d-2: # Filter cache stats
   fhGETS: 134699600 # Filtered GETS hits
   fhGETX: 33131410 # Filtered GETX hits
   hGETS: 3133278 # GETS hits
   hGETX: 13790912 # GETX hits
   mGETS: 28497807 # GETS misses
   mGETXIM: 5297891 # GETX I->M misses
   mGETXSM: 142 # GETX S->M misses (upgrade misses)
   PUTS: 0 # Clean evictions (from lower level)
   PUTX: 0 # Dirty evictions (from lower level)
   INV: 10870 # Invalidates (from upper level)
   INVX: 349804 # Downgrades (from upper level)
   FWD: 0 # Forwards (from upper level)
   latGETnl: 14446496179 # GET request latency on next level
   latGETnet: 0 # GET request latency on network to next level
  l1d-3: # Filter cache stats
   fhGETS: 134229139 # Filtered GETS hits
   fhGETX: 32960541 # Filtered GETX hits
   hGETS: 3172421 # GETS hits
   hGETX: 13802368 # GETX hits
   mGETS: 28472289 # GETS misses
   mGETXIM: 5284739 # GETX I->M misses
   mGETXSM: 9402 # GETX S->M misses (upgrade misses)
   PUTS: 0 # Clean evictions (from lower level)
   PUTX: 0 # Dirty evictions (from lower level)
   INV: 7235 # Invalidates (from upper level)
   INVX: 363392 # Downgrades (from upper level)
   FWD: 0 # Forwards (from upper level)
   latGETnl: 14256624090 # GET request latency on next level
   latGETnet: 0 # GET request latency on network to next level
  l1d-4: # Filter cache stats
   fhGETS: 133097464 # Filtered GETS hits
   fhGETX: 32547175 # Filtered GETX hits
   hGETS: 3190150 # GETS hits
   hGETX: 13744516 # GETX hits
   mGETS: 28333867 # GETS misses
   mGETXIM: 5222752 # GETX I->M misses
   mGETXSM: 8297 # GETX S->M misses (upgrade misses)
   PUTS: 0 # Clean evictions (from lower level)
   PUTX: 0 # Dirty evictions (from lower level)
   INV: 18126 # Invalidates (from upper level)
   INVX: 354209 # Downgrades (from upper level)
   FWD: 0 # Forwards (from upper level)
   latGETnl: 14221794436 # GET request latency on next level
   latGETnet: 0 # GET request latency on network to next level
  l1d-5: # Filter cache stats
   fhGETS: 132552644 # Filtered GETS hits
   fhGETX: 32304933 # Filtered GETX hits
   hGETS: 2723993 # GETS hits
   hGETX: 13673453 # GETX hits
   mGETS: 28371279 # GETS misses
   mGETXIM: 5200900 # GETX I->M misses
   mGETXSM: 189 # GETX S->M misses (upgrade misses)
   PUTS: 0 # Clean evictions (from lower level)
   PUTX: 0 # Dirty evictions (from lower level)
   INV: 9117 # Invalidates (from upper level)
   INVX: 349713 # Downgrades (from upper level)
   FWD: 0 # Forwards (from upper level)
   latGETnl: 14335375451 # GET request latency on next level
   latGETnet: 0 # GET request latency on network to next level
  l1d-6: # Filter cache stats
   fhGETS: 132368770 # Filtered GETS hits
   fhGETX: 32517480 # Filtered GETX hits
   hGETS: 3136555 # GETS hits
   hGETX: 13584116 # GETX hits
   mGETS: 28027340 # GETS misses
   mGETXIM: 5212085 # GETX I->M misses
   mGETXSM: 153 # GETX S->M misses (upgrade misses)
   PUTS: 0 # Clean evictions (from lower level)
   PUTX: 0 # Dirty evictions (from lower level)
   INV: 10674 # Invalidates (from upper level)
   INVX: 321454 # Downgrades (from upper level)
   FWD: 0 # Forwards (from upper level)
   latGETnl: 14058189056 # GET request latency on next level
   latGETnet: 0 # GET request latency on network to next level
 l2: # Cache stats
  l2-0: # Cache stats
   hGETS: 28270 # GETS hits
   hGETX: 3857 # GETX hits
   mGETS: 29395767 # GETS misses
   mGETXIM: 5418118 # GETX I->M misses
   mGETXSM: 6713 # GETX S->M misses (upgrade misses)
   PUTS: 15946830 # Clean evictions (from lower level)
   PUTX: 18864196 # Dirty evictions (from lower level)
   INV: 5220594 # Invalidates (from upper level)
   INVX: 1214371 # Downgrades (from upper level)
   FWD: 0 # Forwards (from upper level)
   latGETnl: 14144253460 # GET request latency on next level
   latGETnet: 0 # GET request latency on network to next level
  l2-1: # Cache stats
   hGETS: 3151 # GETS hits
   hGETX: 276 # GETX hits
   mGETS: 28322652 # GETS misses
   mGETXIM: 5193094 # GETX I->M misses
   mGETXSM: 171 # GETX S->M misses (upgrade misses)
   PUTS: 15333347 # Clean evictions (from lower level)
   PUTX: 18154545 # Dirty evictions (from lower level)
   INV: 5712124 # Invalidates (from upper level)
   INVX: 1180402 # Downgrades (from upper level)
   FWD: 0 # Forwards (from upper level)
   latGETnl: 13944377418 # GET request latency on next level
   latGETnet: 0 # GET request latency on network to next level
  l2-2: # Cache stats
   hGETS: 16539 # GETS hits
   hGETX: 154 # GETX hits
   mGETS: 28501267 # GETS misses
   mGETXIM: 5297737 # GETX I->M misses
   mGETXSM: 142 # GETX S->M misses (upgrade misses)
   PUTS: 15466898 # Clean evictions (from lower level)
   PUTX: 18317707 # Dirty evictions (from lower level)
   INV: 5378460 # Invalidates (from upper level)
   INVX: 1177710 # Downgrades (from upper level)
   FWD: 0 # Forwards (from upper level)
   latGETnl: 14112520636 # GET request latency on next level
   latGETnet: 0 # GET request latency on network to next level
  l2-3: # Cache stats
   hGETS: 2887 # GETS hits
   hGETX: 169 # GETX hits
   mGETS: 28489206 # GETS misses
   mGETXIM: 5284504 # GETX I->M misses
   mGETXSM: 9468 # GETX S->M misses (upgrade misses)
   PUTS: 15443709 # Clean evictions (from lower level)
   PUTX: 18305833 # Dirty evictions (from lower level)
   INV: 5555106 # Invalidates (from upper level)
   INVX: 1162780 # Downgrades (from upper level)
   FWD: 0 # Forwards (from upper level)
   latGETnl: 13922767024 # GET request latency on next level
   latGETnet: 0 # GET request latency on network to next level
  l2-4: # Cache stats
   hGETS: 2834 # GETS hits
   hGETX: 421 # GETX hits
   mGETS: 28350541 # GETS misses
   mGETXIM: 5222331 # GETX I->M misses
   mGETXSM: 8297 # GETX S->M misses (upgrade misses)
   PUTS: 15354607 # Clean evictions (from lower level)
   PUTX: 18183641 # Dirty evictions (from lower level)
   INV: 5584737 # Invalidates (from upper level)
   INVX: 1126668 # Downgrades (from upper level)
   FWD: 0 # Forwards (from upper level)
   latGETnl: 13889156054 # GET request latency on next level
   latGETnet: 0 # GET request latency on network to next level
  l2-5: # Cache stats
   hGETS: 70766 # GETS hits
   hGETX: 4043 # GETX hits
   mGETS: 28320050 # GETS misses
   mGETXIM: 5196857 # GETX I->M misses
   mGETXSM: 189 # GETX S->M misses (upgrade misses)
   PUTS: 15385340 # Clean evictions (from lower level)
   PUTX: 18177477 # Dirty evictions (from lower level)
   INV: 5366683 # Invalidates (from upper level)
   INVX: 1236736 # Downgrades (from upper level)
   FWD: 0 # Forwards (from upper level)
   latGETnl: 14003342118 # GET request latency on next level
   latGETnet: 0 # GET request latency on network to next level
  l2-6: # Cache stats
   hGETS: 7431 # GETS hits
   hGETX: 769 # GETX hits
   mGETS: 28039527 # GETS misses
   mGETXIM: 5211316 # GETX I->M misses
   mGETXSM: 153 # GETX S->M misses (upgrade misses)
   PUTS: 15205330 # Clean evictions (from lower level)
   PUTX: 18023177 # Dirty evictions (from lower level)
   INV: 5491470 # Invalidates (from upper level)
   INVX: 1351897 # Downgrades (from upper level)
   FWD: 0 # Forwards (from upper level)
   latGETnl: 13731115369 # GET request latency on next level
   latGETnet: 0 # GET request latency on network to next level
 l3: # Cache stats
  l3-0: # Cache stats
   hGETS: 84365061 # GETS hits
   hGETX: 18202533 # GETX hits
   mGETS: 115053949 # GETS misses
   mGETXIM: 18646557 # GETX I->M misses
   mGETXSM: 0 # GETX S->M misses (upgrade misses)
   PUTS: 92482740 # Clean evictions (from lower level)
   PUTX: 105404482 # Dirty evictions (from lower level)
   INV: 0 # Invalidates (from upper level)
   INVX: 0 # Downgrades (from upper level)
   FWD: 0 # Forwards (from upper level)
   latGETnl: 93400033433 # GET request latency on next level
   latGETnet: 0 # GET request latency on network to next level
 mem: # Memory controller stats
  mem-0: # Memory controller stats
   rd: 133700506 # Read requests
   wr: 61799851 # Write requests
   rdlat: 93400033433 # Total latency experienced by read requests
   wrlat: 43000486285 # Total latency experienced by write requests
   load: 4615704 # Sum of load factors (0-100) per update
   ups: 56253 # Number of latency updates
   clampedLoads: 17508 # Number of updates where the load was clamped to 95%
 sched: # Scheduler stats
  thCr: 7 # Threads created
  thFn: 0 # Threads finished
  schedEvs: 7 # Schedule events
  waitEvs: 0 # Wait events
  handoffEvs: 0 # Handoff events
  sleepEvs: 0 # Sleep events
  idlePhases: 0 # Phases with no thread active
  idlePeriods: 0 # Periods with no thread active
  occHist: # Occupancy histogram
   0: 0
   1: 0
   2: 0
   3: 0
   4: 0
   5: 0
   6: 0
   7: 56254
  rqSzHist: # Run queue size histogram
   0: 56254
   1: 0
   2: 0
   3: 0
   4: 0
   5: 0
   6: 0
   7: 0
   8: 0
   9: 0
   10: 0
   11: 0
   12: 0
   13: 0
   14: 0
   15: 0
   16: 0
 heartbeats: # Per-process heartbeats
  0: 0
  1: 0
  2: 0
  3: 0
  4: 0
  5: 0
  6: 0
  7: 0
  8: 0
  9: 0
  10: 0
  11: 0
  12: 0
  13: 0
  14: 0
  15: 0
  16: 0
  17: 0
  18: 0
  19: 0
  20: 0
  21: 0
  22: 0
  23: 0
  24: 0
  25: 0
  26: 0
  27: 0
  28: 0
  29: 0
  30: 0
  31: 0
  32: 0
  33: 0
  34: 0
  35: 0
  36: 0
  37: 0
  38: 0
  39: 0
  40: 0
  41: 0
  42: 0
  43: 0
  44: 0
  45: 0
  46: 0
  47: 0
  48: 0
  49: 0
  50: 0
  51: 0
  52: 0
  53: 0
  54: 0
  55: 0
  56: 0
  57: 0
  58: 0
  59: 0
  60: 0
  61: 0
  62: 0
  63: 0
===
