# zsim stats
===
root: # Stats
 contention: # Contention simulation stats
  domain-0: # Domain stats
   time: 598306345 # Weave simulation time
 time: # Simulator time breakdown
  init: 19944071259
  bound: 932985168160
  weave: 1047832545
  ff: 0
 trigger: 20000 # Reason for this stats dump
 phase: 10887 # Simulated phases
 core: # Core stats
  core-0: # Core stats
   cycles: 1088700002 # Simulated unhalted cycles
   cCycles: 0 # Cycles due to contention stalls
   instrs: 1257439631 # Simulated instructions
   uops: 1286748197 # Retired micro-ops
   bbls: 202054447 # Basic blocks
   approxInstrs: 15300006 # Instrs with approx uop decoding
   mispredBranches: 10265 # Mispredicted branches
   fetchStalls: 1016307 # Fetch stalls
   decodeStalls: 326342462 # Decode stalls
   issueStalls: 39026640 # Issue stalls
  core-1: # Core stats
   cycles: 1087582525 # Simulated unhalted cycles
   cCycles: 0 # Cycles due to contention stalls
   instrs: 1249264930 # Simulated instructions
   uops: 1279356092 # Retired micro-ops
   bbls: 200452284 # Basic blocks
   approxInstrs: 15180119 # Instrs with approx uop decoding
   mispredBranches: 10587 # Mispredicted branches
   fetchStalls: 1002823 # Fetch stalls
   decodeStalls: 324754514 # Decode stalls
   issueStalls: 37720660 # Issue stalls
  core-2: # Core stats
   cycles: 1088103355 # Simulated unhalted cycles
   cCycles: 0 # Cycles due to contention stalls
   instrs: 1249539174 # Simulated instructions
   uops: 1278310062 # Retired micro-ops
   bbls: 200886964 # Basic blocks
   approxInstrs: 15220118 # Instrs with approx uop decoding
   mispredBranches: 10151 # Mispredicted branches
   fetchStalls: 993195 # Fetch stalls
   decodeStalls: 324109967 # Decode stalls
   issueStalls: 35803058 # Issue stalls
  core-3: # Core stats
   cycles: 1087742756 # Simulated unhalted cycles
   cCycles: 0 # Cycles due to contention stalls
   instrs: 1244027052 # Simulated instructions
   uops: 1273548817 # Retired micro-ops
   bbls: 199736335 # Basic blocks
   approxInstrs: 15120118 # Instrs with approx uop decoding
   mispredBranches: 10406 # Mispredicted branches
   fetchStalls: 1004241 # Fetch stalls
   decodeStalls: 323159505 # Decode stalls
   issueStalls: 37796739 # Issue stalls
 l1i: # Cache stats
  l1i-0: # Filter cache stats
   fhGETS: 218655418 # Filtered GETS hits
   fhGETX: 0 # Filtered GETX hits
   hGETS: 40094 # GETS hits
   hGETX: 0 # GETX hits
   mGETS: 34337 # GETS misses
   mGETXIM: 0 # GETX I->M misses
   mGETXSM: 0 # GETX S->M misses (upgrade misses)
   PUTS: 0 # Clean evictions (from lower level)
   PUTX: 0 # Dirty evictions (from lower level)
   INV: 34301 # Invalidates (from upper level)
   INVX: 0 # Downgrades (from upper level)
   FWD: 0 # Forwards (from upper level)
   latGETnl: 1130175 # GET request latency on next level
   latGETnet: 0 # GET request latency on network to next level
  l1i-1: # Filter cache stats
   fhGETS: 216962618 # Filtered GETS hits
   fhGETX: 0 # Filtered GETX hits
   hGETS: 41201 # GETS hits
   hGETX: 0 # GETX hits
   mGETS: 34120 # GETS misses
   mGETXIM: 0 # GETX I->M misses
   mGETXSM: 0 # GETX S->M misses (upgrade misses)
   PUTS: 0 # Clean evictions (from lower level)
   PUTX: 0 # Dirty evictions (from lower level)
   INV: 34116 # Invalidates (from upper level)
   INVX: 0 # Downgrades (from upper level)
   FWD: 0 # Forwards (from upper level)
   latGETnl: 1095011 # GET request latency on next level
   latGETnet: 0 # GET request latency on network to next level
  l1i-2: # Filter cache stats
   fhGETS: 217395688 # Filtered GETS hits
   fhGETX: 0 # Filtered GETX hits
   hGETS: 41187 # GETS hits
   hGETX: 0 # GETX hits
   mGETS: 33997 # GETS misses
   mGETXIM: 0 # GETX I->M misses
   mGETXSM: 0 # GETX S->M misses (upgrade misses)
   PUTS: 0 # Clean evictions (from lower level)
   PUTX: 0 # Dirty evictions (from lower level)
   INV: 33989 # Invalidates (from upper level)
   INVX: 0 # Downgrades (from upper level)
   FWD: 0 # Forwards (from upper level)
   latGETnl: 1088902 # GET request latency on next level
   latGETnet: 0 # GET request latency on network to next level
  l1i-3: # Filter cache stats
   fhGETS: 216165987 # Filtered GETS hits
   fhGETX: 0 # Filtered GETX hits
   hGETS: 41208 # GETS hits
   hGETX: 0 # GETX hits
   mGETS: 34062 # GETS misses
   mGETXIM: 0 # GETX I->M misses
   mGETXSM: 0 # GETX S->M misses (upgrade misses)
   PUTS: 0 # Clean evictions (from lower level)
   PUTX: 0 # Dirty evictions (from lower level)
   INV: 34009 # Invalidates (from upper level)
   INVX: 0 # Downgrades (from upper level)
   FWD: 0 # Forwards (from upper level)
   latGETnl: 1110236 # GET request latency on next level
   latGETnet: 0 # GET request latency on network to next level
 l1d: # Cache stats
  l1d-0: # Filter cache stats
   fhGETS: 236043251 # Filtered GETS hits
   fhGETX: 57511253 # Filtered GETX hits
   hGETS: 5048188 # GETS hits
   hGETX: 24262679 # GETX hits
   mGETS: 50193591 # GETS misses
   mGETXIM: 9257178 # GETX I->M misses
   mGETXSM: 2067 # GETX S->M misses (upgrade misses)
   PUTS: 0 # Clean evictions (from lower level)
   PUTX: 0 # Dirty evictions (from lower level)
   INV: 9142 # Invalidates (from upper level)
   INVX: 35886 # Downgrades (from upper level)
   FWD: 0 # Forwards (from upper level)
   latGETnl: 1937575973 # GET request latency on next level
   latGETnet: 0 # GET request latency on network to next level
  l1d-1: # Filter cache stats
   fhGETS: 234690239 # Filtered GETS hits
   fhGETX: 57457209 # Filtered GETX hits
   hGETS: 5540368 # GETS hits
   hGETX: 24144876 # GETX hits
   mGETS: 49820909 # GETS misses
   mGETXIM: 9238314 # GETX I->M misses
   mGETXSM: 135 # GETX S->M misses (upgrade misses)
   PUTS: 0 # Clean evictions (from lower level)
   PUTX: 0 # Dirty evictions (from lower level)
   INV: 12667 # Invalidates (from upper level)
   INVX: 18092 # Downgrades (from upper level)
   FWD: 0 # Forwards (from upper level)
   latGETnl: 1909804039 # GET request latency on next level
   latGETnet: 0 # GET request latency on network to next level
  l1d-2: # Filter cache stats
   fhGETS: 233496075 # Filtered GETS hits
   fhGETX: 56979847 # Filtered GETX hits
   hGETS: 5587747 # GETS hits
   hGETX: 24209000 # GETX hits
   mGETS: 49882710 # GETS misses
   mGETXIM: 9187353 # GETX I->M misses
   mGETXSM: 155 # GETX S->M misses (upgrade misses)
   PUTS: 0 # Clean evictions (from lower level)
   PUTX: 0 # Dirty evictions (from lower level)
   INV: 13922 # Invalidates (from upper level)
   INVX: 18435 # Downgrades (from upper level)
   FWD: 0 # Forwards (from upper level)
   latGETnl: 1913461207 # GET request latency on next level
   latGETnet: 0 # GET request latency on network to next level
  l1d-3: # Filter cache stats
   fhGETS: 233576730 # Filtered GETS hits
   fhGETX: 57061490 # Filtered GETX hits
   hGETS: 5425163 # GETS hits
   hGETX: 24000866 # GETX hits
   mGETS: 49634156 # GETS misses
   mGETXIM: 9172540 # GETX I->M misses
   mGETXSM: 139 # GETX S->M misses (upgrade misses)
   PUTS: 0 # Clean evictions (from lower level)
   PUTX: 0 # Dirty evictions (from lower level)
   INV: 12671 # Invalidates (from upper level)
   INVX: 18300 # Downgrades (from upper level)
   FWD: 0 # Forwards (from upper level)
   latGETnl: 1895118673 # GET request latency on next level
   latGETnet: 0 # GET request latency on network to next level
 l2: # Cache stats
  l2-0: # Cache stats
   hGETS: 30096 # GETS hits
   hGETX: 6841 # GETX hits
   mGETS: 50197832 # GETS misses
   mGETXIM: 9250337 # GETX I->M misses
   mGETXSM: 2067 # GETX S->M misses (upgrade misses)
   PUTS: 27231512 # Clean evictions (from lower level)
   PUTX: 32209884 # Dirty evictions (from lower level)
   INV: 88 # Invalidates (from upper level)
   INVX: 1161734 # Downgrades (from upper level)
   FWD: 0 # Forwards (from upper level)
   latGETnl: 1284347245 # GET request latency on next level
   latGETnet: 0 # GET request latency on network to next level
  l2-1: # Cache stats
   hGETS: 31262 # GETS hits
   hGETX: 7008 # GETX hits
   mGETS: 49823767 # GETS misses
   mGETXIM: 9231306 # GETX I->M misses
   mGETXSM: 135 # GETX S->M misses (upgrade misses)
   PUTS: 27035707 # Clean evictions (from lower level)
   PUTX: 32010596 # Dirty evictions (from lower level)
   INV: 1415 # Invalidates (from upper level)
   INVX: 1502590 # Downgrades (from upper level)
   FWD: 0 # Forwards (from upper level)
   latGETnl: 1260870792 # GET request latency on next level
   latGETnet: 0 # GET request latency on network to next level
  l2-2: # Cache stats
   hGETS: 3832 # GETS hits
   hGETX: 148 # GETX hits
   mGETS: 49912875 # GETS misses
   mGETXIM: 9187205 # GETX I->M misses
   mGETXSM: 155 # GETX S->M misses (upgrade misses)
   PUTS: 27036218 # Clean evictions (from lower level)
   PUTX: 32019670 # Dirty evictions (from lower level)
   INV: 1320 # Invalidates (from upper level)
   INVX: 1061614 # Downgrades (from upper level)
   FWD: 0 # Forwards (from upper level)
   latGETnl: 1264403744 # GET request latency on next level
   latGETnet: 0 # GET request latency on network to next level
  l2-3: # Cache stats
   hGETS: 30535 # GETS hits
   hGETX: 6930 # GETX hits
   mGETS: 49637683 # GETS misses
   mGETXIM: 9165610 # GETX I->M misses
   mGETXSM: 139 # GETX S->M misses (upgrade misses)
   PUTS: 26939066 # Clean evictions (from lower level)
   PUTX: 31854712 # Dirty evictions (from lower level)
   INV: 1425 # Invalidates (from upper level)
   INVX: 2189460 # Downgrades (from upper level)
   FWD: 0 # Forwards (from upper level)
   latGETnl: 1248979042 # GET request latency on next level
   latGETnet: 0 # GET request latency on network to next level
 l3: # Cache stats
  l3-0: # Cache stats
   hGETS: 199513854 # GETS hits
   hGETX: 36781697 # GETX hits
   mGETS: 58303 # GETS misses
   mGETXIM: 55257 # GETX I->M misses
   mGETXSM: 0 # GETX S->M misses (upgrade misses)
   PUTS: 108292413 # Clean evictions (from lower level)
   PUTX: 128077186 # Dirty evictions (from lower level)
   INV: 0 # Invalidates (from upper level)
   INVX: 0 # Downgrades (from upper level)
   FWD: 0 # Forwards (from upper level)
   latGETnl: 28541284 # GET request latency on next level
   latGETnet: 0 # GET request latency on network to next level
 mem: # Memory controller stats
  mem-0: # Memory controller stats
   rd: 113560 # Read requests
   wr: 0 # Write requests
   rdlat: 28541284 # Total latency experienced by read requests
   wrlat: 0 # Total latency experienced by write requests
   load: 2980 # Sum of load factors (0-100) per update
   ups: 288 # Number of latency updates
   clampedLoads: 0 # Number of updates where the load was clamped to 95%
 sched: # Scheduler stats
  thCr: 4 # Threads created
  thFn: 0 # Threads finished
  schedEvs: 4 # Schedule events
  waitEvs: 0 # Wait events
  handoffEvs: 0 # Handoff events
  sleepEvs: 0 # Sleep events
  idlePhases: 0 # Phases with no thread active
  idlePeriods: 0 # Periods with no thread active
  occHist: # Occupancy histogram
   0: 0
   1: 0
   2: 0
   3: 0
   4: 10887
  rqSzHist: # Run queue size histogram
   0: 10887
   1: 0
   2: 0
   3: 0
   4: 0
   5: 0
   6: 0
   7: 0
   8: 0
   9: 0
   10: 0
   11: 0
   12: 0
   13: 0
   14: 0
   15: 0
   16: 0
 heartbeats: # Per-process heartbeats
  0: 0
  1: 0
  2: 0
  3: 0
  4: 0
  5: 0
  6: 0
  7: 0
  8: 0
  9: 0
  10: 0
  11: 0
  12: 0
  13: 0
  14: 0
  15: 0
  16: 0
  17: 0
  18: 0
  19: 0
  20: 0
  21: 0
  22: 0
  23: 0
  24: 0
  25: 0
  26: 0
  27: 0
  28: 0
  29: 0
  30: 0
  31: 0
  32: 0
  33: 0
  34: 0
  35: 0
  36: 0
  37: 0
  38: 0
  39: 0
  40: 0
  41: 0
  42: 0
  43: 0
  44: 0
  45: 0
  46: 0
  47: 0
  48: 0
  49: 0
  50: 0
  51: 0
  52: 0
  53: 0
  54: 0
  55: 0
  56: 0
  57: 0
  58: 0
  59: 0
  60: 0
  61: 0
  62: 0
  63: 0
===
