# zsim stats
===
root: # Stats
 contention: # Contention simulation stats
  domain-0: # Domain stats
   time: 447507816 # Weave simulation time
 time: # Simulator time breakdown
  init: 20429443567
  bound: 681826282767
  weave: 839975750
  ff: 0
 trigger: 20000 # Reason for this stats dump
 phase: 8642 # Simulated phases
 core: # Core stats
  core-0: # Core stats
   cycles: 863147449 # Simulated unhalted cycles
   cCycles: 0 # Cycles due to contention stalls
   instrs: 1242429225 # Simulated instructions
   uops: 1271571320 # Retired micro-ops
   bbls: 199581258 # Basic blocks
   approxInstrs: 15120122 # Instrs with approx uop decoding
   mispredBranches: 10266 # Mispredicted branches
   fetchStalls: 909715 # Fetch stalls
   decodeStalls: 322533689 # Decode stalls
   issueStalls: 32818017 # Issue stalls
  core-1: # Core stats
   cycles: 863069065 # Simulated unhalted cycles
   cCycles: 0 # Cycles due to contention stalls
   instrs: 1234704323 # Simulated instructions
   uops: 1263357953 # Retired micro-ops
   bbls: 198432732 # Basic blocks
   approxInstrs: 15040118 # Instrs with approx uop decoding
   mispredBranches: 10099 # Mispredicted branches
   fetchStalls: 888642 # Fetch stalls
   decodeStalls: 320387688 # Decode stalls
   issueStalls: 36168202 # Issue stalls
  core-2: # Core stats
   cycles: 863337722 # Simulated unhalted cycles
   cCycles: 0 # Cycles due to contention stalls
   instrs: 1241585218 # Simulated instructions
   uops: 1271036114 # Retired micro-ops
   bbls: 199350319 # Basic blocks
   approxInstrs: 15100118 # Instrs with approx uop decoding
   mispredBranches: 10349 # Mispredicted branches
   fetchStalls: 893889 # Fetch stalls
   decodeStalls: 322492754 # Decode stalls
   issueStalls: 32883336 # Issue stalls
  core-3: # Core stats
   cycles: 864104412 # Simulated unhalted cycles
   cCycles: 0 # Cycles due to contention stalls
   instrs: 1281424558 # Simulated instructions
   uops: 1311885931 # Retired micro-ops
   bbls: 205727454 # Basic blocks
   approxInstrs: 15580004 # Instrs with approx uop decoding
   mispredBranches: 10758 # Mispredicted branches
   fetchStalls: 910123 # Fetch stalls
   decodeStalls: 332897195 # Decode stalls
   issueStalls: 42792640 # Issue stalls
 l1i: # Cache stats
  l1i-0: # Filter cache stats
   fhGETS: 216018196 # Filtered GETS hits
   fhGETX: 0 # Filtered GETX hits
   hGETS: 0 # GETS hits
   hGETX: 0 # GETX hits
   mGETS: 47078 # GETS misses
   mGETXIM: 0 # GETX I->M misses
   mGETXSM: 0 # GETX S->M misses (upgrade misses)
   PUTS: 0 # Clean evictions (from lower level)
   PUTX: 0 # Dirty evictions (from lower level)
   INV: 0 # Invalidates (from upper level)
   INVX: 0 # Downgrades (from upper level)
   FWD: 0 # Forwards (from upper level)
   latGETnl: 791425 # GET request latency on next level
   latGETnet: 0 # GET request latency on network to next level
  l1i-1: # Filter cache stats
   fhGETS: 214771770 # Filtered GETS hits
   fhGETX: 0 # Filtered GETX hits
   hGETS: 0 # GETS hits
   hGETX: 0 # GETX hits
   mGETS: 46949 # GETS misses
   mGETXIM: 0 # GETX I->M misses
   mGETXSM: 0 # GETX S->M misses (upgrade misses)
   PUTS: 0 # Clean evictions (from lower level)
   PUTX: 0 # Dirty evictions (from lower level)
   INV: 0 # Invalidates (from upper level)
   INVX: 0 # Downgrades (from upper level)
   FWD: 0 # Forwards (from upper level)
   latGETnl: 756836 # GET request latency on next level
   latGETnet: 0 # GET request latency on network to next level
  l1i-2: # Filter cache stats
   fhGETS: 215777942 # Filtered GETS hits
   fhGETX: 0 # Filtered GETX hits
   hGETS: 0 # GETS hits
   hGETX: 0 # GETX hits
   mGETS: 47059 # GETS misses
   mGETXIM: 0 # GETX I->M misses
   mGETXSM: 0 # GETX S->M misses (upgrade misses)
   PUTS: 0 # Clean evictions (from lower level)
   PUTX: 0 # Dirty evictions (from lower level)
   INV: 0 # Invalidates (from upper level)
   INVX: 0 # Downgrades (from upper level)
   FWD: 0 # Forwards (from upper level)
   latGETnl: 758400 # GET request latency on next level
   latGETnet: 0 # GET request latency on network to next level
  l1i-3: # Filter cache stats
   fhGETS: 222687591 # Filtered GETS hits
   fhGETX: 0 # Filtered GETX hits
   hGETS: 0 # GETS hits
   hGETX: 0 # GETX hits
   mGETS: 46212 # GETS misses
   mGETXIM: 0 # GETX I->M misses
   mGETXSM: 0 # GETX S->M misses (upgrade misses)
   PUTS: 0 # Clean evictions (from lower level)
   PUTX: 0 # Dirty evictions (from lower level)
   INV: 0 # Invalidates (from upper level)
   INVX: 0 # Downgrades (from upper level)
   FWD: 0 # Forwards (from upper level)
   latGETnl: 794397 # GET request latency on next level
   latGETnet: 0 # GET request latency on network to next level
 l1d: # Cache stats
  l1d-0: # Filter cache stats
   fhGETS: 162727463 # Filtered GETS hits
   fhGETX: 34030486 # Filtered GETX hits
   hGETS: 81 # GETS hits
   hGETX: 45574434 # GETX hits
   mGETS: 125154098 # GETS misses
   mGETXIM: 10408481 # GETX I->M misses
   mGETXSM: 212 # GETX S->M misses (upgrade misses)
   PUTS: 0 # Clean evictions (from lower level)
   PUTX: 0 # Dirty evictions (from lower level)
   INV: 113 # Invalidates (from upper level)
   INVX: 777 # Downgrades (from upper level)
   FWD: 0 # Forwards (from upper level)
   latGETnl: 2180541655 # GET request latency on next level
   latGETnet: 0 # GET request latency on network to next level
  l1d-1: # Filter cache stats
   fhGETS: 204338931 # Filtered GETS hits
   fhGETX: 48024564 # Filtered GETX hits
   hGETS: 53 # GETS hits
   hGETX: 30990715 # GETX hits
   mGETS: 81405953 # GETS misses
   mGETXIM: 10365690 # GETX I->M misses
   mGETXSM: 304 # GETX S->M misses (upgrade misses)
   PUTS: 0 # Clean evictions (from lower level)
   PUTX: 0 # Dirty evictions (from lower level)
   INV: 117 # Invalidates (from upper level)
   INVX: 766 # Downgrades (from upper level)
   FWD: 0 # Forwards (from upper level)
   latGETnl: 1479672860 # GET request latency on next level
   latGETnet: 0 # GET request latency on network to next level
  l1d-2: # Filter cache stats
   fhGETS: 206561196 # Filtered GETS hits
   fhGETX: 51551333 # Filtered GETX hits
   hGETS: 99 # GETS hits
   hGETX: 28087855 # GETX hits
   mGETS: 81398240 # GETS misses
   mGETXIM: 10439693 # GETX I->M misses
   mGETXSM: 314 # GETX S->M misses (upgrade misses)
   PUTS: 0 # Clean evictions (from lower level)
   PUTX: 0 # Dirty evictions (from lower level)
   INV: 124 # Invalidates (from upper level)
   INVX: 1074 # Downgrades (from upper level)
   FWD: 0 # Forwards (from upper level)
   latGETnl: 1481249983 # GET request latency on next level
   latGETnet: 0 # GET request latency on network to next level
  l1d-3: # Filter cache stats
   fhGETS: 228688358 # Filtered GETS hits
   fhGETX: 50371268 # Filtered GETX hits
   hGETS: 70 # GETS hits
   hGETX: 24570900 # GETX hits
   mGETS: 68553344 # GETS misses
   mGETXIM: 18077256 # GETX I->M misses
   mGETXSM: 201 # GETX S->M misses (upgrade misses)
   PUTS: 0 # Clean evictions (from lower level)
   PUTX: 0 # Dirty evictions (from lower level)
   INV: 61 # Invalidates (from upper level)
   INVX: 1508 # Downgrades (from upper level)
   FWD: 0 # Forwards (from upper level)
   latGETnl: 1399084466 # GET request latency on next level
   latGETnet: 0 # GET request latency on network to next level
 l2: # Cache stats
  l2-0: # Cache stats
   hGETS: 125172568 # GETS hits
   hGETX: 10394313 # GETX hits
   mGETS: 28608 # GETS misses
   mGETXIM: 13933 # GETX I->M misses
   mGETXSM: 447 # GETX S->M misses (upgrade misses)
   PUTS: 79626336 # Clean evictions (from lower level)
   PUTX: 55983080 # Dirty evictions (from lower level)
   INV: 605 # Invalidates (from upper level)
   INVX: 3743 # Downgrades (from upper level)
   FWD: 0 # Forwards (from upper level)
   latGETnl: 11575176 # GET request latency on next level
   latGETnet: 0 # GET request latency on network to next level
  l2-1: # Cache stats
   hGETS: 81424353 # GETS hits
   hGETX: 10351799 # GETX hits
   mGETS: 28549 # GETS misses
   mGETXIM: 13891 # GETX I->M misses
   mGETXSM: 304 # GETX S->M misses (upgrade misses)
   PUTS: 50461702 # Clean evictions (from lower level)
   PUTX: 41356645 # Dirty evictions (from lower level)
   INV: 564 # Invalidates (from upper level)
   INVX: 2982 # Downgrades (from upper level)
   FWD: 0 # Forwards (from upper level)
   latGETnl: 11327360 # GET request latency on next level
   latGETnet: 0 # GET request latency on network to next level
  l2-2: # Cache stats
   hGETS: 81416734 # GETS hits
   hGETX: 10425751 # GETX hits
   mGETS: 28565 # GETS misses
   mGETXIM: 13901 # GETX I->M misses
   mGETXSM: 355 # GETX S->M misses (upgrade misses)
   PUTS: 53356971 # Clean evictions (from lower level)
   PUTX: 38527769 # Dirty evictions (from lower level)
   INV: 598 # Invalidates (from upper level)
   INVX: 4537 # Downgrades (from upper level)
   FWD: 0 # Forwards (from upper level)
   latGETnl: 11843487 # GET request latency on next level
   latGETnet: 0 # GET request latency on network to next level
  l2-3: # Cache stats
   hGETS: 68570898 # GETS hits
   hGETX: 18063348 # GETX hits
   mGETS: 28658 # GETS misses
   mGETXIM: 13907 # GETX I->M misses
   mGETXSM: 202 # GETX S->M misses (upgrade misses)
   PUTS: 44028267 # Clean evictions (from lower level)
   PUTX: 42648356 # Dirty evictions (from lower level)
   INV: 529 # Invalidates (from upper level)
   INVX: 7963 # Downgrades (from upper level)
   FWD: 0 # Forwards (from upper level)
   latGETnl: 13046655 # GET request latency on next level
   latGETnet: 0 # GET request latency on network to next level
 l3: # Cache stats
  l3-0: # Cache stats
   hGETS: 56068 # GETS hits
   hGETX: 1688 # GETX hits
   mGETS: 58312 # GETS misses
   mGETXIM: 55252 # GETX I->M misses
   mGETXSM: 0 # GETX S->M misses (upgrade misses)
   PUTS: 0 # Clean evictions (from lower level)
   PUTX: 0 # Dirty evictions (from lower level)
   INV: 0 # Invalidates (from upper level)
   INVX: 0 # Downgrades (from upper level)
   FWD: 0 # Forwards (from upper level)
   latGETnl: 42985802 # GET request latency on next level
   latGETnet: 0 # GET request latency on network to next level
 mem: # Memory controller stats
  mem-0: # Memory controller stats
   rd: 113564 # Read requests
   wr: 0 # Write requests
   rdlat: 42985802 # Total latency experienced by read requests
   wrlat: 0 # Total latency experienced by write requests
   load: 4413 # Sum of load factors (0-100) per update
   ups: 315 # Number of latency updates
   clampedLoads: 0 # Number of updates where the load was clamped to 95%
 sched: # Scheduler stats
  thCr: 4 # Threads created
  thFn: 0 # Threads finished
  schedEvs: 4 # Schedule events
  waitEvs: 0 # Wait events
  handoffEvs: 0 # Handoff events
  sleepEvs: 0 # Sleep events
  idlePhases: 0 # Phases with no thread active
  idlePeriods: 0 # Periods with no thread active
  occHist: # Occupancy histogram
   0: 0
   1: 0
   2: 0
   3: 0
   4: 8642
  rqSzHist: # Run queue size histogram
   0: 8642
   1: 0
   2: 0
   3: 0
   4: 0
   5: 0
   6: 0
   7: 0
   8: 0
   9: 0
   10: 0
   11: 0
   12: 0
   13: 0
   14: 0
   15: 0
   16: 0
 heartbeats: # Per-process heartbeats
  0: 0
  1: 0
  2: 0
  3: 0
  4: 0
  5: 0
  6: 0
  7: 0
  8: 0
  9: 0
  10: 0
  11: 0
  12: 0
  13: 0
  14: 0
  15: 0
  16: 0
  17: 0
  18: 0
  19: 0
  20: 0
  21: 0
  22: 0
  23: 0
  24: 0
  25: 0
  26: 0
  27: 0
  28: 0
  29: 0
  30: 0
  31: 0
  32: 0
  33: 0
  34: 0
  35: 0
  36: 0
  37: 0
  38: 0
  39: 0
  40: 0
  41: 0
  42: 0
  43: 0
  44: 0
  45: 0
  46: 0
  47: 0
  48: 0
  49: 0
  50: 0
  51: 0
  52: 0
  53: 0
  54: 0
  55: 0
  56: 0
  57: 0
  58: 0
  59: 0
  60: 0
  61: 0
  62: 0
  63: 0
===
