# zsim stats
===
root: # Stats
 contention: # Contention simulation stats
  domain-0: # Domain stats
   time: 6304669369 # Weave simulation time
 time: # Simulator time breakdown
  init: 19514859692
  bound: 2273202296194
  weave: 11387812112
  ff: 0
 trigger: 20000 # Reason for this stats dump
 phase: 147840 # Simulated phases
 core: # Core stats
  core-0: # Core stats
   cycles: 14782780620 # Simulated unhalted cycles
   cCycles: 0 # Cycles due to contention stalls
   instrs: 1041557124 # Simulated instructions
   uops: 1065891011 # Retired micro-ops
   bbls: 167369549 # Basic blocks
   approxInstrs: 12680122 # Instrs with approx uop decoding
   mispredBranches: 8668 # Mispredicted branches
   fetchStalls: 10049571 # Fetch stalls
   decodeStalls: 270333079 # Decode stalls
   issueStalls: 24616835 # Issue stalls
  core-1: # Core stats
   cycles: 14783050830 # Simulated unhalted cycles
   cCycles: 0 # Cycles due to contention stalls
   instrs: 1031363935 # Simulated instructions
   uops: 1055327194 # Retired micro-ops
   bbls: 165768980 # Basic blocks
   approxInstrs: 12560118 # Instrs with approx uop decoding
   mispredBranches: 8502 # Mispredicted branches
   fetchStalls: 7404722 # Fetch stalls
   decodeStalls: 267602280 # Decode stalls
   issueStalls: 23825013 # Issue stalls
  core-2: # Core stats
   cycles: 14783902717 # Simulated unhalted cycles
   cCycles: 0 # Cycles due to contention stalls
   instrs: 1032049683 # Simulated instructions
   uops: 1056361039 # Retired micro-ops
   bbls: 165775948 # Basic blocks
   approxInstrs: 12560004 # Instrs with approx uop decoding
   mispredBranches: 8621 # Mispredicted branches
   fetchStalls: 7622353 # Fetch stalls
   decodeStalls: 267958533 # Decode stalls
   issueStalls: 24225542 # Issue stalls
  core-3: # Core stats
   cycles: 14783073709 # Simulated unhalted cycles
   cCycles: 0 # Cycles due to contention stalls
   instrs: 1895030109 # Simulated instructions
   uops: 1940175347 # Retired micro-ops
   bbls: 304133591 # Basic blocks
   approxInstrs: 23040090 # Instrs with approx uop decoding
   mispredBranches: 15740 # Mispredicted branches
   fetchStalls: 25642784 # Fetch stalls
   decodeStalls: 492434430 # Decode stalls
   issueStalls: 64086760 # Issue stalls
 l1i: # Cache stats
  l1i-0: # Filter cache stats
   fhGETS: 181124528 # Filtered GETS hits
   fhGETX: 0 # Filtered GETX hits
   hGETS: 0 # GETS hits
   hGETX: 0 # GETX hits
   mGETS: 66727 # GETS misses
   mGETXIM: 0 # GETX I->M misses
   mGETXSM: 0 # GETX S->M misses (upgrade misses)
   PUTS: 0 # Clean evictions (from lower level)
   PUTX: 0 # Dirty evictions (from lower level)
   INV: 23515 # Invalidates (from upper level)
   INVX: 0 # Downgrades (from upper level)
   FWD: 0 # Forwards (from upper level)
   latGETnl: 12326476 # GET request latency on next level
   latGETnet: 0 # GET request latency on network to next level
  l1i-1: # Filter cache stats
   fhGETS: 179383474 # Filtered GETS hits
   fhGETX: 0 # Filtered GETX hits
   hGETS: 0 # GETS hits
   hGETX: 0 # GETX hits
   mGETS: 66522 # GETS misses
   mGETXIM: 0 # GETX I->M misses
   mGETXSM: 0 # GETX S->M misses (upgrade misses)
   PUTS: 0 # Clean evictions (from lower level)
   PUTX: 0 # Dirty evictions (from lower level)
   INV: 23476 # Invalidates (from upper level)
   INVX: 0 # Downgrades (from upper level)
   FWD: 0 # Forwards (from upper level)
   latGETnl: 9196840 # GET request latency on next level
   latGETnet: 0 # GET request latency on network to next level
  l1i-2: # Filter cache stats
   fhGETS: 179401793 # Filtered GETS hits
   fhGETX: 0 # Filtered GETX hits
   hGETS: 0 # GETS hits
   hGETX: 0 # GETX hits
   mGETS: 65510 # GETS misses
   mGETXIM: 0 # GETX I->M misses
   mGETXSM: 0 # GETX S->M misses (upgrade misses)
   PUTS: 0 # Clean evictions (from lower level)
   PUTX: 0 # Dirty evictions (from lower level)
   INV: 23601 # Invalidates (from upper level)
   INVX: 0 # Downgrades (from upper level)
   FWD: 0 # Forwards (from upper level)
   latGETnl: 9367737 # GET request latency on next level
   latGETnet: 0 # GET request latency on network to next level
  l1i-3: # Filter cache stats
   fhGETS: 329206233 # Filtered GETS hits
   fhGETX: 0 # Filtered GETX hits
   hGETS: 0 # GETS hits
   hGETX: 0 # GETX hits
   mGETS: 80689 # GETS misses
   mGETXIM: 0 # GETX I->M misses
   mGETXSM: 0 # GETX S->M misses (upgrade misses)
   PUTS: 0 # Clean evictions (from lower level)
   PUTX: 0 # Dirty evictions (from lower level)
   INV: 35901 # Invalidates (from upper level)
   INVX: 0 # Downgrades (from upper level)
   FWD: 0 # Forwards (from upper level)
   latGETnl: 32981882 # GET request latency on next level
   latGETnet: 0 # GET request latency on network to next level
 l1d: # Cache stats
  l1d-0: # Filter cache stats
   fhGETS: 178310507 # Filtered GETS hits
   fhGETX: 46551242 # Filtered GETX hits
   hGETS: 8859 # GETS hits
   hGETX: 20198130 # GETX hits
   mGETS: 62792127 # GETS misses
   mGETXIM: 8724208 # GETX I->M misses
   mGETXSM: 215 # GETX S->M misses (upgrade misses)
   PUTS: 0 # Clean evictions (from lower level)
   PUTX: 0 # Dirty evictions (from lower level)
   INV: 14037 # Invalidates (from upper level)
   INVX: 260124 # Downgrades (from upper level)
   FWD: 0 # Forwards (from upper level)
   latGETnl: 39561050000 # GET request latency on next level
   latGETnet: 0 # GET request latency on network to next level
  l1d-1: # Filter cache stats
   fhGETS: 182751472 # Filtered GETS hits
   fhGETX: 46089242 # Filtered GETX hits
   hGETS: 11719 # GETS hits
   hGETX: 19889814 # GETX hits
   mGETS: 55927446 # GETS misses
   mGETXIM: 8684093 # GETX I->M misses
   mGETXSM: 242 # GETX S->M misses (upgrade misses)
   PUTS: 0 # Clean evictions (from lower level)
   PUTX: 0 # Dirty evictions (from lower level)
   INV: 11113 # Invalidates (from upper level)
   INVX: 359587 # Downgrades (from upper level)
   FWD: 0 # Forwards (from upper level)
   latGETnl: 39785297775 # GET request latency on next level
   latGETnet: 0 # GET request latency on network to next level
  l1d-2: # Filter cache stats
   fhGETS: 189858437 # Filtered GETS hits
   fhGETX: 46281033 # Filtered GETX hits
   hGETS: 10763 # GETS hits
   hGETX: 19817009 # GETX hits
   mGETS: 49278352 # GETS misses
   mGETXIM: 8733787 # GETX I->M misses
   mGETXSM: 158 # GETX S->M misses (upgrade misses)
   PUTS: 0 # Clean evictions (from lower level)
   PUTX: 0 # Dirty evictions (from lower level)
   INV: 10470 # Invalidates (from upper level)
   INVX: 324133 # Downgrades (from upper level)
   FWD: 0 # Forwards (from upper level)
   latGETnl: 39672959825 # GET request latency on next level
   latGETnet: 0 # GET request latency on network to next level
  l1d-3: # Filter cache stats
   fhGETS: 338031886 # Filtered GETS hits
   fhGETX: 85298683 # Filtered GETX hits
   hGETS: 5381 # GETS hits
   hGETX: 47733042 # GETX hits
   mGETS: 101915932 # GETS misses
   mGETXIM: 4484453 # GETX I->M misses
   mGETXSM: 130 # GETX S->M misses (upgrade misses)
   PUTS: 0 # Clean evictions (from lower level)
   PUTX: 0 # Dirty evictions (from lower level)
   INV: 73523 # Invalidates (from upper level)
   INVX: 98166 # Downgrades (from upper level)
   FWD: 0 # Forwards (from upper level)
   latGETnl: 56504691864 # GET request latency on next level
   latGETnet: 0 # GET request latency on network to next level
 l2: # Cache stats
  l2-0: # Cache stats
   hGETS: 23291148 # GETS hits
   hGETX: 1734871 # GETX hits
   mGETS: 39567706 # GETS misses
   mGETXIM: 6989337 # GETX I->M misses
   mGETXSM: 215 # GETX S->M misses (upgrade misses)
   PUTS: 42632969 # Clean evictions (from lower level)
   PUTX: 28912469 # Dirty evictions (from lower level)
   INV: 46546128 # Invalidates (from upper level)
   INVX: 1743555 # Downgrades (from upper level)
   FWD: 0 # Forwards (from upper level)
   latGETnl: 38642793875 # GET request latency on next level
   latGETnet: 0 # GET request latency on network to next level
  l2-1: # Cache stats
   hGETS: 15751274 # GETS hits
   hGETX: 1639194 # GETX hits
   mGETS: 40242694 # GETS misses
   mGETXIM: 7044897 # GETX I->M misses
   mGETXSM: 244 # GETX S->M misses (upgrade misses)
   PUTS: 36076324 # Clean evictions (from lower level)
   PUTX: 28567076 # Dirty evictions (from lower level)
   INV: 47276749 # Invalidates (from upper level)
   INVX: 1928418 # Downgrades (from upper level)
   FWD: 0 # Forwards (from upper level)
   latGETnl: 38953676676 # GET request latency on next level
   latGETnet: 0 # GET request latency on network to next level
  l2-2: # Cache stats
   hGETS: 9201862 # GETS hits
   hGETX: 1681197 # GETX hits
   mGETS: 40142000 # GETS misses
   mGETXIM: 7052588 # GETX I->M misses
   mGETXSM: 160 # GETX S->M misses (upgrade misses)
   PUTS: 29499113 # Clean evictions (from lower level)
   PUTX: 28544393 # Dirty evictions (from lower level)
   INV: 47183798 # Invalidates (from upper level)
   INVX: 1813799 # Downgrades (from upper level)
   FWD: 0 # Forwards (from upper level)
   latGETnl: 38927316071 # GET request latency on next level
   latGETnet: 0 # GET request latency on network to next level
  l2-3: # Cache stats
   hGETS: 41740782 # GETS hits
   hGETX: 3438309 # GETX hits
   mGETS: 60255839 # GETS misses
   mGETXIM: 1046144 # GETX I->M misses
   mGETXSM: 130 # GETX S->M misses (upgrade misses)
   PUTS: 54193126 # Clean evictions (from lower level)
   PUTX: 52178453 # Dirty evictions (from lower level)
   INV: 61292231 # Invalidates (from upper level)
   INVX: 1399689 # Downgrades (from upper level)
   FWD: 0 # Forwards (from upper level)
   latGETnl: 55153418094 # GET request latency on next level
   latGETnet: 0 # GET request latency on network to next level
 l3: # Cache stats
  l3-0: # Cache stats
   hGETS: 14318799 # GETS hits
   hGETX: 923 # GETX hits
   mGETS: 165889440 # GETS misses
   mGETXIM: 22132792 # GETX I->M misses
   mGETXSM: 0 # GETX S->M misses (upgrade misses)
   PUTS: 0 # Clean evictions (from lower level)
   PUTX: 0 # Dirty evictions (from lower level)
   INV: 0 # Invalidates (from upper level)
   INVX: 0 # Downgrades (from upper level)
   FWD: 0 # Forwards (from upper level)
   latGETnl: 167739014866 # GET request latency on next level
   latGETnet: 0 # GET request latency on network to next level
 mem: # Memory controller stats
  mem-0: # Memory controller stats
   rd: 188022232 # Read requests
   wr: 103767559 # Write requests
   rdlat: 167739014866 # Total latency experienced by read requests
   wrlat: 93305216774 # Total latency experienced by write requests
   load: 11280992 # Sum of load factors (0-100) per update
   ups: 147839 # Number of latency updates
   clampedLoads: 27936 # Number of updates where the load was clamped to 95%
 sched: # Scheduler stats
  thCr: 4 # Threads created
  thFn: 0 # Threads finished
  schedEvs: 4 # Schedule events
  waitEvs: 0 # Wait events
  handoffEvs: 0 # Handoff events
  sleepEvs: 0 # Sleep events
  idlePhases: 0 # Phases with no thread active
  idlePeriods: 0 # Periods with no thread active
  occHist: # Occupancy histogram
   0: 0
   1: 1
   2: 0
   3: 0
   4: 147839
  rqSzHist: # Run queue size histogram
   0: 147840
   1: 0
   2: 0
   3: 0
   4: 0
   5: 0
   6: 0
   7: 0
   8: 0
   9: 0
   10: 0
   11: 0
   12: 0
   13: 0
   14: 0
   15: 0
   16: 0
 heartbeats: # Per-process heartbeats
  0: 0
  1: 0
  2: 0
  3: 0
  4: 0
  5: 0
  6: 0
  7: 0
  8: 0
  9: 0
  10: 0
  11: 0
  12: 0
  13: 0
  14: 0
  15: 0
  16: 0
  17: 0
  18: 0
  19: 0
  20: 0
  21: 0
  22: 0
  23: 0
  24: 0
  25: 0
  26: 0
  27: 0
  28: 0
  29: 0
  30: 0
  31: 0
  32: 0
  33: 0
  34: 0
  35: 0
  36: 0
  37: 0
  38: 0
  39: 0
  40: 0
  41: 0
  42: 0
  43: 0
  44: 0
  45: 0
  46: 0
  47: 0
  48: 0
  49: 0
  50: 0
  51: 0
  52: 0
  53: 0
  54: 0
  55: 0
  56: 0
  57: 0
  58: 0
  59: 0
  60: 0
  61: 0
  62: 0
  63: 0
===
