# zsim stats
===
root: # Stats
 contention: # Contention simulation stats
  domain-0: # Domain stats
   time: 693900094 # Weave simulation time
 time: # Simulator time breakdown
  init: 19722242560
  bound: 1076865228606
  weave: 1322400670
  ff: 0
 trigger: 20000 # Reason for this stats dump
 phase: 12819 # Simulated phases
 core: # Core stats
  core-0: # Core stats
   cycles: 1280845941 # Simulated unhalted cycles
   cCycles: 0 # Cycles due to contention stalls
   instrs: 1226604285 # Simulated instructions
   uops: 1255568682 # Retired micro-ops
   bbls: 196988293 # Basic blocks
   approxInstrs: 14920122 # Instrs with approx uop decoding
   mispredBranches: 10193 # Mispredicted branches
   fetchStalls: 1726547 # Fetch stalls
   decodeStalls: 318529053 # Decode stalls
   issueStalls: 28393741 # Issue stalls
  core-1: # Core stats
   cycles: 1280806508 # Simulated unhalted cycles
   cCycles: 0 # Cycles due to contention stalls
   instrs: 1253848182 # Simulated instructions
   uops: 1283419612 # Retired micro-ops
   bbls: 201364862 # Basic blocks
   approxInstrs: 15260118 # Instrs with approx uop decoding
   mispredBranches: 10463 # Mispredicted branches
   fetchStalls: 1737805 # Fetch stalls
   decodeStalls: 325600819 # Decode stalls
   issueStalls: 33674315 # Issue stalls
  core-2: # Core stats
   cycles: 1280874166 # Simulated unhalted cycles
   cCycles: 0 # Cycles due to contention stalls
   instrs: 1228873536 # Simulated instructions
   uops: 1258224163 # Retired micro-ops
   bbls: 197250104 # Basic blocks
   approxInstrs: 14940118 # Instrs with approx uop decoding
   mispredBranches: 10287 # Mispredicted branches
   fetchStalls: 1714130 # Fetch stalls
   decodeStalls: 319292198 # Decode stalls
   issueStalls: 31767519 # Issue stalls
  core-3: # Core stats
   cycles: 1281900040 # Simulated unhalted cycles
   cCycles: 0 # Cycles due to contention stalls
   instrs: 1290746382 # Simulated instructions
   uops: 1320556090 # Retired micro-ops
   bbls: 207477860 # Basic blocks
   approxInstrs: 15720004 # Instrs with approx uop decoding
   mispredBranches: 10539 # Mispredicted branches
   fetchStalls: 1773069 # Fetch stalls
   decodeStalls: 334861063 # Decode stalls
   issueStalls: 38709631 # Issue stalls
 l1i: # Cache stats
  l1i-0: # Filter cache stats
   fhGETS: 213187408 # Filtered GETS hits
   fhGETX: 0 # Filtered GETX hits
   hGETS: 0 # GETS hits
   hGETX: 0 # GETX hits
   mGETS: 74918 # GETS misses
   mGETXIM: 0 # GETX I->M misses
   mGETXSM: 0 # GETX S->M misses (upgrade misses)
   PUTS: 0 # Clean evictions (from lower level)
   PUTX: 0 # Dirty evictions (from lower level)
   INV: 31551 # Invalidates (from upper level)
   INVX: 0 # Downgrades (from upper level)
   FWD: 0 # Forwards (from upper level)
   latGETnl: 1881412 # GET request latency on next level
   latGETnet: 0 # GET request latency on network to next level
  l1i-1: # Filter cache stats
   fhGETS: 217927578 # Filtered GETS hits
   fhGETX: 0 # Filtered GETX hits
   hGETS: 0 # GETS hits
   hGETX: 0 # GETX hits
   mGETS: 75692 # GETS misses
   mGETXIM: 0 # GETX I->M misses
   mGETXSM: 0 # GETX S->M misses (upgrade misses)
   PUTS: 0 # Clean evictions (from lower level)
   PUTX: 0 # Dirty evictions (from lower level)
   INV: 32270 # Invalidates (from upper level)
   INVX: 0 # Downgrades (from upper level)
   FWD: 0 # Forwards (from upper level)
   latGETnl: 1888130 # GET request latency on next level
   latGETnet: 0 # GET request latency on network to next level
  l1i-2: # Filter cache stats
   fhGETS: 213479581 # Filtered GETS hits
   fhGETX: 0 # Filtered GETX hits
   hGETS: 0 # GETS hits
   hGETX: 0 # GETX hits
   mGETS: 74925 # GETS misses
   mGETXIM: 0 # GETX I->M misses
   mGETXSM: 0 # GETX S->M misses (upgrade misses)
   PUTS: 0 # Clean evictions (from lower level)
   PUTX: 0 # Dirty evictions (from lower level)
   INV: 31629 # Invalidates (from upper level)
   INVX: 0 # Downgrades (from upper level)
   FWD: 0 # Forwards (from upper level)
   latGETnl: 1854139 # GET request latency on next level
   latGETnet: 0 # GET request latency on network to next level
  l1i-3: # Filter cache stats
   fhGETS: 224537885 # Filtered GETS hits
   fhGETX: 0 # Filtered GETX hits
   hGETS: 0 # GETS hits
   hGETX: 0 # GETX hits
   mGETS: 75464 # GETS misses
   mGETXIM: 0 # GETX I->M misses
   mGETXSM: 0 # GETX S->M misses (upgrade misses)
   PUTS: 0 # Clean evictions (from lower level)
   PUTX: 0 # Dirty evictions (from lower level)
   INV: 33209 # Invalidates (from upper level)
   INVX: 0 # Downgrades (from upper level)
   FWD: 0 # Forwards (from upper level)
   latGETnl: 1946397 # GET request latency on next level
   latGETnet: 0 # GET request latency on network to next level
 l1d: # Cache stats
  l1d-0: # Filter cache stats
   fhGETS: 160754876 # Filtered GETS hits
   fhGETX: 33687079 # Filtered GETX hits
   hGETS: 541 # GETS hits
   hGETX: 44980126 # GETX hits
   mGETS: 123618520 # GETS misses
   mGETXIM: 10281899 # GETX I->M misses
   mGETXSM: 117 # GETX S->M misses (upgrade misses)
   PUTS: 0 # Clean evictions (from lower level)
   PUTX: 0 # Dirty evictions (from lower level)
   INV: 112 # Invalidates (from upper level)
   INVX: 8191 # Downgrades (from upper level)
   FWD: 0 # Forwards (from upper level)
   latGETnl: 3289743310 # GET request latency on next level
   latGETnet: 0 # GET request latency on network to next level
  l1d-1: # Filter cache stats
   fhGETS: 208048937 # Filtered GETS hits
   fhGETX: 48923480 # Filtered GETX hits
   hGETS: 338 # GETS hits
   hGETX: 31455412 # GETX hits
   mGETS: 82595487 # GETS misses
   mGETXIM: 10535438 # GETX I->M misses
   mGETXSM: 140 # GETX S->M misses (upgrade misses)
   PUTS: 0 # Clean evictions (from lower level)
   PUTX: 0 # Dirty evictions (from lower level)
   INV: 113 # Invalidates (from upper level)
   INVX: 7046 # Downgrades (from upper level)
   FWD: 0 # Forwards (from upper level)
   latGETnl: 2764489698 # GET request latency on next level
   latGETnet: 0 # GET request latency on network to next level
  l1d-2: # Filter cache stats
   fhGETS: 196999638 # Filtered GETS hits
   fhGETX: 41139733 # Filtered GETX hits
   hGETS: 356 # GETS hits
   hGETX: 30811342 # GETX hits
   mGETS: 88208961 # GETS misses
   mGETXIM: 17267800 # GETX I->M misses
   mGETXSM: 154 # GETX S->M misses (upgrade misses)
   PUTS: 0 # Clean evictions (from lower level)
   PUTX: 0 # Dirty evictions (from lower level)
   INV: 113 # Invalidates (from upper level)
   INVX: 6393 # Downgrades (from upper level)
   FWD: 0 # Forwards (from upper level)
   latGETnl: 2895870049 # GET request latency on next level
   latGETnet: 0 # GET request latency on network to next level
  l1d-3: # Filter cache stats
   fhGETS: 236802991 # Filtered GETS hits
   fhGETX: 57728787 # Filtered GETX hits
   hGETS: 482 # GETS hits
   hGETX: 24779756 # GETX hits
   mGETS: 61744727 # GETS misses
   mGETXIM: 10899257 # GETX I->M misses
   mGETXSM: 33 # GETX S->M misses (upgrade misses)
   PUTS: 0 # Clean evictions (from lower level)
   PUTX: 0 # Dirty evictions (from lower level)
   INV: 87 # Invalidates (from upper level)
   INVX: 9529 # Downgrades (from upper level)
   FWD: 0 # Forwards (from upper level)
   latGETnl: 2528917984 # GET request latency on next level
   latGETnet: 0 # GET request latency on network to next level
 l2: # Cache stats
  l2-0: # Cache stats
   hGETS: 74754007 # GETS hits
   hGETX: 1242214 # GETX hits
   mGETS: 48939431 # GETS misses
   mGETXIM: 9039649 # GETX I->M misses
   mGETXSM: 153 # GETX S->M misses (upgrade misses)
   PUTS: 78681475 # Clean evictions (from lower level)
   PUTX: 55262130 # Dirty evictions (from lower level)
   INV: 178 # Invalidates (from upper level)
   INVX: 2236947 # Downgrades (from upper level)
   FWD: 0 # Forwards (from upper level)
   latGETnl: 1415968366 # GET request latency on next level
   latGETnet: 0 # GET request latency on network to next level
  l2-1: # Cache stats
   hGETS: 32633882 # GETS hits
   hGETX: 1301351 # GETX hits
   mGETS: 50037297 # GETS misses
   mGETXIM: 9234087 # GETX I->M misses
   mGETXSM: 140 # GETX S->M misses (upgrade misses)
   PUTS: 51183235 # Clean evictions (from lower level)
   PUTX: 41990929 # Dirty evictions (from lower level)
   INV: 149 # Invalidates (from upper level)
   INVX: 1374283 # Downgrades (from upper level)
   FWD: 0 # Forwards (from upper level)
   latGETnl: 1461483230 # GET request latency on next level
   latGETnet: 0 # GET request latency on network to next level
  l2-2: # Cache stats
   hGETS: 39271990 # GETS hits
   hGETX: 8209140 # GETX hits
   mGETS: 49011896 # GETS misses
   mGETXIM: 9058660 # GETX I->M misses
   mGETXSM: 154 # GETX S->M misses (upgrade misses)
   PUTS: 57440666 # Clean evictions (from lower level)
   PUTX: 48079213 # Dirty evictions (from lower level)
   INV: 168 # Invalidates (from upper level)
   INVX: 1866069 # Downgrades (from upper level)
   FWD: 0 # Forwards (from upper level)
   latGETnl: 1419998428 # GET request latency on next level
   latGETnet: 0 # GET request latency on network to next level
  l2-3: # Cache stats
   hGETS: 10274848 # GETS hits
   hGETX: 1402132 # GETX hits
   mGETS: 51545343 # GETS misses
   mGETXIM: 9497125 # GETX I->M misses
   mGETXSM: 33 # GETX S->M misses (upgrade misses)
   PUTS: 37007105 # Clean evictions (from lower level)
   PUTX: 35678982 # Dirty evictions (from lower level)
   INV: 138 # Invalidates (from upper level)
   INVX: 1255875 # Downgrades (from upper level)
   FWD: 0 # Forwards (from upper level)
   latGETnl: 1512791647 # GET request latency on next level
   latGETnet: 0 # GET request latency on network to next level
 l3: # Cache stats
  l3-0: # Cache stats
   hGETS: 199475653 # GETS hits
   hGETX: 36774742 # GETX hits
   mGETS: 58314 # GETS misses
   mGETXIM: 55259 # GETX I->M misses
   mGETXSM: 0 # GETX S->M misses (upgrade misses)
   PUTS: 108255939 # Clean evictions (from lower level)
   PUTX: 128074148 # Dirty evictions (from lower level)
   INV: 0 # Invalidates (from upper level)
   INVX: 0 # Downgrades (from upper level)
   FWD: 0 # Forwards (from upper level)
   latGETnl: 43107913 # GET request latency on next level
   latGETnet: 0 # GET request latency on network to next level
 mem: # Memory controller stats
  mem-0: # Memory controller stats
   rd: 113573 # Read requests
   wr: 0 # Write requests
   rdlat: 43107913 # Total latency experienced by read requests
   wrlat: 0 # Total latency experienced by write requests
   load: 4432 # Sum of load factors (0-100) per update
   ups: 327 # Number of latency updates
   clampedLoads: 0 # Number of updates where the load was clamped to 95%
 sched: # Scheduler stats
  thCr: 4 # Threads created
  thFn: 0 # Threads finished
  schedEvs: 4 # Schedule events
  waitEvs: 0 # Wait events
  handoffEvs: 0 # Handoff events
  sleepEvs: 0 # Sleep events
  idlePhases: 0 # Phases with no thread active
  idlePeriods: 0 # Periods with no thread active
  occHist: # Occupancy histogram
   0: 0
   1: 0
   2: 0
   3: 0
   4: 12819
  rqSzHist: # Run queue size histogram
   0: 12819
   1: 0
   2: 0
   3: 0
   4: 0
   5: 0
   6: 0
   7: 0
   8: 0
   9: 0
   10: 0
   11: 0
   12: 0
   13: 0
   14: 0
   15: 0
   16: 0
 heartbeats: # Per-process heartbeats
  0: 0
  1: 0
  2: 0
  3: 0
  4: 0
  5: 0
  6: 0
  7: 0
  8: 0
  9: 0
  10: 0
  11: 0
  12: 0
  13: 0
  14: 0
  15: 0
  16: 0
  17: 0
  18: 0
  19: 0
  20: 0
  21: 0
  22: 0
  23: 0
  24: 0
  25: 0
  26: 0
  27: 0
  28: 0
  29: 0
  30: 0
  31: 0
  32: 0
  33: 0
  34: 0
  35: 0
  36: 0
  37: 0
  38: 0
  39: 0
  40: 0
  41: 0
  42: 0
  43: 0
  44: 0
  45: 0
  46: 0
  47: 0
  48: 0
  49: 0
  50: 0
  51: 0
  52: 0
  53: 0
  54: 0
  55: 0
  56: 0
  57: 0
  58: 0
  59: 0
  60: 0
  61: 0
  62: 0
  63: 0
===
