# zsim stats
===
root: # Stats
 contention: # Contention simulation stats
  domain-0: # Domain stats
   time: 5706018568 # Weave simulation time
 time: # Simulator time breakdown
  init: 19614399773
  bound: 2077870156828
  weave: 9957765053
  ff: 0
 trigger: 20000 # Reason for this stats dump
 phase: 142790 # Simulated phases
 core: # Core stats
  core-0: # Core stats
   cycles: 14279000549 # Simulated unhalted cycles
   cCycles: 0 # Cycles due to contention stalls
   instrs: 1086254744 # Simulated instructions
   uops: 1111366470 # Retired micro-ops
   bbls: 174636496 # Basic blocks
   approxInstrs: 13220006 # Instrs with approx uop decoding
   mispredBranches: 8822 # Mispredicted branches
   fetchStalls: 13183450 # Fetch stalls
   decodeStalls: 281799184 # Decode stalls
   issueStalls: 28966879 # Issue stalls
  core-1: # Core stats
   cycles: 14277838081 # Simulated unhalted cycles
   cCycles: 0 # Cycles due to contention stalls
   instrs: 1049638319 # Simulated instructions
   uops: 1074484244 # Retired micro-ops
   bbls: 168580007 # Basic blocks
   approxInstrs: 12760119 # Instrs with approx uop decoding
   mispredBranches: 8762 # Mispredicted branches
   fetchStalls: 9563999 # Fetch stalls
   decodeStalls: 272584333 # Decode stalls
   issueStalls: 26230078 # Issue stalls
  core-2: # Core stats
   cycles: 14277704791 # Simulated unhalted cycles
   cCycles: 0 # Cycles due to contention stalls
   instrs: 1048750194 # Simulated instructions
   uops: 1073906220 # Retired micro-ops
   bbls: 168340413 # Basic blocks
   approxInstrs: 12740119 # Instrs with approx uop decoding
   mispredBranches: 8843 # Mispredicted branches
   fetchStalls: 9740930 # Fetch stalls
   decodeStalls: 272534596 # Decode stalls
   issueStalls: 27147055 # Issue stalls
  core-3: # Core stats
   cycles: 14278172583 # Simulated unhalted cycles
   cCycles: 0 # Cycles due to contention stalls
   instrs: 1815403942 # Simulated instructions
   uops: 1857996803 # Retired micro-ops
   bbls: 291549629 # Basic blocks
   approxInstrs: 22100119 # Instrs with approx uop decoding
   mispredBranches: 14985 # Mispredicted branches
   fetchStalls: 23107833 # Fetch stalls
   decodeStalls: 471379334 # Decode stalls
   issueStalls: 58929804 # Issue stalls
 l1i: # Cache stats
  l1i-0: # Filter cache stats
   fhGETS: 188979774 # Filtered GETS hits
   fhGETX: 0 # Filtered GETX hits
   hGETS: 0 # GETS hits
   hGETX: 0 # GETX hits
   mGETS: 64793 # GETS misses
   mGETXIM: 0 # GETX I->M misses
   mGETXSM: 0 # GETX S->M misses (upgrade misses)
   PUTS: 0 # Clean evictions (from lower level)
   PUTX: 0 # Dirty evictions (from lower level)
   INV: 22897 # Invalidates (from upper level)
   INVX: 0 # Downgrades (from upper level)
   FWD: 0 # Forwards (from upper level)
   latGETnl: 16442957 # GET request latency on next level
   latGETnet: 0 # GET request latency on network to next level
  l1i-1: # Filter cache stats
   fhGETS: 182431455 # Filtered GETS hits
   fhGETX: 0 # Filtered GETX hits
   hGETS: 0 # GETS hits
   hGETX: 0 # GETX hits
   mGETS: 66396 # GETS misses
   mGETXIM: 0 # GETX I->M misses
   mGETXSM: 0 # GETX S->M misses (upgrade misses)
   PUTS: 0 # Clean evictions (from lower level)
   PUTX: 0 # Dirty evictions (from lower level)
   INV: 23251 # Invalidates (from upper level)
   INVX: 0 # Downgrades (from upper level)
   FWD: 0 # Forwards (from upper level)
   latGETnl: 11578534 # GET request latency on next level
   latGETnet: 0 # GET request latency on network to next level
  l1i-2: # Filter cache stats
   fhGETS: 182182283 # Filtered GETS hits
   fhGETX: 0 # Filtered GETX hits
   hGETS: 0 # GETS hits
   hGETX: 0 # GETX hits
   mGETS: 66297 # GETS misses
   mGETXIM: 0 # GETX I->M misses
   mGETXSM: 0 # GETX S->M misses (upgrade misses)
   PUTS: 0 # Clean evictions (from lower level)
   PUTX: 0 # Dirty evictions (from lower level)
   INV: 23178 # Invalidates (from upper level)
   INVX: 0 # Downgrades (from upper level)
   FWD: 0 # Forwards (from upper level)
   latGETnl: 11849181 # GET request latency on next level
   latGETnet: 0 # GET request latency on network to next level
  l1i-3: # Filter cache stats
   fhGETS: 315571608 # Filtered GETS hits
   fhGETX: 0 # Filtered GETX hits
   hGETS: 0 # GETS hits
   hGETX: 0 # GETX hits
   mGETS: 79729 # GETS misses
   mGETXIM: 0 # GETX I->M misses
   mGETXSM: 0 # GETX S->M misses (upgrade misses)
   PUTS: 0 # Clean evictions (from lower level)
   PUTX: 0 # Dirty evictions (from lower level)
   INV: 34746 # Invalidates (from upper level)
   INVX: 0 # Downgrades (from upper level)
   FWD: 0 # Forwards (from upper level)
   latGETnl: 29829365 # GET request latency on next level
   latGETnet: 0 # GET request latency on network to next level
 l1d: # Cache stats
  l1d-0: # Filter cache stats
   fhGETS: 199184580 # Filtered GETS hits
   fhGETX: 48507661 # Filtered GETX hits
   hGETS: 17084 # GETS hits
   hGETX: 20961582 # GETX hits
   mGETS: 52106686 # GETS misses
   mGETXIM: 9132965 # GETX I->M misses
   mGETXSM: 13870 # GETX S->M misses (upgrade misses)
   PUTS: 0 # Clean evictions (from lower level)
   PUTX: 0 # Dirty evictions (from lower level)
   INV: 23418 # Invalidates (from upper level)
   INVX: 130013 # Downgrades (from upper level)
   FWD: 0 # Forwards (from upper level)
   latGETnl: 38995718706 # GET request latency on next level
   latGETnet: 0 # GET request latency on network to next level
  l1d-1: # Filter cache stats
   fhGETS: 192383184 # Filtered GETS hits
   fhGETX: 47027453 # Filtered GETX hits
   hGETS: 5294 # GETS hits
   hGETX: 20211315 # GETX hits
   mGETS: 51016718 # GETS misses
   mGETXIM: 8897904 # GETX I->M misses
   mGETXSM: 168 # GETX S->M misses (upgrade misses)
   PUTS: 0 # Clean evictions (from lower level)
   PUTX: 0 # Dirty evictions (from lower level)
   INV: 32201 # Invalidates (from upper level)
   INVX: 163221 # Downgrades (from upper level)
   FWD: 0 # Forwards (from upper level)
   latGETnl: 37055328232 # GET request latency on next level
   latGETnet: 0 # GET request latency on network to next level
  l1d-2: # Filter cache stats
   fhGETS: 193543100 # Filtered GETS hits
   fhGETX: 47320175 # Filtered GETX hits
   hGETS: 5423 # GETS hits
   hGETX: 19968796 # GETX hits
   mGETS: 49927096 # GETS misses
   mGETXIM: 8907792 # GETX I->M misses
   mGETXSM: 158 # GETX S->M misses (upgrade misses)
   PUTS: 0 # Clean evictions (from lower level)
   PUTX: 0 # Dirty evictions (from lower level)
   INV: 30265 # Invalidates (from upper level)
   INVX: 166844 # Downgrades (from upper level)
   FWD: 0 # Forwards (from upper level)
   latGETnl: 36950627858 # GET request latency on next level
   latGETnet: 0 # GET request latency on network to next level
  l1d-3: # Filter cache stats
   fhGETS: 321064200 # Filtered GETS hits
   fhGETX: 81149090 # Filtered GETX hits
   hGETS: 5640 # GETS hits
   hGETX: 46035690 # GETX hits
   mGETS: 99681584 # GETS misses
   mGETXIM: 4351223 # GETX I->M misses
   mGETXSM: 140 # GETX S->M misses (upgrade misses)
   PUTS: 0 # Clean evictions (from lower level)
   PUTX: 0 # Dirty evictions (from lower level)
   INV: 84752 # Invalidates (from upper level)
   INVX: 123277 # Downgrades (from upper level)
   FWD: 0 # Forwards (from upper level)
   latGETnl: 53609898572 # GET request latency on next level
   latGETnet: 0 # GET request latency on network to next level
 l2: # Cache stats
  l2-0: # Cache stats
   hGETS: 13273626 # GETS hits
   hGETX: 2038676 # GETX hits
   mGETS: 38897853 # GETS misses
   mGETXIM: 7094289 # GETX I->M misses
   mGETXSM: 13870 # GETX S->M misses (upgrade misses)
   PUTS: 31181597 # Clean evictions (from lower level)
   PUTX: 30076466 # Dirty evictions (from lower level)
   INV: 45982418 # Invalidates (from upper level)
   INVX: 2630714 # Downgrades (from upper level)
   FWD: 0 # Forwards (from upper level)
   latGETnl: 38215023581 # GET request latency on next level
   latGETnet: 0 # GET request latency on network to next level
  l2-1: # Cache stats
   hGETS: 12748016 # GETS hits
   hGETX: 2032792 # GETX hits
   mGETS: 38335098 # GETS misses
   mGETXIM: 6865112 # GETX I->M misses
   mGETXSM: 168 # GETX S->M misses (upgrade misses)
   PUTS: 30836421 # Clean evictions (from lower level)
   PUTX: 29089079 # Dirty evictions (from lower level)
   INV: 45192620 # Invalidates (from upper level)
   INVX: 1464910 # Downgrades (from upper level)
   FWD: 0 # Forwards (from upper level)
   latGETnl: 36287151348 # GET request latency on next level
   latGETnet: 0 # GET request latency on network to next level
  l2-2: # Cache stats
   hGETS: 11953792 # GETS hits
   hGETX: 2042005 # GETX hits
   mGETS: 38039601 # GETS misses
   mGETXIM: 6865786 # GETX I->M misses
   mGETXSM: 159 # GETX S->M misses (upgrade misses)
   PUTS: 29990268 # Clean evictions (from lower level)
   PUTX: 28857408 # Dirty evictions (from lower level)
   INV: 44897764 # Invalidates (from upper level)
   INVX: 1546499 # Downgrades (from upper level)
   FWD: 0 # Forwards (from upper level)
   latGETnl: 36196759580 # GET request latency on next level
   latGETnet: 0 # GET request latency on network to next level
  l2-3: # Cache stats
   hGETS: 40843210 # GETS hits
   hGETX: 3480549 # GETX hits
   mGETS: 58918103 # GETS misses
   mGETXIM: 870670 # GETX I->M misses
   mGETXSM: 144 # GETX S->M misses (upgrade misses)
   PUTS: 53651114 # Clean evictions (from lower level)
   PUTX: 50341856 # Dirty evictions (from lower level)
   INV: 59780787 # Invalidates (from upper level)
   INVX: 2057144 # Downgrades (from upper level)
   FWD: 0 # Forwards (from upper level)
   latGETnl: 52286263149 # GET request latency on next level
   latGETnet: 0 # GET request latency on network to next level
 l3: # Cache stats
  l3-0: # Cache stats
   hGETS: 13052286 # GETS hits
   hGETX: 15200 # GETX hits
   mGETS: 161138369 # GETS misses
   mGETXIM: 21694998 # GETX I->M misses
   mGETXSM: 0 # GETX S->M misses (upgrade misses)
   PUTS: 145 # Clean evictions (from lower level)
   PUTX: 1 # Dirty evictions (from lower level)
   INV: 0 # Invalidates (from upper level)
   INVX: 0 # Downgrades (from upper level)
   FWD: 0 # Forwards (from upper level)
   latGETnl: 159160405016 # GET request latency on next level
   latGETnet: 0 # GET request latency on network to next level
 mem: # Memory controller stats
  mem-0: # Memory controller stats
   rd: 182833367 # Read requests
   wr: 97984564 # Write requests
   rdlat: 159160405016 # Total latency experienced by read requests
   wrlat: 85230762940 # Total latency experienced by write requests
   load: 10914100 # Sum of load factors (0-100) per update
   ups: 142789 # Number of latency updates
   clampedLoads: 23238 # Number of updates where the load was clamped to 95%
 sched: # Scheduler stats
  thCr: 4 # Threads created
  thFn: 0 # Threads finished
  schedEvs: 4 # Schedule events
  waitEvs: 0 # Wait events
  handoffEvs: 0 # Handoff events
  sleepEvs: 0 # Sleep events
  idlePhases: 0 # Phases with no thread active
  idlePeriods: 0 # Periods with no thread active
  occHist: # Occupancy histogram
   0: 0
   1: 0
   2: 0
   3: 0
   4: 142790
  rqSzHist: # Run queue size histogram
   0: 142790
   1: 0
   2: 0
   3: 0
   4: 0
   5: 0
   6: 0
   7: 0
   8: 0
   9: 0
   10: 0
   11: 0
   12: 0
   13: 0
   14: 0
   15: 0
   16: 0
 heartbeats: # Per-process heartbeats
  0: 0
  1: 0
  2: 0
  3: 0
  4: 0
  5: 0
  6: 0
  7: 0
  8: 0
  9: 0
  10: 0
  11: 0
  12: 0
  13: 0
  14: 0
  15: 0
  16: 0
  17: 0
  18: 0
  19: 0
  20: 0
  21: 0
  22: 0
  23: 0
  24: 0
  25: 0
  26: 0
  27: 0
  28: 0
  29: 0
  30: 0
  31: 0
  32: 0
  33: 0
  34: 0
  35: 0
  36: 0
  37: 0
  38: 0
  39: 0
  40: 0
  41: 0
  42: 0
  43: 0
  44: 0
  45: 0
  46: 0
  47: 0
  48: 0
  49: 0
  50: 0
  51: 0
  52: 0
  53: 0
  54: 0
  55: 0
  56: 0
  57: 0
  58: 0
  59: 0
  60: 0
  61: 0
  62: 0
  63: 0
===
