# zsim stats
===
root: # Stats
 rdtsc: 64131296498189074 # Host timestamp counter
 trigger: 20000 # Reason for this stats dump
 phase: 351254 # Simulated phases
 core: # Core stats
  core-0: # Core stats
   cycles: 35125400008 # Simulated cycles
   instrs: 5000018533 # Simulated instructions
   uops: 5672087104 # Retired micro-ops
   bbls: 802761802 # Basic blocks
   approxInstrs: 60890404 # Instrs with approx uop decoding
   mispredBranches: 328004937 # Mispredicted branches
 l1i: # Cache stats
  l1i-0: # Cache stats
   hGETS: 1102843580 # GETS hits
   hGETX: 0 # GETX hits
   mGETS: 693055 # GETS misses
   mGETXIM: 0 # GETX I->M misses
   mGETXSM: 0 # GETX S->M misses (upgrade misses)
   PUTS: 0 # Clean evictions (from lower level)
   PUTX: 0 # Dirty evictions (from lower level)
   INV: 626003 # Invalidates (from upper level)
   INVX: 0 # Downgrades (from upper level)
   latGETnl: 38969119 # GET request latency on next level
   latGETnet: 0 # GET request latency on network to next level
 l1d: # Cache stats
  l1d-0: # Cache stats
   hGETS: 921356991 # GETS hits
   hGETX: 319777602 # GETX hits
   mGETS: 237895677 # GETS misses
   mGETXIM: 42426205 # GETX I->M misses
   mGETXSM: 0 # GETX S->M misses (upgrade misses)
   PUTS: 0 # Clean evictions (from lower level)
   PUTX: 0 # Dirty evictions (from lower level)
   INV: 532626 # Invalidates (from upper level)
   INVX: 0 # Downgrades (from upper level)
   latGETnl: 27612472772 # GET request latency on next level
   latGETnet: 0 # GET request latency on network to next level
 l2: # Cache stats
  l2-0: # Cache stats
   hGETS: 37516237 # GETS hits
   hGETX: 5448920 # GETX hits
   mGETS: 201072495 # GETS misses
   mGETXIM: 36977285 # GETX I->M misses
   mGETXSM: 0 # GETX S->M misses (upgrade misses)
   PUTS: 141533723 # Clean evictions (from lower level)
   PUTX: 138322519 # Dirty evictions (from lower level)
   INV: 0 # Invalidates (from upper level)
   INVX: 0 # Downgrades (from upper level)
   latGETnl: 25403322395 # GET request latency on next level
   latGETnet: 0 # GET request latency on network to next level
 l3: # Cache stats
  l3-0: # Cache stats
   hGETS: 35323840 # GETS hits
   hGETX: 10904113 # GETX hits
   mGETS: 165748655 # GETS misses
   mGETXIM: 26073172 # GETX I->M misses
   mGETXSM: 0 # GETX S->M misses (upgrade misses)
   PUTS: 109693183 # Clean evictions (from lower level)
   PUTX: 128352501 # Dirty evictions (from lower level)
   INV: 0 # Invalidates (from upper level)
   INVX: 0 # Downgrades (from upper level)
   latGETnl: 22070625475 # GET request latency on next level
   latGETnet: 0 # GET request latency on network to next level
 mem: # Memory controller stats
  mem-0: # Memory controller stats
   rd: 191821827 # Read requests
   wr: 97997220 # Write requests
   rdlat: 22070625475 # Total latency experienced by read requests
   wrlat: 11584683658 # Total latency experienced by write requests
   load: 4164751 # Sum of load factors (0-100) per update
   ups: 347932 # Number of latency updates
   clampedLoads: 0 # Number of updates where the load was clamped to 95%
 sched: # Scheduler stats
  thCr: 1 # Threads created
  thFn: 0 # Threads finished
  schedEvs: 1 # Schedule events
  waitEvs: 0 # Wait events
  handoffEvs: 0 # Handoff events
  sleepEvs: 0 # Sleep events
  idlePhases: 0 # Phases with no thread active
  idlePeriods: 0 # Periods with no thread active
  occHist: # Occupancy histogram
   0: 0
   1: 351254
  rqSzHist: # Run queue size histogram
   0: 351254
   1: 0
   2: 0
   3: 0
   4: 0
   5: 0
   6: 0
   7: 0
   8: 0
   9: 0
   10: 0
   11: 0
   12: 0
   13: 0
   14: 0
   15: 0
   16: 0
===
