# zsim stats
===
root: # Stats
 contention: # Contention simulation stats
  domain-0: # Domain stats
   time: 430747157 # Weave simulation time
 time: # Simulator time breakdown
  init: 19864097417
  bound: 647907665108
  weave: 1229921011
  ff: 0
 trigger: 20000 # Reason for this stats dump
 phase: 7754 # Simulated phases
 core: # Core stats
  core-0: # Core stats
   cycles: 774396985 # Simulated unhalted cycles
   cCycles: 0 # Cycles due to contention stalls
   instrs: 1243217609 # Simulated instructions
   uops: 1272708929 # Retired micro-ops
   bbls: 199610752 # Basic blocks
   approxInstrs: 15120122 # Instrs with approx uop decoding
   mispredBranches: 10432 # Mispredicted branches
   fetchStalls: 246328 # Fetch stalls
   decodeStalls: 322913409 # Decode stalls
   issueStalls: 56567506 # Issue stalls
  core-1: # Core stats
   cycles: 773788198 # Simulated unhalted cycles
   cCycles: 0 # Cycles due to contention stalls
   instrs: 1248641809 # Simulated instructions
   uops: 1277722782 # Retired micro-ops
   bbls: 200645544 # Basic blocks
   approxInstrs: 15200119 # Instrs with approx uop decoding
   mispredBranches: 10262 # Mispredicted branches
   fetchStalls: 215562 # Fetch stalls
   decodeStalls: 324058341 # Decode stalls
   issueStalls: 57278704 # Issue stalls
  core-2: # Core stats
   cycles: 775400001 # Simulated unhalted cycles
   cCycles: 0 # Cycles due to contention stalls
   instrs: 1263242359 # Simulated instructions
   uops: 1292832025 # Retired micro-ops
   bbls: 202931410 # Basic blocks
   approxInstrs: 15380004 # Instrs with approx uop decoding
   mispredBranches: 10447 # Mispredicted branches
   fetchStalls: 216515 # Fetch stalls
   decodeStalls: 327947066 # Decode stalls
   issueStalls: 59292749 # Issue stalls
  core-3: # Core stats
   cycles: 774520365 # Simulated unhalted cycles
   cCycles: 0 # Cycles due to contention stalls
   instrs: 1245029528 # Simulated instructions
   uops: 1274704395 # Retired micro-ops
   bbls: 199864503 # Basic blocks
   approxInstrs: 15140119 # Instrs with approx uop decoding
   mispredBranches: 10457 # Mispredicted branches
   fetchStalls: 219311 # Fetch stalls
   decodeStalls: 323496834 # Decode stalls
   issueStalls: 55877217 # Issue stalls
 l1i: # Cache stats
  l1i-0: # Filter cache stats
   fhGETS: 216055769 # Filtered GETS hits
   fhGETX: 0 # Filtered GETX hits
   hGETS: 45799 # GETS hits
   hGETX: 0 # GETX hits
   mGETS: 4220 # GETS misses
   mGETXIM: 0 # GETX I->M misses
   mGETXSM: 0 # GETX S->M misses (upgrade misses)
   PUTS: 0 # Clean evictions (from lower level)
   PUTX: 0 # Dirty evictions (from lower level)
   INV: 0 # Invalidates (from upper level)
   INVX: 0 # Downgrades (from upper level)
   FWD: 0 # Forwards (from upper level)
   latGETnl: 126618 # GET request latency on next level
   latGETnet: 0 # GET request latency on network to next level
  l1i-1: # Filter cache stats
   fhGETS: 217170121 # Filtered GETS hits
   fhGETX: 0 # Filtered GETX hits
   hGETS: 45796 # GETS hits
   hGETX: 0 # GETX hits
   mGETS: 3979 # GETS misses
   mGETXIM: 0 # GETX I->M misses
   mGETXSM: 0 # GETX S->M misses (upgrade misses)
   PUTS: 0 # Clean evictions (from lower level)
   PUTX: 0 # Dirty evictions (from lower level)
   INV: 0 # Invalidates (from upper level)
   INVX: 0 # Downgrades (from upper level)
   FWD: 0 # Forwards (from upper level)
   latGETnl: 65192 # GET request latency on next level
   latGETnet: 0 # GET request latency on network to next level
  l1i-2: # Filter cache stats
   fhGETS: 219650898 # Filtered GETS hits
   fhGETX: 0 # Filtered GETX hits
   hGETS: 45277 # GETS hits
   hGETX: 0 # GETX hits
   mGETS: 3446 # GETS misses
   mGETXIM: 0 # GETX I->M misses
   mGETXSM: 0 # GETX S->M misses (upgrade misses)
   PUTS: 0 # Clean evictions (from lower level)
   PUTX: 0 # Dirty evictions (from lower level)
   INV: 0 # Invalidates (from upper level)
   INVX: 0 # Downgrades (from upper level)
   FWD: 0 # Forwards (from upper level)
   latGETnl: 72984 # GET request latency on next level
   latGETnet: 0 # GET request latency on network to next level
  l1i-3: # Filter cache stats
   fhGETS: 216346335 # Filtered GETS hits
   fhGETX: 0 # Filtered GETX hits
   hGETS: 45791 # GETS hits
   hGETX: 0 # GETX hits
   mGETS: 4039 # GETS misses
   mGETXIM: 0 # GETX I->M misses
   mGETXSM: 0 # GETX S->M misses (upgrade misses)
   PUTS: 0 # Clean evictions (from lower level)
   PUTX: 0 # Dirty evictions (from lower level)
   INV: 0 # Invalidates (from upper level)
   INVX: 0 # Downgrades (from upper level)
   FWD: 0 # Forwards (from upper level)
   latGETnl: 63851 # GET request latency on next level
   latGETnet: 0 # GET request latency on network to next level
 l1d: # Cache stats
  l1d-0: # Filter cache stats
   fhGETS: 157029897 # Filtered GETS hits
   fhGETX: 32742517 # Filtered GETX hits
   hGETS: 72587542 # GETS hits
   hGETX: 48006888 # GETX hits
   mGETS: 58742714 # GETS misses
   mGETXIM: 9439866 # GETX I->M misses
   mGETXSM: 308 # GETX S->M misses (upgrade misses)
   PUTS: 0 # Clean evictions (from lower level)
   PUTX: 0 # Dirty evictions (from lower level)
   INV: 123 # Invalidates (from upper level)
   INVX: 920 # Downgrades (from upper level)
   FWD: 0 # Forwards (from upper level)
   latGETnl: 1033145648 # GET request latency on next level
   latGETnet: 0 # GET request latency on network to next level
  l1d-1: # Filter cache stats
   fhGETS: 211470850 # Filtered GETS hits
   fhGETX: 46865989 # Filtered GETX hits
   hGETS: 26025389 # GETS hits
   hGETX: 33189834 # GETX hits
   mGETS: 51538767 # GETS misses
   mGETXIM: 10378499 # GETX I->M misses
   mGETXSM: 314 # GETX S->M misses (upgrade misses)
   PUTS: 0 # Clean evictions (from lower level)
   PUTX: 0 # Dirty evictions (from lower level)
   INV: 104 # Invalidates (from upper level)
   INVX: 238 # Downgrades (from upper level)
   FWD: 0 # Forwards (from upper level)
   latGETnl: 938419183 # GET request latency on next level
   latGETnet: 0 # GET request latency on network to next level
  l1d-2: # Filter cache stats
   fhGETS: 222077683 # Filtered GETS hits
   fhGETX: 54096058 # Filtered GETX hits
   hGETS: 19976287 # GETS hits
   hGETX: 28070703 # GETX hits
   mGETS: 50527566 # GETS misses
   mGETXIM: 9386116 # GETX I->M misses
   mGETXSM: 200 # GETX S->M misses (upgrade misses)
   PUTS: 0 # Clean evictions (from lower level)
   PUTX: 0 # Dirty evictions (from lower level)
   INV: 90 # Invalidates (from upper level)
   INVX: 1323 # Downgrades (from upper level)
   FWD: 0 # Forwards (from upper level)
   latGETnl: 910511188 # GET request latency on next level
   latGETnet: 0 # GET request latency on network to next level
  l1d-3: # Filter cache stats
   fhGETS: 197314353 # Filtered GETS hits
   fhGETX: 46572981 # Filtered GETX hits
   hGETS: 38902766 # GETS hits
   hGETX: 34469779 # GETX hits
   mGETS: 52533909 # GETS misses
   mGETXIM: 9391133 # GETX I->M misses
   mGETXSM: 323 # GETX S->M misses (upgrade misses)
   PUTS: 0 # Clean evictions (from lower level)
   PUTX: 0 # Dirty evictions (from lower level)
   INV: 125 # Invalidates (from upper level)
   INVX: 983 # Downgrades (from upper level)
   FWD: 0 # Forwards (from upper level)
   latGETnl: 939451770 # GET request latency on next level
   latGETnet: 0 # GET request latency on network to next level
 l2: # Cache stats
  l2-0: # Cache stats
   hGETS: 58718208 # GETS hits
   hGETX: 9425785 # GETX hits
   mGETS: 28726 # GETS misses
   mGETXIM: 13946 # GETX I->M misses
   mGETXSM: 443 # GETX S->M misses (upgrade misses)
   PUTS: 34016676 # Clean evictions (from lower level)
   PUTX: 34169873 # Dirty evictions (from lower level)
   INV: 601 # Invalidates (from upper level)
   INVX: 4172 # Downgrades (from upper level)
   FWD: 0 # Forwards (from upper level)
   latGETnl: 10465646 # GET request latency on next level
   latGETnet: 0 # GET request latency on network to next level
  l2-1: # Cache stats
   hGETS: 51514153 # GETS hits
   hGETX: 10364557 # GETX hits
   mGETS: 28593 # GETS misses
   mGETXIM: 13900 # GETX I->M misses
   mGETXSM: 356 # GETX S->M misses (upgrade misses)
   PUTS: 28637439 # Clean evictions (from lower level)
   PUTX: 33283574 # Dirty evictions (from lower level)
   INV: 626 # Invalidates (from upper level)
   INVX: 1688 # Downgrades (from upper level)
   FWD: 0 # Forwards (from upper level)
   latGETnl: 9660990 # GET request latency on next level
   latGETnet: 0 # GET request latency on network to next level
  l2-2: # Cache stats
   hGETS: 50502357 # GETS hits
   hGETX: 9372113 # GETX hits
   mGETS: 28655 # GETS misses
   mGETXIM: 13914 # GETX I->M misses
   mGETXSM: 289 # GETX S->M misses (upgrade misses)
   PUTS: 27457312 # Clean evictions (from lower level)
   PUTX: 32459598 # Dirty evictions (from lower level)
   INV: 558 # Invalidates (from upper level)
   INVX: 8919 # Downgrades (from upper level)
   FWD: 0 # Forwards (from upper level)
   latGETnl: 11824252 # GET request latency on next level
   latGETnet: 0 # GET request latency on network to next level
  l2-3: # Cache stats
   hGETS: 52509341 # GETS hits
   hGETX: 9377235 # GETX hits
   mGETS: 28607 # GETS misses
   mGETXIM: 13898 # GETX I->M misses
   mGETXSM: 323 # GETX S->M misses (upgrade misses)
   PUTS: 29339976 # Clean evictions (from lower level)
   PUTX: 32588852 # Dirty evictions (from lower level)
   INV: 630 # Invalidates (from upper level)
   INVX: 4588 # Downgrades (from upper level)
   FWD: 0 # Forwards (from upper level)
   latGETnl: 10574561 # GET request latency on next level
   latGETnet: 0 # GET request latency on network to next level
 l3: # Cache stats
  l3-0: # Cache stats
   hGETS: 56268 # GETS hits
   hGETX: 1808 # GETX hits
   mGETS: 58313 # GETS misses
   mGETXIM: 55261 # GETX I->M misses
   mGETXSM: 0 # GETX S->M misses (upgrade misses)
   PUTS: 0 # Clean evictions (from lower level)
   PUTX: 0 # Dirty evictions (from lower level)
   INV: 0 # Invalidates (from upper level)
   INVX: 0 # Downgrades (from upper level)
   FWD: 0 # Forwards (from upper level)
   latGETnl: 38244474 # GET request latency on next level
   latGETnet: 0 # GET request latency on network to next level
 mem: # Memory controller stats
  mem-0: # Memory controller stats
   rd: 113574 # Read requests
   wr: 0 # Write requests
   rdlat: 38244474 # Total latency experienced by read requests
   wrlat: 0 # Total latency experienced by write requests
   load: 3932 # Sum of load factors (0-100) per update
   ups: 304 # Number of latency updates
   clampedLoads: 0 # Number of updates where the load was clamped to 95%
 sched: # Scheduler stats
  thCr: 4 # Threads created
  thFn: 0 # Threads finished
  schedEvs: 4 # Schedule events
  waitEvs: 0 # Wait events
  handoffEvs: 0 # Handoff events
  sleepEvs: 0 # Sleep events
  idlePhases: 0 # Phases with no thread active
  idlePeriods: 0 # Periods with no thread active
  occHist: # Occupancy histogram
   0: 0
   1: 0
   2: 0
   3: 0
   4: 7754
  rqSzHist: # Run queue size histogram
   0: 7754
   1: 0
   2: 0
   3: 0
   4: 0
   5: 0
   6: 0
   7: 0
   8: 0
   9: 0
   10: 0
   11: 0
   12: 0
   13: 0
   14: 0
   15: 0
   16: 0
 heartbeats: # Per-process heartbeats
  0: 0
  1: 0
  2: 0
  3: 0
  4: 0
  5: 0
  6: 0
  7: 0
  8: 0
  9: 0
  10: 0
  11: 0
  12: 0
  13: 0
  14: 0
  15: 0
  16: 0
  17: 0
  18: 0
  19: 0
  20: 0
  21: 0
  22: 0
  23: 0
  24: 0
  25: 0
  26: 0
  27: 0
  28: 0
  29: 0
  30: 0
  31: 0
  32: 0
  33: 0
  34: 0
  35: 0
  36: 0
  37: 0
  38: 0
  39: 0
  40: 0
  41: 0
  42: 0
  43: 0
  44: 0
  45: 0
  46: 0
  47: 0
  48: 0
  49: 0
  50: 0
  51: 0
  52: 0
  53: 0
  54: 0
  55: 0
  56: 0
  57: 0
  58: 0
  59: 0
  60: 0
  61: 0
  62: 0
  63: 0
===
