# zsim stats
===
root: # Stats
 contention: # Contention simulation stats
  domain-0: # Domain stats
   time: 513562284 # Weave simulation time
 time: # Simulator time breakdown
  init: 19896216409
  bound: 913121246658
  weave: 874504057
  ff: 0
 trigger: 20000 # Reason for this stats dump
 phase: 9396 # Simulated phases
 core: # Core stats
  core-0: # Core stats
   cycles: 939600083 # Simulated unhalted cycles
   cCycles: 0 # Cycles due to contention stalls
   instrs: 872312669 # Simulated instructions
   uops: 893023107 # Retired micro-ops
   bbls: 140105241 # Basic blocks
   approxInstrs: 10600006 # Instrs with approx uop decoding
   mispredBranches: 7279 # Mispredicted branches
   fetchStalls: 1084839 # Fetch stalls
   decodeStalls: 226538414 # Decode stalls
   issueStalls: 25855573 # Issue stalls
  core-1: # Core stats
   cycles: 939446148 # Simulated unhalted cycles
   cCycles: 0 # Cycles due to contention stalls
   instrs: 688143130 # Simulated instructions
   uops: 704245005 # Retired micro-ops
   bbls: 110638199 # Basic blocks
   approxInstrs: 8363475 # Instrs with approx uop decoding
   mispredBranches: 5848 # Mispredicted branches
   fetchStalls: 803533 # Fetch stalls
   decodeStalls: 178561184 # Decode stalls
   issueStalls: 18814673 # Issue stalls
  core-2: # Core stats
   cycles: 938956085 # Simulated unhalted cycles
   cCycles: 0 # Cycles due to contention stalls
   instrs: 682064474 # Simulated instructions
   uops: 698222604 # Retired micro-ops
   bbls: 109586376 # Basic blocks
   approxInstrs: 8280119 # Instrs with approx uop decoding
   mispredBranches: 5894 # Mispredicted branches
   fetchStalls: 831186 # Fetch stalls
   decodeStalls: 177088710 # Decode stalls
   issueStalls: 19546175 # Issue stalls
  core-3: # Core stats
   cycles: 939138590 # Simulated unhalted cycles
   cCycles: 0 # Cycles due to contention stalls
   instrs: 913153151 # Simulated instructions
   uops: 934886756 # Retired micro-ops
   bbls: 146638318 # Basic blocks
   approxInstrs: 11100119 # Instrs with approx uop decoding
   mispredBranches: 7786 # Mispredicted branches
   fetchStalls: 1169730 # Fetch stalls
   decodeStalls: 237184961 # Decode stalls
   issueStalls: 26230463 # Issue stalls
  core-4: # Core stats
   cycles: 939375898 # Simulated unhalted cycles
   cCycles: 0 # Cycles due to contention stalls
   instrs: 564025503 # Simulated instructions
   uops: 577641140 # Retired micro-ops
   bbls: 90585935 # Basic blocks
   approxInstrs: 6840118 # Instrs with approx uop decoding
   mispredBranches: 4889 # Mispredicted branches
   fetchStalls: 624765 # Fetch stalls
   decodeStalls: 146530482 # Decode stalls
   issueStalls: 16239205 # Issue stalls
  core-5: # Core stats
   cycles: 939165790 # Simulated unhalted cycles
   cCycles: 0 # Cycles due to contention stalls
   instrs: 538566448 # Simulated instructions
   uops: 551421566 # Retired micro-ops
   bbls: 86541716 # Basic blocks
   approxInstrs: 6540119 # Instrs with approx uop decoding
   mispredBranches: 4689 # Mispredicted branches
   fetchStalls: 638028 # Fetch stalls
   decodeStalls: 139851786 # Decode stalls
   issueStalls: 15545266 # Issue stalls
  core-6: # Core stats
   cycles: 939163962 # Simulated unhalted cycles
   cCycles: 0 # Cycles due to contention stalls
   instrs: 741999600 # Simulated instructions
   uops: 759226357 # Retired micro-ops
   bbls: 119330689 # Basic blocks
   approxInstrs: 9020082 # Instrs with approx uop decoding
   mispredBranches: 6207 # Mispredicted branches
   fetchStalls: 851218 # Fetch stalls
   decodeStalls: 192492192 # Decode stalls
   issueStalls: 22863797 # Issue stalls
 l1i: # Cache stats
  l1i-0: # Filter cache stats
   fhGETS: 151602494 # Filtered GETS hits
   fhGETX: 0 # Filtered GETX hits
   hGETS: 40179 # GETS hits
   hGETX: 0 # GETX hits
   mGETS: 23925 # GETS misses
   mGETXIM: 0 # GETX I->M misses
   mGETXSM: 0 # GETX S->M misses (upgrade misses)
   PUTS: 0 # Clean evictions (from lower level)
   PUTX: 0 # Dirty evictions (from lower level)
   INV: 23779 # Invalidates (from upper level)
   INVX: 0 # Downgrades (from upper level)
   FWD: 0 # Forwards (from upper level)
   latGETnl: 1300834 # GET request latency on next level
   latGETnet: 0 # GET request latency on network to next level
  l1i-1: # Filter cache stats
   fhGETS: 119694241 # Filtered GETS hits
   fhGETX: 0 # Filtered GETX hits
   hGETS: 41283 # GETS hits
   hGETX: 0 # GETX hits
   mGETS: 19624 # GETS misses
   mGETXIM: 0 # GETX I->M misses
   mGETXSM: 0 # GETX S->M misses (upgrade misses)
   PUTS: 0 # Clean evictions (from lower level)
   PUTX: 0 # Dirty evictions (from lower level)
   INV: 18793 # Invalidates (from upper level)
   INVX: 0 # Downgrades (from upper level)
   FWD: 0 # Forwards (from upper level)
   latGETnl: 954434 # GET request latency on next level
   latGETnet: 0 # GET request latency on network to next level
  l1i-2: # Filter cache stats
   fhGETS: 118561106 # Filtered GETS hits
   fhGETX: 0 # Filtered GETX hits
   hGETS: 41270 # GETS hits
   hGETX: 0 # GETX hits
   mGETS: 19432 # GETS misses
   mGETXIM: 0 # GETX I->M misses
   mGETXSM: 0 # GETX S->M misses (upgrade misses)
   PUTS: 0 # Clean evictions (from lower level)
   PUTX: 0 # Dirty evictions (from lower level)
   INV: 18648 # Invalidates (from upper level)
   INVX: 0 # Downgrades (from upper level)
   FWD: 0 # Forwards (from upper level)
   latGETnl: 978374 # GET request latency on next level
   latGETnet: 0 # GET request latency on network to next level
  l1i-3: # Filter cache stats
   fhGETS: 158684838 # Filtered GETS hits
   fhGETX: 0 # Filtered GETX hits
   hGETS: 41317 # GETS hits
   hGETX: 0 # GETX hits
   mGETS: 25760 # GETS misses
   mGETXIM: 0 # GETX I->M misses
   mGETXSM: 0 # GETX S->M misses (upgrade misses)
   PUTS: 0 # Clean evictions (from lower level)
   PUTX: 0 # Dirty evictions (from lower level)
   INV: 24916 # Invalidates (from upper level)
   INVX: 0 # Downgrades (from upper level)
   FWD: 0 # Forwards (from upper level)
   latGETnl: 1393430 # GET request latency on next level
   latGETnet: 0 # GET request latency on network to next level
  l1i-4: # Filter cache stats
   fhGETS: 97989647 # Filtered GETS hits
   fhGETX: 0 # Filtered GETX hits
   hGETS: 41241 # GETS hits
   hGETX: 0 # GETX hits
   mGETS: 16157 # GETS misses
   mGETXIM: 0 # GETX I->M misses
   mGETXSM: 0 # GETX S->M misses (upgrade misses)
   PUTS: 0 # Clean evictions (from lower level)
   PUTX: 0 # Dirty evictions (from lower level)
   INV: 15383 # Invalidates (from upper level)
   INVX: 0 # Downgrades (from upper level)
   FWD: 0 # Forwards (from upper level)
   latGETnl: 732666 # GET request latency on next level
   latGETnet: 0 # GET request latency on network to next level
  l1i-5: # Filter cache stats
   fhGETS: 93624881 # Filtered GETS hits
   fhGETX: 0 # Filtered GETX hits
   hGETS: 41245 # GETS hits
   hGETX: 0 # GETX hits
   mGETS: 15837 # GETS misses
   mGETXIM: 0 # GETX I->M misses
   mGETXSM: 0 # GETX S->M misses (upgrade misses)
   PUTS: 0 # Clean evictions (from lower level)
   PUTX: 0 # Dirty evictions (from lower level)
   INV: 15055 # Invalidates (from upper level)
   INVX: 0 # Downgrades (from upper level)
   FWD: 0 # Forwards (from upper level)
   latGETnl: 739920 # GET request latency on next level
   latGETnet: 0 # GET request latency on network to next level
  l1i-6: # Filter cache stats
   fhGETS: 129105750 # Filtered GETS hits
   fhGETX: 0 # Filtered GETX hits
   hGETS: 40901 # GETS hits
   hGETX: 0 # GETX hits
   mGETS: 20837 # GETS misses
   mGETXIM: 0 # GETX I->M misses
   mGETXSM: 0 # GETX S->M misses (upgrade misses)
   PUTS: 0 # Clean evictions (from lower level)
   PUTX: 0 # Dirty evictions (from lower level)
   INV: 20225 # Invalidates (from upper level)
   INVX: 0 # Downgrades (from upper level)
   FWD: 0 # Forwards (from upper level)
   latGETnl: 994002 # GET request latency on next level
   latGETnet: 0 # GET request latency on network to next level
 l1d: # Cache stats
  l1d-0: # Filter cache stats
   fhGETS: 148110021 # Filtered GETS hits
   fhGETX: 37310332 # Filtered GETX hits
   hGETS: 18411869 # GETS hits
   hGETX: 19461669 # GETX hits
   mGETS: 35779085 # GETS misses
   mGETXIM: 6529650 # GETX I->M misses
   mGETXSM: 1792 # GETX S->M misses (upgrade misses)
   PUTS: 0 # Clean evictions (from lower level)
   PUTX: 0 # Dirty evictions (from lower level)
   INV: 5279 # Invalidates (from upper level)
   INVX: 11254 # Downgrades (from upper level)
   FWD: 0 # Forwards (from upper level)
   latGETnl: 1738714690 # GET request latency on next level
   latGETnet: 0 # GET request latency on network to next level
  l1d-1: # Filter cache stats
   fhGETS: 86719295 # Filtered GETS hits
   fhGETX: 16060349 # Filtered GETX hits
   hGETS: 40073935 # GETS hits
   hGETX: 28611864 # GETX hits
   mGETS: 32463148 # GETS misses
   mGETXIM: 5215552 # GETX I->M misses
   mGETXSM: 144 # GETX S->M misses (upgrade misses)
   PUTS: 0 # Clean evictions (from lower level)
   PUTX: 0 # Dirty evictions (from lower level)
   INV: 2271 # Invalidates (from upper level)
   INVX: 5162 # Downgrades (from upper level)
   FWD: 0 # Forwards (from upper level)
   latGETnl: 1822305717 # GET request latency on next level
   latGETnet: 0 # GET request latency on network to next level
  l1d-2: # Filter cache stats
   fhGETS: 111934369 # Filtered GETS hits
   fhGETX: 29387504 # Filtered GETX hits
   hGETS: 17795457 # GETS hits
   hGETX: 14777729 # GETX hits
   mGETS: 28382602 # GETS misses
   mGETXIM: 5298848 # GETX I->M misses
   mGETXSM: 140 # GETX S->M misses (upgrade misses)
   PUTS: 0 # Clean evictions (from lower level)
   PUTX: 0 # Dirty evictions (from lower level)
   INV: 4381 # Invalidates (from upper level)
   INVX: 5292 # Downgrades (from upper level)
   FWD: 0 # Forwards (from upper level)
   latGETnl: 1781146415 # GET request latency on next level
   latGETnet: 0 # GET request latency on network to next level
  l1d-3: # Filter cache stats
   fhGETS: 155294494 # Filtered GETS hits
   fhGETX: 34464477 # Filtered GETX hits
   hGETS: 18474114 # GETS hits
   hGETX: 24289991 # GETX hits
   mGETS: 37961336 # GETS misses
   mGETXIM: 7547753 # GETX I->M misses
   mGETXSM: 161 # GETX S->M misses (upgrade misses)
   PUTS: 0 # Clean evictions (from lower level)
   PUTX: 0 # Dirty evictions (from lower level)
   INV: 3876 # Invalidates (from upper level)
   INVX: 7893 # Downgrades (from upper level)
   FWD: 0 # Forwards (from upper level)
   latGETnl: 1716076581 # GET request latency on next level
   latGETnet: 0 # GET request latency on network to next level
  l1d-4: # Filter cache stats
   fhGETS: 98767415 # Filtered GETS hits
   fhGETX: 24291268 # Filtered GETX hits
   hGETS: 9446241 # GETS hits
   hGETX: 12437605 # GETX hits
   mGETS: 22742306 # GETS misses
   mGETXIM: 4278698 # GETX I->M misses
   mGETXSM: 144 # GETX S->M misses (upgrade misses)
   PUTS: 0 # Clean evictions (from lower level)
   PUTX: 0 # Dirty evictions (from lower level)
   INV: 4636 # Invalidates (from upper level)
   INVX: 4891 # Downgrades (from upper level)
   FWD: 0 # Forwards (from upper level)
   latGETnl: 1729922536 # GET request latency on next level
   latGETnet: 0 # GET request latency on network to next level
  l1d-5: # Filter cache stats
   fhGETS: 94004610 # Filtered GETS hits
   fhGETX: 23185610 # Filtered GETX hits
   hGETS: 8706872 # GETS hits
   hGETX: 11899075 # GETX hits
   mGETS: 21993054 # GETS misses
   mGETXIM: 4077154 # GETX I->M misses
   mGETXSM: 153 # GETX S->M misses (upgrade misses)
   PUTS: 0 # Clean evictions (from lower level)
   PUTX: 0 # Dirty evictions (from lower level)
   INV: 3434 # Invalidates (from upper level)
   INVX: 3700 # Downgrades (from upper level)
   FWD: 0 # Forwards (from upper level)
   latGETnl: 1683586844 # GET request latency on next level
   latGETnet: 0 # GET request latency on network to next level
  l1d-6: # Filter cache stats
   fhGETS: 102886065 # Filtered GETS hits
   fhGETX: 17337165 # Filtered GETX hits
   hGETS: 34798770 # GETS hits
   hGETX: 30789576 # GETX hits
   mGETS: 33891025 # GETS misses
   mGETXIM: 5642077 # GETX I->M misses
   mGETXSM: 136 # GETX S->M misses (upgrade misses)
   PUTS: 0 # Clean evictions (from lower level)
   PUTX: 0 # Dirty evictions (from lower level)
   INV: 1488 # Invalidates (from upper level)
   INVX: 6425 # Downgrades (from upper level)
   FWD: 0 # Forwards (from upper level)
   latGETnl: 1830981473 # GET request latency on next level
   latGETnet: 0 # GET request latency on network to next level
 l2: # Cache stats
  l2-0: # Cache stats
   hGETS: 1020785 # GETS hits
   hGETX: 100684 # GETX hits
   mGETS: 34782225 # GETS misses
   mGETXIM: 6428966 # GETX I->M misses
   mGETXSM: 1792 # GETX S->M misses (upgrade misses)
   PUTS: 19867867 # Clean evictions (from lower level)
   PUTX: 22435669 # Dirty evictions (from lower level)
   INV: 181 # Invalidates (from upper level)
   INVX: 1388795 # Downgrades (from upper level)
   FWD: 0 # Forwards (from upper level)
   latGETnl: 1274336552 # GET request latency on next level
   latGETnet: 0 # GET request latency on network to next level
  l2-1: # Cache stats
   hGETS: 5037765 # GETS hits
   hGETX: 148841 # GETX hits
   mGETS: 27445007 # GETS misses
   mGETXIM: 5066711 # GETX I->M misses
   mGETXSM: 144 # GETX S->M misses (upgrade misses)
   PUTS: 18403372 # Clean evictions (from lower level)
   PUTX: 19273820 # Dirty evictions (from lower level)
   INV: 2115 # Invalidates (from upper level)
   INVX: 826557 # Downgrades (from upper level)
   FWD: 0 # Forwards (from upper level)
   latGETnl: 1408577003 # GET request latency on next level
   latGETnet: 0 # GET request latency on network to next level
  l2-2: # Cache stats
   hGETS: 1210485 # GETS hits
   hGETX: 277204 # GETX hits
   mGETS: 27191549 # GETS misses
   mGETXIM: 5021644 # GETX I->M misses
   mGETXSM: 140 # GETX S->M misses (upgrade misses)
   PUTS: 15896131 # Clean evictions (from lower level)
   PUTX: 17781653 # Dirty evictions (from lower level)
   INV: 2049 # Invalidates (from upper level)
   INVX: 848835 # Downgrades (from upper level)
   FWD: 0 # Forwards (from upper level)
   latGETnl: 1411413547 # GET request latency on next level
   latGETnet: 0 # GET request latency on network to next level
  l2-3: # Cache stats
   hGETS: 1572905 # GETS hits
   hGETX: 816341 # GETX hits
   mGETS: 36414191 # GETS misses
   mGETXIM: 6731412 # GETX I->M misses
   mGETXSM: 161 # GETX S->M misses (upgrade misses)
   PUTS: 21228357 # Clean evictions (from lower level)
   PUTX: 24277635 # Dirty evictions (from lower level)
   INV: 1483 # Invalidates (from upper level)
   INVX: 1366106 # Downgrades (from upper level)
   FWD: 0 # Forwards (from upper level)
   latGETnl: 1216584901 # GET request latency on next level
   latGETnet: 0 # GET request latency on network to next level
  l2-4: # Cache stats
   hGETS: 307042 # GETS hits
   hGETX: 122527 # GETX hits
   mGETS: 22451421 # GETS misses
   mGETXIM: 4156171 # GETX I->M misses
   mGETXSM: 144 # GETX S->M misses (upgrade misses)
   PUTS: 12424282 # Clean evictions (from lower level)
   PUTX: 14592794 # Dirty evictions (from lower level)
   INV: 2959 # Invalidates (from upper level)
   INVX: 812123 # Downgrades (from upper level)
   FWD: 0 # Forwards (from upper level)
   latGETnl: 1433244847 # GET request latency on next level
   latGETnet: 0 # GET request latency on network to next level
  l2-5: # Cache stats
   hGETS: 559193 # GETS hits
   hGETX: 105861 # GETX hits
   mGETS: 21449698 # GETS misses
   mGETXIM: 3971293 # GETX I->M misses
   mGETXSM: 153 # GETX S->M misses (upgrade misses)
   PUTS: 12039186 # Clean evictions (from lower level)
   PUTX: 14028301 # Dirty evictions (from lower level)
   INV: 1860 # Invalidates (from upper level)
   INVX: 587471 # Downgrades (from upper level)
   FWD: 0 # Forwards (from upper level)
   latGETnl: 1397378586 # GET request latency on next level
   latGETnet: 0 # GET request latency on network to next level
  l2-6: # Cache stats
   hGETS: 4313402 # GETS hits
   hGETX: 175604 # GETX hits
   mGETS: 29598460 # GETS misses
   mGETXIM: 5466473 # GETX I->M misses
   mGETXSM: 136 # GETX S->M misses (upgrade misses)
   PUTS: 19012341 # Clean evictions (from lower level)
   PUTX: 20519813 # Dirty evictions (from lower level)
   INV: 1611 # Invalidates (from upper level)
   INVX: 1073266 # Downgrades (from upper level)
   FWD: 0 # Forwards (from upper level)
   latGETnl: 1396880650 # GET request latency on next level
   latGETnet: 0 # GET request latency on network to next level
 l3: # Cache stats
  l3-0: # Cache stats
   hGETS: 189175807 # GETS hits
   hGETX: 36489196 # GETX hits
   mGETS: 10156744 # GETS misses
   mGETXIM: 356144 # GETX I->M misses
   mGETXSM: 0 # GETX S->M misses (upgrade misses)
   PUTS: 108144010 # Clean evictions (from lower level)
   PUTX: 127961609 # Dirty evictions (from lower level)
   INV: 0 # Invalidates (from upper level)
   INVX: 0 # Downgrades (from upper level)
   FWD: 0 # Forwards (from upper level)
   latGETnl: 3793983658 # GET request latency on next level
   latGETnet: 0 # GET request latency on network to next level
 mem: # Memory controller stats
  mem-0: # Memory controller stats
   rd: 10512888 # Read requests
   wr: 611257 # Write requests
   rdlat: 3793983658 # Total latency experienced by read requests
   wrlat: 251855734 # Total latency experienced by write requests
   load: 392178 # Sum of load factors (0-100) per update
   ups: 9389 # Number of latency updates
   clampedLoads: 3 # Number of updates where the load was clamped to 95%
 sched: # Scheduler stats
  thCr: 7 # Threads created
  thFn: 0 # Threads finished
  schedEvs: 7 # Schedule events
  waitEvs: 0 # Wait events
  handoffEvs: 0 # Handoff events
  sleepEvs: 0 # Sleep events
  idlePhases: 0 # Phases with no thread active
  idlePeriods: 0 # Periods with no thread active
  occHist: # Occupancy histogram
   0: 0
   1: 1
   2: 0
   3: 0
   4: 0
   5: 0
   6: 0
   7: 9395
  rqSzHist: # Run queue size histogram
   0: 9396
   1: 0
   2: 0
   3: 0
   4: 0
   5: 0
   6: 0
   7: 0
   8: 0
   9: 0
   10: 0
   11: 0
   12: 0
   13: 0
   14: 0
   15: 0
   16: 0
 heartbeats: # Per-process heartbeats
  0: 0
  1: 0
  2: 0
  3: 0
  4: 0
  5: 0
  6: 0
  7: 0
  8: 0
  9: 0
  10: 0
  11: 0
  12: 0
  13: 0
  14: 0
  15: 0
  16: 0
  17: 0
  18: 0
  19: 0
  20: 0
  21: 0
  22: 0
  23: 0
  24: 0
  25: 0
  26: 0
  27: 0
  28: 0
  29: 0
  30: 0
  31: 0
  32: 0
  33: 0
  34: 0
  35: 0
  36: 0
  37: 0
  38: 0
  39: 0
  40: 0
  41: 0
  42: 0
  43: 0
  44: 0
  45: 0
  46: 0
  47: 0
  48: 0
  49: 0
  50: 0
  51: 0
  52: 0
  53: 0
  54: 0
  55: 0
  56: 0
  57: 0
  58: 0
  59: 0
  60: 0
  61: 0
  62: 0
  63: 0
===
