# zsim stats
===
root: # Stats
 contention: # Contention simulation stats
  domain-0: # Domain stats
   time: 2794542396 # Weave simulation time
 time: # Simulator time breakdown
  init: 19771316887
  bound: 1179645412897
  weave: 8322543435
  ff: 0
 trigger: 20000 # Reason for this stats dump
 phase: 60367 # Simulated phases
 core: # Core stats
  core-0: # Core stats
   cycles: 6036225795 # Simulated unhalted cycles
   cCycles: 0 # Cycles due to contention stalls
   instrs: 1252495843 # Simulated instructions
   uops: 1282014311 # Retired micro-ops
   bbls: 201157744 # Basic blocks
   approxInstrs: 15240122 # Instrs with approx uop decoding
   mispredBranches: 10400 # Mispredicted branches
   fetchStalls: 3814264 # Fetch stalls
   decodeStalls: 325238245 # Decode stalls
   issueStalls: 36857546 # Issue stalls
  core-1: # Core stats
   cycles: 6035584993 # Simulated unhalted cycles
   cCycles: 0 # Cycles due to contention stalls
   instrs: 1252596273 # Simulated instructions
   uops: 1282473473 # Retired micro-ops
   bbls: 201078128 # Basic blocks
   approxInstrs: 15226089 # Instrs with approx uop decoding
   mispredBranches: 10630 # Mispredicted branches
   fetchStalls: 3940270 # Fetch stalls
   decodeStalls: 325458778 # Decode stalls
   issueStalls: 36273608 # Issue stalls
  core-2: # Core stats
   cycles: 6036602692 # Simulated unhalted cycles
   cCycles: 0 # Cycles due to contention stalls
   instrs: 1251710099 # Simulated instructions
   uops: 1280875239 # Retired micro-ops
   bbls: 201126281 # Basic blocks
   approxInstrs: 15240007 # Instrs with approx uop decoding
   mispredBranches: 10219 # Mispredicted branches
   fetchStalls: 2711667 # Fetch stalls
   decodeStalls: 324856187 # Decode stalls
   issueStalls: 35318729 # Issue stalls
  core-3: # Core stats
   cycles: 6035700231 # Simulated unhalted cycles
   cCycles: 0 # Cycles due to contention stalls
   instrs: 1243292119 # Simulated instructions
   uops: 1272465798 # Retired micro-ops
   bbls: 199716038 # Basic blocks
   approxInstrs: 15120111 # Instrs with approx uop decoding
   mispredBranches: 10282 # Mispredicted branches
   fetchStalls: 3125543 # Fetch stalls
   decodeStalls: 322791529 # Decode stalls
   issueStalls: 36631157 # Issue stalls
 l1i: # Cache stats
  l1i-0: # Filter cache stats
   fhGETS: 217718291 # Filtered GETS hits
   fhGETX: 0 # Filtered GETX hits
   hGETS: 41839 # GETS hits
   hGETX: 0 # GETX hits
   mGETS: 20182 # GETS misses
   mGETXIM: 0 # GETX I->M misses
   mGETXSM: 0 # GETX S->M misses (upgrade misses)
   PUTS: 0 # Clean evictions (from lower level)
   PUTX: 0 # Dirty evictions (from lower level)
   INV: 20052 # Invalidates (from upper level)
   INVX: 0 # Downgrades (from upper level)
   FWD: 0 # Forwards (from upper level)
   latGETnl: 4668044 # GET request latency on next level
   latGETnet: 0 # GET request latency on network to next level
  l1i-1: # Filter cache stats
   fhGETS: 217635189 # Filtered GETS hits
   fhGETX: 0 # Filtered GETX hits
   hGETS: 41492 # GETS hits
   hGETX: 0 # GETX hits
   mGETS: 20285 # GETS misses
   mGETXIM: 0 # GETX I->M misses
   mGETXSM: 0 # GETX S->M misses (upgrade misses)
   PUTS: 0 # Clean evictions (from lower level)
   PUTX: 0 # Dirty evictions (from lower level)
   INV: 20110 # Invalidates (from upper level)
   INVX: 0 # Downgrades (from upper level)
   FWD: 0 # Forwards (from upper level)
   latGETnl: 4987257 # GET request latency on next level
   latGETnet: 0 # GET request latency on network to next level
  l1i-2: # Filter cache stats
   fhGETS: 217677519 # Filtered GETS hits
   fhGETX: 0 # Filtered GETX hits
   hGETS: 40485 # GETS hits
   hGETX: 0 # GETX hits
   mGETS: 20092 # GETS misses
   mGETXIM: 0 # GETX I->M misses
   mGETXSM: 0 # GETX S->M misses (upgrade misses)
   PUTS: 0 # Clean evictions (from lower level)
   PUTX: 0 # Dirty evictions (from lower level)
   INV: 19931 # Invalidates (from upper level)
   INVX: 0 # Downgrades (from upper level)
   FWD: 0 # Forwards (from upper level)
   latGETnl: 3332523 # GET request latency on next level
   latGETnet: 0 # GET request latency on network to next level
  l1i-3: # Filter cache stats
   fhGETS: 216148956 # Filtered GETS hits
   fhGETX: 0 # Filtered GETX hits
   hGETS: 41650 # GETS hits
   hGETX: 0 # GETX hits
   mGETS: 19843 # GETS misses
   mGETXIM: 0 # GETX I->M misses
   mGETXSM: 0 # GETX S->M misses (upgrade misses)
   PUTS: 0 # Clean evictions (from lower level)
   PUTX: 0 # Dirty evictions (from lower level)
   INV: 19687 # Invalidates (from upper level)
   INVX: 0 # Downgrades (from upper level)
   FWD: 0 # Forwards (from upper level)
   latGETnl: 3899745 # GET request latency on next level
   latGETnet: 0 # GET request latency on network to next level
 l1d: # Cache stats
  l1d-0: # Filter cache stats
   fhGETS: 164087165 # Filtered GETS hits
   fhGETX: 34387366 # Filtered GETX hits
   hGETS: 71591569 # GETS hits
   hGETX: 47085318 # GETX hits
   mGETS: 54605612 # GETS misses
   mGETXIM: 9344885 # GETX I->M misses
   mGETXSM: 260 # GETX S->M misses (upgrade misses)
   PUTS: 0 # Clean evictions (from lower level)
   PUTX: 0 # Dirty evictions (from lower level)
   INV: 73214 # Invalidates (from upper level)
   INVX: 273758 # Downgrades (from upper level)
   FWD: 0 # Forwards (from upper level)
   latGETnl: 14670365928 # GET request latency on next level
   latGETnet: 0 # GET request latency on network to next level
  l1d-1: # Filter cache stats
   fhGETS: 229451974 # Filtered GETS hits
   fhGETX: 56106495 # Filtered GETX hits
   hGETS: 11226414 # GETS hits
   hGETX: 25562796 # GETX hits
   mGETS: 49992074 # GETS misses
   mGETXIM: 9281410 # GETX I->M misses
   mGETXSM: 251 # GETX S->M misses (upgrade misses)
   PUTS: 0 # Clean evictions (from lower level)
   PUTX: 0 # Dirty evictions (from lower level)
   INV: 68397 # Invalidates (from upper level)
   INVX: 338270 # Downgrades (from upper level)
   FWD: 0 # Forwards (from upper level)
   latGETnl: 14709609375 # GET request latency on next level
   latGETnet: 0 # GET request latency on network to next level
  l1d-2: # Filter cache stats
   fhGETS: 222865722 # Filtered GETS hits
   fhGETX: 48964648 # Filtered GETX hits
   hGETS: 16329716 # GETS hits
   hGETX: 31928242 # GETX hits
   mGETS: 50606913 # GETS misses
   mGETXIM: 9753080 # GETX I->M misses
   mGETXSM: 204 # GETX S->M misses (upgrade misses)
   PUTS: 0 # Clean evictions (from lower level)
   PUTX: 0 # Dirty evictions (from lower level)
   INV: 64296 # Invalidates (from upper level)
   INVX: 296244 # Downgrades (from upper level)
   FWD: 0 # Forwards (from upper level)
   latGETnl: 14773721971 # GET request latency on next level
   latGETnet: 0 # GET request latency on network to next level
  l1d-3: # Filter cache stats
   fhGETS: 206742082 # Filtered GETS hits
   fhGETX: 51583237 # Filtered GETX hits
   hGETS: 30115354 # GETS hits
   hGETX: 29232607 # GETX hits
   mGETS: 51309364 # GETS misses
   mGETXIM: 9249749 # GETX I->M misses
   mGETXSM: 282 # GETX S->M misses (upgrade misses)
   PUTS: 0 # Clean evictions (from lower level)
   PUTX: 0 # Dirty evictions (from lower level)
   INV: 63309 # Invalidates (from upper level)
   INVX: 330837 # Downgrades (from upper level)
   FWD: 0 # Forwards (from upper level)
   latGETnl: 14981404450 # GET request latency on next level
   latGETnet: 0 # GET request latency on network to next level
 l2: # Cache stats
  l2-0: # Cache stats
   hGETS: 28762209 # GETS hits
   hGETX: 7225660 # GETX hits
   mGETS: 25863585 # GETS misses
   mGETXIM: 2119143 # GETX I->M misses
   mGETXSM: 342 # GETX S->M misses (upgrade misses)
   PUTS: 30626569 # Clean evictions (from lower level)
   PUTX: 33250700 # Dirty evictions (from lower level)
   INV: 27375371 # Invalidates (from upper level)
   INVX: 1932579 # Downgrades (from upper level)
   FWD: 0 # Forwards (from upper level)
   latGETnl: 13907382704 # GET request latency on next level
   latGETnet: 0 # GET request latency on network to next level
  l2-1: # Cache stats
   hGETS: 23978941 # GETS hits
   hGETX: 7246018 # GETX hits
   mGETS: 26033418 # GETS misses
   mGETXIM: 2035392 # GETX I->M misses
   mGETXSM: 251 # GETX S->M misses (upgrade misses)
   PUTS: 27111334 # Clean evictions (from lower level)
   PUTX: 32093787 # Dirty evictions (from lower level)
   INV: 27248197 # Invalidates (from upper level)
   INVX: 1979207 # Downgrades (from upper level)
   FWD: 0 # Forwards (from upper level)
   latGETnl: 14003068392 # GET request latency on next level
   latGETnet: 0 # GET request latency on network to next level
  l2-2: # Cache stats
   hGETS: 24216569 # GETS hits
   hGETX: 7712676 # GETX hits
   mGETS: 26410436 # GETS misses
   mGETXIM: 2040394 # GETX I->M misses
   mGETXSM: 214 # GETX S->M misses (upgrade misses)
   PUTS: 27710669 # Clean evictions (from lower level)
   PUTX: 32585045 # Dirty evictions (from lower level)
   INV: 27942086 # Invalidates (from upper level)
   INVX: 1654583 # Downgrades (from upper level)
   FWD: 0 # Forwards (from upper level)
   latGETnl: 14052491026 # GET request latency on next level
   latGETnet: 0 # GET request latency on network to next level
  l2-3: # Cache stats
   hGETS: 25183868 # GETS hits
   hGETX: 7033846 # GETX hits
   mGETS: 26145339 # GETS misses
   mGETXIM: 2215871 # GETX I->M misses
   mGETXSM: 314 # GETX S->M misses (upgrade misses)
   PUTS: 28341692 # Clean evictions (from lower level)
   PUTX: 32154090 # Dirty evictions (from lower level)
   INV: 27695896 # Invalidates (from upper level)
   INVX: 1890700 # Downgrades (from upper level)
   FWD: 0 # Forwards (from upper level)
   latGETnl: 14258353339 # GET request latency on next level
   latGETnet: 0 # GET request latency on network to next level
 l3: # Cache stats
  l3-0: # Cache stats
   hGETS: 22096243 # GETS hits
   hGETX: 7754 # GETX hits
   mGETS: 82356535 # GETS misses
   mGETXIM: 8404167 # GETX I->M misses
   mGETXSM: 0 # GETX S->M misses (upgrade misses)
   PUTS: 2526358 # Clean evictions (from lower level)
   PUTX: 840 # Dirty evictions (from lower level)
   INV: 0 # Invalidates (from upper level)
   INVX: 0 # Downgrades (from upper level)
   FWD: 0 # Forwards (from upper level)
   latGETnl: 53869540549 # GET request latency on next level
   latGETnet: 0 # GET request latency on network to next level
 mem: # Memory controller stats
  mem-0: # Memory controller stats
   rd: 90760702 # Read requests
   wr: 43107182 # Write requests
   rdlat: 53869540549 # Total latency experienced by read requests
   wrlat: 25230507533 # Total latency experienced by write requests
   load: 4258828 # Sum of load factors (0-100) per update
   ups: 60366 # Number of latency updates
   clampedLoads: 4322 # Number of updates where the load was clamped to 95%
 sched: # Scheduler stats
  thCr: 4 # Threads created
  thFn: 0 # Threads finished
  schedEvs: 4 # Schedule events
  waitEvs: 0 # Wait events
  handoffEvs: 0 # Handoff events
  sleepEvs: 0 # Sleep events
  idlePhases: 0 # Phases with no thread active
  idlePeriods: 0 # Periods with no thread active
  occHist: # Occupancy histogram
   0: 0
   1: 0
   2: 0
   3: 1
   4: 60366
  rqSzHist: # Run queue size histogram
   0: 60367
   1: 0
   2: 0
   3: 0
   4: 0
   5: 0
   6: 0
   7: 0
   8: 0
   9: 0
   10: 0
   11: 0
   12: 0
   13: 0
   14: 0
   15: 0
   16: 0
 heartbeats: # Per-process heartbeats
  0: 0
  1: 0
  2: 0
  3: 0
  4: 0
  5: 0
  6: 0
  7: 0
  8: 0
  9: 0
  10: 0
  11: 0
  12: 0
  13: 0
  14: 0
  15: 0
  16: 0
  17: 0
  18: 0
  19: 0
  20: 0
  21: 0
  22: 0
  23: 0
  24: 0
  25: 0
  26: 0
  27: 0
  28: 0
  29: 0
  30: 0
  31: 0
  32: 0
  33: 0
  34: 0
  35: 0
  36: 0
  37: 0
  38: 0
  39: 0
  40: 0
  41: 0
  42: 0
  43: 0
  44: 0
  45: 0
  46: 0
  47: 0
  48: 0
  49: 0
  50: 0
  51: 0
  52: 0
  53: 0
  54: 0
  55: 0
  56: 0
  57: 0
  58: 0
  59: 0
  60: 0
  61: 0
  62: 0
  63: 0
===
