# zsim stats
===
root: # Stats
 contention: # Contention simulation stats
  domain-0: # Domain stats
   time: 398403773 # Weave simulation time
 time: # Simulator time breakdown
  init: 19997908918
  bound: 611474403703
  weave: 1254774269
  ff: 0
 trigger: 20000 # Reason for this stats dump
 phase: 7361 # Simulated phases
 core: # Core stats
  core-0: # Core stats
   cycles: 735032555 # Simulated unhalted cycles
   cCycles: 0 # Cycles due to contention stalls
   instrs: 1247762705 # Simulated instructions
   uops: 1277524775 # Retired micro-ops
   bbls: 200301652 # Basic blocks
   approxInstrs: 15170782 # Instrs with approx uop decoding
   mispredBranches: 10522 # Mispredicted branches
   fetchStalls: 191186 # Fetch stalls
   decodeStalls: 324216215 # Decode stalls
   issueStalls: 60049962 # Issue stalls
  core-1: # Core stats
   cycles: 736100001 # Simulated unhalted cycles
   cCycles: 0 # Cycles due to contention stalls
   instrs: 1250371830 # Simulated instructions
   uops: 1279200897 # Retired micro-ops
   bbls: 201007718 # Basic blocks
   approxInstrs: 15230302 # Instrs with approx uop decoding
   mispredBranches: 10177 # Mispredicted branches
   fetchStalls: 187072 # Fetch stalls
   decodeStalls: 324351180 # Decode stalls
   issueStalls: 59960036 # Issue stalls
  core-2: # Core stats
   cycles: 735680871 # Simulated unhalted cycles
   cCycles: 0 # Cycles due to contention stalls
   instrs: 1253556842 # Simulated instructions
   uops: 1282757972 # Retired micro-ops
   bbls: 201430504 # Basic blocks
   approxInstrs: 15260119 # Instrs with approx uop decoding
   mispredBranches: 10340 # Mispredicted branches
   fetchStalls: 180260 # Fetch stalls
   decodeStalls: 325323424 # Decode stalls
   issueStalls: 60213851 # Issue stalls
  core-3: # Core stats
   cycles: 734818519 # Simulated unhalted cycles
   cCycles: 0 # Cycles due to contention stalls
   instrs: 1248430952 # Simulated instructions
   uops: 1278536201 # Retired micro-ops
   bbls: 200318487 # Basic blocks
   approxInstrs: 15164236 # Instrs with approx uop decoding
   mispredBranches: 10579 # Mispredicted branches
   fetchStalls: 182175 # Fetch stalls
   decodeStalls: 324563055 # Decode stalls
   issueStalls: 59846546 # Issue stalls
 l1i: # Cache stats
  l1i-0: # Filter cache stats
   fhGETS: 216816073 # Filtered GETS hits
   fhGETX: 0 # Filtered GETX hits
   hGETS: 46130 # GETS hits
   hGETX: 0 # GETX hits
   mGETS: 185 # GETS misses
   mGETXIM: 0 # GETX I->M misses
   mGETXSM: 0 # GETX S->M misses (upgrade misses)
   PUTS: 0 # Clean evictions (from lower level)
   PUTX: 0 # Dirty evictions (from lower level)
   INV: 0 # Invalidates (from upper level)
   INVX: 0 # Downgrades (from upper level)
   FWD: 0 # Forwards (from upper level)
   latGETnl: 25581 # GET request latency on next level
   latGETnet: 0 # GET request latency on network to next level
  l1i-1: # Filter cache stats
   fhGETS: 217551506 # Filtered GETS hits
   fhGETX: 0 # Filtered GETX hits
   hGETS: 45065 # GETS hits
   hGETX: 0 # GETX hits
   mGETS: 235 # GETS misses
   mGETXIM: 0 # GETX I->M misses
   mGETXSM: 0 # GETX S->M misses (upgrade misses)
   PUTS: 0 # Clean evictions (from lower level)
   PUTX: 0 # Dirty evictions (from lower level)
   INV: 0 # Invalidates (from upper level)
   INVX: 0 # Downgrades (from upper level)
   FWD: 0 # Forwards (from upper level)
   latGETnl: 36913 # GET request latency on next level
   latGETnet: 0 # GET request latency on network to next level
  l1i-2: # Filter cache stats
   fhGETS: 218018895 # Filtered GETS hits
   fhGETX: 0 # Filtered GETX hits
   hGETS: 46039 # GETS hits
   hGETX: 0 # GETX hits
   mGETS: 251 # GETS misses
   mGETXIM: 0 # GETX I->M misses
   mGETXSM: 0 # GETX S->M misses (upgrade misses)
   PUTS: 0 # Clean evictions (from lower level)
   PUTX: 0 # Dirty evictions (from lower level)
   INV: 0 # Invalidates (from upper level)
   INVX: 0 # Downgrades (from upper level)
   FWD: 0 # Forwards (from upper level)
   latGETnl: 13909 # GET request latency on next level
   latGETnet: 0 # GET request latency on network to next level
  l1i-3: # Filter cache stats
   fhGETS: 216839935 # Filtered GETS hits
   fhGETX: 0 # Filtered GETX hits
   hGETS: 46086 # GETS hits
   hGETX: 0 # GETX hits
   mGETS: 147 # GETS misses
   mGETXIM: 0 # GETX I->M misses
   mGETXSM: 0 # GETX S->M misses (upgrade misses)
   PUTS: 0 # Clean evictions (from lower level)
   PUTX: 0 # Dirty evictions (from lower level)
   INV: 0 # Invalidates (from upper level)
   INVX: 0 # Downgrades (from upper level)
   FWD: 0 # Forwards (from upper level)
   latGETnl: 7019 # GET request latency on next level
   latGETnet: 0 # GET request latency on network to next level
 l1d: # Cache stats
  l1d-0: # Filter cache stats
   fhGETS: 219676718 # Filtered GETS hits
   fhGETX: 57390598 # Filtered GETX hits
   hGETS: 19462627 # GETS hits
   hGETX: 23958040 # GETX hits
   mGETS: 50336988 # GETS misses
   mGETXIM: 9276621 # GETX I->M misses
   mGETXSM: 309 # GETX S->M misses (upgrade misses)
   PUTS: 0 # Clean evictions (from lower level)
   PUTX: 0 # Dirty evictions (from lower level)
   INV: 196 # Invalidates (from upper level)
   INVX: 1294 # Downgrades (from upper level)
   FWD: 0 # Forwards (from upper level)
   latGETnl: 785000051 # GET request latency on next level
   latGETnet: 0 # GET request latency on network to next level
  l1d-1: # Filter cache stats
   fhGETS: 234415497 # Filtered GETS hits
   fhGETX: 57163151 # Filtered GETX hits
   hGETS: 4915538 # GETS hits
   hGETX: 24068767 # GETX hits
   mGETS: 49921269 # GETS misses
   mGETXIM: 9211504 # GETX I->M misses
   mGETXSM: 196 # GETX S->M misses (upgrade misses)
   PUTS: 0 # Clean evictions (from lower level)
   PUTX: 0 # Dirty evictions (from lower level)
   INV: 135 # Invalidates (from upper level)
   INVX: 4151 # Downgrades (from upper level)
   FWD: 0 # Forwards (from upper level)
   latGETnl: 780804937 # GET request latency on next level
   latGETnet: 0 # GET request latency on network to next level
  l1d-2: # Filter cache stats
   fhGETS: 234635639 # Filtered GETS hits
   fhGETX: 57292392 # Filtered GETX hits
   hGETS: 5575362 # GETS hits
   hGETX: 24234466 # GETX hits
   mGETS: 50029182 # GETS misses
   mGETXIM: 9242296 # GETX I->M misses
   mGETXSM: 327 # GETX S->M misses (upgrade misses)
   PUTS: 0 # Clean evictions (from lower level)
   PUTX: 0 # Dirty evictions (from lower level)
   INV: 202 # Invalidates (from upper level)
   INVX: 3544 # Downgrades (from upper level)
   FWD: 0 # Forwards (from upper level)
   latGETnl: 781774072 # GET request latency on next level
   latGETnet: 0 # GET request latency on network to next level
  l1d-3: # Filter cache stats
   fhGETS: 234720073 # Filtered GETS hits
   fhGETX: 57493268 # Filtered GETX hits
   hGETS: 5432919 # GETS hits
   hGETX: 24052793 # GETX hits
   mGETS: 49786771 # GETS misses
   mGETXIM: 9242422 # GETX I->M misses
   mGETXSM: 321 # GETX S->M misses (upgrade misses)
   PUTS: 0 # Clean evictions (from lower level)
   PUTX: 0 # Dirty evictions (from lower level)
   INV: 296 # Invalidates (from upper level)
   INVX: 723 # Downgrades (from upper level)
   FWD: 0 # Forwards (from upper level)
   latGETnl: 777807049 # GET request latency on next level
   latGETnet: 0 # GET request latency on network to next level
 l2: # Cache stats
  l2-0: # Cache stats
   hGETS: 50292276 # GETS hits
   hGETX: 9261904 # GETX hits
   mGETS: 44897 # GETS misses
   mGETXIM: 14552 # GETX I->M misses
   mGETXSM: 474 # GETX S->M misses (upgrade misses)
   PUTS: 27554789 # Clean evictions (from lower level)
   PUTX: 32058409 # Dirty evictions (from lower level)
   INV: 17659 # Invalidates (from upper level)
   INVX: 3997 # Downgrades (from upper level)
   FWD: 0 # Forwards (from upper level)
   latGETnl: 10042293 # GET request latency on next level
   latGETnet: 0 # GET request latency on network to next level
  l2-1: # Cache stats
   hGETS: 49874314 # GETS hits
   hGETX: 9196081 # GETX hits
   mGETS: 47190 # GETS misses
   mGETXIM: 15331 # GETX I->M misses
   mGETXSM: 288 # GETX S->M misses (upgrade misses)
   PUTS: 27072522 # Clean evictions (from lower level)
   PUTX: 32059911 # Dirty evictions (from lower level)
   INV: 20636 # Invalidates (from upper level)
   INVX: 10294 # Downgrades (from upper level)
   FWD: 0 # Forwards (from upper level)
   latGETnl: 12110198 # GET request latency on next level
   latGETnet: 0 # GET request latency on network to next level
  l2-2: # Cache stats
   hGETS: 49984089 # GETS hits
   hGETX: 9228243 # GETX hits
   mGETS: 45344 # GETS misses
   mGETXIM: 14008 # GETX I->M misses
   mGETXSM: 372 # GETX S->M misses (upgrade misses)
   PUTS: 27135087 # Clean evictions (from lower level)
   PUTX: 32136026 # Dirty evictions (from lower level)
   INV: 17512 # Invalidates (from upper level)
   INVX: 9707 # Downgrades (from upper level)
   FWD: 0 # Forwards (from upper level)
   latGETnl: 11251253 # GET request latency on next level
   latGETnet: 0 # GET request latency on network to next level
  l2-3: # Cache stats
   hGETS: 49740685 # GETS hits
   hGETX: 9226190 # GETX hits
   mGETS: 46233 # GETS misses
   mGETXIM: 16232 # GETX I->M misses
   mGETXSM: 321 # GETX S->M misses (upgrade misses)
   PUTS: 27030542 # Clean evictions (from lower level)
   PUTX: 31998115 # Dirty evictions (from lower level)
   INV: 20739 # Invalidates (from upper level)
   INVX: 2973 # Downgrades (from upper level)
   FWD: 0 # Forwards (from upper level)
   latGETnl: 10428475 # GET request latency on next level
   latGETnet: 0 # GET request latency on network to next level
 l3: # Cache stats
  l3-0: # Cache stats
   hGETS: 77471 # GETS hits
   hGETX: 1859 # GETX hits
   mGETS: 106193 # GETS misses
   mGETXIM: 59719 # GETX I->M misses
   mGETXSM: 0 # GETX S->M misses (upgrade misses)
   PUTS: 0 # Clean evictions (from lower level)
   PUTX: 0 # Dirty evictions (from lower level)
   INV: 0 # Invalidates (from upper level)
   INVX: 0 # Downgrades (from upper level)
   FWD: 0 # Forwards (from upper level)
   latGETnl: 38512209 # GET request latency on next level
   latGETnet: 0 # GET request latency on network to next level
 mem: # Memory controller stats
  mem-0: # Memory controller stats
   rd: 165912 # Read requests
   wr: 24701 # Write requests
   rdlat: 38512209 # Total latency experienced by read requests
   wrlat: 4677020 # Total latency experienced by write requests
   load: 3483 # Sum of load factors (0-100) per update
   ups: 3445 # Number of latency updates
   clampedLoads: 0 # Number of updates where the load was clamped to 95%
 sched: # Scheduler stats
  thCr: 4 # Threads created
  thFn: 0 # Threads finished
  schedEvs: 4 # Schedule events
  waitEvs: 0 # Wait events
  handoffEvs: 0 # Handoff events
  sleepEvs: 0 # Sleep events
  idlePhases: 0 # Phases with no thread active
  idlePeriods: 0 # Periods with no thread active
  occHist: # Occupancy histogram
   0: 0
   1: 0
   2: 0
   3: 0
   4: 7361
  rqSzHist: # Run queue size histogram
   0: 7361
   1: 0
   2: 0
   3: 0
   4: 0
   5: 0
   6: 0
   7: 0
   8: 0
   9: 0
   10: 0
   11: 0
   12: 0
   13: 0
   14: 0
   15: 0
   16: 0
 heartbeats: # Per-process heartbeats
  0: 0
  1: 0
  2: 0
  3: 0
  4: 0
  5: 0
  6: 0
  7: 0
  8: 0
  9: 0
  10: 0
  11: 0
  12: 0
  13: 0
  14: 0
  15: 0
  16: 0
  17: 0
  18: 0
  19: 0
  20: 0
  21: 0
  22: 0
  23: 0
  24: 0
  25: 0
  26: 0
  27: 0
  28: 0
  29: 0
  30: 0
  31: 0
  32: 0
  33: 0
  34: 0
  35: 0
  36: 0
  37: 0
  38: 0
  39: 0
  40: 0
  41: 0
  42: 0
  43: 0
  44: 0
  45: 0
  46: 0
  47: 0
  48: 0
  49: 0
  50: 0
  51: 0
  52: 0
  53: 0
  54: 0
  55: 0
  56: 0
  57: 0
  58: 0
  59: 0
  60: 0
  61: 0
  62: 0
  63: 0
===
