# zsim stats
===
root: # Stats
 contention: # Contention simulation stats
  domain-0: # Domain stats
   time: 3237277774 # Weave simulation time
 time: # Simulator time breakdown
  init: 19788768239
  bound: 1385212721952
  weave: 6058126845
  ff: 0
 trigger: 20000 # Reason for this stats dump
 phase: 76447 # Simulated phases
 core: # Core stats
  core-0: # Core stats
   cycles: 7644692256 # Simulated unhalted cycles
   cCycles: 0 # Cycles due to contention stalls
   instrs: 1240830153 # Simulated instructions
   uops: 1270303777 # Retired micro-ops
   bbls: 199210951 # Basic blocks
   approxInstrs: 15095301 # Instrs with approx uop decoding
   mispredBranches: 10275 # Mispredicted branches
   fetchStalls: 4845956 # Fetch stalls
   decodeStalls: 322328707 # Decode stalls
   issueStalls: 38569554 # Issue stalls
  core-1: # Core stats
   cycles: 7643999540 # Simulated unhalted cycles
   cCycles: 0 # Cycles due to contention stalls
   instrs: 1275559949 # Simulated instructions
   uops: 1305541069 # Retired micro-ops
   bbls: 204888875 # Basic blocks
   approxInstrs: 15520087 # Instrs with approx uop decoding
   mispredBranches: 10568 # Mispredicted branches
   fetchStalls: 6346650 # Fetch stalls
   decodeStalls: 331201879 # Decode stalls
   issueStalls: 39569402 # Issue stalls
  core-2: # Core stats
   cycles: 7643540289 # Simulated unhalted cycles
   cCycles: 0 # Cycles due to contention stalls
   instrs: 1246131963 # Simulated instructions
   uops: 1275482969 # Retired micro-ops
   bbls: 200147640 # Basic blocks
   approxInstrs: 15160119 # Instrs with approx uop decoding
   mispredBranches: 10422 # Mispredicted branches
   fetchStalls: 4155992 # Fetch stalls
   decodeStalls: 323590164 # Decode stalls
   issueStalls: 37525501 # Issue stalls
  core-3: # Core stats
   cycles: 7643827728 # Simulated unhalted cycles
   cCycles: 0 # Cycles due to contention stalls
   instrs: 1237569011 # Simulated instructions
   uops: 1266589859 # Retired micro-ops
   bbls: 198807079 # Basic blocks
   approxInstrs: 15060119 # Instrs with approx uop decoding
   mispredBranches: 10270 # Mispredicted branches
   fetchStalls: 4840406 # Fetch stalls
   decodeStalls: 321279609 # Decode stalls
   issueStalls: 37228750 # Issue stalls
 l1i: # Cache stats
  l1i-0: # Filter cache stats
   fhGETS: 215613388 # Filtered GETS hits
   fhGETX: 0 # Filtered GETX hits
   hGETS: 0 # GETS hits
   hGETX: 0 # GETX hits
   mGETS: 59498 # GETS misses
   mGETXIM: 0 # GETX I->M misses
   mGETXSM: 0 # GETX S->M misses (upgrade misses)
   PUTS: 0 # Clean evictions (from lower level)
   PUTX: 0 # Dirty evictions (from lower level)
   INV: 15702 # Invalidates (from upper level)
   INVX: 0 # Downgrades (from upper level)
   FWD: 0 # Forwards (from upper level)
   latGETnl: 5926782 # GET request latency on next level
   latGETnet: 0 # GET request latency on network to next level
  l1i-1: # Filter cache stats
   fhGETS: 221763855 # Filtered GETS hits
   fhGETX: 0 # Filtered GETX hits
   hGETS: 0 # GETS hits
   hGETX: 0 # GETX hits
   mGETS: 60632 # GETS misses
   mGETXIM: 0 # GETX I->M misses
   mGETXSM: 0 # GETX S->M misses (upgrade misses)
   PUTS: 0 # Clean evictions (from lower level)
   PUTX: 0 # Dirty evictions (from lower level)
   INV: 15728 # Invalidates (from upper level)
   INVX: 0 # Downgrades (from upper level)
   FWD: 0 # Forwards (from upper level)
   latGETnl: 7687374 # GET request latency on next level
   latGETnet: 0 # GET request latency on network to next level
  l1i-2: # Filter cache stats
   fhGETS: 216631650 # Filtered GETS hits
   fhGETX: 0 # Filtered GETX hits
   hGETS: 0 # GETS hits
   hGETX: 0 # GETX hits
   mGETS: 60980 # GETS misses
   mGETXIM: 0 # GETX I->M misses
   mGETXSM: 0 # GETX S->M misses (upgrade misses)
   PUTS: 0 # Clean evictions (from lower level)
   PUTX: 0 # Dirty evictions (from lower level)
   INV: 15798 # Invalidates (from upper level)
   INVX: 0 # Downgrades (from upper level)
   FWD: 0 # Forwards (from upper level)
   latGETnl: 5140408 # GET request latency on next level
   latGETnet: 0 # GET request latency on network to next level
  l1i-3: # Filter cache stats
   fhGETS: 215170340 # Filtered GETS hits
   fhGETX: 0 # Filtered GETX hits
   hGETS: 0 # GETS hits
   hGETX: 0 # GETX hits
   mGETS: 61100 # GETS misses
   mGETXIM: 0 # GETX I->M misses
   mGETXSM: 0 # GETX S->M misses (upgrade misses)
   PUTS: 0 # Clean evictions (from lower level)
   PUTX: 0 # Dirty evictions (from lower level)
   INV: 15969 # Invalidates (from upper level)
   INVX: 0 # Downgrades (from upper level)
   FWD: 0 # Forwards (from upper level)
   latGETnl: 5951617 # GET request latency on next level
   latGETnet: 0 # GET request latency on network to next level
 l1d: # Cache stats
  l1d-0: # Filter cache stats
   fhGETS: 228379000 # Filtered GETS hits
   fhGETX: 55670867 # Filtered GETX hits
   hGETS: 21178 # GETS hits
   hGETX: 23905204 # GETX hits
   mGETS: 59447399 # GETS misses
   mGETXIM: 10444020 # GETX I->M misses
   mGETXSM: 18176 # GETX S->M misses (upgrade misses)
   PUTS: 0 # Clean evictions (from lower level)
   PUTX: 0 # Dirty evictions (from lower level)
   INV: 31693 # Invalidates (from upper level)
   INVX: 185547 # Downgrades (from upper level)
   FWD: 0 # Forwards (from upper level)
   latGETnl: 19194933765 # GET request latency on next level
   latGETnet: 0 # GET request latency on network to next level
  l1d-1: # Filter cache stats
   fhGETS: 234390507 # Filtered GETS hits
   fhGETX: 57199451 # Filtered GETX hits
   hGETS: 4563 # GETS hits
   hGETX: 24496453 # GETX hits
   mGETS: 61083569 # GETS misses
   mGETXIM: 10801651 # GETX I->M misses
   mGETXSM: 208 # GETX S->M misses (upgrade misses)
   PUTS: 0 # Clean evictions (from lower level)
   PUTX: 0 # Dirty evictions (from lower level)
   INV: 43685 # Invalidates (from upper level)
   INVX: 162856 # Downgrades (from upper level)
   FWD: 0 # Forwards (from upper level)
   latGETnl: 19458671181 # GET request latency on next level
   latGETnet: 0 # GET request latency on network to next level
  l1d-2: # Filter cache stats
   fhGETS: 228212497 # Filtered GETS hits
   fhGETX: 55793173 # Filtered GETX hits
   hGETS: 4518 # GETS hits
   hGETX: 24037807 # GETX hits
   mGETS: 60490005 # GETS misses
   mGETXIM: 10555132 # GETX I->M misses
   mGETXSM: 251 # GETX S->M misses (upgrade misses)
   PUTS: 0 # Clean evictions (from lower level)
   PUTX: 0 # Dirty evictions (from lower level)
   INV: 43801 # Invalidates (from upper level)
   INVX: 164828 # Downgrades (from upper level)
   FWD: 0 # Forwards (from upper level)
   latGETnl: 19238873775 # GET request latency on next level
   latGETnet: 0 # GET request latency on network to next level
  l1d-3: # Filter cache stats
   fhGETS: 226545103 # Filtered GETS hits
   fhGETX: 55366508 # Filtered GETX hits
   hGETS: 4585 # GETS hits
   hGETX: 23879566 # GETX hits
   mGETS: 60136649 # GETS misses
   mGETXIM: 10439901 # GETX I->M misses
   mGETXSM: 154 # GETX S->M misses (upgrade misses)
   PUTS: 0 # Clean evictions (from lower level)
   PUTX: 0 # Dirty evictions (from lower level)
   INV: 45246 # Invalidates (from upper level)
   INVX: 161832 # Downgrades (from upper level)
   FWD: 0 # Forwards (from upper level)
   latGETnl: 19114217152 # GET request latency on next level
   latGETnet: 0 # GET request latency on network to next level
 l2: # Cache stats
  l2-0: # Cache stats
   hGETS: 33245100 # GETS hits
   hGETX: 8078683 # GETX hits
   mGETS: 26261797 # GETS misses
   mGETXIM: 2365313 # GETX I->M misses
   mGETXSM: 18200 # GETX S->M misses (upgrade misses)
   PUTS: 35567066 # Clean evictions (from lower level)
   PUTX: 34336381 # Dirty evictions (from lower level)
   INV: 28606351 # Invalidates (from upper level)
   INVX: 1987919 # Downgrades (from upper level)
   FWD: 0 # Forwards (from upper level)
   latGETnl: 18081355059 # GET request latency on next level
   latGETnet: 0 # GET request latency on network to next level
  l2-1: # Cache stats
   hGETS: 34991105 # GETS hits
   hGETX: 8246667 # GETX hits
   mGETS: 26153096 # GETS misses
   mGETXIM: 2554976 # GETX I->M misses
   mGETXSM: 216 # GETX S->M misses (upgrade misses)
   PUTS: 36606886 # Clean evictions (from lower level)
   PUTX: 35279476 # Dirty evictions (from lower level)
   INV: 28686923 # Invalidates (from upper level)
   INVX: 2339374 # Downgrades (from upper level)
   FWD: 0 # Forwards (from upper level)
   latGETnl: 18315221595 # GET request latency on next level
   latGETnet: 0 # GET request latency on network to next level
  l2-2: # Cache stats
   hGETS: 33772213 # GETS hits
   hGETX: 8457906 # GETX hits
   mGETS: 26778772 # GETS misses
   mGETXIM: 2097213 # GETX I->M misses
   mGETXSM: 264 # GETX S->M misses (upgrade misses)
   PUTS: 36470741 # Clean evictions (from lower level)
   PUTX: 34575699 # Dirty evictions (from lower level)
   INV: 28852997 # Invalidates (from upper level)
   INVX: 1847860 # Downgrades (from upper level)
   FWD: 0 # Forwards (from upper level)
   latGETnl: 18106312295 # GET request latency on next level
   latGETnet: 0 # GET request latency on network to next level
  l2-3: # Cache stats
   hGETS: 33652996 # GETS hits
   hGETX: 8270247 # GETX hits
   mGETS: 26544753 # GETS misses
   mGETXIM: 2169568 # GETX I->M misses
   mGETXSM: 240 # GETX S->M misses (upgrade misses)
   PUTS: 36273894 # Clean evictions (from lower level)
   PUTX: 34302464 # Dirty evictions (from lower level)
   INV: 28691004 # Invalidates (from upper level)
   INVX: 1820825 # Downgrades (from upper level)
   FWD: 0 # Forwards (from upper level)
   latGETnl: 17989963905 # GET request latency on next level
   latGETnet: 0 # GET request latency on network to next level
 l3: # Cache stats
  l3-0: # Cache stats
   hGETS: 21320576 # GETS hits
   hGETX: 19299 # GETX hits
   mGETS: 84417842 # GETS misses
   mGETXIM: 9186691 # GETX I->M misses
   mGETXSM: 0 # GETX S->M misses (upgrade misses)
   PUTS: 0 # Clean evictions (from lower level)
   PUTX: 0 # Dirty evictions (from lower level)
   INV: 0 # Invalidates (from upper level)
   INVX: 0 # Downgrades (from upper level)
   FWD: 0 # Forwards (from upper level)
   latGETnl: 69833060946 # GET request latency on next level
   latGETnet: 0 # GET request latency on network to next level
 mem: # Memory controller stats
  mem-0: # Memory controller stats
   rd: 93604533 # Read requests
   wr: 45029707 # Write requests
   rdlat: 69833060946 # Total latency experienced by read requests
   wrlat: 33369200813 # Total latency experienced by write requests
   load: 5459793 # Sum of load factors (0-100) per update
   ups: 76444 # Number of latency updates
   clampedLoads: 6008 # Number of updates where the load was clamped to 95%
 sched: # Scheduler stats
  thCr: 4 # Threads created
  thFn: 0 # Threads finished
  schedEvs: 4 # Schedule events
  waitEvs: 0 # Wait events
  handoffEvs: 0 # Handoff events
  sleepEvs: 0 # Sleep events
  idlePhases: 0 # Phases with no thread active
  idlePeriods: 0 # Periods with no thread active
  occHist: # Occupancy histogram
   0: 0
   1: 0
   2: 0
   3: 0
   4: 76447
  rqSzHist: # Run queue size histogram
   0: 76447
   1: 0
   2: 0
   3: 0
   4: 0
   5: 0
   6: 0
   7: 0
   8: 0
   9: 0
   10: 0
   11: 0
   12: 0
   13: 0
   14: 0
   15: 0
   16: 0
 heartbeats: # Per-process heartbeats
  0: 0
  1: 0
  2: 0
  3: 0
  4: 0
  5: 0
  6: 0
  7: 0
  8: 0
  9: 0
  10: 0
  11: 0
  12: 0
  13: 0
  14: 0
  15: 0
  16: 0
  17: 0
  18: 0
  19: 0
  20: 0
  21: 0
  22: 0
  23: 0
  24: 0
  25: 0
  26: 0
  27: 0
  28: 0
  29: 0
  30: 0
  31: 0
  32: 0
  33: 0
  34: 0
  35: 0
  36: 0
  37: 0
  38: 0
  39: 0
  40: 0
  41: 0
  42: 0
  43: 0
  44: 0
  45: 0
  46: 0
  47: 0
  48: 0
  49: 0
  50: 0
  51: 0
  52: 0
  53: 0
  54: 0
  55: 0
  56: 0
  57: 0
  58: 0
  59: 0
  60: 0
  61: 0
  62: 0
  63: 0
===
