# zsim stats
===
root: # Stats
 contention: # Contention simulation stats
  domain-0: # Domain stats
   time: 2115324651 # Weave simulation time
 time: # Simulator time breakdown
  init: 20002690838
  bound: 2404895220609
  weave: 3864177524
  ff: 0
 trigger: 20000 # Reason for this stats dump
 phase: 43780 # Simulated phases
 core: # Core stats
  core-0: # Core stats
   cycles: 4377498860 # Simulated unhalted cycles
   cCycles: 0 # Cycles due to contention stalls
   instrs: 646327484 # Simulated instructions
   uops: 661344851 # Retired micro-ops
   bbls: 103949928 # Basic blocks
   approxInstrs: 7860122 # Instrs with approx uop decoding
   mispredBranches: 5467 # Mispredicted branches
   fetchStalls: 1012207 # Fetch stalls
   decodeStalls: 167634695 # Decode stalls
   issueStalls: 16668244 # Issue stalls
  core-1: # Core stats
   cycles: 4377599513 # Simulated unhalted cycles
   cCycles: 0 # Cycles due to contention stalls
   instrs: 647811248 # Simulated instructions
   uops: 663528496 # Retired micro-ops
   bbls: 103990751 # Basic blocks
   approxInstrs: 7860119 # Instrs with approx uop decoding
   mispredBranches: 5663 # Mispredicted branches
   fetchStalls: 1784906 # Fetch stalls
   decodeStalls: 168375123 # Decode stalls
   issueStalls: 16901265 # Issue stalls
  core-2: # Core stats
   cycles: 4377629143 # Simulated unhalted cycles
   cCycles: 0 # Cycles due to contention stalls
   instrs: 604181849 # Simulated instructions
   uops: 618467599 # Retired micro-ops
   bbls: 97107358 # Basic blocks
   approxInstrs: 7340119 # Instrs with approx uop decoding
   mispredBranches: 5166 # Mispredicted branches
   fetchStalls: 1168427 # Fetch stalls
   decodeStalls: 156820254 # Decode stalls
   issueStalls: 15793686 # Issue stalls
  core-3: # Core stats
   cycles: 4377974648 # Simulated unhalted cycles
   cCycles: 0 # Cycles due to contention stalls
   instrs: 646257617 # Simulated instructions
   uops: 661271809 # Retired micro-ops
   bbls: 103934191 # Basic blocks
   approxInstrs: 7860004 # Instrs with approx uop decoding
   mispredBranches: 5456 # Mispredicted branches
   fetchStalls: 1314650 # Fetch stalls
   decodeStalls: 167616429 # Decode stalls
   issueStalls: 16712459 # Issue stalls
  core-4: # Core stats
   cycles: 4377663513 # Simulated unhalted cycles
   cCycles: 0 # Cycles due to contention stalls
   instrs: 573742355 # Simulated instructions
   uops: 587701578 # Retired micro-ops
   bbls: 92104901 # Basic blocks
   approxInstrs: 6960118 # Instrs with approx uop decoding
   mispredBranches: 5030 # Mispredicted branches
   fetchStalls: 1928879 # Fetch stalls
   decodeStalls: 149123152 # Decode stalls
   issueStalls: 14858512 # Issue stalls
  core-5: # Core stats
   cycles: 4377783160 # Simulated unhalted cycles
   cCycles: 0 # Cycles due to contention stalls
   instrs: 587611905 # Simulated instructions
   uops: 601478010 # Retired micro-ops
   bbls: 94451721 # Basic blocks
   approxInstrs: 7140118 # Instrs with approx uop decoding
   mispredBranches: 4986 # Mispredicted branches
   fetchStalls: 1764396 # Fetch stalls
   decodeStalls: 152499696 # Decode stalls
   issueStalls: 15368053 # Issue stalls
  core-6: # Core stats
   cycles: 4377688980 # Simulated unhalted cycles
   cCycles: 0 # Cycles due to contention stalls
   instrs: 647837994 # Simulated instructions
   uops: 663556497 # Retired micro-ops
   bbls: 103995428 # Basic blocks
   approxInstrs: 7860118 # Instrs with approx uop decoding
   mispredBranches: 5649 # Mispredicted branches
   fetchStalls: 1309781 # Fetch stalls
   decodeStalls: 168382751 # Decode stalls
   issueStalls: 17120764 # Issue stalls
  core-7: # Core stats
   cycles: 4377584606 # Simulated unhalted cycles
   cCycles: 0 # Cycles due to contention stalls
   instrs: 646326390 # Simulated instructions
   uops: 661343386 # Retired micro-ops
   bbls: 103949781 # Basic blocks
   approxInstrs: 7860118 # Instrs with approx uop decoding
   mispredBranches: 5496 # Mispredicted branches
   fetchStalls: 3203623 # Fetch stalls
   decodeStalls: 167634185 # Decode stalls
   issueStalls: 16721335 # Issue stalls
 l1i: # Cache stats
  l1i-0: # Filter cache stats
   fhGETS: 112454633 # Filtered GETS hits
   fhGETX: 0 # Filtered GETX hits
   hGETS: 41221 # GETS hits
   hGETX: 0 # GETX hits
   mGETS: 17723 # GETS misses
   mGETXIM: 0 # GETX I->M misses
   mGETXSM: 0 # GETX S->M misses (upgrade misses)
   PUTS: 0 # Clean evictions (from lower level)
   PUTX: 0 # Dirty evictions (from lower level)
   INV: 17718 # Invalidates (from upper level)
   INVX: 0 # Downgrades (from upper level)
   FWD: 0 # Forwards (from upper level)
   latGETnl: 1249010 # GET request latency on next level
   latGETnet: 0 # GET request latency on network to next level
  l1i-1: # Filter cache stats
   fhGETS: 112516213 # Filtered GETS hits
   fhGETX: 0 # Filtered GETX hits
   hGETS: 41193 # GETS hits
   hGETX: 0 # GETX hits
   mGETS: 17767 # GETS misses
   mGETXIM: 0 # GETX I->M misses
   mGETXSM: 0 # GETX S->M misses (upgrade misses)
   PUTS: 0 # Clean evictions (from lower level)
   PUTX: 0 # Dirty evictions (from lower level)
   INV: 17762 # Invalidates (from upper level)
   INVX: 0 # Downgrades (from upper level)
   FWD: 0 # Forwards (from upper level)
   latGETnl: 2205064 # GET request latency on next level
   latGETnet: 0 # GET request latency on network to next level
  l1i-2: # Filter cache stats
   fhGETS: 105051931 # Filtered GETS hits
   fhGETX: 0 # Filtered GETX hits
   hGETS: 41185 # GETS hits
   hGETX: 0 # GETX hits
   mGETS: 16563 # GETS misses
   mGETXIM: 0 # GETX I->M misses
   mGETXSM: 0 # GETX S->M misses (upgrade misses)
   PUTS: 0 # Clean evictions (from lower level)
   PUTX: 0 # Dirty evictions (from lower level)
   INV: 16558 # Invalidates (from upper level)
   INVX: 0 # Downgrades (from upper level)
   FWD: 0 # Forwards (from upper level)
   latGETnl: 1518273 # GET request latency on next level
   latGETnet: 0 # GET request latency on network to next level
  l1i-3: # Filter cache stats
   fhGETS: 112439686 # Filtered GETS hits
   fhGETX: 0 # Filtered GETX hits
   hGETS: 40251 # GETS hits
   hGETX: 0 # GETX hits
   mGETS: 17783 # GETS misses
   mGETXIM: 0 # GETX I->M misses
   mGETXSM: 0 # GETX S->M misses (upgrade misses)
   PUTS: 0 # Clean evictions (from lower level)
   PUTX: 0 # Dirty evictions (from lower level)
   INV: 17779 # Invalidates (from upper level)
   INVX: 0 # Downgrades (from upper level)
   FWD: 0 # Forwards (from upper level)
   latGETnl: 1673759 # GET request latency on next level
   latGETnet: 0 # GET request latency on network to next level
  l1i-4: # Filter cache stats
   fhGETS: 99649678 # Filtered GETS hits
   fhGETX: 0 # Filtered GETX hits
   hGETS: 41185 # GETS hits
   hGETX: 0 # GETX hits
   mGETS: 15739 # GETS misses
   mGETXIM: 0 # GETX I->M misses
   mGETXSM: 0 # GETX S->M misses (upgrade misses)
   PUTS: 0 # Clean evictions (from lower level)
   PUTX: 0 # Dirty evictions (from lower level)
   INV: 15734 # Invalidates (from upper level)
   INVX: 0 # Downgrades (from upper level)
   FWD: 0 # Forwards (from upper level)
   latGETnl: 2400585 # GET request latency on next level
   latGETnet: 0 # GET request latency on network to next level
  l1i-5: # Filter cache stats
   fhGETS: 102176007 # Filtered GETS hits
   fhGETX: 0 # Filtered GETX hits
   hGETS: 41185 # GETS hits
   hGETX: 0 # GETX hits
   mGETS: 16087 # GETS misses
   mGETXIM: 0 # GETX I->M misses
   mGETXSM: 0 # GETX S->M misses (upgrade misses)
   PUTS: 0 # Clean evictions (from lower level)
   PUTX: 0 # Dirty evictions (from lower level)
   INV: 16082 # Invalidates (from upper level)
   INVX: 0 # Downgrades (from upper level)
   FWD: 0 # Forwards (from upper level)
   latGETnl: 2174261 # GET request latency on next level
   latGETnet: 0 # GET request latency on network to next level
  l1i-6: # Filter cache stats
   fhGETS: 112520817 # Filtered GETS hits
   fhGETX: 0 # Filtered GETX hits
   hGETS: 41179 # GETS hits
   hGETX: 0 # GETX hits
   mGETS: 17798 # GETS misses
   mGETXIM: 0 # GETX I->M misses
   mGETXSM: 0 # GETX S->M misses (upgrade misses)
   PUTS: 0 # Clean evictions (from lower level)
   PUTX: 0 # Dirty evictions (from lower level)
   INV: 17794 # Invalidates (from upper level)
   INVX: 0 # Downgrades (from upper level)
   FWD: 0 # Forwards (from upper level)
   latGETnl: 1614491 # GET request latency on next level
   latGETnet: 0 # GET request latency on network to next level
  l1i-7: # Filter cache stats
   fhGETS: 112454577 # Filtered GETS hits
   fhGETX: 0 # Filtered GETX hits
   hGETS: 41198 # GETS hits
   hGETX: 0 # GETX hits
   mGETS: 17759 # GETS misses
   mGETXIM: 0 # GETX I->M misses
   mGETXSM: 0 # GETX S->M misses (upgrade misses)
   PUTS: 0 # Clean evictions (from lower level)
   PUTX: 0 # Dirty evictions (from lower level)
   INV: 17755 # Invalidates (from upper level)
   INVX: 0 # Downgrades (from upper level)
   FWD: 0 # Forwards (from upper level)
   latGETnl: 4167301 # GET request latency on next level
   latGETnet: 0 # GET request latency on network to next level
 l1d: # Cache stats
  l1d-0: # Filter cache stats
   fhGETS: 120918225 # Filtered GETS hits
   fhGETX: 29586799 # Filtered GETX hits
   hGETS: 2783220 # GETS hits
   hGETX: 12472356 # GETX hits
   mGETS: 25758629 # GETS misses
   mGETXIM: 4757307 # GETX I->M misses
   mGETXSM: 219 # GETX S->M misses (upgrade misses)
   PUTS: 0 # Clean evictions (from lower level)
   PUTX: 0 # Dirty evictions (from lower level)
   INV: 7062 # Invalidates (from upper level)
   INVX: 604705 # Downgrades (from upper level)
   FWD: 0 # Forwards (from upper level)
   latGETnl: 11796013516 # GET request latency on next level
   latGETnet: 0 # GET request latency on network to next level
  l1d-1: # Filter cache stats
   fhGETS: 121689936 # Filtered GETS hits
   fhGETX: 29857914 # Filtered GETX hits
   hGETS: 2920934 # GETS hits
   hGETX: 12511204 # GETX hits
   mGETS: 25790215 # GETS misses
   mGETXIM: 4787303 # GETX I->M misses
   mGETXSM: 189 # GETX S->M misses (upgrade misses)
   PUTS: 0 # Clean evictions (from lower level)
   PUTX: 0 # Dirty evictions (from lower level)
   INV: 18056 # Invalidates (from upper level)
   INVX: 526077 # Downgrades (from upper level)
   FWD: 0 # Forwards (from upper level)
   latGETnl: 11210787308 # GET request latency on next level
   latGETnet: 0 # GET request latency on network to next level
  l1d-2: # Filter cache stats
   fhGETS: 113227198 # Filtered GETS hits
   fhGETX: 27730664 # Filtered GETX hits
   hGETS: 2647371 # GETS hits
   hGETX: 11662355 # GETX hits
   mGETS: 24060332 # GETS misses
   mGETXIM: 4452044 # GETX I->M misses
   mGETXSM: 141 # GETX S->M misses (upgrade misses)
   PUTS: 0 # Clean evictions (from lower level)
   PUTX: 0 # Dirty evictions (from lower level)
   INV: 6634 # Invalidates (from upper level)
   INVX: 150672 # Downgrades (from upper level)
   FWD: 0 # Forwards (from upper level)
   latGETnl: 11097221977 # GET request latency on next level
   latGETnet: 0 # GET request latency on network to next level
  l1d-3: # Filter cache stats
   fhGETS: 120895902 # Filtered GETS hits
   fhGETX: 29560371 # Filtered GETX hits
   hGETS: 2786805 # GETS hits
   hGETX: 12481306 # GETX hits
   mGETS: 25757688 # GETS misses
   mGETXIM: 4757272 # GETX I->M misses
   mGETXSM: 15233 # GETX S->M misses (upgrade misses)
   PUTS: 0 # Clean evictions (from lower level)
   PUTX: 0 # Dirty evictions (from lower level)
   INV: 6547 # Invalidates (from upper level)
   INVX: 615171 # Downgrades (from upper level)
   FWD: 0 # Forwards (from upper level)
   latGETnl: 11072794937 # GET request latency on next level
   latGETnet: 0 # GET request latency on network to next level
  l1d-4: # Filter cache stats
   fhGETS: 107833576 # Filtered GETS hits
   fhGETX: 26464533 # Filtered GETX hits
   hGETS: 2527565 # GETS hits
   hGETX: 11080269 # GETX hits
   mGETS: 22822711 # GETS misses
   mGETXIM: 4241830 # GETX I->M misses
   mGETXSM: 155 # GETX S->M misses (upgrade misses)
   PUTS: 0 # Clean evictions (from lower level)
   PUTX: 0 # Dirty evictions (from lower level)
   INV: 6405 # Invalidates (from upper level)
   INVX: 206035 # Downgrades (from upper level)
   FWD: 0 # Forwards (from upper level)
   latGETnl: 11075651667 # GET request latency on next level
   latGETnet: 0 # GET request latency on network to next level
  l1d-5: # Filter cache stats
   fhGETS: 99680235 # Filtered GETS hits
   fhGETX: 23491523 # Filtered GETX hits
   hGETS: 12984939 # GETS hits
   hGETX: 14809162 # GETX hits
   mGETS: 23406061 # GETS misses
   mGETXIM: 4326898 # GETX I->M misses
   mGETXSM: 139 # GETX S->M misses (upgrade misses)
   PUTS: 0 # Clean evictions (from lower level)
   PUTX: 0 # Dirty evictions (from lower level)
   INV: 15195 # Invalidates (from upper level)
   INVX: 181200 # Downgrades (from upper level)
   FWD: 0 # Forwards (from upper level)
   latGETnl: 11048327122 # GET request latency on next level
   latGETnet: 0 # GET request latency on network to next level
  l1d-6: # Filter cache stats
   fhGETS: 110177186 # Filtered GETS hits
   fhGETX: 26063489 # Filtered GETX hits
   hGETS: 14444132 # GETS hits
   hGETX: 16307377 # GETX hits
   mGETS: 25790350 # GETS misses
   mGETXIM: 4787244 # GETX I->M misses
   mGETXSM: 181 # GETX S->M misses (upgrade misses)
   PUTS: 0 # Clean evictions (from lower level)
   PUTX: 0 # Dirty evictions (from lower level)
   INV: 17760 # Invalidates (from upper level)
   INVX: 356427 # Downgrades (from upper level)
   FWD: 0 # Forwards (from upper level)
   latGETnl: 11318072351 # GET request latency on next level
   latGETnet: 0 # GET request latency on network to next level
  l1d-7: # Filter cache stats
   fhGETS: 109437786 # Filtered GETS hits
   fhGETX: 25757996 # Filtered GETX hits
   hGETS: 14252106 # GETS hits
   hGETX: 16301009 # GETX hits
   mGETS: 25769802 # GETS misses
   mGETXIM: 4757228 # GETX I->M misses
   mGETXSM: 176 # GETX S->M misses (upgrade misses)
   PUTS: 0 # Clean evictions (from lower level)
   PUTX: 0 # Dirty evictions (from lower level)
   INV: 18788 # Invalidates (from upper level)
   INVX: 716223 # Downgrades (from upper level)
   FWD: 0 # Forwards (from upper level)
   latGETnl: 10176758328 # GET request latency on next level
   latGETnet: 0 # GET request latency on network to next level
 l2: # Cache stats
  l2-0: # Cache stats
   hGETS: 0 # GETS hits
   hGETX: 1 # GETX hits
   mGETS: 25776352 # GETS misses
   mGETXIM: 4757306 # GETX I->M misses
   mGETXSM: 219 # GETX S->M misses (upgrade misses)
   PUTS: 13959921 # Clean evictions (from lower level)
   PUTX: 16548441 # Dirty evictions (from lower level)
   INV: 10914 # Invalidates (from upper level)
   INVX: 713739 # Downgrades (from upper level)
   FWD: 0 # Forwards (from upper level)
   latGETnl: 11552991502 # GET request latency on next level
   latGETnet: 0 # GET request latency on network to next level
  l2-1: # Cache stats
   hGETS: 0 # GETS hits
   hGETX: 28 # GETX hits
   mGETS: 25807982 # GETS misses
   mGETXIM: 4787275 # GETX I->M misses
   mGETXSM: 189 # GETX S->M misses (upgrade misses)
   PUTS: 13980574 # Clean evictions (from lower level)
   PUTX: 16578376 # Dirty evictions (from lower level)
   INV: 49779 # Invalidates (from upper level)
   INVX: 615675 # Downgrades (from upper level)
   FWD: 0 # Forwards (from upper level)
   latGETnl: 10968228580 # GET request latency on next level
   latGETnet: 0 # GET request latency on network to next level
  l2-2: # Cache stats
   hGETS: 314 # GETS hits
   hGETX: 49 # GETX hits
   mGETS: 24076581 # GETS misses
   mGETXIM: 4451995 # GETX I->M misses
   mGETXSM: 141 # GETX S->M misses (upgrade misses)
   PUTS: 13042355 # Clean evictions (from lower level)
   PUTX: 15462875 # Dirty evictions (from lower level)
   INV: 584802 # Invalidates (from upper level)
   INVX: 432999 # Downgrades (from upper level)
   FWD: 0 # Forwards (from upper level)
   latGETnl: 10870507610 # GET request latency on next level
   latGETnet: 0 # GET request latency on network to next level
  l2-3: # Cache stats
   hGETS: 59 # GETS hits
   hGETX: 4 # GETX hits
   mGETS: 25775412 # GETS misses
   mGETXIM: 4757268 # GETX I->M misses
   mGETXSM: 15233 # GETX S->M misses (upgrade misses)
   PUTS: 13959914 # Clean evictions (from lower level)
   PUTX: 16547987 # Dirty evictions (from lower level)
   INV: 147207 # Invalidates (from upper level)
   INVX: 719461 # Downgrades (from upper level)
   FWD: 0 # Forwards (from upper level)
   latGETnl: 10830084888 # GET request latency on next level
   latGETnet: 0 # GET request latency on network to next level
  l2-4: # Cache stats
   hGETS: 776 # GETS hits
   hGETX: 0 # GETX hits
   mGETS: 22837674 # GETS misses
   mGETXIM: 4241830 # GETX I->M misses
   mGETXSM: 155 # GETX S->M misses (upgrade misses)
   PUTS: 12374828 # Clean evictions (from lower level)
   PUTX: 14682796 # Dirty evictions (from lower level)
   INV: 752033 # Invalidates (from upper level)
   INVX: 652422 # Downgrades (from upper level)
   FWD: 0 # Forwards (from upper level)
   latGETnl: 10861408772 # GET request latency on next level
   latGETnet: 0 # GET request latency on network to next level
  l2-5: # Cache stats
   hGETS: 597 # GETS hits
   hGETX: 0 # GETX hits
   mGETS: 23421551 # GETS misses
   mGETXIM: 4326898 # GETX I->M misses
   mGETXSM: 139 # GETX S->M misses (upgrade misses)
   PUTS: 12679521 # Clean evictions (from lower level)
   PUTX: 15037731 # Dirty evictions (from lower level)
   INV: 623850 # Invalidates (from upper level)
   INVX: 794402 # Downgrades (from upper level)
   FWD: 0 # Forwards (from upper level)
   latGETnl: 10828507903 # GET request latency on next level
   latGETnet: 0 # GET request latency on network to next level
  l2-6: # Cache stats
   hGETS: 0 # GETS hits
   hGETX: 0 # GETX hits
   mGETS: 25808148 # GETS misses
   mGETXIM: 4787244 # GETX I->M misses
   mGETXSM: 181 # GETX S->M misses (upgrade misses)
   PUTS: 13981136 # Clean evictions (from lower level)
   PUTX: 16578186 # Dirty evictions (from lower level)
   INV: 59392 # Invalidates (from upper level)
   INVX: 531834 # Downgrades (from upper level)
   FWD: 0 # Forwards (from upper level)
   latGETnl: 11074922258 # GET request latency on next level
   latGETnet: 0 # GET request latency on network to next level
  l2-7: # Cache stats
   hGETS: 0 # GETS hits
   hGETX: 0 # GETX hits
   mGETS: 25787561 # GETS misses
   mGETXIM: 4757228 # GETX I->M misses
   mGETXSM: 176 # GETX S->M misses (upgrade misses)
   PUTS: 13959589 # Clean evictions (from lower level)
   PUTX: 16548141 # Dirty evictions (from lower level)
   INV: 84750 # Invalidates (from upper level)
   INVX: 853998 # Downgrades (from upper level)
   FWD: 0 # Forwards (from upper level)
   latGETnl: 9936565909 # GET request latency on next level
   latGETnet: 0 # GET request latency on network to next level
 l3: # Cache stats
  l3-0: # Cache stats
   hGETS: 132013676 # GETS hits
   hGETX: 35125698 # GETX hits
   mGETS: 67277585 # GETS misses
   mGETXIM: 1757779 # GETX I->M misses
   mGETXSM: 0 # GETX S->M misses (upgrade misses)
   PUTS: 106608984 # Clean evictions (from lower level)
   PUTX: 127171058 # Dirty evictions (from lower level)
   INV: 0 # Invalidates (from upper level)
   INVX: 0 # Downgrades (from upper level)
   FWD: 0 # Forwards (from upper level)
   latGETnl: 82852102016 # GET request latency on next level
   latGETnet: 0 # GET request latency on network to next level
 mem: # Memory controller stats
  mem-0: # Memory controller stats
   rd: 69035364 # Read requests
   wr: 22639657 # Write requests
   rdlat: 82852102016 # Total latency experienced by read requests
   wrlat: 27978311120 # Total latency experienced by write requests
   load: 4132558 # Sum of load factors (0-100) per update
   ups: 43778 # Number of latency updates
   clampedLoads: 40680 # Number of updates where the load was clamped to 95%
 sched: # Scheduler stats
  thCr: 8 # Threads created
  thFn: 0 # Threads finished
  schedEvs: 8 # Schedule events
  waitEvs: 0 # Wait events
  handoffEvs: 0 # Handoff events
  sleepEvs: 0 # Sleep events
  idlePhases: 0 # Phases with no thread active
  idlePeriods: 0 # Periods with no thread active
  occHist: # Occupancy histogram
   0: 0
   1: 0
   2: 0
   3: 0
   4: 0
   5: 0
   6: 0
   7: 0
   8: 43780
  rqSzHist: # Run queue size histogram
   0: 43780
   1: 0
   2: 0
   3: 0
   4: 0
   5: 0
   6: 0
   7: 0
   8: 0
   9: 0
   10: 0
   11: 0
   12: 0
   13: 0
   14: 0
   15: 0
   16: 0
 heartbeats: # Per-process heartbeats
  0: 0
  1: 0
  2: 0
  3: 0
  4: 0
  5: 0
  6: 0
  7: 0
  8: 0
  9: 0
  10: 0
  11: 0
  12: 0
  13: 0
  14: 0
  15: 0
  16: 0
  17: 0
  18: 0
  19: 0
  20: 0
  21: 0
  22: 0
  23: 0
  24: 0
  25: 0
  26: 0
  27: 0
  28: 0
  29: 0
  30: 0
  31: 0
  32: 0
  33: 0
  34: 0
  35: 0
  36: 0
  37: 0
  38: 0
  39: 0
  40: 0
  41: 0
  42: 0
  43: 0
  44: 0
  45: 0
  46: 0
  47: 0
  48: 0
  49: 0
  50: 0
  51: 0
  52: 0
  53: 0
  54: 0
  55: 0
  56: 0
  57: 0
  58: 0
  59: 0
  60: 0
  61: 0
  62: 0
  63: 0
===
