# zsim stats
===
root: # Stats
 contention: # Contention simulation stats
  domain-0: # Domain stats
   time: 2197772343 # Weave simulation time
 time: # Simulator time breakdown
  init: 19110198121
  bound: 786900105041
  weave: 5452681878
  ff: 0
 trigger: 20000 # Reason for this stats dump
 phase: 129908 # Simulated phases
 core: # Core stats
  core-0: # Core stats
   cycles: 12990800107 # Simulated unhalted cycles
   cCycles: 0 # Cycles due to contention stalls
   instrs: 5000039147 # Simulated instructions
   uops: 5117166373 # Retired micro-ops
   bbls: 802765401 # Basic blocks
   approxInstrs: 60880004 # Instrs with approx uop decoding
   mispredBranches: 40105 # Mispredicted branches
   fetchStalls: 31384272 # Fetch stalls
   decodeStalls: 1298543023 # Decode stalls
   issueStalls: 125424306 # Issue stalls
 l1i: # Cache stats
  l1i-0: # Filter cache stats
   fhGETS: 868642232 # Filtered GETS hits
   fhGETX: 0 # Filtered GETX hits
   hGETS: 40053 # GETS hits
   hGETX: 0 # GETX hits
   mGETS: 506330 # GETS misses
   mGETXIM: 0 # GETX I->M misses
   mGETXSM: 0 # GETX S->M misses (upgrade misses)
   PUTS: 0 # Clean evictions (from lower level)
   PUTX: 0 # Dirty evictions (from lower level)
   INV: 506284 # Invalidates (from upper level)
   INVX: 0 # Downgrades (from upper level)
   FWD: 0 # Forwards (from upper level)
   latGETnl: 35627972 # GET request latency on next level
   latGETnet: 0 # GET request latency on network to next level
 l1d: # Cache stats
  l1d-0: # Filter cache stats
   fhGETS: 921434711 # Filtered GETS hits
   fhGETX: 223757873 # Filtered GETX hits
   hGETS: 37493374 # GETS hits
   hGETX: 101472505 # GETX hits
   mGETS: 200332764 # GETS misses
   mGETXIM: 36974737 # GETX I->M misses
   mGETXSM: 0 # GETX S->M misses (upgrade misses)
   PUTS: 0 # Clean evictions (from lower level)
   PUTX: 0 # Dirty evictions (from lower level)
   INV: 3246326 # Invalidates (from upper level)
   INVX: 0 # Downgrades (from upper level)
   FWD: 0 # Forwards (from upper level)
   latGETnl: 31522009114 # GET request latency on next level
   latGETnet: 0 # GET request latency on network to next level
 l2: # Cache stats
  l2-0: # Cache stats
   hGETS: 35513 # GETS hits
   hGETX: 1335 # GETX hits
   mGETS: 200803581 # GETS misses
   mGETXIM: 36973402 # GETX I->M misses
   mGETXSM: 0 # GETX S->M misses (upgrade misses)
   PUTS: 106488531 # Clean evictions (from lower level)
   PUTX: 127572560 # Dirty evictions (from lower level)
   INV: 0 # Invalidates (from upper level)
   INVX: 0 # Downgrades (from upper level)
   FWD: 0 # Forwards (from upper level)
   latGETnl: 29655126438 # GET request latency on next level
   latGETnet: 0 # GET request latency on network to next level
 l3: # Cache stats
  l3-0: # Cache stats
   hGETS: 35562188 # GETS hits
   hGETX: 10725000 # GETX hits
   mGETS: 165241393 # GETS misses
   mGETXIM: 26248402 # GETX I->M misses
   mGETXSM: 0 # GETX S->M misses (upgrade misses)
   PUTS: 109421448 # Clean evictions (from lower level)
   PUTX: 128351439 # Dirty evictions (from lower level)
   INV: 0 # Invalidates (from upper level)
   INVX: 0 # Downgrades (from upper level)
   FWD: 0 # Forwards (from upper level)
   latGETnl: 26326248676 # GET request latency on next level
   latGETnet: 0 # GET request latency on network to next level
 mem: # Memory controller stats
  mem-0: # Memory controller stats
   rd: 191489795 # Read requests
   wr: 97076289 # Write requests
   rdlat: 26326248676 # Total latency experienced by read requests
   wrlat: 13757551291 # Total latency experienced by write requests
   load: 4263932 # Sum of load factors (0-100) per update
   ups: 129907 # Number of latency updates
   clampedLoads: 0 # Number of updates where the load was clamped to 95%
 sched: # Scheduler stats
  thCr: 1 # Threads created
  thFn: 0 # Threads finished
  schedEvs: 1 # Schedule events
  waitEvs: 0 # Wait events
  handoffEvs: 0 # Handoff events
  sleepEvs: 0 # Sleep events
  idlePhases: 0 # Phases with no thread active
  idlePeriods: 0 # Periods with no thread active
  occHist: # Occupancy histogram
   0: 0
   1: 129908
  rqSzHist: # Run queue size histogram
   0: 129908
   1: 0
   2: 0
   3: 0
   4: 0
   5: 0
   6: 0
   7: 0
   8: 0
   9: 0
   10: 0
   11: 0
   12: 0
   13: 0
   14: 0
   15: 0
   16: 0
 heartbeats: # Per-process heartbeats
  0: 0
  1: 0
  2: 0
  3: 0
  4: 0
  5: 0
  6: 0
  7: 0
  8: 0
  9: 0
  10: 0
  11: 0
  12: 0
  13: 0
  14: 0
  15: 0
  16: 0
  17: 0
  18: 0
  19: 0
  20: 0
  21: 0
  22: 0
  23: 0
  24: 0
  25: 0
  26: 0
  27: 0
  28: 0
  29: 0
  30: 0
  31: 0
  32: 0
  33: 0
  34: 0
  35: 0
  36: 0
  37: 0
  38: 0
  39: 0
  40: 0
  41: 0
  42: 0
  43: 0
  44: 0
  45: 0
  46: 0
  47: 0
  48: 0
  49: 0
  50: 0
  51: 0
  52: 0
  53: 0
  54: 0
  55: 0
  56: 0
  57: 0
  58: 0
  59: 0
  60: 0
  61: 0
  62: 0
  63: 0
===
