# zsim stats
===
root: # Stats
 contention: # Contention simulation stats
  domain-0: # Domain stats
   time: 475534492 # Weave simulation time
 time: # Simulator time breakdown
  init: 19616088777
  bound: 644169659258
  weave: 770266706
  ff: 0
 trigger: 20000 # Reason for this stats dump
 phase: 8666 # Simulated phases
 core: # Core stats
  core-0: # Core stats
   cycles: 866600006 # Simulated unhalted cycles
   cCycles: 0 # Cycles due to contention stalls
   instrs: 1271033373 # Simulated instructions
   uops: 1300817463 # Retired micro-ops
   bbls: 204186548 # Basic blocks
   approxInstrs: 15465180 # Instrs with approx uop decoding
   mispredBranches: 10423 # Mispredicted branches
   fetchStalls: 1211108 # Fetch stalls
   decodeStalls: 329954671 # Decode stalls
   issueStalls: 53225786 # Issue stalls
  core-1: # Core stats
   cycles: 866023848 # Simulated unhalted cycles
   cCycles: 0 # Cycles due to contention stalls
   instrs: 1247060946 # Simulated instructions
   uops: 1276769000 # Retired micro-ops
   bbls: 200201742 # Basic blocks
   approxInstrs: 15160118 # Instrs with approx uop decoding
   mispredBranches: 10444 # Mispredicted branches
   fetchStalls: 1201744 # Fetch stalls
   decodeStalls: 324010409 # Decode stalls
   issueStalls: 50808598 # Issue stalls
  core-2: # Core stats
   cycles: 865411279 # Simulated unhalted cycles
   cCycles: 0 # Cycles due to contention stalls
   instrs: 1243581936 # Simulated instructions
   uops: 1272892217 # Retired micro-ops
   bbls: 199745760 # Basic blocks
   approxInstrs: 15120118 # Instrs with approx uop decoding
   mispredBranches: 10391 # Mispredicted branches
   fetchStalls: 1202509 # Fetch stalls
   decodeStalls: 322947659 # Decode stalls
   issueStalls: 50351800 # Issue stalls
  core-3: # Core stats
   cycles: 865509158 # Simulated unhalted cycles
   cCycles: 0 # Cycles due to contention stalls
   instrs: 1238820370 # Simulated instructions
   uops: 1267898733 # Retired micro-ops
   bbls: 198994857 # Basic blocks
   approxInstrs: 15080118 # Instrs with approx uop decoding
   mispredBranches: 10211 # Mispredicted branches
   fetchStalls: 1180166 # Fetch stalls
   decodeStalls: 321621540 # Decode stalls
   issueStalls: 50251409 # Issue stalls
 l1i: # Cache stats
  l1i-0: # Filter cache stats
   fhGETS: 220984763 # Filtered GETS hits
   fhGETX: 0 # Filtered GETX hits
   hGETS: 0 # GETS hits
   hGETX: 0 # GETX hits
   mGETS: 59328 # GETS misses
   mGETXIM: 0 # GETX I->M misses
   mGETXSM: 0 # GETX S->M misses (upgrade misses)
   PUTS: 0 # Clean evictions (from lower level)
   PUTX: 0 # Dirty evictions (from lower level)
   INV: 14977 # Invalidates (from upper level)
   INVX: 0 # Downgrades (from upper level)
   FWD: 0 # Forwards (from upper level)
   latGETnl: 1294058 # GET request latency on next level
   latGETnet: 0 # GET request latency on network to next level
  l1i-1: # Filter cache stats
   fhGETS: 216696532 # Filtered GETS hits
   fhGETX: 0 # Filtered GETX hits
   hGETS: 0 # GETS hits
   hGETX: 0 # GETX hits
   mGETS: 60288 # GETS misses
   mGETXIM: 0 # GETX I->M misses
   mGETXSM: 0 # GETX S->M misses (upgrade misses)
   PUTS: 0 # Clean evictions (from lower level)
   PUTX: 0 # Dirty evictions (from lower level)
   INV: 14739 # Invalidates (from upper level)
   INVX: 0 # Downgrades (from upper level)
   FWD: 0 # Forwards (from upper level)
   latGETnl: 1263497 # GET request latency on next level
   latGETnet: 0 # GET request latency on network to next level
  l1i-2: # Filter cache stats
   fhGETS: 216190306 # Filtered GETS hits
   fhGETX: 0 # Filtered GETX hits
   hGETS: 0 # GETS hits
   hGETX: 0 # GETX hits
   mGETS: 60312 # GETS misses
   mGETXIM: 0 # GETX I->M misses
   mGETXSM: 0 # GETX S->M misses (upgrade misses)
   PUTS: 0 # Clean evictions (from lower level)
   PUTX: 0 # Dirty evictions (from lower level)
   INV: 14619 # Invalidates (from upper level)
   INVX: 0 # Downgrades (from upper level)
   FWD: 0 # Forwards (from upper level)
   latGETnl: 1281176 # GET request latency on next level
   latGETnet: 0 # GET request latency on network to next level
  l1i-3: # Filter cache stats
   fhGETS: 215373123 # Filtered GETS hits
   fhGETX: 0 # Filtered GETX hits
   hGETS: 0 # GETS hits
   hGETX: 0 # GETX hits
   mGETS: 59990 # GETS misses
   mGETXIM: 0 # GETX I->M misses
   mGETXSM: 0 # GETX S->M misses (upgrade misses)
   PUTS: 0 # Clean evictions (from lower level)
   PUTX: 0 # Dirty evictions (from lower level)
   INV: 14452 # Invalidates (from upper level)
   INVX: 0 # Downgrades (from upper level)
   FWD: 0 # Forwards (from upper level)
   latGETnl: 1239390 # GET request latency on next level
   latGETnet: 0 # GET request latency on network to next level
 l1d: # Cache stats
  l1d-0: # Filter cache stats
   fhGETS: 233455160 # Filtered GETS hits
   fhGETX: 56847940 # Filtered GETX hits
   hGETS: 1626 # GETS hits
   hGETX: 24540063 # GETX hits
   mGETS: 61082097 # GETS misses
   mGETXIM: 10688303 # GETX I->M misses
   mGETXSM: 2323 # GETX S->M misses (upgrade misses)
   PUTS: 0 # Clean evictions (from lower level)
   PUTX: 0 # Dirty evictions (from lower level)
   INV: 62 # Invalidates (from upper level)
   INVX: 3324 # Downgrades (from upper level)
   FWD: 0 # Forwards (from upper level)
   latGETnl: 1209464616 # GET request latency on next level
   latGETnet: 0 # GET request latency on network to next level
  l1d-1: # Filter cache stats
   fhGETS: 228549658 # Filtered GETS hits
   fhGETX: 55941076 # Filtered GETX hits
   hGETS: 90 # GETS hits
   hGETX: 24043040 # GETX hits
   mGETS: 60693828 # GETS misses
   mGETXIM: 10589563 # GETX I->M misses
   mGETXSM: 280 # GETX S->M misses (upgrade misses)
   PUTS: 0 # Clean evictions (from lower level)
   PUTX: 0 # Dirty evictions (from lower level)
   INV: 1307 # Invalidates (from upper level)
   INVX: 1321 # Downgrades (from upper level)
   FWD: 0 # Forwards (from upper level)
   latGETnl: 1212292784 # GET request latency on next level
   latGETnet: 0 # GET request latency on network to next level
  l1d-2: # Filter cache stats
   fhGETS: 227646291 # Filtered GETS hits
   fhGETX: 55688456 # Filtered GETX hits
   hGETS: 80 # GETS hits
   hGETX: 23973905 # GETX hits
   mGETS: 60538853 # GETS misses
   mGETXIM: 10551165 # GETX I->M misses
   mGETXSM: 283 # GETX S->M misses (upgrade misses)
   PUTS: 0 # Clean evictions (from lower level)
   PUTX: 0 # Dirty evictions (from lower level)
   INV: 1266 # Invalidates (from upper level)
   INVX: 896 # Downgrades (from upper level)
   FWD: 0 # Forwards (from upper level)
   latGETnl: 1209398061 # GET request latency on next level
   latGETnet: 0 # GET request latency on network to next level
  l1d-3: # Filter cache stats
   fhGETS: 226721863 # Filtered GETS hits
   fhGETX: 55383281 # Filtered GETX hits
   hGETS: 79 # GETS hits
   hGETX: 23901910 # GETX hits
   mGETS: 60309734 # GETS misses
   mGETXIM: 10491372 # GETX I->M misses
   mGETXSM: 262 # GETX S->M misses (upgrade misses)
   PUTS: 0 # Clean evictions (from lower level)
   PUTX: 0 # Dirty evictions (from lower level)
   INV: 1299 # Invalidates (from upper level)
   INVX: 972 # Downgrades (from upper level)
   FWD: 0 # Forwards (from upper level)
   latGETnl: 1207624298 # GET request latency on next level
   latGETnet: 0 # GET request latency on network to next level
 l2: # Cache stats
  l2-0: # Cache stats
   hGETS: 51133995 # GETS hits
   hGETX: 10530052 # GETX hits
   mGETS: 10007430 # GETS misses
   mGETXIM: 158208 # GETX I->M misses
   mGETXSM: 2366 # GETX S->M misses (upgrade misses)
   PUTS: 36585212 # Clean evictions (from lower level)
   PUTX: 35229394 # Dirty evictions (from lower level)
   INV: 491 # Invalidates (from upper level)
   INVX: 66573 # Downgrades (from upper level)
   FWD: 0 # Forwards (from upper level)
   latGETnl: 276942011 # GET request latency on next level
   latGETnet: 0 # GET request latency on network to next level
  l2-1: # Cache stats
   hGETS: 50384968 # GETS hits
   hGETX: 10407994 # GETX hits
   mGETS: 10369148 # GETS misses
   mGETXIM: 181569 # GETX I->M misses
   mGETXSM: 280 # GETX S->M misses (upgrade misses)
   PUTS: 36694682 # Clean evictions (from lower level)
   PUTX: 34632876 # Dirty evictions (from lower level)
   INV: 2328 # Invalidates (from upper level)
   INVX: 62171 # Downgrades (from upper level)
   FWD: 0 # Forwards (from upper level)
   latGETnl: 286084814 # GET request latency on next level
   latGETnet: 0 # GET request latency on network to next level
  l2-2: # Cache stats
   hGETS: 50198908 # GETS hits
   hGETX: 10373188 # GETX hits
   mGETS: 10400257 # GETS misses
   mGETXIM: 177934 # GETX I->M misses
   mGETXSM: 326 # GETX S->M misses (upgrade misses)
   PUTS: 36609050 # Clean evictions (from lower level)
   PUTX: 34525281 # Dirty evictions (from lower level)
   INV: 2248 # Invalidates (from upper level)
   INVX: 16259 # Downgrades (from upper level)
   FWD: 0 # Forwards (from upper level)
   latGETnl: 285721268 # GET request latency on next level
   latGETnet: 0 # GET request latency on network to next level
  l2-3: # Cache stats
   hGETS: 49891827 # GETS hits
   hGETX: 10315724 # GETX hits
   mGETS: 10477897 # GETS misses
   mGETXIM: 175607 # GETX I->M misses
   mGETXSM: 303 # GETX S->M misses (upgrade misses)
   PUTS: 36451762 # Clean evictions (from lower level)
   PUTX: 34393496 # Dirty evictions (from lower level)
   INV: 2209 # Invalidates (from upper level)
   INVX: 40199 # Downgrades (from upper level)
   FWD: 0 # Forwards (from upper level)
   latGETnl: 287666034 # GET request latency on next level
   latGETnet: 0 # GET request latency on network to next level
 l3: # Cache stats
  l3-0: # Cache stats
   hGETS: 41196429 # GETS hits
   hGETX: 641335 # GETX hits
   mGETS: 58303 # GETS misses
   mGETXIM: 55258 # GETX I->M misses
   mGETXSM: 0 # GETX S->M misses (upgrade misses)
   PUTS: 41139377 # Clean evictions (from lower level)
   PUTX: 670353 # Dirty evictions (from lower level)
   INV: 0 # Invalidates (from upper level)
   INVX: 0 # Downgrades (from upper level)
   FWD: 0 # Forwards (from upper level)
   latGETnl: 43190601 # GET request latency on next level
   latGETnet: 0 # GET request latency on network to next level
 mem: # Memory controller stats
  mem-0: # Memory controller stats
   rd: 113561 # Read requests
   wr: 0 # Write requests
   rdlat: 43190601 # Total latency experienced by read requests
   wrlat: 0 # Total latency experienced by write requests
   load: 4443 # Sum of load factors (0-100) per update
   ups: 319 # Number of latency updates
   clampedLoads: 0 # Number of updates where the load was clamped to 95%
 sched: # Scheduler stats
  thCr: 4 # Threads created
  thFn: 0 # Threads finished
  schedEvs: 4 # Schedule events
  waitEvs: 0 # Wait events
  handoffEvs: 0 # Handoff events
  sleepEvs: 0 # Sleep events
  idlePhases: 0 # Phases with no thread active
  idlePeriods: 0 # Periods with no thread active
  occHist: # Occupancy histogram
   0: 0
   1: 0
   2: 0
   3: 0
   4: 8666
  rqSzHist: # Run queue size histogram
   0: 8666
   1: 0
   2: 0
   3: 0
   4: 0
   5: 0
   6: 0
   7: 0
   8: 0
   9: 0
   10: 0
   11: 0
   12: 0
   13: 0
   14: 0
   15: 0
   16: 0
 heartbeats: # Per-process heartbeats
  0: 0
  1: 0
  2: 0
  3: 0
  4: 0
  5: 0
  6: 0
  7: 0
  8: 0
  9: 0
  10: 0
  11: 0
  12: 0
  13: 0
  14: 0
  15: 0
  16: 0
  17: 0
  18: 0
  19: 0
  20: 0
  21: 0
  22: 0
  23: 0
  24: 0
  25: 0
  26: 0
  27: 0
  28: 0
  29: 0
  30: 0
  31: 0
  32: 0
  33: 0
  34: 0
  35: 0
  36: 0
  37: 0
  38: 0
  39: 0
  40: 0
  41: 0
  42: 0
  43: 0
  44: 0
  45: 0
  46: 0
  47: 0
  48: 0
  49: 0
  50: 0
  51: 0
  52: 0
  53: 0
  54: 0
  55: 0
  56: 0
  57: 0
  58: 0
  59: 0
  60: 0
  61: 0
  62: 0
  63: 0
===
