# zsim stats
===
root: # Stats
 rdtsc: 63191518835211333 # Host timestamp counter
 trigger: 20000 # Reason for this stats dump
 phase: 45679 # Simulated phases
 core: # Core stats
  core-0: # Core stats
   cycles: 4567900006 # Simulated cycles
   instrs: 5000062494 # Simulated instructions
   uops: 5672140136 # Retired micro-ops
   bbls: 802769478 # Basic blocks
   approxInstrs: 60890404 # Instrs with approx uop decoding
   mispredBranches: 40461 # Mispredicted branches
 l1i: # Cache stats
  l1i-0: # Cache stats
   hGETS: 1103409161 # GETS hits
   hGETX: 0 # GETX hits
   mGETS: 137941 # GETS misses
   mGETXIM: 0 # GETX I->M misses
   mGETXSM: 0 # GETX S->M misses (upgrade misses)
   PUTS: 0 # Clean evictions (from lower level)
   PUTX: 0 # Dirty evictions (from lower level)
   INV: 137939 # Invalidates (from upper level)
   INVX: 0 # Downgrades (from upper level)
   latGETnl: 3471790 # GET request latency on next level
   latGETnet: 0 # GET request latency on network to next level
 l1d: # Cache stats
  l1d-0: # Cache stats
   hGETS: 959631017 # GETS hits
   hGETX: 325356757 # GETX hits
   mGETS: 199639095 # GETS misses
   mGETXIM: 36849841 # GETX I->M misses
   mGETXSM: 0 # GETX S->M misses (upgrade misses)
   PUTS: 0 # Clean evictions (from lower level)
   PUTX: 0 # Dirty evictions (from lower level)
   INV: 41168 # Invalidates (from upper level)
   INVX: 0 # Downgrades (from upper level)
   latGETnl: 5919517496 # GET request latency on next level
   latGETnet: 0 # GET request latency on network to next level
 l2: # Cache stats
  l2-0: # Cache stats
   hGETS: 15 # GETS hits
   hGETX: 6 # GETX hits
   mGETS: 199777021 # GETS misses
   mGETXIM: 36849835 # GETX I->M misses
   mGETXSM: 0 # GETX S->M misses (upgrade misses)
   PUTS: 108271758 # Clean evictions (from lower level)
   PUTX: 128175498 # Dirty evictions (from lower level)
   INV: 0 # Invalidates (from upper level)
   INVX: 0 # Downgrades (from upper level)
   latGETnl: 4029974270 # GET request latency on next level
   latGETnet: 0 # GET request latency on network to next level
 l3: # Cache stats
  l3-0: # Cache stats
   hGETS: 199748846 # GETS hits
   hGETX: 36835876 # GETX hits
   mGETS: 28175 # GETS misses
   mGETXIM: 13959 # GETX I->M misses
   mGETXSM: 0 # GETX S->M misses (upgrade misses)
   PUTS: 108431319 # Clean evictions (from lower level)
   PUTX: 128187345 # Dirty evictions (from lower level)
   INV: 0 # Invalidates (from upper level)
   INVX: 0 # Downgrades (from upper level)
   latGETnl: 7317718 # GET request latency on next level
   latGETnet: 0 # GET request latency on network to next level
 mem: # Memory controller stats
  mem-0: # Memory controller stats
   rd: 42134 # Read requests
   wr: 0 # Write requests
   rdlat: 7317718 # Total latency experienced by read requests
   wrlat: 0 # Total latency experienced by write requests
   load: 655 # Sum of load factors (0-100) per update
   ups: 220 # Number of latency updates
   clampedLoads: 0 # Number of updates where the load was clamped to 95%
 sched: # Scheduler stats
  thCr: 1 # Threads created
  thFn: 0 # Threads finished
  schedEvs: 1 # Schedule events
  waitEvs: 0 # Wait events
  handoffEvs: 0 # Handoff events
  sleepEvs: 0 # Sleep events
  idlePhases: 0 # Phases with no thread active
  idlePeriods: 0 # Periods with no thread active
  occHist: # Occupancy histogram
   0: 0
   1: 45679
  rqSzHist: # Run queue size histogram
   0: 45679
   1: 0
   2: 0
   3: 0
   4: 0
   5: 0
   6: 0
   7: 0
   8: 0
   9: 0
   10: 0
   11: 0
   12: 0
   13: 0
   14: 0
   15: 0
   16: 0
===
