# zsim stats
===
root: # Stats
 contention: # Contention simulation stats
  domain-0: # Domain stats
   time: 941594180 # Weave simulation time
 time: # Simulator time breakdown
  init: 19778126898
  bound: 1082741361485
  weave: 1820072283
  ff: 0
 trigger: 20000 # Reason for this stats dump
 phase: 15942 # Simulated phases
 core: # Core stats
  core-0: # Core stats
   cycles: 1594151917 # Simulated unhalted cycles
   cCycles: 0 # Cycles due to contention stalls
   instrs: 607512283 # Simulated instructions
   uops: 621881467 # Retired micro-ops
   bbls: 97636922 # Basic blocks
   approxInstrs: 7380036 # Instrs with approx uop decoding
   mispredBranches: 5154 # Mispredicted branches
   fetchStalls: 1087842 # Fetch stalls
   decodeStalls: 157681532 # Decode stalls
   issueStalls: 16194275 # Issue stalls
  core-1: # Core stats
   cycles: 1594016488 # Simulated unhalted cycles
   cCycles: 0 # Cycles due to contention stalls
   instrs: 647888026 # Simulated instructions
   uops: 663608944 # Retired micro-ops
   bbls: 104003919 # Basic blocks
   approxInstrs: 7860110 # Instrs with approx uop decoding
   mispredBranches: 5673 # Mispredicted branches
   fetchStalls: 1165980 # Fetch stalls
   decodeStalls: 168397131 # Decode stalls
   issueStalls: 20977520 # Issue stalls
  core-2: # Core stats
   cycles: 1594072392 # Simulated unhalted cycles
   cCycles: 0 # Cycles due to contention stalls
   instrs: 654239488 # Simulated instructions
   uops: 669241064 # Retired micro-ops
   bbls: 105286024 # Basic blocks
   approxInstrs: 7960119 # Instrs with approx uop decoding
   mispredBranches: 5530 # Mispredicted branches
   fetchStalls: 1108142 # Fetch stalls
   decodeStalls: 169600796 # Decode stalls
   issueStalls: 17332367 # Issue stalls
  core-3: # Core stats
   cycles: 1594103782 # Simulated unhalted cycles
   cCycles: 0 # Cycles due to contention stalls
   instrs: 638830174 # Simulated instructions
   uops: 653993127 # Retired micro-ops
   bbls: 102654901 # Basic blocks
   approxInstrs: 7760120 # Instrs with approx uop decoding
   mispredBranches: 5580 # Mispredicted branches
   fetchStalls: 1071245 # Fetch stalls
   decodeStalls: 165879218 # Decode stalls
   issueStalls: 17209120 # Issue stalls
  core-4: # Core stats
   cycles: 1594096269 # Simulated unhalted cycles
   cCycles: 0 # Cycles due to contention stalls
   instrs: 608293812 # Simulated instructions
   uops: 623014604 # Retired micro-ops
   bbls: 97666358 # Basic blocks
   approxInstrs: 7380075 # Instrs with approx uop decoding
   mispredBranches: 5262 # Mispredicted branches
   fetchStalls: 821671 # Fetch stalls
   decodeStalls: 158062163 # Decode stalls
   issueStalls: 15753104 # Issue stalls
  core-5: # Core stats
   cycles: 1594037769 # Simulated unhalted cycles
   cCycles: 0 # Cycles due to contention stalls
   instrs: 595759712 # Simulated instructions
   uops: 610204600 # Retired micro-ops
   bbls: 95654140 # Basic blocks
   approxInstrs: 7229031 # Instrs with approx uop decoding
   mispredBranches: 5278 # Mispredicted branches
   fetchStalls: 756999 # Fetch stalls
   decodeStalls: 154851955 # Decode stalls
   issueStalls: 15576740 # Issue stalls
  core-6: # Core stats
   cycles: 1593693053 # Simulated unhalted cycles
   cCycles: 0 # Cycles due to contention stalls
   instrs: 652889774 # Simulated instructions
   uops: 668195660 # Retired micro-ops
   bbls: 104961097 # Basic blocks
   approxInstrs: 7940113 # Instrs with approx uop decoding
   mispredBranches: 5578 # Mispredicted branches
   fetchStalls: 780988 # Fetch stalls
   decodeStalls: 169433344 # Decode stalls
   issueStalls: 17394904 # Issue stalls
  core-7: # Core stats
   cycles: 1594116629 # Simulated unhalted cycles
   cCycles: 0 # Cycles due to contention stalls
   instrs: 594892392 # Simulated instructions
   uops: 608970651 # Retired micro-ops
   bbls: 95628159 # Basic blocks
   approxInstrs: 7220106 # Instrs with approx uop decoding
   mispredBranches: 5114 # Mispredicted branches
   fetchStalls: 696105 # Fetch stalls
   decodeStalls: 154441369 # Decode stalls
   issueStalls: 15493623 # Issue stalls
 l1i: # Cache stats
  l1i-0: # Filter cache stats
   fhGETS: 105622058 # Filtered GETS hits
   fhGETX: 0 # Filtered GETX hits
   hGETS: 40396 # GETS hits
   hGETX: 0 # GETX hits
   mGETS: 16679 # GETS misses
   mGETXIM: 0 # GETX I->M misses
   mGETXSM: 0 # GETX S->M misses (upgrade misses)
   PUTS: 0 # Clean evictions (from lower level)
   PUTX: 0 # Dirty evictions (from lower level)
   INV: 16677 # Invalidates (from upper level)
   INVX: 0 # Downgrades (from upper level)
   FWD: 0 # Forwards (from upper level)
   latGETnl: 1324233 # GET request latency on next level
   latGETnet: 0 # GET request latency on network to next level
  l1i-1: # Filter cache stats
   fhGETS: 112529428 # Filtered GETS hits
   fhGETX: 0 # Filtered GETX hits
   hGETS: 41143 # GETS hits
   hGETX: 0 # GETX hits
   mGETS: 17801 # GETS misses
   mGETXIM: 0 # GETX I->M misses
   mGETXSM: 0 # GETX S->M misses (upgrade misses)
   PUTS: 0 # Clean evictions (from lower level)
   PUTX: 0 # Dirty evictions (from lower level)
   INV: 17799 # Invalidates (from upper level)
   INVX: 0 # Downgrades (from upper level)
   FWD: 0 # Forwards (from upper level)
   latGETnl: 1434601 # GET request latency on next level
   latGETnet: 0 # GET request latency on network to next level
  l1i-2: # Filter cache stats
   fhGETS: 113900733 # Filtered GETS hits
   fhGETX: 0 # Filtered GETX hits
   hGETS: 41216 # GETS hits
   hGETX: 0 # GETX hits
   mGETS: 17985 # GETS misses
   mGETXIM: 0 # GETX I->M misses
   mGETXSM: 0 # GETX S->M misses (upgrade misses)
   PUTS: 0 # Clean evictions (from lower level)
   PUTX: 0 # Dirty evictions (from lower level)
   INV: 17983 # Invalidates (from upper level)
   INVX: 0 # Downgrades (from upper level)
   FWD: 0 # Forwards (from upper level)
   latGETnl: 1318948 # GET request latency on next level
   latGETnet: 0 # GET request latency on network to next level
  l1i-3: # Filter cache stats
   fhGETS: 111070082 # Filtered GETS hits
   fhGETX: 0 # Filtered GETX hits
   hGETS: 41248 # GETS hits
   hGETX: 0 # GETX hits
   mGETS: 17645 # GETS misses
   mGETXIM: 0 # GETX I->M misses
   mGETXSM: 0 # GETX S->M misses (upgrade misses)
   PUTS: 0 # Clean evictions (from lower level)
   PUTX: 0 # Dirty evictions (from lower level)
   INV: 17640 # Invalidates (from upper level)
   INVX: 0 # Downgrades (from upper level)
   FWD: 0 # Forwards (from upper level)
   latGETnl: 1300974 # GET request latency on next level
   latGETnet: 0 # GET request latency on network to next level
  l1i-4: # Filter cache stats
   fhGETS: 105661064 # Filtered GETS hits
   fhGETX: 0 # Filtered GETX hits
   hGETS: 40762 # GETS hits
   hGETX: 0 # GETX hits
   mGETS: 17203 # GETS misses
   mGETXIM: 0 # GETX I->M misses
   mGETXSM: 0 # GETX S->M misses (upgrade misses)
   PUTS: 0 # Clean evictions (from lower level)
   PUTX: 0 # Dirty evictions (from lower level)
   INV: 17201 # Invalidates (from upper level)
   INVX: 0 # Downgrades (from upper level)
   FWD: 0 # Forwards (from upper level)
   latGETnl: 972058 # GET request latency on next level
   latGETnet: 0 # GET request latency on network to next level
  l1i-5: # Filter cache stats
   fhGETS: 103494114 # Filtered GETS hits
   fhGETX: 0 # Filtered GETX hits
   hGETS: 40854 # GETS hits
   hGETX: 0 # GETX hits
   mGETS: 16402 # GETS misses
   mGETXIM: 0 # GETX I->M misses
   mGETXSM: 0 # GETX S->M misses (upgrade misses)
   PUTS: 0 # Clean evictions (from lower level)
   PUTX: 0 # Dirty evictions (from lower level)
   INV: 16399 # Invalidates (from upper level)
   INVX: 0 # Downgrades (from upper level)
   FWD: 0 # Forwards (from upper level)
   latGETnl: 888989 # GET request latency on next level
   latGETnet: 0 # GET request latency on network to next level
  l1i-6: # Filter cache stats
   fhGETS: 113564120 # Filtered GETS hits
   fhGETX: 0 # Filtered GETX hits
   hGETS: 41140 # GETS hits
   hGETX: 0 # GETX hits
   mGETS: 17910 # GETS misses
   mGETXIM: 0 # GETX I->M misses
   mGETXSM: 0 # GETX S->M misses (upgrade misses)
   PUTS: 0 # Clean evictions (from lower level)
   PUTX: 0 # Dirty evictions (from lower level)
   INV: 17906 # Invalidates (from upper level)
   INVX: 0 # Downgrades (from upper level)
   FWD: 0 # Forwards (from upper level)
   latGETnl: 930509 # GET request latency on next level
   latGETnet: 0 # GET request latency on network to next level
  l1i-7: # Filter cache stats
   fhGETS: 103452829 # Filtered GETS hits
   fhGETX: 0 # Filtered GETX hits
   hGETS: 41082 # GETS hits
   hGETX: 0 # GETX hits
   mGETS: 16327 # GETS misses
   mGETXIM: 0 # GETX I->M misses
   mGETXSM: 0 # GETX S->M misses (upgrade misses)
   PUTS: 0 # Clean evictions (from lower level)
   PUTX: 0 # Dirty evictions (from lower level)
   INV: 16326 # Invalidates (from upper level)
   INVX: 0 # Downgrades (from upper level)
   FWD: 0 # Forwards (from upper level)
   latGETnl: 813682 # GET request latency on next level
   latGETnet: 0 # GET request latency on network to next level
 l1d: # Cache stats
  l1d-0: # Filter cache stats
   fhGETS: 113876699 # Filtered GETS hits
   fhGETX: 27867189 # Filtered GETX hits
   hGETS: 2696740 # GETS hits
   hGETX: 11731600 # GETX hits
   mGETS: 24194792 # GETS misses
   mGETXIM: 4472123 # GETX I->M misses
   mGETXSM: 94 # GETX S->M misses (upgrade misses)
   PUTS: 0 # Clean evictions (from lower level)
   PUTX: 0 # Dirty evictions (from lower level)
   INV: 6622 # Invalidates (from upper level)
   INVX: 249870 # Downgrades (from upper level)
   FWD: 0 # Forwards (from upper level)
   latGETnl: 3785799038 # GET request latency on next level
   latGETnet: 0 # GET request latency on network to next level
  l1d-1: # Filter cache stats
   fhGETS: 106247668 # Filtered GETS hits
   fhGETX: 26066323 # Filtered GETX hits
   hGETS: 14471941 # GETS hits
   hGETX: 20237791 # GETX hits
   mGETS: 29712463 # GETS misses
   mGETXIM: 857270 # GETX I->M misses
   mGETXSM: 205 # GETX S->M misses (upgrade misses)
   PUTS: 0 # Clean evictions (from lower level)
   PUTX: 0 # Dirty evictions (from lower level)
   INV: 7085 # Invalidates (from upper level)
   INVX: 333982 # Downgrades (from upper level)
   FWD: 0 # Forwards (from upper level)
   latGETnl: 4229318739 # GET request latency on next level
   latGETnet: 0 # GET request latency on network to next level
  l1d-2: # Filter cache stats
   fhGETS: 122332824 # Filtered GETS hits
   fhGETX: 29915686 # Filtered GETX hits
   hGETS: 2626759 # GETS hits
   hGETX: 12619672 # GETX hits
   mGETS: 26086909 # GETS misses
   mGETXIM: 4816823 # GETX I->M misses
   mGETXSM: 194 # GETX S->M misses (upgrade misses)
   PUTS: 0 # Clean evictions (from lower level)
   PUTX: 0 # Dirty evictions (from lower level)
   INV: 8302 # Invalidates (from upper level)
   INVX: 270646 # Downgrades (from upper level)
   FWD: 0 # Forwards (from upper level)
   latGETnl: 4116435730 # GET request latency on next level
   latGETnet: 0 # GET request latency on network to next level
  l1d-3: # Filter cache stats
   fhGETS: 119898298 # Filtered GETS hits
   fhGETX: 29404975 # Filtered GETX hits
   hGETS: 2553987 # GETS hits
   hGETX: 12303905 # GETX hits
   mGETS: 25442838 # GETS misses
   mGETXIM: 4721770 # GETX I->M misses
   mGETXSM: 221 # GETX S->M misses (upgrade misses)
   PUTS: 0 # Clean evictions (from lower level)
   PUTX: 0 # Dirty evictions (from lower level)
   INV: 8090 # Invalidates (from upper level)
   INVX: 310340 # Downgrades (from upper level)
   FWD: 0 # Forwards (from upper level)
   latGETnl: 4039348947 # GET request latency on next level
   latGETnet: 0 # GET request latency on network to next level
  l1d-4: # Filter cache stats
   fhGETS: 114372057 # Filtered GETS hits
   fhGETX: 28012908 # Filtered GETX hits
   hGETS: 2669606 # GETS hits
   hGETX: 11742224 # GETX hits
   mGETS: 24208325 # GETS misses
   mGETXIM: 4487142 # GETX I->M misses
   mGETXSM: 151 # GETX S->M misses (upgrade misses)
   PUTS: 0 # Clean evictions (from lower level)
   PUTX: 0 # Dirty evictions (from lower level)
   INV: 9284 # Invalidates (from upper level)
   INVX: 206271 # Downgrades (from upper level)
   FWD: 0 # Forwards (from upper level)
   latGETnl: 3947970796 # GET request latency on next level
   latGETnet: 0 # GET request latency on network to next level
  l1d-5: # Filter cache stats
   fhGETS: 111854836 # Filtered GETS hits
   fhGETX: 27487993 # Filtered GETX hits
   hGETS: 2644814 # GETS hits
   hGETX: 11501609 # GETX hits
   mGETS: 23713056 # GETS misses
   mGETXIM: 4406977 # GETX I->M misses
   mGETXSM: 4957 # GETX S->M misses (upgrade misses)
   PUTS: 0 # Clean evictions (from lower level)
   PUTX: 0 # Dirty evictions (from lower level)
   INV: 6113 # Invalidates (from upper level)
   INVX: 217355 # Downgrades (from upper level)
   FWD: 0 # Forwards (from upper level)
   latGETnl: 3956318852 # GET request latency on next level
   latGETnet: 0 # GET request latency on network to next level
  l1d-6: # Filter cache stats
   fhGETS: 122093292 # Filtered GETS hits
   fhGETX: 29957793 # Filtered GETX hits
   hGETS: 2862419 # GETS hits
   hGETX: 12607622 # GETX hits
   mGETS: 26020820 # GETS misses
   mGETXIM: 4812306 # GETX I->M misses
   mGETXSM: 211 # GETX S->M misses (upgrade misses)
   PUTS: 0 # Clean evictions (from lower level)
   PUTX: 0 # Dirty evictions (from lower level)
   INV: 7132 # Invalidates (from upper level)
   INVX: 310575 # Downgrades (from upper level)
   FWD: 0 # Forwards (from upper level)
   latGETnl: 4097915175 # GET request latency on next level
   latGETnet: 0 # GET request latency on network to next level
  l1d-7: # Filter cache stats
   fhGETS: 111724223 # Filtered GETS hits
   fhGETX: 27398957 # Filtered GETX hits
   hGETS: 2305604 # GETS hits
   hGETX: 11427982 # GETX hits
   mGETS: 23694628 # GETS misses
   mGETXIM: 4391550 # GETX I->M misses
   mGETXSM: 166 # GETX S->M misses (upgrade misses)
   PUTS: 0 # Clean evictions (from lower level)
   PUTX: 0 # Dirty evictions (from lower level)
   INV: 8699 # Invalidates (from upper level)
   INVX: 213630 # Downgrades (from upper level)
   FWD: 0 # Forwards (from upper level)
   latGETnl: 3927426567 # GET request latency on next level
   latGETnet: 0 # GET request latency on network to next level
 l2: # Cache stats
  l2-0: # Cache stats
   hGETS: 348 # GETS hits
   hGETX: 380 # GETX hits
   mGETS: 24211123 # GETS misses
   mGETXIM: 4471743 # GETX I->M misses
   mGETXSM: 94 # GETX S->M misses (upgrade misses)
   PUTS: 13116616 # Clean evictions (from lower level)
   PUTX: 15543165 # Dirty evictions (from lower level)
   INV: 277524 # Invalidates (from upper level)
   INVX: 765470 # Downgrades (from upper level)
   FWD: 0 # Forwards (from upper level)
   latGETnl: 3557653767 # GET request latency on next level
   latGETnet: 0 # GET request latency on network to next level
  l2-1: # Cache stats
   hGETS: 6 # GETS hits
   hGETX: 2 # GETX hits
   mGETS: 29730258 # GETS misses
   mGETXIM: 857268 # GETX I->M misses
   mGETXSM: 205 # GETX S->M misses (upgrade misses)
   PUTS: 13983942 # Clean evictions (from lower level)
   PUTX: 16578194 # Dirty evictions (from lower level)
   INV: 323557 # Invalidates (from upper level)
   INVX: 978307 # Downgrades (from upper level)
   FWD: 0 # Forwards (from upper level)
   latGETnl: 3986051428 # GET request latency on next level
   latGETnet: 0 # GET request latency on network to next level
  l2-2: # Cache stats
   hGETS: 0 # GETS hits
   hGETX: 0 # GETX hits
   mGETS: 26104894 # GETS misses
   mGETXIM: 4816823 # GETX I->M misses
   mGETXSM: 194 # GETX S->M misses (upgrade misses)
   PUTS: 14137020 # Clean evictions (from lower level)
   PUTX: 16757898 # Dirty evictions (from lower level)
   INV: 65943 # Invalidates (from upper level)
   INVX: 805981 # Downgrades (from upper level)
   FWD: 0 # Forwards (from upper level)
   latGETnl: 3870379390 # GET request latency on next level
   latGETnet: 0 # GET request latency on network to next level
  l2-3: # Cache stats
   hGETS: 341 # GETS hits
   hGETX: 476 # GETX hits
   mGETS: 25460142 # GETS misses
   mGETXIM: 4721294 # GETX I->M misses
   mGETXSM: 221 # GETX S->M misses (upgrade misses)
   PUTS: 13793162 # Clean evictions (from lower level)
   PUTX: 16362844 # Dirty evictions (from lower level)
   INV: 150284 # Invalidates (from upper level)
   INVX: 1050691 # Downgrades (from upper level)
   FWD: 0 # Forwards (from upper level)
   latGETnl: 3799190129 # GET request latency on next level
   latGETnet: 0 # GET request latency on network to next level
  l2-4: # Cache stats
   hGETS: 72 # GETS hits
   hGETX: 1 # GETX hits
   mGETS: 24225456 # GETS misses
   mGETXIM: 4487141 # GETX I->M misses
   mGETXSM: 151 # GETX S->M misses (upgrade misses)
   PUTS: 13127665 # Clean evictions (from lower level)
   PUTX: 15558006 # Dirty evictions (from lower level)
   INV: 311858 # Invalidates (from upper level)
   INVX: 683954 # Downgrades (from upper level)
   FWD: 0 # Forwards (from upper level)
   latGETnl: 3719240286 # GET request latency on next level
   latGETnet: 0 # GET request latency on network to next level
  l2-5: # Cache stats
   hGETS: 65 # GETS hits
   hGETX: 279 # GETX hits
   mGETS: 23729393 # GETS misses
   mGETXIM: 4406697 # GETX I->M misses
   mGETXSM: 4958 # GETX S->M misses (upgrade misses)
   PUTS: 12861769 # Clean evictions (from lower level)
   PUTX: 15251639 # Dirty evictions (from lower level)
   INV: 346337 # Invalidates (from upper level)
   INVX: 787698 # Downgrades (from upper level)
   FWD: 0 # Forwards (from upper level)
   latGETnl: 3732076705 # GET request latency on next level
   latGETnet: 0 # GET request latency on network to next level
  l2-6: # Cache stats
   hGETS: 6 # GETS hits
   hGETX: 1 # GETX hits
   mGETS: 26038724 # GETS misses
   mGETXIM: 4812305 # GETX I->M misses
   mGETXSM: 211 # GETX S->M misses (upgrade misses)
   PUTS: 14104763 # Clean evictions (from lower level)
   PUTX: 16720719 # Dirty evictions (from lower level)
   INV: 59223 # Invalidates (from upper level)
   INVX: 1022372 # Downgrades (from upper level)
   FWD: 0 # Forwards (from upper level)
   latGETnl: 3852035708 # GET request latency on next level
   latGETnet: 0 # GET request latency on network to next level
  l2-7: # Cache stats
   hGETS: 9 # GETS hits
   hGETX: 16 # GETX hits
   mGETS: 23710946 # GETS misses
   mGETXIM: 4391534 # GETX I->M misses
   mGETXSM: 166 # GETX S->M misses (upgrade misses)
   PUTS: 12848660 # Clean evictions (from lower level)
   PUTX: 15228307 # Dirty evictions (from lower level)
   INV: 326454 # Invalidates (from upper level)
   INVX: 610449 # Downgrades (from upper level)
   FWD: 0 # Forwards (from upper level)
   latGETnl: 3703418881 # GET request latency on next level
   latGETnet: 0 # GET request latency on network to next level
 l3: # Cache stats
  l3-0: # Cache stats
   hGETS: 139622274 # GETS hits
   hGETX: 31582586 # GETX hits
   mGETS: 63588662 # GETS misses
   mGETXIM: 1388419 # GETX I->M misses
   mGETXSM: 0 # GETX S->M misses (upgrade misses)
   PUTS: 106933140 # Clean evictions (from lower level)
   PUTX: 127315885 # Dirty evictions (from lower level)
   INV: 0 # Invalidates (from upper level)
   INVX: 0 # Downgrades (from upper level)
   FWD: 0 # Forwards (from upper level)
   latGETnl: 26142784537 # GET request latency on next level
   latGETnet: 0 # GET request latency on network to next level
 mem: # Memory controller stats
  mem-0: # Memory controller stats
   rd: 64977081 # Read requests
   wr: 20092111 # Write requests
   rdlat: 26142784537 # Total latency experienced by read requests
   wrlat: 8414398354 # Total latency experienced by write requests
   load: 1239033 # Sum of load factors (0-100) per update
   ups: 15938 # Number of latency updates
   clampedLoads: 2911 # Number of updates where the load was clamped to 95%
 sched: # Scheduler stats
  thCr: 8 # Threads created
  thFn: 0 # Threads finished
  schedEvs: 8 # Schedule events
  waitEvs: 0 # Wait events
  handoffEvs: 0 # Handoff events
  sleepEvs: 0 # Sleep events
  idlePhases: 0 # Phases with no thread active
  idlePeriods: 0 # Periods with no thread active
  occHist: # Occupancy histogram
   0: 0
   1: 0
   2: 0
   3: 0
   4: 0
   5: 0
   6: 0
   7: 0
   8: 15942
  rqSzHist: # Run queue size histogram
   0: 15942
   1: 0
   2: 0
   3: 0
   4: 0
   5: 0
   6: 0
   7: 0
   8: 0
   9: 0
   10: 0
   11: 0
   12: 0
   13: 0
   14: 0
   15: 0
   16: 0
 heartbeats: # Per-process heartbeats
  0: 0
  1: 0
  2: 0
  3: 0
  4: 0
  5: 0
  6: 0
  7: 0
  8: 0
  9: 0
  10: 0
  11: 0
  12: 0
  13: 0
  14: 0
  15: 0
  16: 0
  17: 0
  18: 0
  19: 0
  20: 0
  21: 0
  22: 0
  23: 0
  24: 0
  25: 0
  26: 0
  27: 0
  28: 0
  29: 0
  30: 0
  31: 0
  32: 0
  33: 0
  34: 0
  35: 0
  36: 0
  37: 0
  38: 0
  39: 0
  40: 0
  41: 0
  42: 0
  43: 0
  44: 0
  45: 0
  46: 0
  47: 0
  48: 0
  49: 0
  50: 0
  51: 0
  52: 0
  53: 0
  54: 0
  55: 0
  56: 0
  57: 0
  58: 0
  59: 0
  60: 0
  61: 0
  62: 0
  63: 0
===
