# zsim stats
===
root: # Stats
 contention: # Contention simulation stats
  domain-0: # Domain stats
   time: 3429186474 # Weave simulation time
 time: # Simulator time breakdown
  init: 20922058958
  bound: 1394007962885
  weave: 12159829874
  ff: 0
 trigger: 20000 # Reason for this stats dump
 phase: 75807 # Simulated phases
 core: # Core stats
  core-0: # Core stats
   cycles: 7579772110 # Simulated unhalted cycles
   cCycles: 0 # Cycles due to contention stalls
   instrs: 1255420903 # Simulated instructions
   uops: 1284672199 # Retired micro-ops
   bbls: 201732028 # Basic blocks
   approxInstrs: 15280123 # Instrs with approx uop decoding
   mispredBranches: 10358 # Mispredicted branches
   fetchStalls: 5165404 # Fetch stalls
   decodeStalls: 325808095 # Decode stalls
   issueStalls: 39031880 # Issue stalls
  core-1: # Core stats
   cycles: 7580659224 # Simulated unhalted cycles
   cCycles: 0 # Cycles due to contention stalls
   instrs: 1243693742 # Simulated instructions
   uops: 1273266208 # Retired micro-ops
   bbls: 199706278 # Basic blocks
   approxInstrs: 15120005 # Instrs with approx uop decoding
   mispredBranches: 10336 # Mispredicted branches
   fetchStalls: 4976982 # Fetch stalls
   decodeStalls: 323037497 # Decode stalls
   issueStalls: 38474806 # Issue stalls
  core-2: # Core stats
   cycles: 7579664570 # Simulated unhalted cycles
   cCycles: 0 # Cycles due to contention stalls
   instrs: 1265244523 # Simulated instructions
   uops: 1295515574 # Retired micro-ops
   bbls: 203073911 # Basic blocks
   approxInstrs: 15380086 # Instrs with approx uop decoding
   mispredBranches: 10681 # Mispredicted branches
   fetchStalls: 6444507 # Fetch stalls
   decodeStalls: 328796470 # Decode stalls
   issueStalls: 40502583 # Issue stalls
  core-3: # Core stats
   cycles: 7579691711 # Simulated unhalted cycles
   cCycles: 0 # Cycles due to contention stalls
   instrs: 1235642784 # Simulated instructions
   uops: 1264302606 # Retired micro-ops
   bbls: 198608078 # Basic blocks
   approxInstrs: 15040118 # Instrs with approx uop decoding
   mispredBranches: 10107 # Mispredicted branches
   fetchStalls: 5615500 # Fetch stalls
   decodeStalls: 320611246 # Decode stalls
   issueStalls: 39621722 # Issue stalls
 l1i: # Cache stats
  l1i-0: # Filter cache stats
   fhGETS: 218325528 # Filtered GETS hits
   fhGETX: 0 # Filtered GETX hits
   hGETS: 0 # GETS hits
   hGETX: 0 # GETX hits
   mGETS: 61270 # GETS misses
   mGETXIM: 0 # GETX I->M misses
   mGETXSM: 0 # GETX S->M misses (upgrade misses)
   PUTS: 0 # Clean evictions (from lower level)
   PUTX: 0 # Dirty evictions (from lower level)
   INV: 16429 # Invalidates (from upper level)
   INVX: 0 # Downgrades (from upper level)
   FWD: 0 # Forwards (from upper level)
   latGETnl: 6574578 # GET request latency on next level
   latGETnet: 0 # GET request latency on network to next level
  l1i-1: # Filter cache stats
   fhGETS: 216140612 # Filtered GETS hits
   fhGETX: 0 # Filtered GETX hits
   hGETS: 0 # GETS hits
   hGETX: 0 # GETX hits
   mGETS: 60218 # GETS misses
   mGETXIM: 0 # GETX I->M misses
   mGETXSM: 0 # GETX S->M misses (upgrade misses)
   PUTS: 0 # Clean evictions (from lower level)
   PUTX: 0 # Dirty evictions (from lower level)
   INV: 16590 # Invalidates (from upper level)
   INVX: 0 # Downgrades (from upper level)
   FWD: 0 # Forwards (from upper level)
   latGETnl: 6124768 # GET request latency on next level
   latGETnet: 0 # GET request latency on network to next level
  l1i-2: # Filter cache stats
   fhGETS: 219808429 # Filtered GETS hits
   fhGETX: 0 # Filtered GETX hits
   hGETS: 0 # GETS hits
   hGETX: 0 # GETX hits
   mGETS: 61525 # GETS misses
   mGETXIM: 0 # GETX I->M misses
   mGETXSM: 0 # GETX S->M misses (upgrade misses)
   PUTS: 0 # Clean evictions (from lower level)
   PUTX: 0 # Dirty evictions (from lower level)
   INV: 16983 # Invalidates (from upper level)
   INVX: 0 # Downgrades (from upper level)
   FWD: 0 # Forwards (from upper level)
   latGETnl: 7854829 # GET request latency on next level
   latGETnet: 0 # GET request latency on network to next level
  l1i-3: # Filter cache stats
   fhGETS: 214940515 # Filtered GETS hits
   fhGETX: 0 # Filtered GETX hits
   hGETS: 0 # GETS hits
   hGETX: 0 # GETX hits
   mGETS: 61260 # GETS misses
   mGETXIM: 0 # GETX I->M misses
   mGETXSM: 0 # GETX S->M misses (upgrade misses)
   PUTS: 0 # Clean evictions (from lower level)
   PUTX: 0 # Dirty evictions (from lower level)
   INV: 16548 # Invalidates (from upper level)
   INVX: 0 # Downgrades (from upper level)
   FWD: 0 # Forwards (from upper level)
   latGETnl: 6913193 # GET request latency on next level
   latGETnet: 0 # GET request latency on network to next level
 l1d: # Cache stats
  l1d-0: # Filter cache stats
   fhGETS: 230798675 # Filtered GETS hits
   fhGETX: 56160491 # Filtered GETX hits
   hGETS: 4841 # GETS hits
   hGETX: 24115781 # GETX hits
   mGETS: 59924155 # GETS misses
   mGETXIM: 10621626 # GETX I->M misses
   mGETXSM: 234 # GETX S->M misses (upgrade misses)
   PUTS: 0 # Clean evictions (from lower level)
   PUTX: 0 # Dirty evictions (from lower level)
   INV: 37878 # Invalidates (from upper level)
   INVX: 163163 # Downgrades (from upper level)
   FWD: 0 # Forwards (from upper level)
   latGETnl: 18784845143 # GET request latency on next level
   latGETnet: 0 # GET request latency on network to next level
  l1d-1: # Filter cache stats
   fhGETS: 229261037 # Filtered GETS hits
   fhGETX: 55862705 # Filtered GETX hits
   hGETS: 5044 # GETS hits
   hGETX: 23819903 # GETX hits
   mGETS: 59263797 # GETS misses
   mGETXIM: 10536340 # GETX I->M misses
   mGETXSM: 109 # GETX S->M misses (upgrade misses)
   PUTS: 0 # Clean evictions (from lower level)
   PUTX: 0 # Dirty evictions (from lower level)
   INV: 34087 # Invalidates (from upper level)
   INVX: 182017 # Downgrades (from upper level)
   FWD: 0 # Forwards (from upper level)
   latGETnl: 18723318316 # GET request latency on next level
   latGETnet: 0 # GET request latency on network to next level
  l1d-2: # Filter cache stats
   fhGETS: 232328522 # Filtered GETS hits
   fhGETX: 56813524 # Filtered GETX hits
   hGETS: 5067 # GETS hits
   hGETX: 24388787 # GETX hits
   mGETS: 61269820 # GETS misses
   mGETXIM: 10720006 # GETX I->M misses
   mGETXSM: 180 # GETX S->M misses (upgrade misses)
   PUTS: 0 # Clean evictions (from lower level)
   PUTX: 0 # Dirty evictions (from lower level)
   INV: 34654 # Invalidates (from upper level)
   INVX: 184282 # Downgrades (from upper level)
   FWD: 0 # Forwards (from upper level)
   latGETnl: 19573030797 # GET request latency on next level
   latGETnet: 0 # GET request latency on network to next level
  l1d-3: # Filter cache stats
   fhGETS: 225958225 # Filtered GETS hits
   fhGETX: 55169540 # Filtered GETX hits
   hGETS: 4825 # GETS hits
   hGETX: 23822094 # GETX hits
   mGETS: 60017932 # GETS misses
   mGETXIM: 10447154 # GETX I->M misses
   mGETXSM: 212 # GETX S->M misses (upgrade misses)
   PUTS: 0 # Clean evictions (from lower level)
   PUTX: 0 # Dirty evictions (from lower level)
   INV: 30509 # Invalidates (from upper level)
   INVX: 158515 # Downgrades (from upper level)
   FWD: 0 # Forwards (from upper level)
   latGETnl: 18717053363 # GET request latency on next level
   latGETnet: 0 # GET request latency on network to next level
 l2: # Cache stats
  l2-0: # Cache stats
   hGETS: 33455032 # GETS hits
   hGETX: 8547195 # GETX hits
   mGETS: 26530393 # GETS misses
   mGETXIM: 2074349 # GETX I->M misses
   mGETXSM: 316 # GETX S->M misses (upgrade misses)
   PUTS: 35833372 # Clean evictions (from lower level)
   PUTX: 34719296 # Dirty evictions (from lower level)
   INV: 28123705 # Invalidates (from upper level)
   INVX: 2028039 # Downgrades (from upper level)
   FWD: 0 # Forwards (from upper level)
   latGETnl: 17873525016 # GET request latency on next level
   latGETnet: 0 # GET request latency on network to next level
  l2-1: # Cache stats
   hGETS: 32776195 # GETS hits
   hGETX: 8617221 # GETX hits
   mGETS: 26547820 # GETS misses
   mGETXIM: 1919103 # GETX I->M misses
   mGETXSM: 125 # GETX S->M misses (upgrade misses)
   PUTS: 35469163 # Clean evictions (from lower level)
   PUTX: 34340438 # Dirty evictions (from lower level)
   INV: 28108215 # Invalidates (from upper level)
   INVX: 1920495 # Downgrades (from upper level)
   FWD: 0 # Forwards (from upper level)
   latGETnl: 17821257052 # GET request latency on next level
   latGETnet: 0 # GET request latency on network to next level
  l2-2: # Cache stats
   hGETS: 34480626 # GETS hits
   hGETX: 8276280 # GETX hits
   mGETS: 26850719 # GETS misses
   mGETXIM: 2443701 # GETX I->M misses
   mGETXSM: 205 # GETX S->M misses (upgrade misses)
   PUTS: 36909064 # Clean evictions (from lower level)
   PUTX: 35090578 # Dirty evictions (from lower level)
   INV: 28696265 # Invalidates (from upper level)
   INVX: 2279569 # Downgrades (from upper level)
   FWD: 0 # Forwards (from upper level)
   latGETnl: 18644215723 # GET request latency on next level
   latGETnet: 0 # GET request latency on network to next level
  l2-3: # Cache stats
   hGETS: 33739929 # GETS hits
   hGETX: 8389796 # GETX hits
   mGETS: 26339263 # GETS misses
   mGETXIM: 2057324 # GETX I->M misses
   mGETXSM: 246 # GETX S->M misses (upgrade misses)
   PUTS: 36223153 # Clean evictions (from lower level)
   PUTX: 34256059 # Dirty evictions (from lower level)
   INV: 27892427 # Invalidates (from upper level)
   INVX: 1989925 # Downgrades (from upper level)
   FWD: 0 # Forwards (from upper level)
   latGETnl: 17807121302 # GET request latency on next level
   latGETnet: 0 # GET request latency on network to next level
 l3: # Cache stats
  l3-0: # Cache stats
   hGETS: 21470395 # GETS hits
   hGETX: 4797 # GETX hits
   mGETS: 84797800 # GETS misses
   mGETXIM: 8490572 # GETX I->M misses
   mGETXSM: 0 # GETX S->M misses (upgrade misses)
   PUTS: 1843324 # Clean evictions (from lower level)
   PUTX: 474 # Dirty evictions (from lower level)
   INV: 0 # Invalidates (from upper level)
   INVX: 0 # Downgrades (from upper level)
   FWD: 0 # Forwards (from upper level)
   latGETnl: 69511717490 # GET request latency on next level
   latGETnet: 0 # GET request latency on network to next level
 mem: # Memory controller stats
  mem-0: # Memory controller stats
   rd: 93288372 # Read requests
   wr: 44259214 # Write requests
   rdlat: 69511717490 # Total latency experienced by read requests
   wrlat: 32531548045 # Total latency experienced by write requests
   load: 5415561 # Sum of load factors (0-100) per update
   ups: 75805 # Number of latency updates
   clampedLoads: 6092 # Number of updates where the load was clamped to 95%
 sched: # Scheduler stats
  thCr: 4 # Threads created
  thFn: 0 # Threads finished
  schedEvs: 4 # Schedule events
  waitEvs: 0 # Wait events
  handoffEvs: 0 # Handoff events
  sleepEvs: 0 # Sleep events
  idlePhases: 0 # Phases with no thread active
  idlePeriods: 0 # Periods with no thread active
  occHist: # Occupancy histogram
   0: 0
   1: 0
   2: 0
   3: 0
   4: 75807
  rqSzHist: # Run queue size histogram
   0: 75807
   1: 0
   2: 0
   3: 0
   4: 0
   5: 0
   6: 0
   7: 0
   8: 0
   9: 0
   10: 0
   11: 0
   12: 0
   13: 0
   14: 0
   15: 0
   16: 0
 heartbeats: # Per-process heartbeats
  0: 0
  1: 0
  2: 0
  3: 0
  4: 0
  5: 0
  6: 0
  7: 0
  8: 0
  9: 0
  10: 0
  11: 0
  12: 0
  13: 0
  14: 0
  15: 0
  16: 0
  17: 0
  18: 0
  19: 0
  20: 0
  21: 0
  22: 0
  23: 0
  24: 0
  25: 0
  26: 0
  27: 0
  28: 0
  29: 0
  30: 0
  31: 0
  32: 0
  33: 0
  34: 0
  35: 0
  36: 0
  37: 0
  38: 0
  39: 0
  40: 0
  41: 0
  42: 0
  43: 0
  44: 0
  45: 0
  46: 0
  47: 0
  48: 0
  49: 0
  50: 0
  51: 0
  52: 0
  53: 0
  54: 0
  55: 0
  56: 0
  57: 0
  58: 0
  59: 0
  60: 0
  61: 0
  62: 0
  63: 0
===
