# zsim stats
===
root: # Stats
 contention: # Contention simulation stats
  domain-0: # Domain stats
   time: 586221812 # Weave simulation time
 time: # Simulator time breakdown
  init: 19729793182
  bound: 961926919919
  weave: 1193853712
  ff: 0
 trigger: 20000 # Reason for this stats dump
 phase: 10737 # Simulated phases
 core: # Core stats
  core-0: # Core stats
   cycles: 1072441837 # Simulated unhalted cycles
   cCycles: 0 # Cycles due to contention stalls
   instrs: 1149223530 # Simulated instructions
   uops: 1176717144 # Retired micro-ops
   bbls: 184475103 # Basic blocks
   approxInstrs: 13964568 # Instrs with approx uop decoding
   mispredBranches: 9711 # Mispredicted branches
   fetchStalls: 1008081 # Fetch stalls
   decodeStalls: 298629286 # Decode stalls
   issueStalls: 34931275 # Issue stalls
  core-1: # Core stats
   cycles: 1073079565 # Simulated unhalted cycles
   cCycles: 0 # Cycles due to contention stalls
   instrs: 1160291263 # Simulated instructions
   uops: 1186830591 # Retired micro-ops
   bbls: 186600113 # Basic blocks
   approxInstrs: 14140119 # Instrs with approx uop decoding
   mispredBranches: 9396 # Mispredicted branches
   fetchStalls: 995464 # Fetch stalls
   decodeStalls: 300858146 # Decode stalls
   issueStalls: 34196083 # Issue stalls
  core-2: # Core stats
   cycles: 1072329330 # Simulated unhalted cycles
   cCycles: 0 # Cycles due to contention stalls
   instrs: 1538954642 # Simulated instructions
   uops: 1575132195 # Retired micro-ops
   bbls: 247161198 # Basic blocks
   approxInstrs: 18720119 # Instrs with approx uop decoding
   mispredBranches: 12710 # Mispredicted branches
   fetchStalls: 1343503 # Fetch stalls
   decodeStalls: 399616005 # Decode stalls
   issueStalls: 44660058 # Issue stalls
  core-3: # Core stats
   cycles: 1073700015 # Simulated unhalted cycles
   cCycles: 0 # Cycles due to contention stalls
   instrs: 1151637313 # Simulated instructions
   uops: 1179154068 # Retired micro-ops
   bbls: 184857160 # Basic blocks
   approxInstrs: 14000004 # Instrs with approx uop decoding
   mispredBranches: 9715 # Mispredicted branches
   fetchStalls: 1011603 # Fetch stalls
   decodeStalls: 299227436 # Decode stalls
   issueStalls: 35589262 # Issue stalls
 l1i: # Cache stats
  l1i-0: # Filter cache stats
   fhGETS: 199646314 # Filtered GETS hits
   fhGETX: 0 # Filtered GETX hits
   hGETS: 41459 # GETS hits
   hGETX: 0 # GETX hits
   mGETS: 31463 # GETS misses
   mGETXIM: 0 # GETX I->M misses
   mGETXSM: 0 # GETX S->M misses (upgrade misses)
   PUTS: 0 # Clean evictions (from lower level)
   PUTX: 0 # Dirty evictions (from lower level)
   INV: 31433 # Invalidates (from upper level)
   INVX: 0 # Downgrades (from upper level)
   FWD: 0 # Forwards (from upper level)
   latGETnl: 1125632 # GET request latency on next level
   latGETnet: 0 # GET request latency on network to next level
  l1i-1: # Filter cache stats
   fhGETS: 201924287 # Filtered GETS hits
   fhGETX: 0 # Filtered GETX hits
   hGETS: 41431 # GETS hits
   hGETX: 0 # GETX hits
   mGETS: 31569 # GETS misses
   mGETXIM: 0 # GETX I->M misses
   mGETXSM: 0 # GETX S->M misses (upgrade misses)
   PUTS: 0 # Clean evictions (from lower level)
   PUTX: 0 # Dirty evictions (from lower level)
   INV: 31560 # Invalidates (from upper level)
   INVX: 0 # Downgrades (from upper level)
   FWD: 0 # Forwards (from upper level)
   latGETnl: 1108005 # GET request latency on next level
   latGETnet: 0 # GET request latency on network to next level
  l1i-2: # Filter cache stats
   fhGETS: 267498067 # Filtered GETS hits
   fhGETX: 0 # Filtered GETX hits
   hGETS: 41449 # GETS hits
   hGETX: 0 # GETX hits
   mGETS: 41973 # GETS misses
   mGETXIM: 0 # GETX I->M misses
   mGETXSM: 0 # GETX S->M misses (upgrade misses)
   PUTS: 0 # Clean evictions (from lower level)
   PUTX: 0 # Dirty evictions (from lower level)
   INV: 41935 # Invalidates (from upper level)
   INVX: 0 # Downgrades (from upper level)
   FWD: 0 # Forwards (from upper level)
   latGETnl: 1475914 # GET request latency on next level
   latGETnet: 0 # GET request latency on network to next level
  l1i-3: # Filter cache stats
   fhGETS: 200067200 # Filtered GETS hits
   fhGETX: 0 # Filtered GETX hits
   hGETS: 40266 # GETS hits
   hGETX: 0 # GETX hits
   mGETS: 31533 # GETS misses
   mGETXIM: 0 # GETX I->M misses
   mGETXSM: 0 # GETX S->M misses (upgrade misses)
   PUTS: 0 # Clean evictions (from lower level)
   PUTX: 0 # Dirty evictions (from lower level)
   INV: 31507 # Invalidates (from upper level)
   INVX: 0 # Downgrades (from upper level)
   FWD: 0 # Forwards (from upper level)
   latGETnl: 1138229 # GET request latency on next level
   latGETnet: 0 # GET request latency on network to next level
 l1d: # Cache stats
  l1d-0: # Filter cache stats
   fhGETS: 150785569 # Filtered GETS hits
   fhGETX: 31704772 # Filtered GETX hits
   hGETS: 65855743 # GETS hits
   hGETX: 43182158 # GETX hits
   mGETS: 50093057 # GETS misses
   mGETXIM: 8590469 # GETX I->M misses
   mGETXSM: 140 # GETX S->M misses (upgrade misses)
   PUTS: 0 # Clean evictions (from lower level)
   PUTX: 0 # Dirty evictions (from lower level)
   INV: 6880 # Invalidates (from upper level)
   INVX: 16614 # Downgrades (from upper level)
   FWD: 0 # Forwards (from upper level)
   latGETnl: 1973793289 # GET request latency on next level
   latGETnet: 0 # GET request latency on network to next level
  l1d-1: # Filter cache stats
   fhGETS: 211478264 # Filtered GETS hits
   fhGETX: 51611943 # Filtered GETX hits
   hGETS: 10285341 # GETS hits
   hGETX: 23687519 # GETX hits
   mGETS: 46384490 # GETS misses
   mGETXIM: 8562844 # GETX I->M misses
   mGETXSM: 145 # GETX S->M misses (upgrade misses)
   PUTS: 0 # Clean evictions (from lower level)
   PUTX: 0 # Dirty evictions (from lower level)
   INV: 9961 # Invalidates (from upper level)
   INVX: 17558 # Downgrades (from upper level)
   FWD: 0 # Forwards (from upper level)
   latGETnl: 1951244038 # GET request latency on next level
   latGETnet: 0 # GET request latency on network to next level
  l1d-2: # Filter cache stats
   fhGETS: 264952484 # Filtered GETS hits
   fhGETX: 60284696 # Filtered GETX hits
   hGETS: 20240114 # GETS hits
   hGETX: 48550699 # GETX hits
   mGETS: 71620275 # GETS misses
   mGETXIM: 2674413 # GETX I->M misses
   mGETXSM: 154 # GETX S->M misses (upgrade misses)
   PUTS: 0 # Clean evictions (from lower level)
   PUTX: 0 # Dirty evictions (from lower level)
   INV: 9169 # Invalidates (from upper level)
   INVX: 26480 # Downgrades (from upper level)
   FWD: 0 # Forwards (from upper level)
   latGETnl: 2600994344 # GET request latency on next level
   latGETnet: 0 # GET request latency on network to next level
  l1d-3: # Filter cache stats
   fhGETS: 212071000 # Filtered GETS hits
   fhGETX: 51794412 # Filtered GETX hits
   hGETS: 9183697 # GETS hits
   hGETX: 23310805 # GETX hits
   mGETS: 45979378 # GETS misses
   mGETXIM: 8533462 # GETX I->M misses
   mGETXSM: 27 # GETX S->M misses (upgrade misses)
   PUTS: 0 # Clean evictions (from lower level)
   PUTX: 0 # Dirty evictions (from lower level)
   INV: 8231 # Invalidates (from upper level)
   INVX: 15107 # Downgrades (from upper level)
   FWD: 0 # Forwards (from upper level)
   latGETnl: 1930413936 # GET request latency on next level
   latGETnet: 0 # GET request latency on network to next level
 l2: # Cache stats
  l2-0: # Cache stats
   hGETS: 4284074 # GETS hits
   hGETX: 109866 # GETX hits
   mGETS: 45840446 # GETS misses
   mGETXIM: 8480603 # GETX I->M misses
   mGETXSM: 140 # GETX S->M misses (upgrade misses)
   PUTS: 28140001 # Clean evictions (from lower level)
   PUTX: 30536544 # Dirty evictions (from lower level)
   INV: 156 # Invalidates (from upper level)
   INVX: 2113061 # Downgrades (from upper level)
   FWD: 0 # Forwards (from upper level)
   latGETnl: 1270337373 # GET request latency on next level
   latGETnet: 0 # GET request latency on network to next level
  l2-1: # Cache stats
   hGETS: 61525 # GETS hits
   hGETX: 39148 # GETX hits
   mGETS: 46354534 # GETS misses
   mGETXIM: 8523696 # GETX I->M misses
   mGETXSM: 145 # GETX S->M misses (upgrade misses)
   PUTS: 25162974 # Clean evictions (from lower level)
   PUTX: 29774276 # Dirty evictions (from lower level)
   INV: 187 # Invalidates (from upper level)
   INVX: 1421356 # Downgrades (from upper level)
   FWD: 0 # Forwards (from upper level)
   latGETnl: 1292603467 # GET request latency on next level
   latGETnet: 0 # GET request latency on network to next level
  l2-2: # Cache stats
   hGETS: 868082 # GETS hits
   hGETX: 705289 # GETX hits
   mGETS: 70794166 # GETS misses
   mGETXIM: 1969124 # GETX I->M misses
   mGETXSM: 154 # GETX S->M misses (upgrade misses)
   PUTS: 34164786 # Clean evictions (from lower level)
   PUTX: 40120632 # Dirty evictions (from lower level)
   INV: 159 # Invalidates (from upper level)
   INVX: 1580642 # Downgrades (from upper level)
   FWD: 0 # Forwards (from upper level)
   latGETnl: 1710428478 # GET request latency on next level
   latGETnet: 0 # GET request latency on network to next level
  l2-3: # Cache stats
   hGETS: 73838 # GETS hits
   hGETX: 38521 # GETX hits
   mGETS: 45937073 # GETS misses
   mGETXIM: 8494941 # GETX I->M misses
   mGETXSM: 27 # GETX S->M misses (upgrade misses)
   PUTS: 24966960 # Clean evictions (from lower level)
   PUTX: 29537546 # Dirty evictions (from lower level)
   INV: 84 # Invalidates (from upper level)
   INVX: 1425815 # Downgrades (from upper level)
   FWD: 0 # Forwards (from upper level)
   latGETnl: 1277019365 # GET request latency on next level
   latGETnet: 0 # GET request latency on network to next level
 l3: # Cache stats
  l3-0: # Cache stats
   hGETS: 208867905 # GETS hits
   hGETX: 27413572 # GETX hits
   mGETS: 58314 # GETS misses
   mGETXIM: 55258 # GETX I->M misses
   mGETXSM: 0 # GETX S->M misses (upgrade misses)
   PUTS: 108290703 # Clean evictions (from lower level)
   PUTX: 128070526 # Dirty evictions (from lower level)
   INV: 0 # Invalidates (from upper level)
   INVX: 0 # Downgrades (from upper level)
   FWD: 0 # Forwards (from upper level)
   latGETnl: 34501168 # GET request latency on next level
   latGETnet: 0 # GET request latency on network to next level
 mem: # Memory controller stats
  mem-0: # Memory controller stats
   rd: 113572 # Read requests
   wr: 0 # Write requests
   rdlat: 34501168 # Total latency experienced by read requests
   wrlat: 0 # Total latency experienced by write requests
   load: 3568 # Sum of load factors (0-100) per update
   ups: 308 # Number of latency updates
   clampedLoads: 0 # Number of updates where the load was clamped to 95%
 sched: # Scheduler stats
  thCr: 4 # Threads created
  thFn: 0 # Threads finished
  schedEvs: 4 # Schedule events
  waitEvs: 0 # Wait events
  handoffEvs: 0 # Handoff events
  sleepEvs: 0 # Sleep events
  idlePhases: 0 # Phases with no thread active
  idlePeriods: 0 # Periods with no thread active
  occHist: # Occupancy histogram
   0: 0
   1: 0
   2: 0
   3: 0
   4: 10737
  rqSzHist: # Run queue size histogram
   0: 10737
   1: 0
   2: 0
   3: 0
   4: 0
   5: 0
   6: 0
   7: 0
   8: 0
   9: 0
   10: 0
   11: 0
   12: 0
   13: 0
   14: 0
   15: 0
   16: 0
 heartbeats: # Per-process heartbeats
  0: 0
  1: 0
  2: 0
  3: 0
  4: 0
  5: 0
  6: 0
  7: 0
  8: 0
  9: 0
  10: 0
  11: 0
  12: 0
  13: 0
  14: 0
  15: 0
  16: 0
  17: 0
  18: 0
  19: 0
  20: 0
  21: 0
  22: 0
  23: 0
  24: 0
  25: 0
  26: 0
  27: 0
  28: 0
  29: 0
  30: 0
  31: 0
  32: 0
  33: 0
  34: 0
  35: 0
  36: 0
  37: 0
  38: 0
  39: 0
  40: 0
  41: 0
  42: 0
  43: 0
  44: 0
  45: 0
  46: 0
  47: 0
  48: 0
  49: 0
  50: 0
  51: 0
  52: 0
  53: 0
  54: 0
  55: 0
  56: 0
  57: 0
  58: 0
  59: 0
  60: 0
  61: 0
  62: 0
  63: 0
===
