# zsim stats
===
root: # Stats
 contention: # Contention simulation stats
  domain-0: # Domain stats
   time: 430917959 # Weave simulation time
 time: # Simulator time breakdown
  init: 16161862570
  bound: 475353054692
  weave: 694798167
  ff: 0
 trigger: 20000 # Reason for this stats dump
 phase: 8671 # Simulated phases
 core: # Core stats
  core-0: # Core stats
   cycles: 867100002 # Simulated unhalted cycles
   cCycles: 0 # Cycles due to contention stalls
   instrs: 1250016070 # Simulated instructions
   uops: 1545578427 # Retired micro-ops
   bbls: 134521561 # Basic blocks
   approxInstrs: 10 # Instrs with approx uop decoding
   mispredBranches: 409039 # Mispredicted branches
   fetchStalls: 7005498 # Fetch stalls
   decodeStalls: 475315662 # Decode stalls
   issueStalls: 36220070 # Issue stalls
  core-1: # Core stats
   cycles: 867100010 # Simulated unhalted cycles
   cCycles: 0 # Cycles due to contention stalls
   instrs: 1250113726 # Simulated instructions
   uops: 1545700077 # Retired micro-ops
   bbls: 134531190 # Basic blocks
   approxInstrs: 3 # Instrs with approx uop decoding
   mispredBranches: 408907 # Mispredicted branches
   fetchStalls: 7071475 # Fetch stalls
   decodeStalls: 475354123 # Decode stalls
   issueStalls: 36223276 # Issue stalls
  core-2: # Core stats
   cycles: 867100005 # Simulated unhalted cycles
   cCycles: 0 # Cycles due to contention stalls
   instrs: 1250019693 # Simulated instructions
   uops: 1545583946 # Retired micro-ops
   bbls: 134520936 # Basic blocks
   approxInstrs: 3 # Instrs with approx uop decoding
   mispredBranches: 408834 # Mispredicted branches
   fetchStalls: 6998283 # Fetch stalls
   decodeStalls: 475318566 # Decode stalls
   issueStalls: 36215149 # Issue stalls
  core-3: # Core stats
   cycles: 867100001 # Simulated unhalted cycles
   cCycles: 0 # Cycles due to contention stalls
   instrs: 1250172006 # Simulated instructions
   uops: 1545772102 # Retired micro-ops
   bbls: 134537504 # Basic blocks
   approxInstrs: 3 # Instrs with approx uop decoding
   mispredBranches: 408942 # Mispredicted branches
   fetchStalls: 6984091 # Fetch stalls
   decodeStalls: 475376222 # Decode stalls
   issueStalls: 36221033 # Issue stalls
 l1i: # Cache stats
  l1i-0: # Filter cache stats
   fhGETS: 153635728 # Filtered GETS hits
   fhGETX: 0 # Filtered GETX hits
   hGETS: 32742010 # GETS hits
   hGETX: 0 # GETX hits
   mGETS: 1277 # GETS misses
   mGETXIM: 0 # GETX I->M misses
   mGETXSM: 0 # GETX S->M misses (upgrade misses)
   PUTS: 0 # Clean evictions (from lower level)
   PUTX: 0 # Dirty evictions (from lower level)
   INV: 1219 # Invalidates (from upper level)
   INVX: 0 # Downgrades (from upper level)
   FWD: 0 # Forwards (from upper level)
   latGETnl: 68790 # GET request latency on next level
   latGETnet: 0 # GET request latency on network to next level
  l1i-1: # Filter cache stats
   fhGETS: 149932088 # Filtered GETS hits
   fhGETX: 0 # Filtered GETX hits
   hGETS: 36459110 # GETS hits
   hGETX: 0 # GETX hits
   mGETS: 1150 # GETS misses
   mGETXIM: 0 # GETX I->M misses
   mGETXSM: 0 # GETX S->M misses (upgrade misses)
   PUTS: 0 # Clean evictions (from lower level)
   PUTX: 0 # Dirty evictions (from lower level)
   INV: 1102 # Invalidates (from upper level)
   INVX: 0 # Downgrades (from upper level)
   FWD: 0 # Forwards (from upper level)
   latGETnl: 129978 # GET request latency on next level
   latGETnet: 0 # GET request latency on network to next level
  l1i-2: # Filter cache stats
   fhGETS: 149920504 # Filtered GETS hits
   fhGETX: 0 # Filtered GETX hits
   hGETS: 36456476 # GETS hits
   hGETX: 0 # GETX hits
   mGETS: 1090 # GETS misses
   mGETXIM: 0 # GETX I->M misses
   mGETXSM: 0 # GETX S->M misses (upgrade misses)
   PUTS: 0 # Clean evictions (from lower level)
   PUTX: 0 # Dirty evictions (from lower level)
   INV: 1042 # Invalidates (from upper level)
   INVX: 0 # Downgrades (from upper level)
   FWD: 0 # Forwards (from upper level)
   latGETnl: 51626 # GET request latency on next level
   latGETnet: 0 # GET request latency on network to next level
  l1i-3: # Filter cache stats
   fhGETS: 149939160 # Filtered GETS hits
   fhGETX: 0 # Filtered GETX hits
   hGETS: 36460826 # GETS hits
   hGETX: 0 # GETX hits
   mGETS: 1143 # GETS misses
   mGETXIM: 0 # GETX I->M misses
   mGETXSM: 0 # GETX S->M misses (upgrade misses)
   PUTS: 0 # Clean evictions (from lower level)
   PUTX: 0 # Dirty evictions (from lower level)
   INV: 1095 # Invalidates (from upper level)
   INVX: 0 # Downgrades (from upper level)
   FWD: 0 # Forwards (from upper level)
   latGETnl: 40605 # GET request latency on next level
   latGETnet: 0 # GET request latency on network to next level
 l1d: # Cache stats
  l1d-0: # Filter cache stats
   fhGETS: 258726609 # Filtered GETS hits
   fhGETX: 111332554 # Filtered GETX hits
   hGETS: 24384885 # GETS hits
   hGETX: 644109 # GETX hits
   mGETS: 770838 # GETS misses
   mGETXIM: 131 # GETX I->M misses
   mGETXSM: 2 # GETX S->M misses (upgrade misses)
   PUTS: 0 # Clean evictions (from lower level)
   PUTX: 0 # Dirty evictions (from lower level)
   INV: 4776 # Invalidates (from upper level)
   INVX: 1672 # Downgrades (from upper level)
   FWD: 0 # Forwards (from upper level)
   latGETnl: 105640439 # GET request latency on next level
   latGETnet: 0 # GET request latency on network to next level
  l1d-1: # Filter cache stats
   fhGETS: 255409417 # Filtered GETS hits
   fhGETX: 107900449 # Filtered GETX hits
   hGETS: 27723100 # GETS hits
   hGETX: 4084630 # GETX hits
   mGETS: 771523 # GETS misses
   mGETXIM: 65 # GETX I->M misses
   mGETXSM: 6 # GETX S->M misses (upgrade misses)
   PUTS: 0 # Clean evictions (from lower level)
   PUTX: 0 # Dirty evictions (from lower level)
   INV: 4877 # Invalidates (from upper level)
   INVX: 769 # Downgrades (from upper level)
   FWD: 0 # Forwards (from upper level)
   latGETnl: 105524797 # GET request latency on next level
   latGETnet: 0 # GET request latency on network to next level
  l1d-2: # Filter cache stats
   fhGETS: 258588042 # Filtered GETS hits
   fhGETX: 111277656 # Filtered GETX hits
   hGETS: 24525076 # GETS hits
   hGETX: 698967 # GETX hits
   mGETS: 769464 # GETS misses
   mGETXIM: 55 # GETX I->M misses
   mGETXSM: 3 # GETX S->M misses (upgrade misses)
   PUTS: 0 # Clean evictions (from lower level)
   PUTX: 0 # Dirty evictions (from lower level)
   INV: 4896 # Invalidates (from upper level)
   INVX: 1808 # Downgrades (from upper level)
   FWD: 0 # Forwards (from upper level)
   latGETnl: 105609618 # GET request latency on next level
   latGETnet: 0 # GET request latency on network to next level
  l1d-3: # Filter cache stats
   fhGETS: 258619739 # Filtered GETS hits
   fhGETX: 111291309 # Filtered GETX hits
   hGETS: 24528016 # GETS hits
   hGETX: 699009 # GETX hits
   mGETS: 769586 # GETS misses
   mGETXIM: 87 # GETX I->M misses
   mGETXSM: 6 # GETX S->M misses (upgrade misses)
   PUTS: 0 # Clean evictions (from lower level)
   PUTX: 0 # Dirty evictions (from lower level)
   INV: 4833 # Invalidates (from upper level)
   INVX: 928 # Downgrades (from upper level)
   FWD: 0 # Forwards (from upper level)
   latGETnl: 105528407 # GET request latency on next level
   latGETnet: 0 # GET request latency on network to next level
 l2: # Cache stats
  l2-0: # Cache stats
   hGETS: 69012 # GETS hits
   hGETX: 0 # GETX hits
   mGETS: 703103 # GETS misses
   mGETXIM: 131 # GETX I->M misses
   mGETXSM: 2 # GETX S->M misses (upgrade misses)
   PUTS: 765632 # Clean evictions (from lower level)
   PUTX: 58 # Dirty evictions (from lower level)
   INV: 669959 # Invalidates (from upper level)
   INVX: 1698 # Downgrades (from upper level)
   FWD: 0 # Forwards (from upper level)
   latGETnl: 97214501 # GET request latency on next level
   latGETnet: 0 # GET request latency on network to next level
  l2-1: # Cache stats
   hGETS: 69770 # GETS hits
   hGETX: 0 # GETX hits
   mGETS: 702903 # GETS misses
   mGETXIM: 65 # GETX I->M misses
   mGETXSM: 6 # GETX S->M misses (upgrade misses)
   PUTS: 766184 # Clean evictions (from lower level)
   PUTX: 15 # Dirty evictions (from lower level)
   INV: 669937 # Invalidates (from upper level)
   INVX: 772 # Downgrades (from upper level)
   FWD: 0 # Forwards (from upper level)
   latGETnl: 97154591 # GET request latency on next level
   latGETnet: 0 # GET request latency on network to next level
  l2-2: # Cache stats
   hGETS: 67839 # GETS hits
   hGETX: 0 # GETX hits
   mGETS: 702715 # GETS misses
   mGETXIM: 55 # GETX I->M misses
   mGETXSM: 3 # GETX S->M misses (upgrade misses)
   PUTS: 764105 # Clean evictions (from lower level)
   PUTX: 6 # Dirty evictions (from lower level)
   INV: 669767 # Invalidates (from upper level)
   INVX: 1813 # Downgrades (from upper level)
   FWD: 0 # Forwards (from upper level)
   latGETnl: 97184512 # GET request latency on next level
   latGETnet: 0 # GET request latency on network to next level
  l2-3: # Cache stats
   hGETS: 67829 # GETS hits
   hGETX: 0 # GETX hits
   mGETS: 702900 # GETS misses
   mGETXIM: 87 # GETX I->M misses
   mGETXSM: 6 # GETX S->M misses (upgrade misses)
   PUTS: 764308 # Clean evictions (from lower level)
   PUTX: 20 # Dirty evictions (from lower level)
   INV: 670385 # Invalidates (from upper level)
   INVX: 931 # Downgrades (from upper level)
   FWD: 0 # Forwards (from upper level)
   latGETnl: 97089970 # GET request latency on next level
   latGETnet: 0 # GET request latency on network to next level
 l3: # Cache stats
  l3-0: # Cache stats
   hGETS: 18810 # GETS hits
   hGETX: 26 # GETX hits
   mGETS: 2792811 # GETS misses
   mGETXIM: 329 # GETX I->M misses
   mGETXSM: 0 # GETX S->M misses (upgrade misses)
   PUTS: 0 # Clean evictions (from lower level)
   PUTX: 0 # Dirty evictions (from lower level)
   INV: 0 # Invalidates (from upper level)
   INVX: 0 # Downgrades (from upper level)
   FWD: 0 # Forwards (from upper level)
   latGETnl: 340761534 # GET request latency on next level
   latGETnet: 0 # GET request latency on network to next level
 mem: # Memory controller stats
  mem-0: # Memory controller stats
   rd: 2793140 # Read requests
   wr: 553 # Write requests
   rdlat: 340761534 # Total latency experienced by read requests
   wrlat: 67466 # Total latency experienced by write requests
   load: 43358 # Sum of load factors (0-100) per update
   ups: 8670 # Number of latency updates
   clampedLoads: 0 # Number of updates where the load was clamped to 95%
 sched: # Scheduler stats
  thCr: 4 # Threads created
  thFn: 0 # Threads finished
  schedEvs: 4 # Schedule events
  waitEvs: 0 # Wait events
  handoffEvs: 0 # Handoff events
  sleepEvs: 0 # Sleep events
  idlePhases: 0 # Phases with no thread active
  idlePeriods: 0 # Periods with no thread active
  occHist: # Occupancy histogram
   0: 0
   1: 0
   2: 0
   3: 0
   4: 8671
  rqSzHist: # Run queue size histogram
   0: 8671
   1: 0
   2: 0
   3: 0
   4: 0
   5: 0
   6: 0
   7: 0
   8: 0
   9: 0
   10: 0
   11: 0
   12: 0
   13: 0
   14: 0
   15: 0
   16: 0
 heartbeats: # Per-process heartbeats
  0: 0
  1: 0
  2: 0
  3: 0
  4: 0
  5: 0
  6: 0
  7: 0
  8: 0
  9: 0
  10: 0
  11: 0
  12: 0
  13: 0
  14: 0
  15: 0
  16: 0
  17: 0
  18: 0
  19: 0
  20: 0
  21: 0
  22: 0
  23: 0
  24: 0
  25: 0
  26: 0
  27: 0
  28: 0
  29: 0
  30: 0
  31: 0
  32: 0
  33: 0
  34: 0
  35: 0
  36: 0
  37: 0
  38: 0
  39: 0
  40: 0
  41: 0
  42: 0
  43: 0
  44: 0
  45: 0
  46: 0
  47: 0
  48: 0
  49: 0
  50: 0
  51: 0
  52: 0
  53: 0
  54: 0
  55: 0
  56: 0
  57: 0
  58: 0
  59: 0
  60: 0
  61: 0
  62: 0
  63: 0
===
