# zsim stats
===
root: # Stats
 contention: # Contention simulation stats
  domain-0: # Domain stats
   time: 3823330018 # Weave simulation time
 time: # Simulator time breakdown
  init: 20800060043
  bound: 1519286936392
  weave: 11404014487
  ff: 0
 trigger: 20000 # Reason for this stats dump
 phase: 79153 # Simulated phases
 core: # Core stats
  core-0: # Core stats
   cycles: 7914055395 # Simulated unhalted cycles
   cCycles: 0 # Cycles due to contention stalls
   instrs: 1254500536 # Simulated instructions
   uops: 1283768903 # Retired micro-ops
   bbls: 201564263 # Basic blocks
   approxInstrs: 15277150 # Instrs with approx uop decoding
   mispredBranches: 10305 # Mispredicted branches
   fetchStalls: 5750429 # Fetch stalls
   decodeStalls: 325598433 # Decode stalls
   issueStalls: 34190399 # Issue stalls
  core-1: # Core stats
   cycles: 7914549922 # Simulated unhalted cycles
   cCycles: 0 # Cycles due to contention stalls
   instrs: 1247227514 # Simulated instructions
   uops: 1276943486 # Retired micro-ops
   bbls: 200230817 # Basic blocks
   approxInstrs: 15160119 # Instrs with approx uop decoding
   mispredBranches: 10475 # Mispredicted branches
   fetchStalls: 5316184 # Fetch stalls
   decodeStalls: 324058016 # Decode stalls
   issueStalls: 35934326 # Issue stalls
  core-2: # Core stats
   cycles: 7915300019 # Simulated unhalted cycles
   cCycles: 0 # Cycles due to contention stalls
   instrs: 1252410835 # Simulated instructions
   uops: 1281928411 # Retired micro-ops
   bbls: 201138814 # Basic blocks
   approxInstrs: 15240004 # Instrs with approx uop decoding
   mispredBranches: 10408 # Mispredicted branches
   fetchStalls: 5445637 # Fetch stalls
   decodeStalls: 325218181 # Decode stalls
   issueStalls: 36782337 # Issue stalls
  core-3: # Core stats
   cycles: 7914381586 # Simulated unhalted cycles
   cCycles: 0 # Cycles due to contention stalls
   instrs: 1245940725 # Simulated instructions
   uops: 1275300520 # Retired micro-ops
   bbls: 200111132 # Basic blocks
   approxInstrs: 15160119 # Instrs with approx uop decoding
   mispredBranches: 10423 # Mispredicted branches
   fetchStalls: 4979617 # Fetch stalls
   decodeStalls: 323550781 # Decode stalls
   issueStalls: 35824618 # Issue stalls
 l1i: # Cache stats
  l1i-0: # Filter cache stats
   fhGETS: 218146752 # Filtered GETS hits
   fhGETX: 0 # Filtered GETX hits
   hGETS: 0 # GETS hits
   hGETX: 0 # GETX hits
   mGETS: 60577 # GETS misses
   mGETXIM: 0 # GETX I->M misses
   mGETXSM: 0 # GETX S->M misses (upgrade misses)
   PUTS: 0 # Clean evictions (from lower level)
   PUTX: 0 # Dirty evictions (from lower level)
   INV: 15422 # Invalidates (from upper level)
   INVX: 0 # Downgrades (from upper level)
   FWD: 0 # Forwards (from upper level)
   latGETnl: 7045622 # GET request latency on next level
   latGETnet: 0 # GET request latency on network to next level
  l1i-1: # Filter cache stats
   fhGETS: 216725310 # Filtered GETS hits
   fhGETX: 0 # Filtered GETX hits
   hGETS: 0 # GETS hits
   hGETX: 0 # GETX hits
   mGETS: 60708 # GETS misses
   mGETXIM: 0 # GETX I->M misses
   mGETXSM: 0 # GETX S->M misses (upgrade misses)
   PUTS: 0 # Clean evictions (from lower level)
   PUTX: 0 # Dirty evictions (from lower level)
   INV: 15628 # Invalidates (from upper level)
   INVX: 0 # Downgrades (from upper level)
   FWD: 0 # Forwards (from upper level)
   latGETnl: 6540629 # GET request latency on next level
   latGETnet: 0 # GET request latency on network to next level
  l1i-2: # Filter cache stats
   fhGETS: 217701223 # Filtered GETS hits
   fhGETX: 0 # Filtered GETX hits
   hGETS: 0 # GETS hits
   hGETX: 0 # GETX hits
   mGETS: 59588 # GETS misses
   mGETXIM: 0 # GETX I->M misses
   mGETXSM: 0 # GETX S->M misses (upgrade misses)
   PUTS: 0 # Clean evictions (from lower level)
   PUTX: 0 # Dirty evictions (from lower level)
   INV: 15609 # Invalidates (from upper level)
   INVX: 0 # Downgrades (from upper level)
   FWD: 0 # Forwards (from upper level)
   latGETnl: 6725173 # GET request latency on next level
   latGETnet: 0 # GET request latency on network to next level
  l1i-3: # Filter cache stats
   fhGETS: 216592575 # Filtered GETS hits
   fhGETX: 0 # Filtered GETX hits
   hGETS: 0 # GETS hits
   hGETX: 0 # GETX hits
   mGETS: 60647 # GETS misses
   mGETXIM: 0 # GETX I->M misses
   mGETXSM: 0 # GETX S->M misses (upgrade misses)
   PUTS: 0 # Clean evictions (from lower level)
   PUTX: 0 # Dirty evictions (from lower level)
   INV: 15513 # Invalidates (from upper level)
   INVX: 0 # Downgrades (from upper level)
   FWD: 0 # Forwards (from upper level)
   latGETnl: 6166835 # GET request latency on next level
   latGETnet: 0 # GET request latency on network to next level
 l1d: # Cache stats
  l1d-0: # Filter cache stats
   fhGETS: 215334529 # Filtered GETS hits
   fhGETX: 56173026 # Filtered GETX hits
   hGETS: 4231 # GETS hits
   hGETX: 24167886 # GETX hits
   mGETS: 75203663 # GETS misses
   mGETXIM: 10500786 # GETX I->M misses
   mGETXSM: 209 # GETX S->M misses (upgrade misses)
   PUTS: 0 # Clean evictions (from lower level)
   PUTX: 0 # Dirty evictions (from lower level)
   INV: 34854 # Invalidates (from upper level)
   INVX: 146158 # Downgrades (from upper level)
   FWD: 0 # Forwards (from upper level)
   latGETnl: 19806379891 # GET request latency on next level
   latGETnet: 0 # GET request latency on network to next level
  l1d-1: # Filter cache stats
   fhGETS: 221435159 # Filtered GETS hits
   fhGETX: 55992773 # Filtered GETX hits
   hGETS: 4620 # GETS hits
   hGETX: 24045844 # GETX hits
   mGETS: 67869957 # GETS misses
   mGETXIM: 10545704 # GETX I->M misses
   mGETXSM: 207 # GETX S->M misses (upgrade misses)
   PUTS: 0 # Clean evictions (from lower level)
   PUTX: 0 # Dirty evictions (from lower level)
   INV: 35833 # Invalidates (from upper level)
   INVX: 155403 # Downgrades (from upper level)
   FWD: 0 # Forwards (from upper level)
   latGETnl: 19637236142 # GET request latency on next level
   latGETnet: 0 # GET request latency on network to next level
  l1d-2: # Filter cache stats
   fhGETS: 230988542 # Filtered GETS hits
   fhGETX: 56273718 # Filtered GETX hits
   hGETS: 4498 # GETS hits
   hGETX: 23939839 # GETX hits
   mGETS: 59273716 # GETS misses
   mGETXIM: 10601180 # GETX I->M misses
   mGETXSM: 94 # GETX S->M misses (upgrade misses)
   PUTS: 0 # Clean evictions (from lower level)
   PUTX: 0 # Dirty evictions (from lower level)
   INV: 35253 # Invalidates (from upper level)
   INVX: 143482 # Downgrades (from upper level)
   FWD: 0 # Forwards (from upper level)
   latGETnl: 19579299560 # GET request latency on next level
   latGETnet: 0 # GET request latency on network to next level
  l1d-3: # Filter cache stats
   fhGETS: 220727294 # Filtered GETS hits
   fhGETX: 55821852 # Filtered GETX hits
   hGETS: 4736 # GETS hits
   hGETX: 24035029 # GETX hits
   mGETS: 67947219 # GETS misses
   mGETXIM: 10518886 # GETX I->M misses
   mGETXSM: 221 # GETX S->M misses (upgrade misses)
   PUTS: 0 # Clean evictions (from lower level)
   PUTX: 0 # Dirty evictions (from lower level)
   INV: 36475 # Invalidates (from upper level)
   INVX: 158478 # Downgrades (from upper level)
   FWD: 0 # Forwards (from upper level)
   latGETnl: 19653852510 # GET request latency on next level
   latGETnet: 0 # GET request latency on network to next level
 l2: # Cache stats
  l2-0: # Cache stats
   hGETS: 48505148 # GETS hits
   hGETX: 7921972 # GETX hits
   mGETS: 26759092 # GETS misses
   mGETXIM: 2578773 # GETX I->M misses
   mGETXSM: 250 # GETX S->M misses (upgrade misses)
   PUTS: 51064859 # Clean evictions (from lower level)
   PUTX: 34649814 # Dirty evictions (from lower level)
   INV: 29316177 # Invalidates (from upper level)
   INVX: 2045628 # Downgrades (from upper level)
   FWD: 0 # Forwards (from upper level)
   latGETnl: 18441181753 # GET request latency on next level
   latGETnet: 0 # GET request latency on network to next level
  l2-1: # Cache stats
   hGETS: 40976691 # GETS hits
   hGETX: 8134009 # GETX hits
   mGETS: 26953974 # GETS misses
   mGETXIM: 2411693 # GETX I->M misses
   mGETXSM: 209 # GETX S->M misses (upgrade misses)
   PUTS: 43850728 # Clean evictions (from lower level)
   PUTX: 34574112 # Dirty evictions (from lower level)
   INV: 29352101 # Invalidates (from upper level)
   INVX: 1991222 # Downgrades (from upper level)
   FWD: 0 # Forwards (from upper level)
   latGETnl: 18388151555 # GET request latency on next level
   latGETnet: 0 # GET request latency on network to next level
  l2-2: # Cache stats
   hGETS: 32472216 # GETS hits
   hGETX: 8102121 # GETX hits
   mGETS: 26861088 # GETS misses
   mGETXIM: 2499047 # GETX I->M misses
   mGETXSM: 106 # GETX S->M misses (upgrade misses)
   PUTS: 35360651 # Clean evictions (from lower level)
   PUTX: 34522889 # Dirty evictions (from lower level)
   INV: 29336243 # Invalidates (from upper level)
   INVX: 2010798 # Downgrades (from upper level)
   FWD: 0 # Forwards (from upper level)
   latGETnl: 18467071485 # GET request latency on next level
   latGETnet: 0 # GET request latency on network to next level
  l2-3: # Cache stats
   hGETS: 41104887 # GETS hits
   hGETX: 8091463 # GETX hits
   mGETS: 26902979 # GETS misses
   mGETXIM: 2427422 # GETX I->M misses
   mGETXSM: 222 # GETX S->M misses (upgrade misses)
   PUTS: 43939447 # Clean evictions (from lower level)
   PUTX: 34535245 # Dirty evictions (from lower level)
   INV: 29311427 # Invalidates (from upper level)
   INVX: 1973605 # Downgrades (from upper level)
   FWD: 0 # Forwards (from upper level)
   latGETnl: 18403587777 # GET request latency on next level
   latGETnet: 0 # GET request latency on network to next level
 l3: # Cache stats
  l3-0: # Cache stats
   hGETS: 20868895 # GETS hits
   hGETX: 1093 # GETX hits
   mGETS: 86608238 # GETS misses
   mGETXIM: 9916629 # GETX I->M misses
   mGETXSM: 0 # GETX S->M misses (upgrade misses)
   PUTS: 0 # Clean evictions (from lower level)
   PUTX: 0 # Dirty evictions (from lower level)
   INV: 0 # Invalidates (from upper level)
   INVX: 0 # Downgrades (from upper level)
   FWD: 0 # Forwards (from upper level)
   latGETnl: 70986532628 # GET request latency on next level
   latGETnet: 0 # GET request latency on network to next level
 mem: # Memory controller stats
  mem-0: # Memory controller stats
   rd: 96524867 # Read requests
   wr: 46901964 # Write requests
   rdlat: 70986532628 # Total latency experienced by read requests
   wrlat: 34401436511 # Total latency experienced by write requests
   load: 5655266 # Sum of load factors (0-100) per update
   ups: 79150 # Number of latency updates
   clampedLoads: 5363 # Number of updates where the load was clamped to 95%
 sched: # Scheduler stats
  thCr: 4 # Threads created
  thFn: 0 # Threads finished
  schedEvs: 4 # Schedule events
  waitEvs: 0 # Wait events
  handoffEvs: 0 # Handoff events
  sleepEvs: 0 # Sleep events
  idlePhases: 0 # Phases with no thread active
  idlePeriods: 0 # Periods with no thread active
  occHist: # Occupancy histogram
   0: 0
   1: 0
   2: 0
   3: 0
   4: 79153
  rqSzHist: # Run queue size histogram
   0: 79153
   1: 0
   2: 0
   3: 0
   4: 0
   5: 0
   6: 0
   7: 0
   8: 0
   9: 0
   10: 0
   11: 0
   12: 0
   13: 0
   14: 0
   15: 0
   16: 0
 heartbeats: # Per-process heartbeats
  0: 0
  1: 0
  2: 0
  3: 0
  4: 0
  5: 0
  6: 0
  7: 0
  8: 0
  9: 0
  10: 0
  11: 0
  12: 0
  13: 0
  14: 0
  15: 0
  16: 0
  17: 0
  18: 0
  19: 0
  20: 0
  21: 0
  22: 0
  23: 0
  24: 0
  25: 0
  26: 0
  27: 0
  28: 0
  29: 0
  30: 0
  31: 0
  32: 0
  33: 0
  34: 0
  35: 0
  36: 0
  37: 0
  38: 0
  39: 0
  40: 0
  41: 0
  42: 0
  43: 0
  44: 0
  45: 0
  46: 0
  47: 0
  48: 0
  49: 0
  50: 0
  51: 0
  52: 0
  53: 0
  54: 0
  55: 0
  56: 0
  57: 0
  58: 0
  59: 0
  60: 0
  61: 0
  62: 0
  63: 0
===
