# zsim stats
===
root: # Stats
 contention: # Contention simulation stats
  domain-0: # Domain stats
   time: 2882729872 # Weave simulation time
 time: # Simulator time breakdown
  init: 19701444676
  bound: 1351488052391
  weave: 7967249443
  ff: 0
 trigger: 20000 # Reason for this stats dump
 phase: 64005 # Simulated phases
 core: # Core stats
  core-0: # Core stats
   cycles: 6399495296 # Simulated unhalted cycles
   cCycles: 0 # Cycles due to contention stalls
   instrs: 1247107801 # Simulated instructions
   uops: 1276151178 # Retired micro-ops
   bbls: 200403574 # Basic blocks
   approxInstrs: 15180122 # Instrs with approx uop decoding
   mispredBranches: 10285 # Mispredicted branches
   fetchStalls: 3923424 # Fetch stalls
   decodeStalls: 323661547 # Decode stalls
   issueStalls: 37105952 # Issue stalls
  core-1: # Core stats
   cycles: 6399604263 # Simulated unhalted cycles
   cCycles: 0 # Cycles due to contention stalls
   instrs: 1242315361 # Simulated instructions
   uops: 1272116341 # Retired micro-ops
   bbls: 199368386 # Basic blocks
   approxInstrs: 15100118 # Instrs with approx uop decoding
   mispredBranches: 10498 # Mispredicted branches
   fetchStalls: 3952585 # Fetch stalls
   decodeStalls: 322860619 # Decode stalls
   issueStalls: 35545905 # Issue stalls
  core-2: # Core stats
   cycles: 6399129532 # Simulated unhalted cycles
   cCycles: 0 # Cycles due to contention stalls
   instrs: 1264510647 # Simulated instructions
   uops: 1294132478 # Retired micro-ops
   bbls: 203156413 # Basic blocks
   approxInstrs: 15380585 # Instrs with approx uop decoding
   mispredBranches: 10432 # Mispredicted branches
   fetchStalls: 3728813 # Fetch stalls
   decodeStalls: 328270826 # Decode stalls
   issueStalls: 36269840 # Issue stalls
  core-3: # Core stats
   cycles: 6400500251 # Simulated unhalted cycles
   cCycles: 0 # Cycles due to contention stalls
   instrs: 1246082158 # Simulated instructions
   uops: 1275431017 # Retired micro-ops
   bbls: 200135409 # Basic blocks
   approxInstrs: 15160004 # Instrs with approx uop decoding
   mispredBranches: 10379 # Mispredicted branches
   fetchStalls: 3677733 # Fetch stalls
   decodeStalls: 323577507 # Decode stalls
   issueStalls: 36499203 # Issue stalls
 l1i: # Cache stats
  l1i-0: # Filter cache stats
   fhGETS: 216897515 # Filtered GETS hits
   fhGETX: 0 # Filtered GETX hits
   hGETS: 42052 # GETS hits
   hGETX: 0 # GETX hits
   mGETS: 18460 # GETS misses
   mGETXIM: 0 # GETX I->M misses
   mGETXSM: 0 # GETX S->M misses (upgrade misses)
   PUTS: 0 # Clean evictions (from lower level)
   PUTX: 0 # Dirty evictions (from lower level)
   INV: 18322 # Invalidates (from upper level)
   INVX: 0 # Downgrades (from upper level)
   FWD: 0 # Forwards (from upper level)
   latGETnl: 4839342 # GET request latency on next level
   latGETnet: 0 # GET request latency on network to next level
  l1i-1: # Filter cache stats
   fhGETS: 215793198 # Filtered GETS hits
   fhGETX: 0 # Filtered GETX hits
   hGETS: 42040 # GETS hits
   hGETX: 0 # GETX hits
   mGETS: 18432 # GETS misses
   mGETXIM: 0 # GETX I->M misses
   mGETXSM: 0 # GETX S->M misses (upgrade misses)
   PUTS: 0 # Clean evictions (from lower level)
   PUTX: 0 # Dirty evictions (from lower level)
   INV: 18294 # Invalidates (from upper level)
   INVX: 0 # Downgrades (from upper level)
   FWD: 0 # Forwards (from upper level)
   latGETnl: 4950434 # GET request latency on next level
   latGETnet: 0 # GET request latency on network to next level
  l1i-2: # Filter cache stats
   fhGETS: 219870985 # Filtered GETS hits
   fhGETX: 0 # Filtered GETX hits
   hGETS: 42112 # GETS hits
   hGETX: 0 # GETX hits
   mGETS: 18624 # GETS misses
   mGETXIM: 0 # GETX I->M misses
   mGETXSM: 0 # GETX S->M misses (upgrade misses)
   PUTS: 0 # Clean evictions (from lower level)
   PUTX: 0 # Dirty evictions (from lower level)
   INV: 18510 # Invalidates (from upper level)
   INVX: 0 # Downgrades (from upper level)
   FWD: 0 # Forwards (from upper level)
   latGETnl: 4642097 # GET request latency on next level
   latGETnet: 0 # GET request latency on network to next level
  l1i-3: # Filter cache stats
   fhGETS: 216620772 # Filtered GETS hits
   fhGETX: 0 # Filtered GETX hits
   hGETS: 40845 # GETS hits
   hGETX: 0 # GETX hits
   mGETS: 18529 # GETS misses
   mGETXIM: 0 # GETX I->M misses
   mGETXSM: 0 # GETX S->M misses (upgrade misses)
   PUTS: 0 # Clean evictions (from lower level)
   PUTX: 0 # Dirty evictions (from lower level)
   INV: 18365 # Invalidates (from upper level)
   INVX: 0 # Downgrades (from upper level)
   FWD: 0 # Forwards (from upper level)
   latGETnl: 4610475 # GET request latency on next level
   latGETnet: 0 # GET request latency on network to next level
 l1d: # Cache stats
  l1d-0: # Filter cache stats
   fhGETS: 163183247 # Filtered GETS hits
   fhGETX: 34131377 # Filtered GETX hits
   hGETS: 71105390 # GETS hits
   hGETX: 46896858 # GETX hits
   mGETS: 54374512 # GETS misses
   mGETXIM: 9309210 # GETX I->M misses
   mGETXSM: 214 # GETX S->M misses (upgrade misses)
   PUTS: 0 # Clean evictions (from lower level)
   PUTX: 0 # Dirty evictions (from lower level)
   INV: 73281 # Invalidates (from upper level)
   INVX: 295116 # Downgrades (from upper level)
   FWD: 0 # Forwards (from upper level)
   latGETnl: 15589106313 # GET request latency on next level
   latGETnet: 0 # GET request latency on network to next level
  l1d-1: # Filter cache stats
   fhGETS: 199350264 # Filtered GETS hits
   fhGETX: 41643627 # Filtered GETX hits
   hGETS: 37731547 # GETS hits
   hGETX: 38840666 # GETX hits
   mGETS: 51345786 # GETS misses
   mGETXIM: 9762379 # GETX I->M misses
   mGETXSM: 209 # GETX S->M misses (upgrade misses)
   PUTS: 0 # Clean evictions (from lower level)
   PUTX: 0 # Dirty evictions (from lower level)
   INV: 71215 # Invalidates (from upper level)
   INVX: 301755 # Downgrades (from upper level)
   FWD: 0 # Forwards (from upper level)
   latGETnl: 15500839243 # GET request latency on next level
   latGETnet: 0 # GET request latency on network to next level
  l1d-2: # Filter cache stats
   fhGETS: 231152285 # Filtered GETS hits
   fhGETX: 56460480 # Filtered GETX hits
   hGETS: 11296989 # GETS hits
   hGETX: 25818112 # GETX hits
   mGETS: 50497183 # GETS misses
   mGETXIM: 9356574 # GETX I->M misses
   mGETXSM: 208 # GETX S->M misses (upgrade misses)
   PUTS: 0 # Clean evictions (from lower level)
   PUTX: 0 # Dirty evictions (from lower level)
   INV: 73748 # Invalidates (from upper level)
   INVX: 294063 # Downgrades (from upper level)
   FWD: 0 # Forwards (from upper level)
   latGETnl: 15624267033 # GET request latency on next level
   latGETnet: 0 # GET request latency on network to next level
  l1d-3: # Filter cache stats
   fhGETS: 229039712 # Filtered GETS hits
   fhGETX: 55925109 # Filtered GETX hits
   hGETS: 9866795 # GETS hits
   hGETX: 25233243 # GETX hits
   mGETS: 49788077 # GETS misses
   mGETXIM: 9227141 # GETX I->M misses
   mGETXSM: 108 # GETX S->M misses (upgrade misses)
   PUTS: 0 # Clean evictions (from lower level)
   PUTX: 0 # Dirty evictions (from lower level)
   INV: 74469 # Invalidates (from upper level)
   INVX: 293124 # Downgrades (from upper level)
   FWD: 0 # Forwards (from upper level)
   latGETnl: 15557819251 # GET request latency on next level
   latGETnet: 0 # GET request latency on network to next level
 l2: # Cache stats
  l2-0: # Cache stats
   hGETS: 27571087 # GETS hits
   hGETX: 6751657 # GETX hits
   mGETS: 26821885 # GETS misses
   mGETXIM: 2557512 # GETX I->M misses
   mGETXSM: 255 # GETX S->M misses (upgrade misses)
   PUTS: 30487756 # Clean evictions (from lower level)
   PUTX: 33122677 # Dirty evictions (from lower level)
   INV: 29100670 # Invalidates (from upper level)
   INVX: 2141661 # Downgrades (from upper level)
   FWD: 0 # Forwards (from upper level)
   latGETnl: 14829516903 # GET request latency on next level
   latGETnet: 0 # GET request latency on network to next level
  l2-1: # Cache stats
   hGETS: 24450763 # GETS hits
   hGETX: 7322980 # GETX hits
   mGETS: 26913455 # GETS misses
   mGETXIM: 2439399 # GETX I->M misses
   mGETXSM: 209 # GETX S->M misses (upgrade misses)
   PUTS: 28442905 # Clean evictions (from lower level)
   PUTX: 32594041 # Dirty evictions (from lower level)
   INV: 29158050 # Invalidates (from upper level)
   INVX: 2001540 # Downgrades (from upper level)
   FWD: 0 # Forwards (from upper level)
   latGETnl: 14772268005 # GET request latency on next level
   latGETnet: 0 # GET request latency on network to next level
  l2-2: # Cache stats
   hGETS: 23287674 # GETS hits
   hGETX: 6958537 # GETX hits
   mGETS: 27228133 # GETS misses
   mGETXIM: 2398037 # GETX I->M misses
   mGETXSM: 208 # GETX S->M misses (upgrade misses)
   PUTS: 27375181 # Clean evictions (from lower level)
   PUTX: 32404802 # Dirty evictions (from lower level)
   INV: 29406400 # Invalidates (from upper level)
   INVX: 2014303 # Downgrades (from upper level)
   FWD: 0 # Forwards (from upper level)
   latGETnl: 14910438062 # GET request latency on next level
   latGETnet: 0 # GET request latency on network to next level
  l2-3: # Cache stats
   hGETS: 22830176 # GETS hits
   hGETX: 6830045 # GETX hits
   mGETS: 26976430 # GETS misses
   mGETXIM: 2397086 # GETX I->M misses
   mGETXSM: 118 # GETX S->M misses (upgrade misses)
   PUTS: 27009386 # Clean evictions (from lower level)
   PUTX: 31931387 # Dirty evictions (from lower level)
   INV: 29181225 # Invalidates (from upper level)
   INVX: 2025912 # Downgrades (from upper level)
   FWD: 0 # Forwards (from upper level)
   latGETnl: 14854023466 # GET request latency on next level
   latGETnet: 0 # GET request latency on network to next level
 l3: # Cache stats
  l3-0: # Cache stats
   hGETS: 21479980 # GETS hits
   hGETX: 1304 # GETX hits
   mGETS: 86459923 # GETS misses
   mGETXIM: 9791520 # GETX I->M misses
   mGETXSM: 0 # GETX S->M misses (upgrade misses)
   PUTS: 797093 # Clean evictions (from lower level)
   PUTX: 58 # Dirty evictions (from lower level)
   INV: 0 # Invalidates (from upper level)
   INVX: 0 # Downgrades (from upper level)
   FWD: 0 # Forwards (from upper level)
   latGETnl: 56908642248 # GET request latency on next level
   latGETnet: 0 # GET request latency on network to next level
 mem: # Memory controller stats
  mem-0: # Memory controller stats
   rd: 96251443 # Read requests
   wr: 46777399 # Write requests
   rdlat: 56908642248 # Total latency experienced by read requests
   wrlat: 27458229621 # Total latency experienced by write requests
   load: 4554652 # Sum of load factors (0-100) per update
   ups: 64003 # Number of latency updates
   clampedLoads: 4229 # Number of updates where the load was clamped to 95%
 sched: # Scheduler stats
  thCr: 4 # Threads created
  thFn: 0 # Threads finished
  schedEvs: 4 # Schedule events
  waitEvs: 0 # Wait events
  handoffEvs: 0 # Handoff events
  sleepEvs: 0 # Sleep events
  idlePhases: 0 # Phases with no thread active
  idlePeriods: 0 # Periods with no thread active
  occHist: # Occupancy histogram
   0: 0
   1: 0
   2: 0
   3: 0
   4: 64005
  rqSzHist: # Run queue size histogram
   0: 64005
   1: 0
   2: 0
   3: 0
   4: 0
   5: 0
   6: 0
   7: 0
   8: 0
   9: 0
   10: 0
   11: 0
   12: 0
   13: 0
   14: 0
   15: 0
   16: 0
 heartbeats: # Per-process heartbeats
  0: 0
  1: 0
  2: 0
  3: 0
  4: 0
  5: 0
  6: 0
  7: 0
  8: 0
  9: 0
  10: 0
  11: 0
  12: 0
  13: 0
  14: 0
  15: 0
  16: 0
  17: 0
  18: 0
  19: 0
  20: 0
  21: 0
  22: 0
  23: 0
  24: 0
  25: 0
  26: 0
  27: 0
  28: 0
  29: 0
  30: 0
  31: 0
  32: 0
  33: 0
  34: 0
  35: 0
  36: 0
  37: 0
  38: 0
  39: 0
  40: 0
  41: 0
  42: 0
  43: 0
  44: 0
  45: 0
  46: 0
  47: 0
  48: 0
  49: 0
  50: 0
  51: 0
  52: 0
  53: 0
  54: 0
  55: 0
  56: 0
  57: 0
  58: 0
  59: 0
  60: 0
  61: 0
  62: 0
  63: 0
===
