# zsim stats
===
root: # Stats
 contention: # Contention simulation stats
  domain-0: # Domain stats
   time: 444623926 # Weave simulation time
 time: # Simulator time breakdown
  init: 19951949174
  bound: 857758790615
  weave: 943380276
  ff: 0
 trigger: 20000 # Reason for this stats dump
 phase: 7494 # Simulated phases
 core: # Core stats
  core-0: # Core stats
   cycles: 748616941 # Simulated unhalted cycles
   cCycles: 0 # Cycles due to contention stalls
   instrs: 839852728 # Simulated instructions
   uops: 859536115 # Retired micro-ops
   bbls: 134966926 # Basic blocks
   approxInstrs: 10220122 # Instrs with approx uop decoding
   mispredBranches: 7114 # Mispredicted branches
   fetchStalls: 707672 # Fetch stalls
   decodeStalls: 217968944 # Decode stalls
   issueStalls: 24997864 # Issue stalls
  core-1: # Core stats
   cycles: 748889270 # Simulated unhalted cycles
   cCycles: 0 # Cycles due to contention stalls
   instrs: 830812305 # Simulated instructions
   uops: 850610034 # Retired micro-ops
   bbls: 133423956 # Basic blocks
   approxInstrs: 10100118 # Instrs with approx uop decoding
   mispredBranches: 7133 # Mispredicted branches
   fetchStalls: 690743 # Fetch stalls
   decodeStalls: 215819112 # Decode stalls
   issueStalls: 24554845 # Issue stalls
  core-2: # Core stats
   cycles: 748710206 # Simulated unhalted cycles
   cCycles: 0 # Cycles due to contention stalls
   instrs: 831799376 # Simulated instructions
   uops: 851931167 # Retired micro-ops
   bbls: 133494209 # Basic blocks
   approxInstrs: 10100118 # Instrs with approx uop decoding
   mispredBranches: 7170 # Mispredicted branches
   fetchStalls: 689172 # Fetch stalls
   decodeStalls: 216239185 # Decode stalls
   issueStalls: 24733137 # Issue stalls
  core-3: # Core stats
   cycles: 748794660 # Simulated unhalted cycles
   cCycles: 0 # Cycles due to contention stalls
   instrs: 833608184 # Simulated instructions
   uops: 853119880 # Retired micro-ops
   bbls: 133979873 # Basic blocks
   approxInstrs: 10140119 # Instrs with approx uop decoding
   mispredBranches: 6981 # Mispredicted branches
   fetchStalls: 685827 # Fetch stalls
   decodeStalls: 216345279 # Decode stalls
   issueStalls: 24608466 # Issue stalls
  core-4: # Core stats
   cycles: 748824314 # Simulated unhalted cycles
   cCycles: 0 # Cycles due to contention stalls
   instrs: 830945671 # Simulated instructions
   uops: 851090790 # Retired micro-ops
   bbls: 133358835 # Basic blocks
   approxInstrs: 10080118 # Instrs with approx uop decoding
   mispredBranches: 7230 # Mispredicted branches
   fetchStalls: 697526 # Fetch stalls
   decodeStalls: 216037073 # Decode stalls
   issueStalls: 24601124 # Issue stalls
  core-5: # Core stats
   cycles: 749300004 # Simulated unhalted cycles
   cCycles: 0 # Cycles due to contention stalls
   instrs: 833183068 # Simulated instructions
   uops: 852359736 # Retired micro-ops
   bbls: 134011374 # Basic blocks
   approxInstrs: 10140004 # Instrs with approx uop decoding
   mispredBranches: 6857 # Mispredicted branches
   fetchStalls: 687121 # Fetch stalls
   decodeStalls: 216066717 # Decode stalls
   issueStalls: 24900481 # Issue stalls
 l1i: # Cache stats
  l1i-0: # Filter cache stats
   fhGETS: 146039376 # Filtered GETS hits
   fhGETX: 0 # Filtered GETX hits
   hGETS: 41450 # GETS hits
   hGETX: 0 # GETX hits
   mGETS: 23094 # GETS misses
   mGETXIM: 0 # GETX I->M misses
   mGETXSM: 0 # GETX S->M misses (upgrade misses)
   PUTS: 0 # Clean evictions (from lower level)
   PUTX: 0 # Dirty evictions (from lower level)
   INV: 23047 # Invalidates (from upper level)
   INVX: 0 # Downgrades (from upper level)
   FWD: 0 # Forwards (from upper level)
   latGETnl: 794494 # GET request latency on next level
   latGETnet: 0 # GET request latency on network to next level
  l1i-1: # Filter cache stats
   fhGETS: 144386445 # Filtered GETS hits
   fhGETX: 0 # Filtered GETX hits
   hGETS: 41424 # GETS hits
   hGETX: 0 # GETX hits
   mGETS: 22871 # GETS misses
   mGETXIM: 0 # GETX I->M misses
   mGETXSM: 0 # GETX S->M misses (upgrade misses)
   PUTS: 0 # Clean evictions (from lower level)
   PUTX: 0 # Dirty evictions (from lower level)
   INV: 22845 # Invalidates (from upper level)
   INVX: 0 # Downgrades (from upper level)
   FWD: 0 # Forwards (from upper level)
   latGETnl: 770653 # GET request latency on next level
   latGETnet: 0 # GET request latency on network to next level
  l1i-2: # Filter cache stats
   fhGETS: 144470912 # Filtered GETS hits
   fhGETX: 0 # Filtered GETX hits
   hGETS: 41412 # GETS hits
   hGETX: 0 # GETX hits
   mGETS: 22806 # GETS misses
   mGETXIM: 0 # GETX I->M misses
   mGETXSM: 0 # GETX S->M misses (upgrade misses)
   PUTS: 0 # Clean evictions (from lower level)
   PUTX: 0 # Dirty evictions (from lower level)
   INV: 22796 # Invalidates (from upper level)
   INVX: 0 # Downgrades (from upper level)
   FWD: 0 # Forwards (from upper level)
   latGETnl: 752552 # GET request latency on next level
   latGETnet: 0 # GET request latency on network to next level
  l1i-3: # Filter cache stats
   fhGETS: 144975817 # Filtered GETS hits
   fhGETX: 0 # Filtered GETX hits
   hGETS: 41410 # GETS hits
   hGETX: 0 # GETX hits
   mGETS: 22814 # GETS misses
   mGETXIM: 0 # GETX I->M misses
   mGETXSM: 0 # GETX S->M misses (upgrade misses)
   PUTS: 0 # Clean evictions (from lower level)
   PUTX: 0 # Dirty evictions (from lower level)
   INV: 22807 # Invalidates (from upper level)
   INVX: 0 # Downgrades (from upper level)
   FWD: 0 # Forwards (from upper level)
   latGETnl: 752816 # GET request latency on next level
   latGETnet: 0 # GET request latency on network to next level
  l1i-4: # Filter cache stats
   fhGETS: 144315670 # Filtered GETS hits
   fhGETX: 0 # Filtered GETX hits
   hGETS: 41427 # GETS hits
   hGETX: 0 # GETX hits
   mGETS: 22903 # GETS misses
   mGETXIM: 0 # GETX I->M misses
   mGETXSM: 0 # GETX S->M misses (upgrade misses)
   PUTS: 0 # Clean evictions (from lower level)
   PUTX: 0 # Dirty evictions (from lower level)
   INV: 22888 # Invalidates (from upper level)
   INVX: 0 # Downgrades (from upper level)
   FWD: 0 # Forwards (from upper level)
   latGETnl: 772409 # GET request latency on next level
   latGETnet: 0 # GET request latency on network to next level
  l1i-5: # Filter cache stats
   fhGETS: 144997962 # Filtered GETS hits
   fhGETX: 0 # Filtered GETX hits
   hGETS: 40222 # GETS hits
   hGETX: 0 # GETX hits
   mGETS: 22788 # GETS misses
   mGETXIM: 0 # GETX I->M misses
   mGETXSM: 0 # GETX S->M misses (upgrade misses)
   PUTS: 0 # Clean evictions (from lower level)
   PUTX: 0 # Dirty evictions (from lower level)
   INV: 22777 # Invalidates (from upper level)
   INVX: 0 # Downgrades (from upper level)
   FWD: 0 # Forwards (from upper level)
   latGETnl: 760916 # GET request latency on next level
   latGETnet: 0 # GET request latency on network to next level
 l1d: # Cache stats
  l1d-0: # Filter cache stats
   fhGETS: 153609368 # Filtered GETS hits
   fhGETX: 37517789 # Filtered GETX hits
   hGETS: 7114450 # GETS hits
   hGETX: 17168828 # GETX hits
   mGETS: 33734407 # GETS misses
   mGETXIM: 6179509 # GETX I->M misses
   mGETXSM: 152 # GETX S->M misses (upgrade misses)
   PUTS: 0 # Clean evictions (from lower level)
   PUTX: 0 # Dirty evictions (from lower level)
   INV: 6004 # Invalidates (from upper level)
   INVX: 9512 # Downgrades (from upper level)
   FWD: 0 # Forwards (from upper level)
   latGETnl: 1332744457 # GET request latency on next level
   latGETnet: 0 # GET request latency on network to next level
  l1d-1: # Filter cache stats
   fhGETS: 133122265 # Filtered GETS hits
   fhGETX: 32572700 # Filtered GETX hits
   hGETS: 25134023 # GETS hits
   hGETX: 21580699 # GETX hits
   mGETS: 34277311 # GETS misses
   mGETXIM: 6221627 # GETX I->M misses
   mGETXSM: 169 # GETX S->M misses (upgrade misses)
   PUTS: 0 # Clean evictions (from lower level)
   PUTX: 0 # Dirty evictions (from lower level)
   INV: 4151 # Invalidates (from upper level)
   INVX: 15118 # Downgrades (from upper level)
   FWD: 0 # Forwards (from upper level)
   latGETnl: 1328263452 # GET request latency on next level
   latGETnet: 0 # GET request latency on network to next level
  l1d-2: # Filter cache stats
   fhGETS: 138745338 # Filtered GETS hits
   fhGETX: 34663363 # Filtered GETX hits
   hGETS: 20241331 # GETS hits
   hGETX: 19699354 # GETX hits
   mGETS: 34047080 # GETS misses
   mGETXIM: 6196427 # GETX I->M misses
   mGETXSM: 184 # GETX S->M misses (upgrade misses)
   PUTS: 0 # Clean evictions (from lower level)
   PUTX: 0 # Dirty evictions (from lower level)
   INV: 4716 # Invalidates (from upper level)
   INVX: 14245 # Downgrades (from upper level)
   FWD: 0 # Forwards (from upper level)
   latGETnl: 1325227093 # GET request latency on next level
   latGETnet: 0 # GET request latency on network to next level
  l1d-3: # Filter cache stats
   fhGETS: 152365471 # Filtered GETS hits
   fhGETX: 37287355 # Filtered GETX hits
   hGETS: 7238361 # GETS hits
   hGETX: 17001606 # GETX hits
   mGETS: 33295802 # GETS misses
   mGETXIM: 6156426 # GETX I->M misses
   mGETXSM: 182 # GETX S->M misses (upgrade misses)
   PUTS: 0 # Clean evictions (from lower level)
   PUTX: 0 # Dirty evictions (from lower level)
   INV: 6148 # Invalidates (from upper level)
   INVX: 14685 # Downgrades (from upper level)
   FWD: 0 # Forwards (from upper level)
   latGETnl: 1319248311 # GET request latency on next level
   latGETnet: 0 # GET request latency on network to next level
  l1d-4: # Filter cache stats
   fhGETS: 133513643 # Filtered GETS hits
   fhGETX: 32698833 # Filtered GETX hits
   hGETS: 25148643 # GETS hits
   hGETX: 21568305 # GETX hits
   mGETS: 34269438 # GETS misses
   mGETXIM: 6236577 # GETX I->M misses
   mGETXSM: 151 # GETX S->M misses (upgrade misses)
   PUTS: 0 # Clean evictions (from lower level)
   PUTX: 0 # Dirty evictions (from lower level)
   INV: 4152 # Invalidates (from upper level)
   INVX: 13015 # Downgrades (from upper level)
   FWD: 0 # Forwards (from upper level)
   latGETnl: 1327314107 # GET request latency on next level
   latGETnet: 0 # GET request latency on network to next level
  l1d-5: # Filter cache stats
   fhGETS: 151915118 # Filtered GETS hits
   fhGETX: 37116672 # Filtered GETX hits
   hGETS: 7337957 # GETS hits
   hGETX: 17030684 # GETX hits
   mGETS: 33308302 # GETS misses
   mGETXIM: 6151282 # GETX I->M misses
   mGETXSM: 60 # GETX S->M misses (upgrade misses)
   PUTS: 0 # Clean evictions (from lower level)
   PUTX: 0 # Dirty evictions (from lower level)
   INV: 6206 # Invalidates (from upper level)
   INVX: 15917 # Downgrades (from upper level)
   FWD: 0 # Forwards (from upper level)
   latGETnl: 1320679845 # GET request latency on next level
   latGETnet: 0 # GET request latency on network to next level
 l2: # Cache stats
  l2-0: # Cache stats
   hGETS: 243723 # GETS hits
   hGETX: 643 # GETX hits
   mGETS: 33513778 # GETS misses
   mGETXIM: 6178866 # GETX I->M misses
   mGETXSM: 152 # GETX S->M misses (upgrade misses)
   PUTS: 18352094 # Clean evictions (from lower level)
   PUTX: 21555733 # Dirty evictions (from lower level)
   INV: 205 # Invalidates (from upper level)
   INVX: 874990 # Downgrades (from upper level)
   FWD: 0 # Forwards (from upper level)
   latGETnl: 934167331 # GET request latency on next level
   latGETnet: 0 # GET request latency on network to next level
  l2-1: # Cache stats
   hGETS: 1165691 # GETS hits
   hGETX: 89294 # GETX hits
   mGETS: 33134491 # GETS misses
   mGETXIM: 6132333 # GETX I->M misses
   mGETXSM: 169 # GETX S->M misses (upgrade misses)
   PUTS: 18985197 # Clean evictions (from lower level)
   PUTX: 21509480 # Dirty evictions (from lower level)
   INV: 227 # Invalidates (from upper level)
   INVX: 1044841 # Downgrades (from upper level)
   FWD: 0 # Forwards (from upper level)
   latGETnl: 923814325 # GET request latency on next level
   latGETnet: 0 # GET request latency on network to next level
  l2-2: # Cache stats
   hGETS: 921125 # GETS hits
   hGETX: 46927 # GETX hits
   mGETS: 33148761 # GETS misses
   mGETXIM: 6149500 # GETX I->M misses
   mGETXSM: 184 # GETX S->M misses (upgrade misses)
   PUTS: 18734050 # Clean evictions (from lower level)
   PUTX: 21504618 # Dirty evictions (from lower level)
   INV: 274 # Invalidates (from upper level)
   INVX: 1165626 # Downgrades (from upper level)
   FWD: 0 # Forwards (from upper level)
   latGETnl: 923314675 # GET request latency on next level
   latGETnet: 0 # GET request latency on network to next level
  l2-3: # Cache stats
   hGETS: 57927 # GETS hits
   hGETX: 10542 # GETX hits
   mGETS: 33260689 # GETS misses
   mGETXIM: 6145884 # GETX I->M misses
   mGETXSM: 182 # GETX S->M misses (upgrade misses)
   PUTS: 18075498 # Clean evictions (from lower level)
   PUTX: 21370460 # Dirty evictions (from lower level)
   INV: 214 # Invalidates (from upper level)
   INVX: 883398 # Downgrades (from upper level)
   FWD: 0 # Forwards (from upper level)
   latGETnl: 925248887 # GET request latency on next level
   latGETnet: 0 # GET request latency on network to next level
  l2-4: # Cache stats
   hGETS: 1169094 # GETS hits
   hGETX: 89200 # GETX hits
   mGETS: 33123247 # GETS misses
   mGETXIM: 6147377 # GETX I->M misses
   mGETXSM: 151 # GETX S->M misses (upgrade misses)
   PUTS: 18992496 # Clean evictions (from lower level)
   PUTX: 21509253 # Dirty evictions (from lower level)
   INV: 200 # Invalidates (from upper level)
   INVX: 945467 # Downgrades (from upper level)
   FWD: 0 # Forwards (from upper level)
   latGETnl: 922795826 # GET request latency on next level
   latGETnet: 0 # GET request latency on network to next level
  l2-5: # Cache stats
   hGETS: 68445 # GETS hits
   hGETX: 18869 # GETX hits
   mGETS: 33262645 # GETS misses
   mGETXIM: 6132413 # GETX I->M misses
   mGETXSM: 60 # GETX S->M misses (upgrade misses)
   PUTS: 18088587 # Clean evictions (from lower level)
   PUTX: 21364672 # Dirty evictions (from lower level)
   INV: 165 # Invalidates (from upper level)
   INVX: 1172367 # Downgrades (from upper level)
   FWD: 0 # Forwards (from upper level)
   latGETnl: 926616441 # GET request latency on next level
   latGETnet: 0 # GET request latency on network to next level
 l3: # Cache stats
  l3-0: # Cache stats
   hGETS: 199365229 # GETS hits
   hGETX: 36804471 # GETX hits
   mGETS: 78382 # GETS misses
   mGETXIM: 82800 # GETX I->M misses
   mGETXSM: 0 # GETX S->M misses (upgrade misses)
   PUTS: 108237835 # Clean evictions (from lower level)
   PUTX: 128041712 # Dirty evictions (from lower level)
   INV: 0 # Invalidates (from upper level)
   INVX: 0 # Downgrades (from upper level)
   FWD: 0 # Forwards (from upper level)
   latGETnl: 59136279 # GET request latency on next level
   latGETnet: 0 # GET request latency on network to next level
 mem: # Memory controller stats
  mem-0: # Memory controller stats
   rd: 161182 # Read requests
   wr: 27 # Write requests
   rdlat: 59136279 # Total latency experienced by read requests
   wrlat: 6123 # Total latency experienced by write requests
   load: 5134 # Sum of load factors (0-100) per update
   ups: 295 # Number of latency updates
   clampedLoads: 0 # Number of updates where the load was clamped to 95%
 sched: # Scheduler stats
  thCr: 6 # Threads created
  thFn: 0 # Threads finished
  schedEvs: 6 # Schedule events
  waitEvs: 0 # Wait events
  handoffEvs: 0 # Handoff events
  sleepEvs: 0 # Sleep events
  idlePhases: 0 # Phases with no thread active
  idlePeriods: 0 # Periods with no thread active
  occHist: # Occupancy histogram
   0: 0
   1: 1
   2: 0
   3: 0
   4: 0
   5: 0
   6: 7493
  rqSzHist: # Run queue size histogram
   0: 7494
   1: 0
   2: 0
   3: 0
   4: 0
   5: 0
   6: 0
   7: 0
   8: 0
   9: 0
   10: 0
   11: 0
   12: 0
   13: 0
   14: 0
   15: 0
   16: 0
 heartbeats: # Per-process heartbeats
  0: 0
  1: 0
  2: 0
  3: 0
  4: 0
  5: 0
  6: 0
  7: 0
  8: 0
  9: 0
  10: 0
  11: 0
  12: 0
  13: 0
  14: 0
  15: 0
  16: 0
  17: 0
  18: 0
  19: 0
  20: 0
  21: 0
  22: 0
  23: 0
  24: 0
  25: 0
  26: 0
  27: 0
  28: 0
  29: 0
  30: 0
  31: 0
  32: 0
  33: 0
  34: 0
  35: 0
  36: 0
  37: 0
  38: 0
  39: 0
  40: 0
  41: 0
  42: 0
  43: 0
  44: 0
  45: 0
  46: 0
  47: 0
  48: 0
  49: 0
  50: 0
  51: 0
  52: 0
  53: 0
  54: 0
  55: 0
  56: 0
  57: 0
  58: 0
  59: 0
  60: 0
  61: 0
  62: 0
  63: 0
===
