# zsim stats
===
root: # Stats
 contention: # Contention simulation stats
  domain-0: # Domain stats
   time: 630605041 # Weave simulation time
 time: # Simulator time breakdown
  init: 19733948981
  bound: 888209736041
  weave: 1285998801
  ff: 0
 trigger: 20000 # Reason for this stats dump
 phase: 10741 # Simulated phases
 core: # Core stats
  core-0: # Core stats
   cycles: 1073154014 # Simulated unhalted cycles
   cCycles: 0 # Cycles due to contention stalls
   instrs: 1248996349 # Simulated instructions
   uops: 1279099247 # Retired micro-ops
   bbls: 200400821 # Basic blocks
   approxInstrs: 15180122 # Instrs with approx uop decoding
   mispredBranches: 10618 # Mispredicted branches
   fetchStalls: 987420 # Fetch stalls
   decodeStalls: 324699414 # Decode stalls
   issueStalls: 39606815 # Issue stalls
  core-1: # Core stats
   cycles: 1074100011 # Simulated unhalted cycles
   cCycles: 0 # Cycles due to contention stalls
   instrs: 1250356089 # Simulated instructions
   uops: 1279183706 # Retired micro-ops
   bbls: 201007162 # Basic blocks
   approxInstrs: 15228774 # Instrs with approx uop decoding
   mispredBranches: 10222 # Mispredicted branches
   fetchStalls: 982731 # Fetch stalls
   decodeStalls: 324346054 # Decode stalls
   issueStalls: 35777482 # Issue stalls
  core-2: # Core stats
   cycles: 1073444159 # Simulated unhalted cycles
   cCycles: 0 # Cycles due to contention stalls
   instrs: 1246836143 # Simulated instructions
   uops: 1276538573 # Retired micro-ops
   bbls: 200160768 # Basic blocks
   approxInstrs: 15160118 # Instrs with approx uop decoding
   mispredBranches: 10481 # Mispredicted branches
   fetchStalls: 972390 # Fetch stalls
   decodeStalls: 323952709 # Decode stalls
   issueStalls: 36713056 # Issue stalls
  core-3: # Core stats
   cycles: 1073044977 # Simulated unhalted cycles
   cCycles: 0 # Cycles due to contention stalls
   instrs: 1254103021 # Simulated instructions
   uops: 1283328864 # Retired micro-ops
   bbls: 201526521 # Basic blocks
   approxInstrs: 15260119 # Instrs with approx uop decoding
   mispredBranches: 10271 # Mispredicted branches
   fetchStalls: 971632 # Fetch stalls
   decodeStalls: 325477286 # Decode stalls
   issueStalls: 36775505 # Issue stalls
 l1i: # Cache stats
  l1i-0: # Filter cache stats
   fhGETS: 216907410 # Filtered GETS hits
   fhGETX: 0 # Filtered GETX hits
   hGETS: 41227 # GETS hits
   hGETX: 0 # GETX hits
   mGETS: 34160 # GETS misses
   mGETXIM: 0 # GETX I->M misses
   mGETXSM: 0 # GETX S->M misses (upgrade misses)
   PUTS: 0 # Clean evictions (from lower level)
   PUTX: 0 # Dirty evictions (from lower level)
   INV: 34139 # Invalidates (from upper level)
   INVX: 0 # Downgrades (from upper level)
   FWD: 0 # Forwards (from upper level)
   latGETnl: 1081805 # GET request latency on next level
   latGETnet: 0 # GET request latency on network to next level
  l1i-1: # Filter cache stats
   fhGETS: 217521238 # Filtered GETS hits
   fhGETX: 0 # Filtered GETX hits
   hGETS: 40269 # GETS hits
   hGETX: 0 # GETX hits
   mGETS: 34164 # GETS misses
   mGETXIM: 0 # GETX I->M misses
   mGETXSM: 0 # GETX S->M misses (upgrade misses)
   PUTS: 0 # Clean evictions (from lower level)
   PUTX: 0 # Dirty evictions (from lower level)
   INV: 34146 # Invalidates (from upper level)
   INVX: 0 # Downgrades (from upper level)
   FWD: 0 # Forwards (from upper level)
   latGETnl: 1092095 # GET request latency on next level
   latGETnet: 0 # GET request latency on network to next level
  l1i-2: # Filter cache stats
   fhGETS: 216640283 # Filtered GETS hits
   fhGETX: 0 # Filtered GETX hits
   hGETS: 41197 # GETS hits
   hGETX: 0 # GETX hits
   mGETS: 34066 # GETS misses
   mGETXIM: 0 # GETX I->M misses
   mGETXSM: 0 # GETX S->M misses (upgrade misses)
   PUTS: 0 # Clean evictions (from lower level)
   PUTX: 0 # Dirty evictions (from lower level)
   INV: 34059 # Invalidates (from upper level)
   INVX: 0 # Downgrades (from upper level)
   FWD: 0 # Forwards (from upper level)
   latGETnl: 1057064 # GET request latency on next level
   latGETnet: 0 # GET request latency on network to next level
  l1i-3: # Filter cache stats
   fhGETS: 218085596 # Filtered GETS hits
   fhGETX: 0 # Filtered GETX hits
   hGETS: 41188 # GETS hits
   hGETX: 0 # GETX hits
   mGETS: 34138 # GETS misses
   mGETXIM: 0 # GETX I->M misses
   mGETXSM: 0 # GETX S->M misses (upgrade misses)
   PUTS: 0 # Clean evictions (from lower level)
   PUTX: 0 # Dirty evictions (from lower level)
   INV: 34133 # Invalidates (from upper level)
   INVX: 0 # Downgrades (from upper level)
   FWD: 0 # Forwards (from upper level)
   latGETnl: 1058803 # GET request latency on next level
   latGETnet: 0 # GET request latency on network to next level
 l1d: # Cache stats
  l1d-0: # Filter cache stats
   fhGETS: 220003725 # Filtered GETS hits
   fhGETX: 57528309 # Filtered GETX hits
   hGETS: 19743761 # GETS hits
   hGETX: 24009409 # GETX hits
   mGETS: 50264081 # GETS misses
   mGETXIM: 9285607 # GETX I->M misses
   mGETXSM: 160 # GETX S->M misses (upgrade misses)
   PUTS: 0 # Clean evictions (from lower level)
   PUTX: 0 # Dirty evictions (from lower level)
   INV: 10495 # Invalidates (from upper level)
   INVX: 23517 # Downgrades (from upper level)
   FWD: 0 # Forwards (from upper level)
   latGETnl: 1850989625 # GET request latency on next level
   latGETnet: 0 # GET request latency on network to next level
  l1d-1: # Filter cache stats
   fhGETS: 234360370 # Filtered GETS hits
   fhGETX: 57141550 # Filtered GETX hits
   hGETS: 4952309 # GETS hits
   hGETX: 24087060 # GETX hits
   mGETS: 49938403 # GETS misses
   mGETXIM: 9213557 # GETX I->M misses
   mGETXSM: 32 # GETX S->M misses (upgrade misses)
   PUTS: 0 # Clean evictions (from lower level)
   PUTX: 0 # Dirty evictions (from lower level)
   INV: 10476 # Invalidates (from upper level)
   INVX: 23750 # Downgrades (from upper level)
   FWD: 0 # Forwards (from upper level)
   latGETnl: 1850575486 # GET request latency on next level
   latGETnet: 0 # GET request latency on network to next level
  l1d-2: # Filter cache stats
   fhGETS: 204355460 # Filtered GETS hits
   fhGETX: 42616495 # Filtered GETX hits
   hGETS: 34191266 # GETS hits
   hGETX: 38423165 # GETX hits
   mGETS: 50624651 # GETS misses
   mGETXIM: 9513517 # GETX I->M misses
   mGETXSM: 147 # GETX S->M misses (upgrade misses)
   PUTS: 0 # Clean evictions (from lower level)
   PUTX: 0 # Dirty evictions (from lower level)
   INV: 6508 # Invalidates (from upper level)
   INVX: 24101 # Downgrades (from upper level)
   FWD: 0 # Forwards (from upper level)
   latGETnl: 1856992771 # GET request latency on next level
   latGETnet: 0 # GET request latency on network to next level
  l1d-3: # Filter cache stats
   fhGETS: 234824795 # Filtered GETS hits
   fhGETX: 57319357 # Filtered GETX hits
   hGETS: 5563185 # GETS hits
   hGETX: 24238556 # GETX hits
   mGETS: 50063839 # GETS misses
   mGETXIM: 9249670 # GETX I->M misses
   mGETXSM: 137 # GETX S->M misses (upgrade misses)
   PUTS: 0 # Clean evictions (from lower level)
   PUTX: 0 # Dirty evictions (from lower level)
   INV: 10738 # Invalidates (from upper level)
   INVX: 20646 # Downgrades (from upper level)
   FWD: 0 # Forwards (from upper level)
   latGETnl: 1863712454 # GET request latency on next level
   latGETnet: 0 # GET request latency on network to next level
 l2: # Cache stats
  l2-0: # Cache stats
   hGETS: 485455 # GETS hits
   hGETX: 59394 # GETX hits
   mGETS: 49812786 # GETS misses
   mGETXIM: 9226213 # GETX I->M misses
   mGETXSM: 160 # GETX S->M misses (upgrade misses)
   PUTS: 27484954 # Clean evictions (from lower level)
   PUTX: 32054000 # Dirty evictions (from lower level)
   INV: 165 # Invalidates (from upper level)
   INVX: 1248097 # Downgrades (from upper level)
   FWD: 0 # Forwards (from upper level)
   latGETnl: 1256231350 # GET request latency on next level
   latGETnet: 0 # GET request latency on network to next level
  l2-1: # Cache stats
   hGETS: 23383 # GETS hits
   hGETX: 20341 # GETX hits
   mGETS: 49949184 # GETS misses
   mGETXIM: 9193216 # GETX I->M misses
   mGETXSM: 32 # GETX S->M misses (upgrade misses)
   PUTS: 27080116 # Clean evictions (from lower level)
   PUTX: 32061127 # Dirty evictions (from lower level)
   INV: 95 # Invalidates (from upper level)
   INVX: 1804480 # Downgrades (from upper level)
   FWD: 0 # Forwards (from upper level)
   latGETnl: 1259806021 # GET request latency on next level
   latGETnet: 0 # GET request latency on network to next level
  l2-2: # Cache stats
   hGETS: 917550 # GETS hits
   hGETX: 314496 # GETX hits
   mGETS: 49741167 # GETS misses
   mGETXIM: 9199021 # GETX I->M misses
   mGETXSM: 147 # GETX S->M misses (upgrade misses)
   PUTS: 27771455 # Clean evictions (from lower level)
   PUTX: 32359952 # Dirty evictions (from lower level)
   INV: 172 # Invalidates (from upper level)
   INVX: 1106965 # Downgrades (from upper level)
   FWD: 0 # Forwards (from upper level)
   latGETnl: 1256326025 # GET request latency on next level
   latGETnet: 0 # GET request latency on network to next level
  l2-3: # Cache stats
   hGETS: 30800 # GETS hits
   hGETX: 20562 # GETX hits
   mGETS: 50067177 # GETS misses
   mGETXIM: 9229108 # GETX I->M misses
   mGETXSM: 137 # GETX S->M misses (upgrade misses)
   PUTS: 27158956 # Clean evictions (from lower level)
   PUTX: 32143562 # Dirty evictions (from lower level)
   INV: 163 # Invalidates (from upper level)
   INVX: 830759 # Downgrades (from upper level)
   FWD: 0 # Forwards (from upper level)
   latGETnl: 1271293417 # GET request latency on next level
   latGETnet: 0 # GET request latency on network to next level
 l3: # Cache stats
  l3-0: # Cache stats
   hGETS: 199512002 # GETS hits
   hGETX: 36792780 # GETX hits
   mGETS: 58312 # GETS misses
   mGETXIM: 55254 # GETX I->M misses
   mGETXSM: 0 # GETX S->M misses (upgrade misses)
   PUTS: 108288866 # Clean evictions (from lower level)
   PUTX: 128095643 # Dirty evictions (from lower level)
   INV: 0 # Invalidates (from upper level)
   INVX: 0 # Downgrades (from upper level)
   FWD: 0 # Forwards (from upper level)
   latGETnl: 28593477 # GET request latency on next level
   latGETnet: 0 # GET request latency on network to next level
 mem: # Memory controller stats
  mem-0: # Memory controller stats
   rd: 113566 # Read requests
   wr: 0 # Write requests
   rdlat: 28593477 # Total latency experienced by read requests
   wrlat: 0 # Total latency experienced by write requests
   load: 2982 # Sum of load factors (0-100) per update
   ups: 285 # Number of latency updates
   clampedLoads: 0 # Number of updates where the load was clamped to 95%
 sched: # Scheduler stats
  thCr: 4 # Threads created
  thFn: 0 # Threads finished
  schedEvs: 4 # Schedule events
  waitEvs: 0 # Wait events
  handoffEvs: 0 # Handoff events
  sleepEvs: 0 # Sleep events
  idlePhases: 0 # Phases with no thread active
  idlePeriods: 0 # Periods with no thread active
  occHist: # Occupancy histogram
   0: 0
   1: 0
   2: 0
   3: 0
   4: 10741
  rqSzHist: # Run queue size histogram
   0: 10741
   1: 0
   2: 0
   3: 0
   4: 0
   5: 0
   6: 0
   7: 0
   8: 0
   9: 0
   10: 0
   11: 0
   12: 0
   13: 0
   14: 0
   15: 0
   16: 0
 heartbeats: # Per-process heartbeats
  0: 0
  1: 0
  2: 0
  3: 0
  4: 0
  5: 0
  6: 0
  7: 0
  8: 0
  9: 0
  10: 0
  11: 0
  12: 0
  13: 0
  14: 0
  15: 0
  16: 0
  17: 0
  18: 0
  19: 0
  20: 0
  21: 0
  22: 0
  23: 0
  24: 0
  25: 0
  26: 0
  27: 0
  28: 0
  29: 0
  30: 0
  31: 0
  32: 0
  33: 0
  34: 0
  35: 0
  36: 0
  37: 0
  38: 0
  39: 0
  40: 0
  41: 0
  42: 0
  43: 0
  44: 0
  45: 0
  46: 0
  47: 0
  48: 0
  49: 0
  50: 0
  51: 0
  52: 0
  53: 0
  54: 0
  55: 0
  56: 0
  57: 0
  58: 0
  59: 0
  60: 0
  61: 0
  62: 0
  63: 0
===
