# zsim stats
===
root: # Stats
 contention: # Contention simulation stats
  domain-0: # Domain stats
   time: 429445324 # Weave simulation time
 time: # Simulator time breakdown
  init: 20058683508
  bound: 616969002973
  weave: 1041466629
  ff: 0
 trigger: 20000 # Reason for this stats dump
 phase: 7738 # Simulated phases
 core: # Core stats
  core-0: # Core stats
   cycles: 773800005 # Simulated unhalted cycles
   cCycles: 0 # Cycles due to contention stalls
   instrs: 1257270481 # Simulated instructions
   uops: 1286571829 # Retired micro-ops
   bbls: 202026746 # Basic blocks
   approxInstrs: 15300006 # Instrs with approx uop decoding
   mispredBranches: 10296 # Mispredicted branches
   fetchStalls: 236559 # Fetch stalls
   decodeStalls: 326292142 # Decode stalls
   issueStalls: 57771721 # Issue stalls
  core-1: # Core stats
   cycles: 772305572 # Simulated unhalted cycles
   cCycles: 0 # Cycles due to contention stalls
   instrs: 1251152363 # Simulated instructions
   uops: 1281294788 # Retired micro-ops
   bbls: 200757747 # Basic blocks
   approxInstrs: 15200118 # Instrs with approx uop decoding
   mispredBranches: 10591 # Mispredicted branches
   fetchStalls: 223170 # Fetch stalls
   decodeStalls: 325246282 # Decode stalls
   issueStalls: 57301287 # Issue stalls
  core-2: # Core stats
   cycles: 773082796 # Simulated unhalted cycles
   cCycles: 0 # Cycles due to contention stalls
   instrs: 1251903178 # Simulated instructions
   uops: 1280756649 # Retired micro-ops
   bbls: 201271470 # Basic blocks
   approxInstrs: 15240118 # Instrs with approx uop decoding
   mispredBranches: 10158 # Mispredicted branches
   fetchStalls: 213013 # Fetch stalls
   decodeStalls: 324737072 # Decode stalls
   issueStalls: 57908539 # Issue stalls
  core-3: # Core stats
   cycles: 772918661 # Simulated unhalted cycles
   cCycles: 0 # Cycles due to contention stalls
   instrs: 1240435600 # Simulated instructions
   uops: 1269868081 # Retired micro-ops
   bbls: 199174881 # Basic blocks
   approxInstrs: 15080118 # Instrs with approx uop decoding
   mispredBranches: 10345 # Mispredicted branches
   fetchStalls: 218894 # Fetch stalls
   decodeStalls: 322207714 # Decode stalls
   issueStalls: 55880235 # Issue stalls
 l1i: # Cache stats
  l1i-0: # Filter cache stats
   fhGETS: 218652896 # Filtered GETS hits
   fhGETX: 0 # Filtered GETX hits
   hGETS: 44767 # GETS hits
   hGETX: 0 # GETX hits
   mGETS: 3498 # GETS misses
   mGETXIM: 0 # GETX I->M misses
   mGETXSM: 0 # GETX S->M misses (upgrade misses)
   PUTS: 0 # Clean evictions (from lower level)
   PUTX: 0 # Dirty evictions (from lower level)
   INV: 0 # Invalidates (from upper level)
   INVX: 0 # Downgrades (from upper level)
   FWD: 0 # Forwards (from upper level)
   latGETnl: 124432 # GET request latency on next level
   latGETnet: 0 # GET request latency on network to next level
  l1i-1: # Filter cache stats
   fhGETS: 217313515 # Filtered GETS hits
   fhGETX: 0 # Filtered GETX hits
   hGETS: 45816 # GETS hits
   hGETX: 0 # GETX hits
   mGETS: 4091 # GETS misses
   mGETXIM: 0 # GETX I->M misses
   mGETXSM: 0 # GETX S->M misses (upgrade misses)
   PUTS: 0 # Clean evictions (from lower level)
   PUTX: 0 # Dirty evictions (from lower level)
   INV: 0 # Invalidates (from upper level)
   INVX: 0 # Downgrades (from upper level)
   FWD: 0 # Forwards (from upper level)
   latGETnl: 68864 # GET request latency on next level
   latGETnet: 0 # GET request latency on network to next level
  l1i-2: # Filter cache stats
   fhGETS: 217825700 # Filtered GETS hits
   fhGETX: 0 # Filtered GETX hits
   hGETS: 45777 # GETS hits
   hGETX: 0 # GETX hits
   mGETS: 3936 # GETS misses
   mGETXIM: 0 # GETX I->M misses
   mGETXSM: 0 # GETX S->M misses (upgrade misses)
   PUTS: 0 # Clean evictions (from lower level)
   PUTX: 0 # Dirty evictions (from lower level)
   INV: 0 # Invalidates (from upper level)
   INVX: 0 # Downgrades (from upper level)
   FWD: 0 # Forwards (from upper level)
   latGETnl: 62306 # GET request latency on next level
   latGETnet: 0 # GET request latency on network to next level
  l1i-3: # Filter cache stats
   fhGETS: 215579734 # Filtered GETS hits
   fhGETX: 0 # Filtered GETX hits
   hGETS: 45745 # GETS hits
   hGETX: 0 # GETX hits
   mGETS: 4065 # GETS misses
   mGETXIM: 0 # GETX I->M misses
   mGETXSM: 0 # GETX S->M misses (upgrade misses)
   PUTS: 0 # Clean evictions (from lower level)
   PUTX: 0 # Dirty evictions (from lower level)
   INV: 0 # Invalidates (from upper level)
   INVX: 0 # Downgrades (from upper level)
   FWD: 0 # Forwards (from upper level)
   latGETnl: 68153 # GET request latency on next level
   latGETnet: 0 # GET request latency on network to next level
 l1d: # Cache stats
  l1d-0: # Filter cache stats
   fhGETS: 221078366 # Filtered GETS hits
   fhGETX: 53687602 # Filtered GETX hits
   hGETS: 19498289 # GETS hits
   hGETX: 27950788 # GETX hits
   mGETS: 50645531 # GETS misses
   mGETXIM: 9383042 # GETX I->M misses
   mGETXSM: 2117 # GETX S->M misses (upgrade misses)
   PUTS: 0 # Clean evictions (from lower level)
   PUTX: 0 # Dirty evictions (from lower level)
   INV: 76 # Invalidates (from upper level)
   INVX: 2592 # Downgrades (from upper level)
   FWD: 0 # Forwards (from upper level)
   latGETnl: 916840673 # GET request latency on next level
   latGETnet: 0 # GET request latency on network to next level
  l1d-1: # Filter cache stats
   fhGETS: 219101018 # Filtered GETS hits
   fhGETX: 53645187 # Filtered GETX hits
   hGETS: 21008859 # GETS hits
   hGETX: 28034641 # GETX hits
   mGETS: 50439680 # GETS misses
   mGETXIM: 9289586 # GETX I->M misses
   mGETXSM: 314 # GETX S->M misses (upgrade misses)
   PUTS: 0 # Clean evictions (from lower level)
   PUTX: 0 # Dirty evictions (from lower level)
   INV: 1106 # Invalidates (from upper level)
   INVX: 373 # Downgrades (from upper level)
   FWD: 0 # Forwards (from upper level)
   latGETnl: 908947542 # GET request latency on next level
   latGETnet: 0 # GET request latency on network to next level
  l1d-2: # Filter cache stats
   fhGETS: 218248434 # Filtered GETS hits
   fhGETX: 53228517 # Filtered GETX hits
   hGETS: 20875432 # GETS hits
   hGETX: 28062975 # GETX hits
   mGETS: 50519775 # GETS misses
   mGETXIM: 9249049 # GETX I->M misses
   mGETXSM: 312 # GETX S->M misses (upgrade misses)
   PUTS: 0 # Clean evictions (from lower level)
   PUTX: 0 # Dirty evictions (from lower level)
   INV: 1172 # Invalidates (from upper level)
   INVX: 1101 # Downgrades (from upper level)
   FWD: 0 # Forwards (from upper level)
   latGETnl: 911503997 # GET request latency on next level
   latGETnet: 0 # GET request latency on network to next level
  l1d-3: # Filter cache stats
   fhGETS: 203803281 # Filtered GETS hits
   fhGETX: 53252017 # Filtered GETX hits
   hGETS: 31973317 # GETS hits
   hGETX: 27325871 # GETX hits
   mGETS: 51968325 # GETS misses
   mGETXIM: 9425123 # GETX I->M misses
   mGETXSM: 308 # GETX S->M misses (upgrade misses)
   PUTS: 0 # Clean evictions (from lower level)
   PUTX: 0 # Dirty evictions (from lower level)
   INV: 1139 # Invalidates (from upper level)
   INVX: 903 # Downgrades (from upper level)
   FWD: 0 # Forwards (from upper level)
   latGETnl: 934889336 # GET request latency on next level
   latGETnet: 0 # GET request latency on network to next level
 l2: # Cache stats
  l2-0: # Cache stats
   hGETS: 50599896 # GETS hits
   hGETX: 9368294 # GETX hits
   mGETS: 49133 # GETS misses
   mGETXIM: 14702 # GETX I->M misses
   mGETXSM: 2163 # GETX S->M misses (upgrade misses)
   PUTS: 27692515 # Clean evictions (from lower level)
   PUTX: 32339352 # Dirty evictions (from lower level)
   INV: 22085 # Invalidates (from upper level)
   INVX: 13065 # Downgrades (from upper level)
   FWD: 0 # Forwards (from upper level)
   latGETnl: 16452285 # GET request latency on next level
   latGETnet: 0 # GET request latency on network to next level
  l2-1: # Cache stats
   hGETS: 50396944 # GETS hits
   hGETX: 9274506 # GETX hits
   mGETS: 46827 # GETS misses
   mGETXIM: 15079 # GETX I->M misses
   mGETXSM: 315 # GETX S->M misses (upgrade misses)
   PUTS: 27537451 # Clean evictions (from lower level)
   PUTX: 32194673 # Dirty evictions (from lower level)
   INV: 20337 # Invalidates (from upper level)
   INVX: 3105 # Downgrades (from upper level)
   FWD: 0 # Forwards (from upper level)
   latGETnl: 13011341 # GET request latency on next level
   latGETnet: 0 # GET request latency on network to next level
  l2-2: # Cache stats
   hGETS: 50474565 # GETS hits
   hGETX: 9232980 # GETX hits
   mGETS: 49146 # GETS misses
   mGETXIM: 16028 # GETX I->M misses
   mGETXSM: 353 # GETX S->M misses (upgrade misses)
   PUTS: 27550814 # Clean evictions (from lower level)
   PUTX: 32220646 # Dirty evictions (from lower level)
   INV: 23621 # Invalidates (from upper level)
   INVX: 6459 # Downgrades (from upper level)
   FWD: 0 # Forwards (from upper level)
   latGETnl: 14970223 # GET request latency on next level
   latGETnet: 0 # GET request latency on network to next level
  l2-3: # Cache stats
   hGETS: 51925766 # GETS hits
   hGETX: 9409838 # GETX hits
   mGETS: 46624 # GETS misses
   mGETXIM: 15237 # GETX I->M misses
   mGETXSM: 356 # GETX S->M misses (upgrade misses)
   PUTS: 29246728 # Clean evictions (from lower level)
   PUTX: 32149518 # Dirty evictions (from lower level)
   INV: 20325 # Invalidates (from upper level)
   INVX: 6329 # Downgrades (from upper level)
   FWD: 0 # Forwards (from upper level)
   latGETnl: 13990174 # GET request latency on next level
   latGETnet: 0 # GET request latency on network to next level
 l3: # Cache stats
  l3-0: # Cache stats
   hGETS: 83339 # GETS hits
   hGETX: 3536 # GETX hits
   mGETS: 108391 # GETS misses
   mGETXIM: 60697 # GETX I->M misses
   mGETXSM: 0 # GETX S->M misses (upgrade misses)
   PUTS: 0 # Clean evictions (from lower level)
   PUTX: 0 # Dirty evictions (from lower level)
   INV: 0 # Invalidates (from upper level)
   INVX: 0 # Downgrades (from upper level)
   FWD: 0 # Forwards (from upper level)
   latGETnl: 52021548 # GET request latency on next level
   latGETnet: 0 # GET request latency on network to next level
 mem: # Memory controller stats
  mem-0: # Memory controller stats
   rd: 169088 # Read requests
   wr: 26397 # Write requests
   rdlat: 52021548 # Total latency experienced by read requests
   wrlat: 6592311 # Total latency experienced by write requests
   load: 4831 # Sum of load factors (0-100) per update
   ups: 4095 # Number of latency updates
   clampedLoads: 0 # Number of updates where the load was clamped to 95%
 sched: # Scheduler stats
  thCr: 4 # Threads created
  thFn: 0 # Threads finished
  schedEvs: 4 # Schedule events
  waitEvs: 0 # Wait events
  handoffEvs: 0 # Handoff events
  sleepEvs: 0 # Sleep events
  idlePhases: 0 # Phases with no thread active
  idlePeriods: 0 # Periods with no thread active
  occHist: # Occupancy histogram
   0: 0
   1: 0
   2: 0
   3: 0
   4: 7738
  rqSzHist: # Run queue size histogram
   0: 7738
   1: 0
   2: 0
   3: 0
   4: 0
   5: 0
   6: 0
   7: 0
   8: 0
   9: 0
   10: 0
   11: 0
   12: 0
   13: 0
   14: 0
   15: 0
   16: 0
 heartbeats: # Per-process heartbeats
  0: 0
  1: 0
  2: 0
  3: 0
  4: 0
  5: 0
  6: 0
  7: 0
  8: 0
  9: 0
  10: 0
  11: 0
  12: 0
  13: 0
  14: 0
  15: 0
  16: 0
  17: 0
  18: 0
  19: 0
  20: 0
  21: 0
  22: 0
  23: 0
  24: 0
  25: 0
  26: 0
  27: 0
  28: 0
  29: 0
  30: 0
  31: 0
  32: 0
  33: 0
  34: 0
  35: 0
  36: 0
  37: 0
  38: 0
  39: 0
  40: 0
  41: 0
  42: 0
  43: 0
  44: 0
  45: 0
  46: 0
  47: 0
  48: 0
  49: 0
  50: 0
  51: 0
  52: 0
  53: 0
  54: 0
  55: 0
  56: 0
  57: 0
  58: 0
  59: 0
  60: 0
  61: 0
  62: 0
  63: 0
===
