# zsim stats
===
root: # Stats
 contention: # Contention simulation stats
  domain-0: # Domain stats
   time: 477102283 # Weave simulation time
 time: # Simulator time breakdown
  init: 19777173648
  bound: 930970026166
  weave: 833903543
  ff: 0
 trigger: 20000 # Reason for this stats dump
 phase: 8409 # Simulated phases
 core: # Core stats
  core-0: # Core stats
   cycles: 840524104 # Simulated unhalted cycles
   cCycles: 0 # Cycles due to contention stalls
   instrs: 823212660 # Simulated instructions
   uops: 843015112 # Retired micro-ops
   bbls: 132148939 # Basic blocks
   approxInstrs: 10000119 # Instrs with approx uop decoding
   mispredBranches: 7111 # Mispredicted branches
   fetchStalls: 1275258 # Fetch stalls
   decodeStalls: 213923867 # Decode stalls
   issueStalls: 24288548 # Issue stalls
  core-1: # Core stats
   cycles: 840768735 # Simulated unhalted cycles
   cCycles: 0 # Cycles due to contention stalls
   instrs: 829164537 # Simulated instructions
   uops: 848471169 # Retired micro-ops
   bbls: 133287661 # Basic blocks
   approxInstrs: 10080085 # Instrs with approx uop decoding
   mispredBranches: 7062 # Mispredicted branches
   fetchStalls: 1279707 # Fetch stalls
   decodeStalls: 215137971 # Decode stalls
   issueStalls: 23850879 # Issue stalls
  core-2: # Core stats
   cycles: 840432914 # Simulated unhalted cycles
   cCycles: 0 # Cycles due to contention stalls
   instrs: 855188802 # Simulated instructions
   uops: 875351231 # Retired micro-ops
   bbls: 137395822 # Basic blocks
   approxInstrs: 10400116 # Instrs with approx uop decoding
   mispredBranches: 7263 # Mispredicted branches
   fetchStalls: 1291366 # Fetch stalls
   decodeStalls: 222011644 # Decode stalls
   issueStalls: 27223587 # Issue stalls
  core-3: # Core stats
   cycles: 840501430 # Simulated unhalted cycles
   cCycles: 0 # Cycles due to contention stalls
   instrs: 824995159 # Simulated instructions
   uops: 844175578 # Retired micro-ops
   bbls: 132628965 # Basic blocks
   approxInstrs: 10040078 # Instrs with approx uop decoding
   mispredBranches: 6834 # Mispredicted branches
   fetchStalls: 1249999 # Fetch stalls
   decodeStalls: 214024067 # Decode stalls
   issueStalls: 24092815 # Issue stalls
  core-4: # Core stats
   cycles: 840900035 # Simulated unhalted cycles
   cCycles: 0 # Cycles due to contention stalls
   instrs: 828111543 # Simulated instructions
   uops: 848030714 # Retired micro-ops
   bbls: 132928604 # Basic blocks
   approxInstrs: 10060017 # Instrs with approx uop decoding
   mispredBranches: 6969 # Mispredicted branches
   fetchStalls: 1251860 # Fetch stalls
   decodeStalls: 215182999 # Decode stalls
   issueStalls: 23758031 # Issue stalls
  core-5: # Core stats
   cycles: 840326880 # Simulated unhalted cycles
   cCycles: 0 # Cycles due to contention stalls
   instrs: 839345848 # Simulated instructions
   uops: 859037709 # Retired micro-ops
   bbls: 134885788 # Basic blocks
   approxInstrs: 10210359 # Instrs with approx uop decoding
   mispredBranches: 7015 # Mispredicted branches
   fetchStalls: 1272525 # Fetch stalls
   decodeStalls: 217852005 # Decode stalls
   issueStalls: 26027242 # Issue stalls
 l1i: # Cache stats
  l1i-0: # Filter cache stats
   fhGETS: 143005384 # Filtered GETS hits
   fhGETX: 0 # Filtered GETX hits
   hGETS: 0 # GETS hits
   hGETX: 0 # GETX hits
   mGETS: 64025 # GETS misses
   mGETXIM: 0 # GETX I->M misses
   mGETXSM: 0 # GETX S->M misses (upgrade misses)
   PUTS: 0 # Clean evictions (from lower level)
   PUTX: 0 # Dirty evictions (from lower level)
   INV: 21234 # Invalidates (from upper level)
   INVX: 0 # Downgrades (from upper level)
   FWD: 0 # Forwards (from upper level)
   latGETnl: 1384046 # GET request latency on next level
   latGETnet: 0 # GET request latency on network to next level
  l1i-1: # Filter cache stats
   fhGETS: 144214161 # Filtered GETS hits
   fhGETX: 0 # Filtered GETX hits
   hGETS: 0 # GETS hits
   hGETX: 0 # GETX hits
   mGETS: 63988 # GETS misses
   mGETXIM: 0 # GETX I->M misses
   mGETXSM: 0 # GETX S->M misses (upgrade misses)
   PUTS: 0 # Clean evictions (from lower level)
   PUTX: 0 # Dirty evictions (from lower level)
   INV: 21406 # Invalidates (from upper level)
   INVX: 0 # Downgrades (from upper level)
   FWD: 0 # Forwards (from upper level)
   latGETnl: 1400503 # GET request latency on next level
   latGETnet: 0 # GET request latency on network to next level
  l1i-2: # Filter cache stats
   fhGETS: 148672308 # Filtered GETS hits
   fhGETX: 0 # Filtered GETX hits
   hGETS: 0 # GETS hits
   hGETX: 0 # GETX hits
   mGETS: 64864 # GETS misses
   mGETXIM: 0 # GETX I->M misses
   mGETXSM: 0 # GETX S->M misses (upgrade misses)
   PUTS: 0 # Clean evictions (from lower level)
   PUTX: 0 # Dirty evictions (from lower level)
   INV: 22062 # Invalidates (from upper level)
   INVX: 0 # Downgrades (from upper level)
   FWD: 0 # Forwards (from upper level)
   latGETnl: 1401714 # GET request latency on next level
   latGETnet: 0 # GET request latency on network to next level
  l1i-3: # Filter cache stats
   fhGETS: 143505005 # Filtered GETS hits
   fhGETX: 0 # Filtered GETX hits
   hGETS: 0 # GETS hits
   hGETX: 0 # GETX hits
   mGETS: 63475 # GETS misses
   mGETXIM: 0 # GETX I->M misses
   mGETXSM: 0 # GETX S->M misses (upgrade misses)
   PUTS: 0 # Clean evictions (from lower level)
   PUTX: 0 # Dirty evictions (from lower level)
   INV: 21230 # Invalidates (from upper level)
   INVX: 0 # Downgrades (from upper level)
   FWD: 0 # Forwards (from upper level)
   latGETnl: 1346674 # GET request latency on next level
   latGETnet: 0 # GET request latency on network to next level
  l1i-4: # Filter cache stats
   fhGETS: 143845732 # Filtered GETS hits
   fhGETX: 0 # Filtered GETX hits
   hGETS: 0 # GETS hits
   hGETX: 0 # GETX hits
   mGETS: 62877 # GETS misses
   mGETXIM: 0 # GETX I->M misses
   mGETXSM: 0 # GETX S->M misses (upgrade misses)
   PUTS: 0 # Clean evictions (from lower level)
   PUTX: 0 # Dirty evictions (from lower level)
   INV: 21331 # Invalidates (from upper level)
   INVX: 0 # Downgrades (from upper level)
   FWD: 0 # Forwards (from upper level)
   latGETnl: 1344208 # GET request latency on next level
   latGETnet: 0 # GET request latency on network to next level
  l1i-5: # Filter cache stats
   fhGETS: 145946963 # Filtered GETS hits
   fhGETX: 0 # Filtered GETX hits
   hGETS: 0 # GETS hits
   hGETX: 0 # GETX hits
   mGETS: 64261 # GETS misses
   mGETXIM: 0 # GETX I->M misses
   mGETXSM: 0 # GETX S->M misses (upgrade misses)
   PUTS: 0 # Clean evictions (from lower level)
   PUTX: 0 # Dirty evictions (from lower level)
   INV: 21618 # Invalidates (from upper level)
   INVX: 0 # Downgrades (from upper level)
   FWD: 0 # Forwards (from upper level)
   latGETnl: 1375744 # GET request latency on next level
   latGETnet: 0 # GET request latency on network to next level
 l1d: # Cache stats
  l1d-0: # Filter cache stats
   fhGETS: 141466644 # Filtered GETS hits
   fhGETX: 37026443 # Filtered GETX hits
   hGETS: 276 # GETS hits
   hGETX: 15920902 # GETX hits
   mGETS: 49542108 # GETS misses
   mGETXIM: 6909000 # GETX I->M misses
   mGETXSM: 215 # GETX S->M misses (upgrade misses)
   PUTS: 0 # Clean evictions (from lower level)
   PUTX: 0 # Dirty evictions (from lower level)
   INV: 139 # Invalidates (from upper level)
   INVX: 8195 # Downgrades (from upper level)
   FWD: 0 # Forwards (from upper level)
   latGETnl: 1711937948 # GET request latency on next level
   latGETnet: 0 # GET request latency on network to next level
  l1d-1: # Filter cache stats
   fhGETS: 142015278 # Filtered GETS hits
   fhGETX: 37039670 # Filtered GETX hits
   hGETS: 480 # GETS hits
   hGETX: 16035228 # GETX hits
   mGETS: 49948956 # GETS misses
   mGETXIM: 6938879 # GETX I->M misses
   mGETXSM: 955 # GETX S->M misses (upgrade misses)
   PUTS: 0 # Clean evictions (from lower level)
   PUTX: 0 # Dirty evictions (from lower level)
   INV: 717 # Invalidates (from upper level)
   INVX: 9602 # Downgrades (from upper level)
   FWD: 0 # Forwards (from upper level)
   latGETnl: 1726537781 # GET request latency on next level
   latGETnet: 0 # GET request latency on network to next level
  l1d-2: # Filter cache stats
   fhGETS: 157190604 # Filtered GETS hits
   fhGETX: 38357234 # Filtered GETX hits
   hGETS: 469 # GETS hits
   hGETX: 16410415 # GETX hits
   mGETS: 40924909 # GETS misses
   mGETXIM: 7253341 # GETX I->M misses
   mGETXSM: 182 # GETX S->M misses (upgrade misses)
   PUTS: 0 # Clean evictions (from lower level)
   PUTX: 0 # Dirty evictions (from lower level)
   INV: 142 # Invalidates (from upper level)
   INVX: 7540 # Downgrades (from upper level)
   FWD: 0 # Forwards (from upper level)
   latGETnl: 1655654426 # GET request latency on next level
   latGETnet: 0 # GET request latency on network to next level
  l1d-3: # Filter cache stats
   fhGETS: 141529058 # Filtered GETS hits
   fhGETX: 36930682 # Filtered GETX hits
   hGETS: 202 # GETS hits
   hGETX: 15905561 # GETX hits
   mGETS: 49339187 # GETS misses
   mGETXIM: 6900047 # GETX I->M misses
   mGETXSM: 167 # GETX S->M misses (upgrade misses)
   PUTS: 0 # Clean evictions (from lower level)
   PUTX: 0 # Dirty evictions (from lower level)
   INV: 126 # Invalidates (from upper level)
   INVX: 6649 # Downgrades (from upper level)
   FWD: 0 # Forwards (from upper level)
   latGETnl: 1710638221 # GET request latency on next level
   latGETnet: 0 # GET request latency on network to next level
  l1d-4: # Filter cache stats
   fhGETS: 142460022 # Filtered GETS hits
   fhGETX: 37243728 # Filtered GETX hits
   hGETS: 352 # GETS hits
   hGETX: 15999546 # GETX hits
   mGETS: 49747424 # GETS misses
   mGETXIM: 6949640 # GETX I->M misses
   mGETXSM: 682 # GETX S->M misses (upgrade misses)
   PUTS: 0 # Clean evictions (from lower level)
   PUTX: 0 # Dirty evictions (from lower level)
   INV: 917 # Invalidates (from upper level)
   INVX: 9995 # Downgrades (from upper level)
   FWD: 0 # Forwards (from upper level)
   latGETnl: 1722588376 # GET request latency on next level
   latGETnet: 0 # GET request latency on network to next level
  l1d-5: # Filter cache stats
   fhGETS: 153833824 # Filtered GETS hits
   fhGETX: 37508669 # Filtered GETX hits
   hGETS: 376 # GETS hits
   hGETX: 16220156 # GETX hits
   mGETS: 40556577 # GETS misses
   mGETXIM: 7108294 # GETX I->M misses
   mGETXSM: 164 # GETX S->M misses (upgrade misses)
   PUTS: 0 # Clean evictions (from lower level)
   PUTX: 0 # Dirty evictions (from lower level)
   INV: 146 # Invalidates (from upper level)
   INVX: 6723 # Downgrades (from upper level)
   FWD: 0 # Forwards (from upper level)
   latGETnl: 1630561253 # GET request latency on next level
   latGETnet: 0 # GET request latency on network to next level
 l2: # Cache stats
  l2-0: # Cache stats
   hGETS: 16798799 # GETS hits
   hGETX: 836257 # GETX hits
   mGETS: 32807334 # GETS misses
   mGETXIM: 6072743 # GETX I->M misses
   mGETXSM: 215 # GETX S->M misses (upgrade misses)
   PUTS: 33663629 # Clean evictions (from lower level)
   PUTX: 22830063 # Dirty evictions (from lower level)
   INV: 281 # Invalidates (from upper level)
   INVX: 1301443 # Downgrades (from upper level)
   FWD: 0 # Forwards (from upper level)
   latGETnl: 1035137818 # GET request latency on next level
   latGETnet: 0 # GET request latency on network to next level
  l2-1: # Cache stats
   hGETS: 16927357 # GETS hits
   hGETX: 842888 # GETX hits
   mGETS: 33085587 # GETS misses
   mGETXIM: 6095991 # GETX I->M misses
   mGETXSM: 955 # GETX S->M misses (upgrade misses)
   PUTS: 33955409 # Clean evictions (from lower level)
   PUTX: 22974222 # Dirty evictions (from lower level)
   INV: 1242 # Invalidates (from upper level)
   INVX: 1272571 # Downgrades (from upper level)
   FWD: 0 # Forwards (from upper level)
   latGETnl: 1044504948 # GET request latency on next level
   latGETnet: 0 # GET request latency on network to next level
  l2-2: # Cache stats
   hGETS: 6881217 # GETS hits
   hGETX: 958106 # GETX hits
   mGETS: 34108556 # GETS misses
   mGETXIM: 6295235 # GETX I->M misses
   mGETXSM: 182 # GETX S->M misses (upgrade misses)
   PUTS: 24557010 # Clean evictions (from lower level)
   PUTX: 23663835 # Dirty evictions (from lower level)
   INV: 204 # Invalidates (from upper level)
   INVX: 979657 # Downgrades (from upper level)
   FWD: 0 # Forwards (from upper level)
   latGETnl: 1078136588 # GET request latency on next level
   latGETnet: 0 # GET request latency on network to next level
  l2-3: # Cache stats
   hGETS: 16485000 # GETS hits
   hGETX: 837560 # GETX hits
   mGETS: 32917662 # GETS misses
   mGETXIM: 6062487 # GETX I->M misses
   mGETXSM: 167 # GETX S->M misses (upgrade misses)
   PUTS: 33475608 # Clean evictions (from lower level)
   PUTX: 22805676 # Dirty evictions (from lower level)
   INV: 285 # Invalidates (from upper level)
   INVX: 1033338 # Downgrades (from upper level)
   FWD: 0 # Forwards (from upper level)
   latGETnl: 1036350383 # GET request latency on next level
   latGETnet: 0 # GET request latency on network to next level
  l2-4: # Cache stats
   hGETS: 16805681 # GETS hits
   hGETX: 839208 # GETX hits
   mGETS: 33004620 # GETS misses
   mGETXIM: 6110430 # GETX I->M misses
   mGETXSM: 684 # GETX S->M misses (upgrade misses)
   PUTS: 33788508 # Clean evictions (from lower level)
   PUTX: 22949120 # Dirty evictions (from lower level)
   INV: 1476 # Invalidates (from upper level)
   INVX: 1196672 # Downgrades (from upper level)
   FWD: 0 # Forwards (from upper level)
   latGETnl: 1042805108 # GET request latency on next level
   latGETnet: 0 # GET request latency on network to next level
  l2-5: # Cache stats
   hGETS: 7134491 # GETS hits
   hGETX: 931012 # GETX hits
   mGETS: 33486347 # GETS misses
   mGETXIM: 6177281 # GETX I->M misses
   mGETXSM: 165 # GETX S->M misses (upgrade misses)
   PUTS: 24378783 # Clean evictions (from lower level)
   PUTX: 23328518 # Dirty evictions (from lower level)
   INV: 194 # Invalidates (from upper level)
   INVX: 957382 # Downgrades (from upper level)
   FWD: 0 # Forwards (from upper level)
   latGETnl: 1059185445 # GET request latency on next level
   latGETnet: 0 # GET request latency on network to next level
 l3: # Cache stats
  l3-0: # Cache stats
   hGETS: 199331762 # GETS hits
   hGETX: 36733679 # GETX hits
   mGETS: 78344 # GETS misses
   mGETXIM: 82856 # GETX I->M misses
   mGETXSM: 0 # GETX S->M misses (upgrade misses)
   PUTS: 108190381 # Clean evictions (from lower level)
   PUTX: 127981058 # Dirty evictions (from lower level)
   INV: 0 # Invalidates (from upper level)
   INVX: 0 # Downgrades (from upper level)
   FWD: 0 # Forwards (from upper level)
   latGETnl: 73091724 # GET request latency on next level
   latGETnet: 0 # GET request latency on network to next level
 mem: # Memory controller stats
  mem-0: # Memory controller stats
   rd: 161200 # Read requests
   wr: 0 # Write requests
   rdlat: 73091724 # Total latency experienced by read requests
   wrlat: 0 # Total latency experienced by write requests
   load: 6328 # Sum of load factors (0-100) per update
   ups: 328 # Number of latency updates
   clampedLoads: 0 # Number of updates where the load was clamped to 95%
 sched: # Scheduler stats
  thCr: 6 # Threads created
  thFn: 0 # Threads finished
  schedEvs: 6 # Schedule events
  waitEvs: 0 # Wait events
  handoffEvs: 0 # Handoff events
  sleepEvs: 0 # Sleep events
  idlePhases: 0 # Phases with no thread active
  idlePeriods: 0 # Periods with no thread active
  occHist: # Occupancy histogram
   0: 0
   1: 0
   2: 0
   3: 0
   4: 0
   5: 0
   6: 8409
  rqSzHist: # Run queue size histogram
   0: 8409
   1: 0
   2: 0
   3: 0
   4: 0
   5: 0
   6: 0
   7: 0
   8: 0
   9: 0
   10: 0
   11: 0
   12: 0
   13: 0
   14: 0
   15: 0
   16: 0
 heartbeats: # Per-process heartbeats
  0: 0
  1: 0
  2: 0
  3: 0
  4: 0
  5: 0
  6: 0
  7: 0
  8: 0
  9: 0
  10: 0
  11: 0
  12: 0
  13: 0
  14: 0
  15: 0
  16: 0
  17: 0
  18: 0
  19: 0
  20: 0
  21: 0
  22: 0
  23: 0
  24: 0
  25: 0
  26: 0
  27: 0
  28: 0
  29: 0
  30: 0
  31: 0
  32: 0
  33: 0
  34: 0
  35: 0
  36: 0
  37: 0
  38: 0
  39: 0
  40: 0
  41: 0
  42: 0
  43: 0
  44: 0
  45: 0
  46: 0
  47: 0
  48: 0
  49: 0
  50: 0
  51: 0
  52: 0
  53: 0
  54: 0
  55: 0
  56: 0
  57: 0
  58: 0
  59: 0
  60: 0
  61: 0
  62: 0
  63: 0
===
