# zsim stats
===
root: # Stats
 contention: # Contention simulation stats
  domain-0: # Domain stats
   time: 3558430628 # Weave simulation time
 time: # Simulator time breakdown
  init: 19655244828
  bound: 1383334871079
  weave: 6417448440
  ff: 0
 trigger: 20000 # Reason for this stats dump
 phase: 76508 # Simulated phases
 core: # Core stats
  core-0: # Core stats
   cycles: 7650800082 # Simulated unhalted cycles
   cCycles: 0 # Cycles due to contention stalls
   instrs: 1247108849 # Simulated instructions
   uops: 1276151898 # Retired micro-ops
   bbls: 200400141 # Basic blocks
   approxInstrs: 15180006 # Instrs with approx uop decoding
   mispredBranches: 10221 # Mispredicted branches
   fetchStalls: 5137983 # Fetch stalls
   decodeStalls: 323663158 # Decode stalls
   issueStalls: 41345439 # Issue stalls
  core-1: # Core stats
   cycles: 7649536375 # Simulated unhalted cycles
   cCycles: 0 # Cycles due to contention stalls
   instrs: 1174446759 # Simulated instructions
   uops: 1202113689 # Retired micro-ops
   bbls: 188654391 # Basic blocks
   approxInstrs: 14280119 # Instrs with approx uop decoding
   mispredBranches: 9775 # Mispredicted branches
   fetchStalls: 4323289 # Fetch stalls
   decodeStalls: 304970092 # Decode stalls
   issueStalls: 37059822 # Issue stalls
  core-2: # Core stats
   cycles: 7649728465 # Simulated unhalted cycles
   cCycles: 0 # Cycles due to contention stalls
   instrs: 1398270731 # Simulated instructions
   uops: 1431274494 # Retired micro-ops
   bbls: 224534126 # Basic blocks
   approxInstrs: 17020119 # Instrs with approx uop decoding
   mispredBranches: 11622 # Mispredicted branches
   fetchStalls: 7943951 # Fetch stalls
   decodeStalls: 363149613 # Decode stalls
   issueStalls: 52852372 # Issue stalls
  core-3: # Core stats
   cycles: 7649863407 # Simulated unhalted cycles
   cCycles: 0 # Cycles due to contention stalls
   instrs: 1180190914 # Simulated instructions
   uops: 1208342690 # Retired micro-ops
   bbls: 189469825 # Basic blocks
   approxInstrs: 14340119 # Instrs with approx uop decoding
   mispredBranches: 9878 # Mispredicted branches
   fetchStalls: 4427751 # Fetch stalls
   decodeStalls: 306633303 # Decode stalls
   issueStalls: 37341344 # Issue stalls
 l1i: # Cache stats
  l1i-0: # Filter cache stats
   fhGETS: 216894437 # Filtered GETS hits
   fhGETX: 0 # Filtered GETX hits
   hGETS: 0 # GETS hits
   hGETX: 0 # GETX hits
   mGETS: 59790 # GETS misses
   mGETXIM: 0 # GETX I->M misses
   mGETXSM: 0 # GETX S->M misses (upgrade misses)
   PUTS: 0 # Clean evictions (from lower level)
   PUTX: 0 # Dirty evictions (from lower level)
   INV: 16174 # Invalidates (from upper level)
   INVX: 0 # Downgrades (from upper level)
   FWD: 0 # Forwards (from upper level)
   latGETnl: 6338307 # GET request latency on next level
   latGETnet: 0 # GET request latency on network to next level
  l1i-1: # Filter cache stats
   fhGETS: 204176349 # Filtered GETS hits
   fhGETX: 0 # Filtered GETX hits
   hGETS: 0 # GETS hits
   hGETX: 0 # GETX hits
   mGETS: 60255 # GETS misses
   mGETXIM: 0 # GETX I->M misses
   mGETXSM: 0 # GETX S->M misses (upgrade misses)
   PUTS: 0 # Clean evictions (from lower level)
   PUTX: 0 # Dirty evictions (from lower level)
   INV: 15564 # Invalidates (from upper level)
   INVX: 0 # Downgrades (from upper level)
   FWD: 0 # Forwards (from upper level)
   latGETnl: 5264616 # GET request latency on next level
   latGETnet: 0 # GET request latency on network to next level
  l1i-2: # Filter cache stats
   fhGETS: 243031470 # Filtered GETS hits
   fhGETX: 0 # Filtered GETX hits
   hGETS: 0 # GETS hits
   hGETX: 0 # GETX hits
   mGETS: 63080 # GETS misses
   mGETXIM: 0 # GETX I->M misses
   mGETXSM: 0 # GETX S->M misses (upgrade misses)
   PUTS: 0 # Clean evictions (from lower level)
   PUTX: 0 # Dirty evictions (from lower level)
   INV: 17546 # Invalidates (from upper level)
   INVX: 0 # Downgrades (from upper level)
   FWD: 0 # Forwards (from upper level)
   latGETnl: 10338339 # GET request latency on next level
   latGETnet: 0 # GET request latency on network to next level
  l1i-3: # Filter cache stats
   fhGETS: 205062027 # Filtered GETS hits
   fhGETX: 0 # Filtered GETX hits
   hGETS: 0 # GETS hits
   hGETX: 0 # GETX hits
   mGETS: 60442 # GETS misses
   mGETXIM: 0 # GETX I->M misses
   mGETXSM: 0 # GETX S->M misses (upgrade misses)
   PUTS: 0 # Clean evictions (from lower level)
   PUTX: 0 # Dirty evictions (from lower level)
   INV: 15800 # Invalidates (from upper level)
   INVX: 0 # Downgrades (from upper level)
   FWD: 0 # Forwards (from upper level)
   latGETnl: 5328340 # GET request latency on next level
   latGETnet: 0 # GET request latency on network to next level
 l1d: # Cache stats
  l1d-0: # Filter cache stats
   fhGETS: 228732880 # Filtered GETS hits
   fhGETX: 55739316 # Filtered GETX hits
   hGETS: 18213 # GETS hits
   hGETX: 24075879 # GETX hits
   mGETS: 59919858 # GETS misses
   mGETXIM: 10508717 # GETX I->M misses
   mGETXSM: 15310 # GETX S->M misses (upgrade misses)
   PUTS: 0 # Clean evictions (from lower level)
   PUTX: 0 # Dirty evictions (from lower level)
   INV: 38102 # Invalidates (from upper level)
   INVX: 157601 # Downgrades (from upper level)
   FWD: 0 # Forwards (from upper level)
   latGETnl: 19838643063 # GET request latency on next level
   latGETnet: 0 # GET request latency on network to next level
  l1d-1: # Filter cache stats
   fhGETS: 214936201 # Filtered GETS hits
   fhGETX: 52550337 # Filtered GETX hits
   hGETS: 4054 # GETS hits
   hGETX: 22683837 # GETX hits
   mGETS: 57240599 # GETS misses
   mGETXIM: 9945668 # GETX I->M misses
   mGETXSM: 213 # GETX S->M misses (upgrade misses)
   PUTS: 0 # Clean evictions (from lower level)
   PUTX: 0 # Dirty evictions (from lower level)
   INV: 48862 # Invalidates (from upper level)
   INVX: 135093 # Downgrades (from upper level)
   FWD: 0 # Forwards (from upper level)
   latGETnl: 18977858938 # GET request latency on next level
   latGETnet: 0 # GET request latency on network to next level
  l1d-2: # Filter cache stats
   fhGETS: 248703734 # Filtered GETS hits
   fhGETX: 62712856 # Filtered GETX hits
   hGETS: 5915 # GETS hits
   hGETX: 35329331 # GETX hits
   mGETS: 75436706 # GETS misses
   mGETXIM: 3365784 # GETX I->M misses
   mGETXSM: 225 # GETX S->M misses (upgrade misses)
   PUTS: 0 # Clean evictions (from lower level)
   PUTX: 0 # Dirty evictions (from lower level)
   INV: 44151 # Invalidates (from upper level)
   INVX: 208749 # Downgrades (from upper level)
   FWD: 0 # Forwards (from upper level)
   latGETnl: 22808201701 # GET request latency on next level
   latGETnet: 0 # GET request latency on network to next level
  l1d-3: # Filter cache stats
   fhGETS: 216157386 # Filtered GETS hits
   fhGETX: 52836688 # Filtered GETX hits
   hGETS: 3664 # GETS hits
   hGETX: 22839785 # GETX hits
   mGETS: 57728713 # GETS misses
   mGETXIM: 10012855 # GETX I->M misses
   mGETXSM: 206 # GETX S->M misses (upgrade misses)
   PUTS: 0 # Clean evictions (from lower level)
   PUTX: 0 # Dirty evictions (from lower level)
   INV: 46784 # Invalidates (from upper level)
   INVX: 124309 # Downgrades (from upper level)
   FWD: 0 # Forwards (from upper level)
   latGETnl: 18998063636 # GET request latency on next level
   latGETnet: 0 # GET request latency on network to next level
 l2: # Cache stats
  l2-0: # Cache stats
   hGETS: 33288839 # GETS hits
   hGETX: 7944203 # GETX hits
   mGETS: 26690809 # GETS misses
   mGETXIM: 2564514 # GETX I->M misses
   mGETXSM: 15310 # GETX S->M misses (upgrade misses)
   PUTS: 35867579 # Clean evictions (from lower level)
   PUTX: 34566441 # Dirty evictions (from lower level)
   INV: 28494655 # Invalidates (from upper level)
   INVX: 1836080 # Downgrades (from upper level)
   FWD: 0 # Forwards (from upper level)
   latGETnl: 18928433595 # GET request latency on next level
   latGETnet: 0 # GET request latency on network to next level
  l2-1: # Cache stats
   hGETS: 31467561 # GETS hits
   hGETX: 7631878 # GETX hits
   mGETS: 25833293 # GETS misses
   mGETXIM: 2313781 # GETX I->M misses
   mGETXSM: 222 # GETX S->M misses (upgrade misses)
   PUTS: 34573857 # Clean evictions (from lower level)
   PUTX: 32608171 # Dirty evictions (from lower level)
   INV: 27818022 # Invalidates (from upper level)
   INVX: 1600781 # Downgrades (from upper level)
   FWD: 0 # Forwards (from upper level)
   latGETnl: 18108915999 # GET request latency on next level
   latGETnet: 0 # GET request latency on network to next level
  l2-2: # Cache stats
   hGETS: 44581285 # GETS hits
   hGETX: 2832166 # GETX hits
   mGETS: 30918501 # GETS misses
   mGETXIM: 533590 # GETX I->M misses
   mGETXSM: 253 # GETX S->M misses (upgrade misses)
   PUTS: 40124461 # Clean evictions (from lower level)
   PUTX: 38679329 # Dirty evictions (from lower level)
   INV: 30426585 # Invalidates (from upper level)
   INVX: 3005242 # Downgrades (from upper level)
   FWD: 0 # Forwards (from upper level)
   latGETnl: 21793284705 # GET request latency on next level
   latGETnet: 0 # GET request latency on network to next level
  l2-3: # Cache stats
   hGETS: 31974276 # GETS hits
   hGETX: 7682621 # GETX hits
   mGETS: 25814879 # GETS misses
   mGETXIM: 2330232 # GETX I->M misses
   mGETXSM: 208 # GETX S->M misses (upgrade misses)
   PUTS: 34906728 # Clean evictions (from lower level)
   PUTX: 32832623 # Dirty evictions (from lower level)
   INV: 27760996 # Invalidates (from upper level)
   INVX: 1603774 # Downgrades (from upper level)
   FWD: 0 # Forwards (from upper level)
   latGETnl: 18121963168 # GET request latency on next level
   latGETnet: 0 # GET request latency on network to next level
 l3: # Cache stats
  l3-0: # Cache stats
   hGETS: 20713769 # GETS hits
   hGETX: 16772 # GETX hits
   mGETS: 88543713 # GETS misses
   mGETXIM: 7741338 # GETX I->M misses
   mGETXSM: 0 # GETX S->M misses (upgrade misses)
   PUTS: 2420266 # Clean evictions (from lower level)
   PUTX: 635 # Dirty evictions (from lower level)
   INV: 0 # Invalidates (from upper level)
   INVX: 0 # Downgrades (from upper level)
   FWD: 0 # Forwards (from upper level)
   latGETnl: 74270884368 # GET request latency on next level
   latGETnet: 0 # GET request latency on network to next level
 mem: # Memory controller stats
  mem-0: # Memory controller stats
   rd: 96285051 # Read requests
   wr: 46406510 # Write requests
   rdlat: 74270884368 # Total latency experienced by read requests
   wrlat: 35559046437 # Total latency experienced by write requests
   load: 5604878 # Sum of load factors (0-100) per update
   ups: 76507 # Number of latency updates
   clampedLoads: 6876 # Number of updates where the load was clamped to 95%
 sched: # Scheduler stats
  thCr: 4 # Threads created
  thFn: 0 # Threads finished
  schedEvs: 4 # Schedule events
  waitEvs: 0 # Wait events
  handoffEvs: 0 # Handoff events
  sleepEvs: 0 # Sleep events
  idlePhases: 0 # Phases with no thread active
  idlePeriods: 0 # Periods with no thread active
  occHist: # Occupancy histogram
   0: 0
   1: 1
   2: 0
   3: 0
   4: 76507
  rqSzHist: # Run queue size histogram
   0: 76508
   1: 0
   2: 0
   3: 0
   4: 0
   5: 0
   6: 0
   7: 0
   8: 0
   9: 0
   10: 0
   11: 0
   12: 0
   13: 0
   14: 0
   15: 0
   16: 0
 heartbeats: # Per-process heartbeats
  0: 0
  1: 0
  2: 0
  3: 0
  4: 0
  5: 0
  6: 0
  7: 0
  8: 0
  9: 0
  10: 0
  11: 0
  12: 0
  13: 0
  14: 0
  15: 0
  16: 0
  17: 0
  18: 0
  19: 0
  20: 0
  21: 0
  22: 0
  23: 0
  24: 0
  25: 0
  26: 0
  27: 0
  28: 0
  29: 0
  30: 0
  31: 0
  32: 0
  33: 0
  34: 0
  35: 0
  36: 0
  37: 0
  38: 0
  39: 0
  40: 0
  41: 0
  42: 0
  43: 0
  44: 0
  45: 0
  46: 0
  47: 0
  48: 0
  49: 0
  50: 0
  51: 0
  52: 0
  53: 0
  54: 0
  55: 0
  56: 0
  57: 0
  58: 0
  59: 0
  60: 0
  61: 0
  62: 0
  63: 0
===
