# zsim stats
===
root: # Stats
 contention: # Contention simulation stats
  domain-0: # Domain stats
   time: 6698923243 # Weave simulation time
 time: # Simulator time breakdown
  init: 19501170330
  bound: 2239388940233
  weave: 12013565649
  ff: 0
 trigger: 20000 # Reason for this stats dump
 phase: 163166 # Simulated phases
 core: # Core stats
  core-0: # Core stats
   cycles: 16316601347 # Simulated unhalted cycles
   cCycles: 0 # Cycles due to contention stalls
   instrs: 1267610150 # Simulated instructions
   uops: 1296959283 # Retired micro-ops
   bbls: 203732738 # Basic blocks
   approxInstrs: 15440006 # Instrs with approx uop decoding
   mispredBranches: 10334 # Mispredicted branches
   fetchStalls: 15837453 # Fetch stalls
   decodeStalls: 328882042 # Decode stalls
   issueStalls: 32308371 # Issue stalls
  core-1: # Core stats
   cycles: 16315649510 # Simulated unhalted cycles
   cCycles: 0 # Cycles due to contention stalls
   instrs: 1245325373 # Simulated instructions
   uops: 1274988354 # Retired micro-ops
   bbls: 199923315 # Basic blocks
   approxInstrs: 15140119 # Instrs with approx uop decoding
   mispredBranches: 10461 # Mispredicted branches
   fetchStalls: 10583676 # Fetch stalls
   decodeStalls: 323560250 # Decode stalls
   issueStalls: 29740981 # Issue stalls
  core-2: # Core stats
   cycles: 16315718391 # Simulated unhalted cycles
   cCycles: 0 # Cycles due to contention stalls
   instrs: 1243168021 # Simulated instructions
   uops: 1272338361 # Retired micro-ops
   bbls: 199707434 # Basic blocks
   approxInstrs: 15120088 # Instrs with approx uop decoding
   mispredBranches: 10202 # Mispredicted branches
   fetchStalls: 9861962 # Fetch stalls
   decodeStalls: 322743237 # Decode stalls
   issueStalls: 29294716 # Issue stalls
  core-3: # Core stats
   cycles: 16315634140 # Simulated unhalted cycles
   cCycles: 0 # Cycles due to contention stalls
   instrs: 1243906994 # Simulated instructions
   uops: 1273427932 # Retired micro-ops
   bbls: 199728030 # Basic blocks
   approxInstrs: 15120119 # Instrs with approx uop decoding
   mispredBranches: 10362 # Mispredicted branches
   fetchStalls: 9116765 # Fetch stalls
   decodeStalls: 323112083 # Decode stalls
   issueStalls: 32330089 # Issue stalls
 l1i: # Cache stats
  l1i-0: # Filter cache stats
   fhGETS: 220485312 # Filtered GETS hits
   fhGETX: 0 # Filtered GETX hits
   hGETS: 0 # GETS hits
   hGETX: 0 # GETX hits
   mGETS: 68600 # GETS misses
   mGETXIM: 0 # GETX I->M misses
   mGETXSM: 0 # GETX S->M misses (upgrade misses)
   PUTS: 0 # Clean evictions (from lower level)
   PUTX: 0 # Dirty evictions (from lower level)
   INV: 26114 # Invalidates (from upper level)
   INVX: 0 # Downgrades (from upper level)
   FWD: 0 # Forwards (from upper level)
   latGETnl: 19931559 # GET request latency on next level
   latGETnet: 0 # GET request latency on network to next level
  l1i-1: # Filter cache stats
   fhGETS: 216388141 # Filtered GETS hits
   fhGETX: 0 # Filtered GETX hits
   hGETS: 0 # GETS hits
   hGETX: 0 # GETX hits
   mGETS: 70315 # GETS misses
   mGETXIM: 0 # GETX I->M misses
   mGETXSM: 0 # GETX S->M misses (upgrade misses)
   PUTS: 0 # Clean evictions (from lower level)
   PUTX: 0 # Dirty evictions (from lower level)
   INV: 26755 # Invalidates (from upper level)
   INVX: 0 # Downgrades (from upper level)
   FWD: 0 # Forwards (from upper level)
   latGETnl: 13067710 # GET request latency on next level
   latGETnet: 0 # GET request latency on network to next level
  l1i-2: # Filter cache stats
   fhGETS: 216124351 # Filtered GETS hits
   fhGETX: 0 # Filtered GETX hits
   hGETS: 0 # GETS hits
   hGETX: 0 # GETX hits
   mGETS: 69800 # GETS misses
   mGETXIM: 0 # GETX I->M misses
   mGETXSM: 0 # GETX S->M misses (upgrade misses)
   PUTS: 0 # Clean evictions (from lower level)
   PUTX: 0 # Dirty evictions (from lower level)
   INV: 26656 # Invalidates (from upper level)
   INVX: 0 # Downgrades (from upper level)
   FWD: 0 # Forwards (from upper level)
   latGETnl: 11998079 # GET request latency on next level
   latGETnet: 0 # GET request latency on network to next level
  l1i-3: # Filter cache stats
   fhGETS: 216154879 # Filtered GETS hits
   fhGETX: 0 # Filtered GETX hits
   hGETS: 0 # GETS hits
   hGETX: 0 # GETX hits
   mGETS: 70208 # GETS misses
   mGETXIM: 0 # GETX I->M misses
   mGETXSM: 0 # GETX S->M misses (upgrade misses)
   PUTS: 0 # Clean evictions (from lower level)
   PUTX: 0 # Dirty evictions (from lower level)
   INV: 26614 # Invalidates (from upper level)
   INVX: 0 # Downgrades (from upper level)
   FWD: 0 # Forwards (from upper level)
   latGETnl: 11131388 # GET request latency on next level
   latGETnet: 0 # GET request latency on network to next level
 l1d: # Cache stats
  l1d-0: # Filter cache stats
   fhGETS: 218260185 # Filtered GETS hits
   fhGETX: 56757007 # Filtered GETX hits
   hGETS: 16633 # GETS hits
   hGETX: 24400716 # GETX hits
   mGETS: 75066011 # GETS misses
   mGETXIM: 10552043 # GETX I->M misses
   mGETXSM: 13446 # GETX S->M misses (upgrade misses)
   PUTS: 0 # Clean evictions (from lower level)
   PUTX: 0 # Dirty evictions (from lower level)
   INV: 18835 # Invalidates (from upper level)
   INVX: 125193 # Downgrades (from upper level)
   FWD: 0 # Forwards (from upper level)
   latGETnl: 46258740651 # GET request latency on next level
   latGETnet: 0 # GET request latency on network to next level
  l1d-1: # Filter cache stats
   fhGETS: 228151411 # Filtered GETS hits
   fhGETX: 55777339 # Filtered GETX hits
   hGETS: 7554 # GETS hits
   hGETX: 24091109 # GETX hits
   mGETS: 60642784 # GETS misses
   mGETXIM: 10588573 # GETX I->M misses
   mGETXSM: 205 # GETX S->M misses (upgrade misses)
   PUTS: 0 # Clean evictions (from lower level)
   PUTX: 0 # Dirty evictions (from lower level)
   INV: 25292 # Invalidates (from upper level)
   INVX: 226161 # Downgrades (from upper level)
   FWD: 0 # Forwards (from upper level)
   latGETnl: 44085416462 # GET request latency on next level
   latGETnet: 0 # GET request latency on network to next level
  l1d-2: # Filter cache stats
   fhGETS: 228498174 # Filtered GETS hits
   fhGETX: 55663184 # Filtered GETX hits
   hGETS: 7034 # GETS hits
   hGETX: 23865065 # GETX hits
   mGETS: 59643928 # GETS misses
   mGETXIM: 10535807 # GETX I->M misses
   mGETXSM: 178 # GETX S->M misses (upgrade misses)
   PUTS: 0 # Clean evictions (from lower level)
   PUTX: 0 # Dirty evictions (from lower level)
   INV: 25429 # Invalidates (from upper level)
   INVX: 214179 # Downgrades (from upper level)
   FWD: 0 # Forwards (from upper level)
   latGETnl: 43903200500 # GET request latency on next level
   latGETnet: 0 # GET request latency on network to next level
  l1d-3: # Filter cache stats
   fhGETS: 227947839 # Filtered GETS hits
   fhGETX: 55679553 # Filtered GETX hits
   hGETS: 6734 # GETS hits
   hGETX: 24004482 # GETX hits
   mGETS: 60665026 # GETS misses
   mGETXIM: 10550310 # GETX I->M misses
   mGETXSM: 206 # GETX S->M misses (upgrade misses)
   PUTS: 0 # Clean evictions (from lower level)
   PUTX: 0 # Dirty evictions (from lower level)
   INV: 27179 # Invalidates (from upper level)
   INVX: 195115 # Downgrades (from upper level)
   FWD: 0 # Forwards (from upper level)
   latGETnl: 43780817410 # GET request latency on next level
   latGETnet: 0 # GET request latency on network to next level
 l2: # Cache stats
  l2-0: # Cache stats
   hGETS: 28454072 # GETS hits
   hGETX: 2261914 # GETX hits
   mGETS: 46680539 # GETS misses
   mGETXIM: 8290104 # GETX I->M misses
   mGETXSM: 13471 # GETX S->M misses (upgrade misses)
   PUTS: 50701956 # Clean evictions (from lower level)
   PUTX: 34939681 # Dirty evictions (from lower level)
   INV: 54960841 # Invalidates (from upper level)
   INVX: 3402604 # Downgrades (from upper level)
   FWD: 0 # Forwards (from upper level)
   latGETnl: 45164570910 # GET request latency on next level
   latGETnet: 0 # GET request latency on network to next level
  l2-1: # Cache stats
   hGETS: 14120911 # GETS hits
   hGETX: 2598060 # GETX hits
   mGETS: 46592188 # GETS misses
   mGETXIM: 7990513 # GETX I->M misses
   mGETXSM: 205 # GETX S->M misses (upgrade misses)
   PUTS: 36582508 # Clean evictions (from lower level)
   PUTX: 34667048 # Dirty evictions (from lower level)
   INV: 54578849 # Invalidates (from upper level)
   INVX: 1798904 # Downgrades (from upper level)
   FWD: 0 # Forwards (from upper level)
   latGETnl: 43171559771 # GET request latency on next level
   latGETnet: 0 # GET request latency on network to next level
  l2-2: # Cache stats
   hGETS: 13428447 # GETS hits
   hGETX: 2460269 # GETX hits
   mGETS: 46285281 # GETS misses
   mGETXIM: 8075538 # GETX I->M misses
   mGETXSM: 178 # GETX S->M misses (upgrade misses)
   PUTS: 35809058 # Clean evictions (from lower level)
   PUTX: 34388321 # Dirty evictions (from lower level)
   INV: 54351095 # Invalidates (from upper level)
   INVX: 1704577 # Downgrades (from upper level)
   FWD: 0 # Forwards (from upper level)
   latGETnl: 43001952310 # GET request latency on next level
   latGETnet: 0 # GET request latency on network to next level
  l2-3: # Cache stats
   hGETS: 14525870 # GETS hits
   hGETX: 2599533 # GETX hits
   mGETS: 46209364 # GETS misses
   mGETXIM: 7950776 # GETX I->M misses
   mGETXSM: 207 # GETX S->M misses (upgrade misses)
   PUTS: 36690867 # Clean evictions (from lower level)
   PUTX: 34540813 # Dirty evictions (from lower level)
   INV: 54150732 # Invalidates (from upper level)
   INVX: 1750293 # Downgrades (from upper level)
   FWD: 0 # Forwards (from upper level)
   latGETnl: 42865234048 # GET request latency on next level
   latGETnet: 0 # GET request latency on network to next level
 l3: # Cache stats
  l3-0: # Cache stats
   hGETS: 16629344 # GETS hits
   hGETX: 14247 # GETX hits
   mGETS: 169138028 # GETS misses
   mGETXIM: 32306745 # GETX I->M misses
   mGETXSM: 0 # GETX S->M misses (upgrade misses)
   PUTS: 0 # Clean evictions (from lower level)
   PUTX: 0 # Dirty evictions (from lower level)
   INV: 0 # Invalidates (from upper level)
   INVX: 0 # Downgrades (from upper level)
   FWD: 0 # Forwards (from upper level)
   latGETnl: 169943824326 # GET request latency on next level
   latGETnet: 0 # GET request latency on network to next level
 mem: # Memory controller stats
  mem-0: # Memory controller stats
   rd: 201444773 # Read requests
   wr: 113149774 # Write requests
   rdlat: 169943824326 # Total latency experienced by read requests
   wrlat: 95662568759 # Total latency experienced by write requests
   load: 12239290 # Sum of load factors (0-100) per update
   ups: 163165 # Number of latency updates
   clampedLoads: 30169 # Number of updates where the load was clamped to 95%
 sched: # Scheduler stats
  thCr: 4 # Threads created
  thFn: 0 # Threads finished
  schedEvs: 4 # Schedule events
  waitEvs: 0 # Wait events
  handoffEvs: 0 # Handoff events
  sleepEvs: 0 # Sleep events
  idlePhases: 0 # Phases with no thread active
  idlePeriods: 0 # Periods with no thread active
  occHist: # Occupancy histogram
   0: 0
   1: 0
   2: 0
   3: 0
   4: 163166
  rqSzHist: # Run queue size histogram
   0: 163166
   1: 0
   2: 0
   3: 0
   4: 0
   5: 0
   6: 0
   7: 0
   8: 0
   9: 0
   10: 0
   11: 0
   12: 0
   13: 0
   14: 0
   15: 0
   16: 0
 heartbeats: # Per-process heartbeats
  0: 0
  1: 0
  2: 0
  3: 0
  4: 0
  5: 0
  6: 0
  7: 0
  8: 0
  9: 0
  10: 0
  11: 0
  12: 0
  13: 0
  14: 0
  15: 0
  16: 0
  17: 0
  18: 0
  19: 0
  20: 0
  21: 0
  22: 0
  23: 0
  24: 0
  25: 0
  26: 0
  27: 0
  28: 0
  29: 0
  30: 0
  31: 0
  32: 0
  33: 0
  34: 0
  35: 0
  36: 0
  37: 0
  38: 0
  39: 0
  40: 0
  41: 0
  42: 0
  43: 0
  44: 0
  45: 0
  46: 0
  47: 0
  48: 0
  49: 0
  50: 0
  51: 0
  52: 0
  53: 0
  54: 0
  55: 0
  56: 0
  57: 0
  58: 0
  59: 0
  60: 0
  61: 0
  62: 0
  63: 0
===
