# zsim stats
===
root: # Stats
 rdtsc: 63171028685809345 # Host timestamp counter
 trigger: 20000 # Reason for this stats dump
 phase: 27791 # Simulated phases
 core: # Core stats
  core-0: # Core stats
   cycles: 2776400001 # Simulated cycles
   instrs: 2725433003 # Simulated instructions
   uops: 3434542182 # Retired micro-ops
   bbls: 435235802 # Basic blocks
   approxInstrs: 296 # Instrs with approx uop decoding
   mispredBranches: 1764034 # Mispredicted branches
  core-1: # Core stats
   cycles: 2072400004 # Simulated cycles
   instrs: 1137289013 # Simulated instructions
   uops: 1300035501 # Retired micro-ops
   bbls: 164046334 # Basic blocks
   approxInstrs: 310 # Instrs with approx uop decoding
   mispredBranches: 1563485 # Mispredicted branches
  core-2: # Core stats
   cycles: 2070300011 # Simulated cycles
   instrs: 1137341197 # Simulated instructions
   uops: 1300093635 # Retired micro-ops
   bbls: 164054042 # Basic blocks
   approxInstrs: 301 # Instrs with approx uop decoding
   mispredBranches: 1562849 # Mispredicted branches
 l1i: # Cache stats
  l1i-0: # Cache stats
   hGETS: 586714918 # GETS hits
   hGETX: 0 # GETX hits
   mGETS: 1522 # GETS misses
   mGETXIM: 0 # GETX I->M misses
   mGETXSM: 0 # GETX S->M misses (upgrade misses)
   PUTS: 0 # Clean evictions (from lower level)
   PUTX: 0 # Dirty evictions (from lower level)
   INV: 1493 # Invalidates (from upper level)
   INVX: 176 # Downgrades (from upper level)
   latGETnl: 378465 # GET request latency on next level
   latGETnet: 0 # GET request latency on network to next level
  l1i-1: # Cache stats
   hGETS: 208533107 # GETS hits
   hGETX: 0 # GETX hits
   mGETS: 641 # GETS misses
   mGETXIM: 0 # GETX I->M misses
   mGETXSM: 0 # GETX S->M misses (upgrade misses)
   PUTS: 0 # Clean evictions (from lower level)
   PUTX: 0 # Dirty evictions (from lower level)
   INV: 638 # Invalidates (from upper level)
   INVX: 240 # Downgrades (from upper level)
   latGETnl: 72088 # GET request latency on next level
   latGETnet: 0 # GET request latency on network to next level
  l1i-2: # Cache stats
   hGETS: 208538016 # GETS hits
   hGETX: 0 # GETX hits
   mGETS: 4790 # GETS misses
   mGETXIM: 0 # GETX I->M misses
   mGETXSM: 0 # GETX S->M misses (upgrade misses)
   PUTS: 0 # Clean evictions (from lower level)
   PUTX: 0 # Dirty evictions (from lower level)
   INV: 4787 # Invalidates (from upper level)
   INVX: 228 # Downgrades (from upper level)
   latGETnl: 165023 # GET request latency on next level
   latGETnet: 0 # GET request latency on network to next level
 l1d: # Cache stats
  l1d-0: # Cache stats
   hGETS: 751023740 # GETS hits
   hGETX: 274399018 # GETX hits
   mGETS: 13267503 # GETS misses
   mGETXIM: 1938078 # GETX I->M misses
   mGETXSM: 16891 # GETX S->M misses (upgrade misses)
   PUTS: 0 # Clean evictions (from lower level)
   PUTX: 0 # Dirty evictions (from lower level)
   INV: 17923 # Invalidates (from upper level)
   INVX: 1103 # Downgrades (from upper level)
   latGETnl: 2525159729 # GET request latency on next level
   latGETnet: 0 # GET request latency on network to next level
  l1d-1: # Cache stats
   hGETS: 311507053 # GETS hits
   hGETX: 2161718 # GETX hits
   mGETS: 11742226 # GETS misses
   mGETXIM: 135920 # GETX I->M misses
   mGETXSM: 216 # GETX S->M misses (upgrade misses)
   PUTS: 0 # Clean evictions (from lower level)
   PUTX: 0 # Dirty evictions (from lower level)
   INV: 33290 # Invalidates (from upper level)
   INVX: 1988 # Downgrades (from upper level)
   latGETnl: 2004824550 # GET request latency on next level
   latGETnet: 0 # GET request latency on network to next level
  l1d-2: # Cache stats
   hGETS: 311521890 # GETS hits
   hGETX: 2160103 # GETX hits
   mGETS: 11742671 # GETS misses
   mGETXIM: 135915 # GETX I->M misses
   mGETXSM: 227 # GETX S->M misses (upgrade misses)
   PUTS: 0 # Clean evictions (from lower level)
   PUTX: 0 # Dirty evictions (from lower level)
   INV: 31302 # Invalidates (from upper level)
   INVX: 1035 # Downgrades (from upper level)
   latGETnl: 1986559310 # GET request latency on next level
   latGETnet: 0 # GET request latency on network to next level
 l2: # Cache stats
  l2-0: # Cache stats
   hGETS: 334 # GETS hits
   hGETX: 0 # GETX hits
   mGETS: 1829 # GETS misses
   mGETXIM: 0 # GETX I->M misses
   mGETXSM: 0 # GETX S->M misses (upgrade misses)
   PUTS: 27 # Clean evictions (from lower level)
   PUTX: 0 # Dirty evictions (from lower level)
   INV: 1824 # Invalidates (from upper level)
   INVX: 366 # Downgrades (from upper level)
   latGETnl: 432765 # GET request latency on next level
   latGETnet: 0 # GET request latency on network to next level
  l2-1: # Cache stats
   hGETS: 236479 # GETS hits
   hGETX: 6 # GETX hits
   mGETS: 13035814 # GETS misses
   mGETXIM: 1938072 # GETX I->M misses
   mGETXSM: 16891 # GETX S->M misses (upgrade misses)
   PUTS: 11864528 # Clean evictions (from lower level)
   PUTX: 3322618 # Dirty evictions (from lower level)
   INV: 316 # Invalidates (from upper level)
   INVX: 13491 # Downgrades (from upper level)
   latGETnl: 2403506656 # GET request latency on next level
   latGETnet: 0 # GET request latency on network to next level
  l2-2: # Cache stats
   hGETS: 37506 # GETS hits
   hGETX: 136 # GETX hits
   mGETS: 23447391 # GETS misses
   mGETXIM: 271833 # GETX I->M misses
   mGETXSM: 309 # GETX S->M misses (upgrade misses)
   PUTS: 22996063 # Clean evictions (from lower level)
   PUTX: 695053 # Dirty evictions (from lower level)
   INV: 17570 # Invalidates (from upper level)
   INVX: 23982 # Downgrades (from upper level)
   latGETnl: 3801322164 # GET request latency on next level
   latGETnet: 0 # GET request latency on network to next level
 l3: # Cache stats
  l3-0: # Cache stats
   hGETS: 1265782 # GETS hits
   hGETX: 38747 # GETX hits
   mGETS: 35219252 # GETS misses
   mGETXIM: 2188358 # GETX I->M misses
   mGETXSM: 0 # GETX S->M misses (upgrade misses)
   PUTS: 34864682 # Clean evictions (from lower level)
   PUTX: 3794158 # Dirty evictions (from lower level)
   INV: 0 # Invalidates (from upper level)
   INVX: 0 # Downgrades (from upper level)
   latGETnl: 5546694966 # GET request latency on next level
   latGETnet: 0 # GET request latency on network to next level
 mem: # Memory controller stats
  mem-0: # Memory controller stats
   rd: 37407610 # Read requests
   wr: 3127252 # Write requests
   rdlat: 5546694966 # Total latency experienced by read requests
   wrlat: 506881370 # Total latency experienced by write requests
   load: 674492 # Sum of load factors (0-100) per update
   ups: 27300 # Number of latency updates
   clampedLoads: 20 # Number of updates where the load was clamped to 95%
 sched: # Scheduler stats
  thCr: 3 # Threads created
  thFn: 0 # Threads finished
  schedEvs: 3 # Schedule events
  waitEvs: 0 # Wait events
  handoffEvs: 0 # Handoff events
  sleepEvs: 0 # Sleep events
  idlePhases: 0 # Phases with no thread active
  idlePeriods: 0 # Periods with no thread active
  occHist: # Occupancy histogram
   0: 0
   1: 5406
   2: 0
   3: 22385
  rqSzHist: # Run queue size histogram
   0: 27791
   1: 0
   2: 0
   3: 0
   4: 0
   5: 0
   6: 0
   7: 0
   8: 0
   9: 0
   10: 0
   11: 0
   12: 0
   13: 0
   14: 0
   15: 0
   16: 0
===
