# zsim stats
===
root: # Stats
 contention: # Contention simulation stats
  domain-0: # Domain stats
   time: 2923295810 # Weave simulation time
 time: # Simulator time breakdown
  init: 19675694266
  bound: 1290751413337
  weave: 5397414448
  ff: 0
 trigger: 20000 # Reason for this stats dump
 phase: 56549 # Simulated phases
 core: # Core stats
  core-0: # Core stats
   cycles: 5653976663 # Simulated unhalted cycles
   cCycles: 0 # Cycles due to contention stalls
   instrs: 1199612977 # Simulated instructions
   uops: 1227167745 # Retired micro-ops
   bbls: 192884982 # Basic blocks
   approxInstrs: 14620122 # Instrs with approx uop decoding
   mispredBranches: 9799 # Mispredicted branches
   fetchStalls: 4336288 # Fetch stalls
   decodeStalls: 311139098 # Decode stalls
   issueStalls: 23042595 # Issue stalls
  core-1: # Core stats
   cycles: 5654285585 # Simulated unhalted cycles
   cCycles: 0 # Cycles due to contention stalls
   instrs: 1317986848 # Simulated instructions
   uops: 1349582980 # Retired micro-ops
   bbls: 211510082 # Basic blocks
   approxInstrs: 16020082 # Instrs with approx uop decoding
   mispredBranches: 11134 # Mispredicted branches
   fetchStalls: 3140761 # Fetch stalls
   decodeStalls: 342522028 # Decode stalls
   issueStalls: 26742813 # Issue stalls
  core-2: # Core stats
   cycles: 5654141433 # Simulated unhalted cycles
   cCycles: 0 # Cycles due to contention stalls
   instrs: 1166076590 # Simulated instructions
   uops: 1193737249 # Retired micro-ops
   bbls: 187238414 # Basic blocks
   approxInstrs: 14180119 # Instrs with approx uop decoding
   mispredBranches: 9774 # Mispredicted branches
   fetchStalls: 7266545 # Fetch stalls
   decodeStalls: 302872764 # Decode stalls
   issueStalls: 29906705 # Issue stalls
  core-3: # Core stats
   cycles: 5654850947 # Simulated unhalted cycles
   cCycles: 0 # Cycles due to contention stalls
   instrs: 1316448039 # Simulated instructions
   uops: 1347340745 # Retired micro-ops
   bbls: 211456401 # Basic blocks
   approxInstrs: 16020004 # Instrs with approx uop decoding
   mispredBranches: 10761 # Mispredicted branches
   fetchStalls: 4491807 # Fetch stalls
   decodeStalls: 341766552 # Decode stalls
   issueStalls: 34815242 # Issue stalls
 l1i: # Cache stats
  l1i-0: # Filter cache stats
   fhGETS: 208734976 # Filtered GETS hits
   fhGETX: 0 # Filtered GETX hits
   hGETS: 0 # GETS hits
   hGETX: 0 # GETX hits
   mGETS: 74172 # GETS misses
   mGETXIM: 0 # GETX I->M misses
   mGETXSM: 0 # GETX S->M misses (upgrade misses)
   PUTS: 0 # Clean evictions (from lower level)
   PUTX: 0 # Dirty evictions (from lower level)
   INV: 30843 # Invalidates (from upper level)
   INVX: 0 # Downgrades (from upper level)
   FWD: 0 # Forwards (from upper level)
   latGETnl: 5383787 # GET request latency on next level
   latGETnet: 0 # GET request latency on network to next level
  l1i-1: # Filter cache stats
   fhGETS: 228920993 # Filtered GETS hits
   fhGETX: 0 # Filtered GETX hits
   hGETS: 0 # GETS hits
   hGETX: 0 # GETX hits
   mGETS: 77100 # GETS misses
   mGETXIM: 0 # GETX I->M misses
   mGETXSM: 0 # GETX S->M misses (upgrade misses)
   PUTS: 0 # Clean evictions (from lower level)
   PUTX: 0 # Dirty evictions (from lower level)
   INV: 33907 # Invalidates (from upper level)
   INVX: 0 # Downgrades (from upper level)
   FWD: 0 # Forwards (from upper level)
   latGETnl: 3778272 # GET request latency on next level
   latGETnet: 0 # GET request latency on network to next level
  l1i-2: # Filter cache stats
   fhGETS: 202637101 # Filtered GETS hits
   fhGETX: 0 # Filtered GETX hits
   hGETS: 0 # GETS hits
   hGETX: 0 # GETX hits
   mGETS: 73509 # GETS misses
   mGETXIM: 0 # GETX I->M misses
   mGETXSM: 0 # GETX S->M misses (upgrade misses)
   PUTS: 0 # Clean evictions (from lower level)
   PUTX: 0 # Dirty evictions (from lower level)
   INV: 30259 # Invalidates (from upper level)
   INVX: 0 # Downgrades (from upper level)
   FWD: 0 # Forwards (from upper level)
   latGETnl: 9286135 # GET request latency on next level
   latGETnet: 0 # GET request latency on network to next level
  l1i-3: # Filter cache stats
   fhGETS: 228846799 # Filtered GETS hits
   fhGETX: 0 # Filtered GETX hits
   hGETS: 0 # GETS hits
   hGETX: 0 # GETX hits
   mGETS: 76014 # GETS misses
   mGETXIM: 0 # GETX I->M misses
   mGETXSM: 0 # GETX S->M misses (upgrade misses)
   PUTS: 0 # Clean evictions (from lower level)
   PUTX: 0 # Dirty evictions (from lower level)
   INV: 33875 # Invalidates (from upper level)
   INVX: 0 # Downgrades (from upper level)
   FWD: 0 # Forwards (from upper level)
   latGETnl: 5583802 # GET request latency on next level
   latGETnet: 0 # GET request latency on network to next level
 l1d: # Cache stats
  l1d-0: # Filter cache stats
   fhGETS: 191718178 # Filtered GETS hits
   fhGETX: 53616001 # Filtered GETX hits
   hGETS: 3608 # GETS hits
   hGETX: 23119049 # GETX hits
   mGETS: 85576363 # GETS misses
   mGETXIM: 10033995 # GETX I->M misses
   mGETXSM: 190 # GETX S->M misses (upgrade misses)
   PUTS: 0 # Clean evictions (from lower level)
   PUTX: 0 # Dirty evictions (from lower level)
   INV: 1587 # Invalidates (from upper level)
   INVX: 137750 # Downgrades (from upper level)
   FWD: 0 # Forwards (from upper level)
   latGETnl: 14845657267 # GET request latency on next level
   latGETnet: 0 # GET request latency on network to next level
  l1d-1: # Filter cache stats
   fhGETS: 227776690 # Filtered GETS hits
   fhGETX: 59244002 # Filtered GETX hits
   hGETS: 4442 # GETS hits
   hGETX: 25291761 # GETX hits
   mGETS: 78246191 # GETS misses
   mGETXIM: 11194830 # GETX I->M misses
   mGETXSM: 154 # GETX S->M misses (upgrade misses)
   PUTS: 0 # Clean evictions (from lower level)
   PUTX: 0 # Dirty evictions (from lower level)
   INV: 668 # Invalidates (from upper level)
   INVX: 165751 # Downgrades (from upper level)
   FWD: 0 # Forwards (from upper level)
   latGETnl: 15167591065 # GET request latency on next level
   latGETnet: 0 # GET request latency on network to next level
  l1d-2: # Filter cache stats
   fhGETS: 213345074 # Filtered GETS hits
   fhGETX: 52127458 # Filtered GETX hits
   hGETS: 6195 # GETS hits
   hGETX: 22571311 # GETX hits
   mGETS: 57061170 # GETS misses
   mGETXIM: 9902169 # GETX I->M misses
   mGETXSM: 14161 # GETX S->M misses (upgrade misses)
   PUTS: 0 # Clean evictions (from lower level)
   PUTX: 0 # Dirty evictions (from lower level)
   INV: 12683 # Invalidates (from upper level)
   INVX: 141817 # Downgrades (from upper level)
   FWD: 0 # Forwards (from upper level)
   latGETnl: 14220851783 # GET request latency on next level
   latGETnet: 0 # GET request latency on network to next level
  l1d-3: # Filter cache stats
   fhGETS: 240990952 # Filtered GETS hits
   fhGETX: 58760864 # Filtered GETX hits
   hGETS: 5444 # GETS hits
   hGETX: 25453757 # GETX hits
   mGETS: 64074633 # GETS misses
   mGETXIM: 11161157 # GETX I->M misses
   mGETXSM: 12305 # GETX S->M misses (upgrade misses)
   PUTS: 0 # Clean evictions (from lower level)
   PUTX: 0 # Dirty evictions (from lower level)
   INV: 15115 # Invalidates (from upper level)
   INVX: 189893 # Downgrades (from upper level)
   FWD: 0 # Forwards (from upper level)
   latGETnl: 14877962992 # GET request latency on next level
   latGETnet: 0 # GET request latency on network to next level
 l2: # Cache stats
  l2-0: # Cache stats
   hGETS: 37734168 # GETS hits
   hGETX: 1219756 # GETX hits
   mGETS: 47916367 # GETS misses
   mGETXIM: 8814238 # GETX I->M misses
   mGETXSM: 191 # GETX S->M misses (upgrade misses)
   PUTS: 62499724 # Clean evictions (from lower level)
   PUTX: 33152302 # Dirty evictions (from lower level)
   INV: 887750 # Invalidates (from upper level)
   INVX: 1799124 # Downgrades (from upper level)
   FWD: 0 # Forwards (from upper level)
   latGETnl: 13798509134 # GET request latency on next level
   latGETnet: 0 # GET request latency on network to next level
  l2-1: # Cache stats
   hGETS: 25758644 # GETS hits
   hGETX: 1471569 # GETX hits
   mGETS: 52564647 # GETS misses
   mGETXIM: 9723261 # GETX I->M misses
   mGETXSM: 154 # GETX S->M misses (upgrade misses)
   PUTS: 52997063 # Clean evictions (from lower level)
   PUTX: 36486414 # Dirty evictions (from lower level)
   INV: 316515 # Invalidates (from upper level)
   INVX: 2065352 # Downgrades (from upper level)
   FWD: 0 # Forwards (from upper level)
   latGETnl: 14186668312 # GET request latency on next level
   latGETnet: 0 # GET request latency on network to next level
  l2-2: # Cache stats
   hGETS: 10607686 # GETS hits
   hGETX: 1303880 # GETX hits
   mGETS: 46526993 # GETS misses
   mGETXIM: 8598289 # GETX I->M misses
   mGETXSM: 14161 # GETX S->M misses (upgrade misses)
   PUTS: 34520289 # Clean evictions (from lower level)
   PUTX: 32473548 # Dirty evictions (from lower level)
   INV: 1200363 # Invalidates (from upper level)
   INVX: 2478457 # Downgrades (from upper level)
   FWD: 0 # Forwards (from upper level)
   latGETnl: 13492576819 # GET request latency on next level
   latGETnet: 0 # GET request latency on network to next level
  l2-3: # Cache stats
   hGETS: 11590486 # GETS hits
   hGETX: 1466722 # GETX hits
   mGETS: 52560161 # GETS misses
   mGETXIM: 9694435 # GETX I->M misses
   mGETXSM: 12305 # GETX S->M misses (upgrade misses)
   PUTS: 38648043 # Clean evictions (from lower level)
   PUTX: 36614703 # Dirty evictions (from lower level)
   INV: 314168 # Invalidates (from upper level)
   INVX: 2215852 # Downgrades (from upper level)
   FWD: 0 # Forwards (from upper level)
   latGETnl: 14054981595 # GET request latency on next level
   latGETnet: 0 # GET request latency on network to next level
 l3: # Cache stats
  l3-0: # Cache stats
   hGETS: 130319633 # GETS hits
   hGETX: 33436562 # GETX hits
   mGETS: 69248535 # GETS misses
   mGETXIM: 3420472 # GETX I->M misses
   mGETXSM: 0 # GETX S->M misses (upgrade misses)
   PUTS: 107221605 # Clean evictions (from lower level)
   PUTX: 126425223 # Dirty evictions (from lower level)
   INV: 0 # Invalidates (from upper level)
   INVX: 0 # Downgrades (from upper level)
   FWD: 0 # Forwards (from upper level)
   latGETnl: 50234281853 # GET request latency on next level
   latGETnet: 0 # GET request latency on network to next level
 mem: # Memory controller stats
  mem-0: # Memory controller stats
   rd: 72669007 # Read requests
   wr: 21668481 # Write requests
   rdlat: 50234281853 # Total latency experienced by read requests
   wrlat: 16250229351 # Total latency experienced by write requests
   load: 3707851 # Sum of load factors (0-100) per update
   ups: 56482 # Number of latency updates
   clampedLoads: 3750 # Number of updates where the load was clamped to 95%
 sched: # Scheduler stats
  thCr: 4 # Threads created
  thFn: 0 # Threads finished
  schedEvs: 4 # Schedule events
  waitEvs: 0 # Wait events
  handoffEvs: 0 # Handoff events
  sleepEvs: 0 # Sleep events
  idlePhases: 0 # Phases with no thread active
  idlePeriods: 0 # Periods with no thread active
  occHist: # Occupancy histogram
   0: 0
   1: 0
   2: 0
   3: 0
   4: 56549
  rqSzHist: # Run queue size histogram
   0: 56549
   1: 0
   2: 0
   3: 0
   4: 0
   5: 0
   6: 0
   7: 0
   8: 0
   9: 0
   10: 0
   11: 0
   12: 0
   13: 0
   14: 0
   15: 0
   16: 0
 heartbeats: # Per-process heartbeats
  0: 0
  1: 0
  2: 0
  3: 0
  4: 0
  5: 0
  6: 0
  7: 0
  8: 0
  9: 0
  10: 0
  11: 0
  12: 0
  13: 0
  14: 0
  15: 0
  16: 0
  17: 0
  18: 0
  19: 0
  20: 0
  21: 0
  22: 0
  23: 0
  24: 0
  25: 0
  26: 0
  27: 0
  28: 0
  29: 0
  30: 0
  31: 0
  32: 0
  33: 0
  34: 0
  35: 0
  36: 0
  37: 0
  38: 0
  39: 0
  40: 0
  41: 0
  42: 0
  43: 0
  44: 0
  45: 0
  46: 0
  47: 0
  48: 0
  49: 0
  50: 0
  51: 0
  52: 0
  53: 0
  54: 0
  55: 0
  56: 0
  57: 0
  58: 0
  59: 0
  60: 0
  61: 0
  62: 0
  63: 0
===
