# zsim stats
===
root: # Stats
 contention: # Contention simulation stats
  domain-0: # Domain stats
   time: 384811959 # Weave simulation time
 time: # Simulator time breakdown
  init: 19493571073
  bound: 664213210227
  weave: 1179119218
  ff: 0
 trigger: 20000 # Reason for this stats dump
 phase: 8028 # Simulated phases
 core: # Core stats
  core-0: # Core stats
   cycles: 801806928 # Simulated unhalted cycles
   cCycles: 0 # Cycles due to contention stalls
   instrs: 1241578140 # Simulated instructions
   uops: 1271029326 # Retired micro-ops
   bbls: 199348881 # Basic blocks
   approxInstrs: 15100122 # Instrs with approx uop decoding
   mispredBranches: 10381 # Mispredicted branches
   fetchStalls: 238671 # Fetch stalls
   decodeStalls: 322491474 # Decode stalls
   issueStalls: 45300026 # Issue stalls
  core-1: # Core stats
   cycles: 802800005 # Simulated unhalted cycles
   cCycles: 0 # Cycles due to contention stalls
   instrs: 1259284675 # Simulated instructions
   uops: 1288755302 # Retired micro-ops
   bbls: 202322354 # Basic blocks
   approxInstrs: 15320004 # Instrs with approx uop decoding
   mispredBranches: 10468 # Mispredicted branches
   fetchStalls: 234023 # Fetch stalls
   decodeStalls: 326914849 # Decode stalls
   issueStalls: 46836990 # Issue stalls
  core-2: # Core stats
   cycles: 802101451 # Simulated unhalted cycles
   cCycles: 0 # Cycles due to contention stalls
   instrs: 1255092822 # Simulated instructions
   uops: 1284337221 # Retired micro-ops
   bbls: 201672352 # Basic blocks
   approxInstrs: 15280119 # Instrs with approx uop decoding
   mispredBranches: 10290 # Mispredicted branches
   fetchStalls: 221581 # Fetch stalls
   decodeStalls: 325724195 # Decode stalls
   issueStalls: 48801190 # Issue stalls
  core-3: # Core stats
   cycles: 801561023 # Simulated unhalted cycles
   cCycles: 0 # Cycles due to contention stalls
   instrs: 1244462731 # Simulated instructions
   uops: 1274147275 # Retired micro-ops
   bbls: 199777796 # Basic blocks
   approxInstrs: 15123670 # Instrs with approx uop decoding
   mispredBranches: 10459 # Mispredicted branches
   fetchStalls: 225206 # Fetch stalls
   decodeStalls: 323360769 # Decode stalls
   issueStalls: 45582861 # Issue stalls
 l1i: # Cache stats
  l1i-0: # Filter cache stats
   fhGETS: 215773796 # Filtered GETS hits
   fhGETX: 0 # Filtered GETX hits
   hGETS: 45769 # GETS hits
   hGETX: 0 # GETX hits
   mGETS: 4139 # GETS misses
   mGETXIM: 0 # GETX I->M misses
   mGETXSM: 0 # GETX S->M misses (upgrade misses)
   PUTS: 0 # Clean evictions (from lower level)
   PUTX: 0 # Dirty evictions (from lower level)
   INV: 0 # Invalidates (from upper level)
   INVX: 0 # Downgrades (from upper level)
   FWD: 0 # Forwards (from upper level)
   latGETnl: 101824 # GET request latency on next level
   latGETnet: 0 # GET request latency on network to next level
  l1i-1: # Filter cache stats
   fhGETS: 218988663 # Filtered GETS hits
   fhGETX: 0 # Filtered GETX hits
   hGETS: 45287 # GETS hits
   hGETX: 0 # GETX hits
   mGETS: 3535 # GETS misses
   mGETXIM: 0 # GETX I->M misses
   mGETXSM: 0 # GETX S->M misses (upgrade misses)
   PUTS: 0 # Clean evictions (from lower level)
   PUTX: 0 # Dirty evictions (from lower level)
   INV: 0 # Invalidates (from upper level)
   INVX: 0 # Downgrades (from upper level)
   FWD: 0 # Forwards (from upper level)
   latGETnl: 112454 # GET request latency on next level
   latGETnet: 0 # GET request latency on network to next level
  l1i-2: # Filter cache stats
   fhGETS: 218275935 # Filtered GETS hits
   fhGETX: 0 # Filtered GETX hits
   hGETS: 45815 # GETS hits
   hGETX: 0 # GETX hits
   mGETS: 3977 # GETS misses
   mGETXIM: 0 # GETX I->M misses
   mGETXSM: 0 # GETX S->M misses (upgrade misses)
   PUTS: 0 # Clean evictions (from lower level)
   PUTX: 0 # Dirty evictions (from lower level)
   INV: 0 # Invalidates (from upper level)
   INVX: 0 # Downgrades (from upper level)
   FWD: 0 # Forwards (from upper level)
   latGETnl: 71515 # GET request latency on next level
   latGETnet: 0 # GET request latency on network to next level
  l1i-3: # Filter cache stats
   fhGETS: 216244892 # Filtered GETS hits
   fhGETX: 0 # Filtered GETX hits
   hGETS: 45805 # GETS hits
   hGETX: 0 # GETX hits
   mGETS: 4006 # GETS misses
   mGETXIM: 0 # GETX I->M misses
   mGETXSM: 0 # GETX S->M misses (upgrade misses)
   PUTS: 0 # Clean evictions (from lower level)
   PUTX: 0 # Dirty evictions (from lower level)
   INV: 0 # Invalidates (from upper level)
   INVX: 0 # Downgrades (from upper level)
   FWD: 0 # Forwards (from upper level)
   latGETnl: 73045 # GET request latency on next level
   latGETnet: 0 # GET request latency on network to next level
 l1d: # Cache stats
  l1d-0: # Filter cache stats
   fhGETS: 156811331 # Filtered GETS hits
   fhGETX: 32706986 # Filtered GETX hits
   hGETS: 72482638 # GETS hits
   hGETX: 47942679 # GETX hits
   mGETS: 58664166 # GETS misses
   mGETXIM: 9427832 # GETX I->M misses
   mGETXSM: 310 # GETX S->M misses (upgrade misses)
   PUTS: 0 # Clean evictions (from lower level)
   PUTX: 0 # Dirty evictions (from lower level)
   INV: 114 # Invalidates (from upper level)
   INVX: 876 # Downgrades (from upper level)
   FWD: 0 # Forwards (from upper level)
   latGETnl: 1167765537 # GET request latency on next level
   latGETnet: 0 # GET request latency on network to next level
  l1d-1: # Filter cache stats
   fhGETS: 222385376 # Filtered GETS hits
   fhGETX: 54052211 # Filtered GETX hits
   hGETS: 17847850 # GETS hits
   hGETX: 27864030 # GETX hits
   mGETS: 51398870 # GETS misses
   mGETXIM: 9365830 # GETX I->M misses
   mGETXSM: 205 # GETX S->M misses (upgrade misses)
   PUTS: 0 # Clean evictions (from lower level)
   PUTX: 0 # Dirty evictions (from lower level)
   INV: 57 # Invalidates (from upper level)
   INVX: 1338 # Downgrades (from upper level)
   FWD: 0 # Forwards (from upper level)
   latGETnl: 1044755047 # GET request latency on next level
   latGETnet: 0 # GET request latency on network to next level
  l1d-2: # Filter cache stats
   fhGETS: 213351285 # Filtered GETS hits
   fhGETX: 47105621 # Filtered GETX hits
   hGETS: 24680469 # GETS hits
   hGETX: 33446706 # GETX hits
   mGETS: 52593540 # GETS misses
   mGETXIM: 10318734 # GETX I->M misses
   mGETXSM: 313 # GETX S->M misses (upgrade misses)
   PUTS: 0 # Clean evictions (from lower level)
   PUTX: 0 # Dirty evictions (from lower level)
   INV: 122 # Invalidates (from upper level)
   INVX: 1046 # Downgrades (from upper level)
   FWD: 0 # Forwards (from upper level)
   latGETnl: 1080128383 # GET request latency on next level
   latGETnet: 0 # GET request latency on network to next level
  l1d-3: # Filter cache stats
   fhGETS: 197728928 # Filtered GETS hits
   fhGETX: 49615174 # Filtered GETX hits
   hGETS: 38105018 # GETS hits
   hGETX: 31395340 # GETX hits
   mGETS: 52854833 # GETS misses
   mGETXIM: 9387314 # GETX I->M misses
   mGETXSM: 310 # GETX S->M misses (upgrade misses)
   PUTS: 0 # Clean evictions (from lower level)
   PUTX: 0 # Dirty evictions (from lower level)
   INV: 137 # Invalidates (from upper level)
   INVX: 480 # Downgrades (from upper level)
   FWD: 0 # Forwards (from upper level)
   latGETnl: 1068080639 # GET request latency on next level
   latGETnet: 0 # GET request latency on network to next level
 l2: # Cache stats
  l2-0: # Cache stats
   hGETS: 58639702 # GETS hits
   hGETX: 9413756 # GETX hits
   mGETS: 28603 # GETS misses
   mGETXIM: 13937 # GETX I->M misses
   mGETXSM: 449 # GETX S->M misses (upgrade misses)
   PUTS: 33970769 # Clean evictions (from lower level)
   PUTX: 34125126 # Dirty evictions (from lower level)
   INV: 597 # Invalidates (from upper level)
   INVX: 3318 # Downgrades (from upper level)
   FWD: 0 # Forwards (from upper level)
   latGETnl: 10227762 # GET request latency on next level
   latGETnet: 0 # GET request latency on network to next level
  l2-1: # Cache stats
   hGETS: 51373742 # GETS hits
   hGETX: 9351924 # GETX hits
   mGETS: 28663 # GETS misses
   mGETXIM: 13905 # GETX I->M misses
   mGETXSM: 206 # GETX S->M misses (upgrade misses)
   PUTS: 28309304 # Clean evictions (from lower level)
   PUTX: 32458746 # Dirty evictions (from lower level)
   INV: 531 # Invalidates (from upper level)
   INVX: 8523 # Downgrades (from upper level)
   FWD: 0 # Forwards (from upper level)
   latGETnl: 11804021 # GET request latency on next level
   latGETnet: 0 # GET request latency on network to next level
  l2-2: # Cache stats
   hGETS: 52568947 # GETS hits
   hGETX: 10304841 # GETX hits
   mGETS: 28570 # GETS misses
   mGETXIM: 13893 # GETX I->M misses
   mGETXSM: 313 # GETX S->M misses (upgrade misses)
   PUTS: 29360123 # Clean evictions (from lower level)
   PUTX: 33555878 # Dirty evictions (from lower level)
   INV: 597 # Invalidates (from upper level)
   INVX: 4706 # Downgrades (from upper level)
   FWD: 0 # Forwards (from upper level)
   latGETnl: 10618310 # GET request latency on next level
   latGETnet: 0 # GET request latency on network to next level
  l2-3: # Cache stats
   hGETS: 52830268 # GETS hits
   hGETX: 9373369 # GETX hits
   mGETS: 28571 # GETS misses
   mGETXIM: 13901 # GETX I->M misses
   mGETXSM: 354 # GETX S->M misses (upgrade misses)
   PUTS: 29605423 # Clean evictions (from lower level)
   PUTX: 32640465 # Dirty evictions (from lower level)
   INV: 599 # Invalidates (from upper level)
   INVX: 2692 # Downgrades (from upper level)
   FWD: 0 # Forwards (from upper level)
   latGETnl: 9963813 # GET request latency on next level
   latGETnet: 0 # GET request latency on network to next level
 l3: # Cache stats
  l3-0: # Cache stats
   hGETS: 56094 # GETS hits
   hGETX: 1704 # GETX hits
   mGETS: 58313 # GETS misses
   mGETXIM: 55254 # GETX I->M misses
   mGETXSM: 0 # GETX S->M misses (upgrade misses)
   PUTS: 0 # Clean evictions (from lower level)
   PUTX: 0 # Dirty evictions (from lower level)
   INV: 0 # Invalidates (from upper level)
   INVX: 0 # Downgrades (from upper level)
   FWD: 0 # Forwards (from upper level)
   latGETnl: 38128623 # GET request latency on next level
   latGETnet: 0 # GET request latency on network to next level
 mem: # Memory controller stats
  mem-0: # Memory controller stats
   rd: 113567 # Read requests
   wr: 0 # Write requests
   rdlat: 38128623 # Total latency experienced by read requests
   wrlat: 0 # Total latency experienced by write requests
   load: 3948 # Sum of load factors (0-100) per update
   ups: 306 # Number of latency updates
   clampedLoads: 0 # Number of updates where the load was clamped to 95%
 sched: # Scheduler stats
  thCr: 4 # Threads created
  thFn: 0 # Threads finished
  schedEvs: 4 # Schedule events
  waitEvs: 0 # Wait events
  handoffEvs: 0 # Handoff events
  sleepEvs: 0 # Sleep events
  idlePhases: 0 # Phases with no thread active
  idlePeriods: 0 # Periods with no thread active
  occHist: # Occupancy histogram
   0: 0
   1: 0
   2: 0
   3: 0
   4: 8028
  rqSzHist: # Run queue size histogram
   0: 8028
   1: 0
   2: 0
   3: 0
   4: 0
   5: 0
   6: 0
   7: 0
   8: 0
   9: 0
   10: 0
   11: 0
   12: 0
   13: 0
   14: 0
   15: 0
   16: 0
 heartbeats: # Per-process heartbeats
  0: 0
  1: 0
  2: 0
  3: 0
  4: 0
  5: 0
  6: 0
  7: 0
  8: 0
  9: 0
  10: 0
  11: 0
  12: 0
  13: 0
  14: 0
  15: 0
  16: 0
  17: 0
  18: 0
  19: 0
  20: 0
  21: 0
  22: 0
  23: 0
  24: 0
  25: 0
  26: 0
  27: 0
  28: 0
  29: 0
  30: 0
  31: 0
  32: 0
  33: 0
  34: 0
  35: 0
  36: 0
  37: 0
  38: 0
  39: 0
  40: 0
  41: 0
  42: 0
  43: 0
  44: 0
  45: 0
  46: 0
  47: 0
  48: 0
  49: 0
  50: 0
  51: 0
  52: 0
  53: 0
  54: 0
  55: 0
  56: 0
  57: 0
  58: 0
  59: 0
  60: 0
  61: 0
  62: 0
  63: 0
===
