# zsim stats
===
root: # Stats
 contention: # Contention simulation stats
  domain-0: # Domain stats
   time: 415759861 # Weave simulation time
 time: # Simulator time breakdown
  init: 20142863884
  bound: 587971406389
  weave: 1016844870
  ff: 0
 trigger: 20000 # Reason for this stats dump
 phase: 7346 # Simulated phases
 core: # Core stats
  core-0: # Core stats
   cycles: 734529412 # Simulated unhalted cycles
   cCycles: 0 # Cycles due to contention stalls
   instrs: 1251203706 # Simulated instructions
   uops: 1280014152 # Retired micro-ops
   bbls: 201150400 # Basic blocks
   approxInstrs: 15240005 # Instrs with approx uop decoding
   mispredBranches: 10107 # Mispredicted branches
   fetchStalls: 192667 # Fetch stalls
   decodeStalls: 324537700 # Decode stalls
   issueStalls: 59863565 # Issue stalls
  core-1: # Core stats
   cycles: 733770993 # Simulated unhalted cycles
   cCycles: 0 # Cycles due to contention stalls
   instrs: 1248499306 # Simulated instructions
   uops: 1278239890 # Retired micro-ops
   bbls: 200426963 # Basic blocks
   approxInstrs: 15180086 # Instrs with approx uop decoding
   mispredBranches: 10480 # Mispredicted branches
   fetchStalls: 184457 # Fetch stalls
   decodeStalls: 324379296 # Decode stalls
   issueStalls: 59910519 # Issue stalls
  core-2: # Core stats
   cycles: 733663246 # Simulated unhalted cycles
   cCycles: 0 # Cycles due to contention stalls
   instrs: 1249585280 # Simulated instructions
   uops: 1279690666 # Retired micro-ops
   bbls: 200508748 # Basic blocks
   approxInstrs: 15180118 # Instrs with approx uop decoding
   mispredBranches: 10567 # Mispredicted branches
   fetchStalls: 182679 # Fetch stalls
   decodeStalls: 324844246 # Decode stalls
   issueStalls: 59882365 # Issue stalls
  core-3: # Core stats
   cycles: 734175075 # Simulated unhalted cycles
   cCycles: 0 # Cycles due to contention stalls
   instrs: 1251000869 # Simulated instructions
   uops: 1280161528 # Retired micro-ops
   bbls: 201030528 # Basic blocks
   approxInstrs: 15220118 # Instrs with approx uop decoding
   mispredBranches: 10336 # Mispredicted branches
   fetchStalls: 179926 # Fetch stalls
   decodeStalls: 324682982 # Decode stalls
   issueStalls: 60121062 # Issue stalls
 l1i: # Cache stats
  l1i-0: # Filter cache stats
   fhGETS: 217748915 # Filtered GETS hits
   fhGETX: 0 # Filtered GETX hits
   hGETS: 4861 # GETS hits
   hGETX: 0 # GETX hits
   mGETS: 262 # GETS misses
   mGETXIM: 0 # GETX I->M misses
   mGETXSM: 0 # GETX S->M misses (upgrade misses)
   PUTS: 0 # Clean evictions (from lower level)
   PUTX: 0 # Dirty evictions (from lower level)
   INV: 0 # Invalidates (from upper level)
   INVX: 0 # Downgrades (from upper level)
   FWD: 0 # Forwards (from upper level)
   latGETnl: 51431 # GET request latency on next level
   latGETnet: 0 # GET request latency on network to next level
  l1i-1: # Filter cache stats
   fhGETS: 216996472 # Filtered GETS hits
   fhGETX: 0 # Filtered GETX hits
   hGETS: 5501 # GETS hits
   hGETX: 0 # GETX hits
   mGETS: 181 # GETS misses
   mGETXIM: 0 # GETX I->M misses
   mGETXSM: 0 # GETX S->M misses (upgrade misses)
   PUTS: 0 # Clean evictions (from lower level)
   PUTX: 0 # Dirty evictions (from lower level)
   INV: 0 # Invalidates (from upper level)
   INVX: 0 # Downgrades (from upper level)
   FWD: 0 # Forwards (from upper level)
   latGETnl: 15008 # GET request latency on next level
   latGETnet: 0 # GET request latency on network to next level
  l1i-2: # Filter cache stats
   fhGETS: 217088418 # Filtered GETS hits
   fhGETX: 0 # Filtered GETX hits
   hGETS: 5761 # GETS hits
   hGETX: 0 # GETX hits
   mGETS: 144 # GETS misses
   mGETXIM: 0 # GETX I->M misses
   mGETXSM: 0 # GETX S->M misses (upgrade misses)
   PUTS: 0 # Clean evictions (from lower level)
   PUTX: 0 # Dirty evictions (from lower level)
   INV: 0 # Invalidates (from upper level)
   INVX: 0 # Downgrades (from upper level)
   FWD: 0 # Forwards (from upper level)
   latGETnl: 7745 # GET request latency on next level
   latGETnet: 0 # GET request latency on network to next level
  l1i-3: # Filter cache stats
   fhGETS: 217619175 # Filtered GETS hits
   fhGETX: 0 # Filtered GETX hits
   hGETS: 5774 # GETS hits
   hGETX: 0 # GETX hits
   mGETS: 238 # GETS misses
   mGETXIM: 0 # GETX I->M misses
   mGETXSM: 0 # GETX S->M misses (upgrade misses)
   PUTS: 0 # Clean evictions (from lower level)
   PUTX: 0 # Dirty evictions (from lower level)
   INV: 0 # Invalidates (from upper level)
   INVX: 0 # Downgrades (from upper level)
   FWD: 0 # Forwards (from upper level)
   latGETnl: 11301 # GET request latency on next level
   latGETnet: 0 # GET request latency on network to next level
 l1d: # Cache stats
  l1d-0: # Filter cache stats
   fhGETS: 234300898 # Filtered GETS hits
   fhGETX: 57106631 # Filtered GETX hits
   hGETS: 5142108 # GETS hits
   hGETX: 24182883 # GETX hits
   mGETS: 49936382 # GETS misses
   mGETXIM: 9204158 # GETX I->M misses
   mGETXSM: 2116 # GETX S->M misses (upgrade misses)
   PUTS: 0 # Clean evictions (from lower level)
   PUTX: 0 # Dirty evictions (from lower level)
   INV: 56 # Invalidates (from upper level)
   INVX: 5007 # Downgrades (from upper level)
   FWD: 0 # Forwards (from upper level)
   latGETnl: 777993973 # GET request latency on next level
   latGETnet: 0 # GET request latency on network to next level
  l1d-1: # Filter cache stats
   fhGETS: 234825202 # Filtered GETS hits
   fhGETX: 57410416 # Filtered GETX hits
   hGETS: 4937495 # GETS hits
   hGETX: 24038697 # GETX hits
   mGETS: 49813332 # GETS misses
   mGETXIM: 9216674 # GETX I->M misses
   mGETXSM: 296 # GETX S->M misses (upgrade misses)
   PUTS: 0 # Clean evictions (from lower level)
   PUTX: 0 # Dirty evictions (from lower level)
   INV: 1137 # Invalidates (from upper level)
   INVX: 1534 # Downgrades (from upper level)
   FWD: 0 # Forwards (from upper level)
   latGETnl: 776515905 # GET request latency on next level
   latGETnet: 0 # GET request latency on network to next level
  l1d-2: # Filter cache stats
   fhGETS: 234904304 # Filtered GETS hits
   fhGETX: 57524741 # Filtered GETX hits
   hGETS: 5479800 # GETS hits
   hGETX: 24104508 # GETX hits
   mGETS: 49790426 # GETS misses
   mGETXIM: 9234121 # GETX I->M misses
   mGETXSM: 326 # GETX S->M misses (upgrade misses)
   PUTS: 0 # Clean evictions (from lower level)
   PUTX: 0 # Dirty evictions (from lower level)
   INV: 1152 # Invalidates (from upper level)
   INVX: 1562 # Downgrades (from upper level)
   FWD: 0 # Forwards (from upper level)
   latGETnl: 775841375 # GET request latency on next level
   latGETnet: 0 # GET request latency on network to next level
  l1d-3: # Filter cache stats
   fhGETS: 234331499 # Filtered GETS hits
   fhGETX: 57227355 # Filtered GETX hits
   hGETS: 5472279 # GETS hits
   hGETX: 24162697 # GETX hits
   mGETS: 49905960 # GETS misses
   mGETXIM: 9209145 # GETX I->M misses
   mGETXSM: 323 # GETX S->M misses (upgrade misses)
   PUTS: 0 # Clean evictions (from lower level)
   PUTX: 0 # Dirty evictions (from lower level)
   INV: 1044 # Invalidates (from upper level)
   INVX: 3205 # Downgrades (from upper level)
   FWD: 0 # Forwards (from upper level)
   latGETnl: 777775743 # GET request latency on next level
   latGETnet: 0 # GET request latency on network to next level
 l2: # Cache stats
  l2-0: # Cache stats
   hGETS: 49905523 # GETS hits
   hGETX: 9190090 # GETX hits
   mGETS: 31121 # GETS misses
   mGETXIM: 13940 # GETX I->M misses
   mGETXSM: 2244 # GETX S->M misses (upgrade misses)
   PUTS: 27071549 # Clean evictions (from lower level)
   PUTX: 32068759 # Dirty evictions (from lower level)
   INV: 3045 # Invalidates (from upper level)
   INVX: 11143 # Downgrades (from upper level)
   FWD: 0 # Forwards (from upper level)
   latGETnl: 9187470 # GET request latency on next level
   latGETnet: 0 # GET request latency on network to next level
  l2-1: # Cache stats
   hGETS: 49775622 # GETS hits
   hGETX: 9202295 # GETX hits
   mGETS: 37891 # GETS misses
   mGETXIM: 14290 # GETX I->M misses
   mGETXSM: 385 # GETX S->M misses (upgrade misses)
   PUTS: 27038727 # Clean evictions (from lower level)
   PUTX: 31989921 # Dirty evictions (from lower level)
   INV: 10292 # Invalidates (from upper level)
   INVX: 3775 # Downgrades (from upper level)
   FWD: 0 # Forwards (from upper level)
   latGETnl: 9134634 # GET request latency on next level
   latGETnet: 0 # GET request latency on network to next level
  l2-2: # Cache stats
   hGETS: 49754928 # GETS hits
   hGETX: 9219534 # GETX hits
   mGETS: 35642 # GETS misses
   mGETXIM: 14586 # GETX I->M misses
   mGETXSM: 327 # GETX S->M misses (upgrade misses)
   PUTS: 27015476 # Clean evictions (from lower level)
   PUTX: 32007677 # Dirty evictions (from lower level)
   INV: 8420 # Invalidates (from upper level)
   INVX: 2707 # Downgrades (from upper level)
   FWD: 0 # Forwards (from upper level)
   latGETnl: 8523899 # GET request latency on next level
   latGETnet: 0 # GET request latency on network to next level
  l2-3: # Cache stats
   hGETS: 49870546 # GETS hits
   hGETX: 9194527 # GETX hits
   mGETS: 35652 # GETS misses
   mGETXIM: 14617 # GETX I->M misses
   mGETXSM: 324 # GETX S->M misses (upgrade misses)
   PUTS: 27066583 # Clean evictions (from lower level)
   PUTX: 32047302 # Dirty evictions (from lower level)
   INV: 8343 # Invalidates (from upper level)
   INVX: 6279 # Downgrades (from upper level)
   FWD: 0 # Forwards (from upper level)
   latGETnl: 9283386 # GET request latency on next level
   latGETnet: 0 # GET request latency on network to next level
 l3: # Cache stats
  l3-0: # Cache stats
   hGETS: 67805 # GETS hits
   hGETX: 3666 # GETX hits
   mGETS: 72501 # GETS misses
   mGETXIM: 57047 # GETX I->M misses
   mGETXSM: 0 # GETX S->M misses (upgrade misses)
   PUTS: 0 # Clean evictions (from lower level)
   PUTX: 0 # Dirty evictions (from lower level)
   INV: 0 # Invalidates (from upper level)
   INVX: 0 # Downgrades (from upper level)
   FWD: 0 # Forwards (from upper level)
   latGETnl: 31697391 # GET request latency on next level
   latGETnet: 0 # GET request latency on network to next level
 mem: # Memory controller stats
  mem-0: # Memory controller stats
   rd: 129548 # Read requests
   wr: 7702 # Write requests
   rdlat: 31697391 # Total latency experienced by read requests
   wrlat: 1457349 # Total latency experienced by write requests
   load: 3068 # Sum of load factors (0-100) per update
   ups: 1549 # Number of latency updates
   clampedLoads: 0 # Number of updates where the load was clamped to 95%
 sched: # Scheduler stats
  thCr: 4 # Threads created
  thFn: 0 # Threads finished
  schedEvs: 4 # Schedule events
  waitEvs: 0 # Wait events
  handoffEvs: 0 # Handoff events
  sleepEvs: 0 # Sleep events
  idlePhases: 0 # Phases with no thread active
  idlePeriods: 0 # Periods with no thread active
  occHist: # Occupancy histogram
   0: 0
   1: 0
   2: 0
   3: 0
   4: 7346
  rqSzHist: # Run queue size histogram
   0: 7346
   1: 0
   2: 0
   3: 0
   4: 0
   5: 0
   6: 0
   7: 0
   8: 0
   9: 0
   10: 0
   11: 0
   12: 0
   13: 0
   14: 0
   15: 0
   16: 0
 heartbeats: # Per-process heartbeats
  0: 0
  1: 0
  2: 0
  3: 0
  4: 0
  5: 0
  6: 0
  7: 0
  8: 0
  9: 0
  10: 0
  11: 0
  12: 0
  13: 0
  14: 0
  15: 0
  16: 0
  17: 0
  18: 0
  19: 0
  20: 0
  21: 0
  22: 0
  23: 0
  24: 0
  25: 0
  26: 0
  27: 0
  28: 0
  29: 0
  30: 0
  31: 0
  32: 0
  33: 0
  34: 0
  35: 0
  36: 0
  37: 0
  38: 0
  39: 0
  40: 0
  41: 0
  42: 0
  43: 0
  44: 0
  45: 0
  46: 0
  47: 0
  48: 0
  49: 0
  50: 0
  51: 0
  52: 0
  53: 0
  54: 0
  55: 0
  56: 0
  57: 0
  58: 0
  59: 0
  60: 0
  61: 0
  62: 0
  63: 0
===
