# zsim stats
===
root: # Stats
 contention: # Contention simulation stats
  domain-0: # Domain stats
   time: 381493940 # Weave simulation time
 time: # Simulator time breakdown
  init: 19849530274
  bound: 592690274318
  weave: 753181580
  ff: 0
 trigger: 20000 # Reason for this stats dump
 phase: 7953 # Simulated phases
 core: # Core stats
  core-0: # Core stats
   cycles: 795300015 # Simulated unhalted cycles
   cCycles: 0 # Cycles due to contention stalls
   instrs: 1249193195 # Simulated instructions
   uops: 1279281839 # Retired micro-ops
   bbls: 200435579 # Basic blocks
   approxInstrs: 15180006 # Instrs with approx uop decoding
   mispredBranches: 10531 # Mispredicted branches
   fetchStalls: 244938 # Fetch stalls
   decodeStalls: 324737270 # Decode stalls
   issueStalls: 46882714 # Issue stalls
  core-1: # Core stats
   cycles: 794434654 # Simulated unhalted cycles
   cCycles: 0 # Cycles due to contention stalls
   instrs: 1248817807 # Simulated instructions
   uops: 1277611221 # Retired micro-ops
   bbls: 200761427 # Basic blocks
   approxInstrs: 15212631 # Instrs with approx uop decoding
   mispredBranches: 10154 # Mispredicted branches
   fetchStalls: 222097 # Fetch stalls
   decodeStalls: 323951957 # Decode stalls
   issueStalls: 47053731 # Issue stalls
  core-2: # Core stats
   cycles: 794577596 # Simulated unhalted cycles
   cCycles: 0 # Cycles due to contention stalls
   instrs: 1246562386 # Simulated instructions
   uops: 1276277841 # Retired micro-ops
   bbls: 200108627 # Basic blocks
   approxInstrs: 15160118 # Instrs with approx uop decoding
   mispredBranches: 10479 # Mispredicted branches
   fetchStalls: 226586 # Fetch stalls
   decodeStalls: 323896215 # Decode stalls
   issueStalls: 46713401 # Issue stalls
  core-3: # Core stats
   cycles: 794388236 # Simulated unhalted cycles
   cCycles: 0 # Cycles due to contention stalls
   instrs: 1255546927 # Simulated instructions
   uops: 1284803547 # Retired micro-ops
   bbls: 201753866 # Basic blocks
   approxInstrs: 15280087 # Instrs with approx uop decoding
   mispredBranches: 10313 # Mispredicted branches
   fetchStalls: 222827 # Fetch stalls
   decodeStalls: 325844064 # Decode stalls
   issueStalls: 48691218 # Issue stalls
 l1i: # Cache stats
  l1i-0: # Filter cache stats
   fhGETS: 216972627 # Filtered GETS hits
   fhGETX: 0 # Filtered GETX hits
   hGETS: 44735 # GETS hits
   hGETX: 0 # GETX hits
   mGETS: 3549 # GETS misses
   mGETXIM: 0 # GETX I->M misses
   mGETXSM: 0 # GETX S->M misses (upgrade misses)
   PUTS: 0 # Clean evictions (from lower level)
   PUTX: 0 # Dirty evictions (from lower level)
   INV: 0 # Invalidates (from upper level)
   INVX: 0 # Downgrades (from upper level)
   FWD: 0 # Forwards (from upper level)
   latGETnl: 127890 # GET request latency on next level
   latGETnet: 0 # GET request latency on network to next level
  l1i-1: # Filter cache stats
   fhGETS: 217281876 # Filtered GETS hits
   fhGETX: 0 # Filtered GETX hits
   hGETS: 45762 # GETS hits
   hGETX: 0 # GETX hits
   mGETS: 3966 # GETS misses
   mGETXIM: 0 # GETX I->M misses
   mGETXSM: 0 # GETX S->M misses (upgrade misses)
   PUTS: 0 # Clean evictions (from lower level)
   PUTX: 0 # Dirty evictions (from lower level)
   INV: 0 # Invalidates (from upper level)
   INVX: 0 # Downgrades (from upper level)
   FWD: 0 # Forwards (from upper level)
   latGETnl: 79485 # GET request latency on next level
   latGETnet: 0 # GET request latency on network to next level
  l1i-2: # Filter cache stats
   fhGETS: 216609161 # Filtered GETS hits
   fhGETX: 0 # Filtered GETX hits
   hGETS: 45779 # GETS hits
   hGETX: 0 # GETX hits
   mGETS: 4112 # GETS misses
   mGETXIM: 0 # GETX I->M misses
   mGETXSM: 0 # GETX S->M misses (upgrade misses)
   PUTS: 0 # Clean evictions (from lower level)
   PUTX: 0 # Dirty evictions (from lower level)
   INV: 0 # Invalidates (from upper level)
   INVX: 0 # Downgrades (from upper level)
   FWD: 0 # Forwards (from upper level)
   latGETnl: 75178 # GET request latency on next level
   latGETnet: 0 # GET request latency on network to next level
  l1i-3: # Filter cache stats
   fhGETS: 218359058 # Filtered GETS hits
   fhGETX: 0 # Filtered GETX hits
   hGETS: 45511 # GETS hits
   hGETX: 0 # GETX hits
   mGETS: 3841 # GETS misses
   mGETXIM: 0 # GETX I->M misses
   mGETXSM: 0 # GETX S->M misses (upgrade misses)
   PUTS: 0 # Clean evictions (from lower level)
   PUTX: 0 # Dirty evictions (from lower level)
   INV: 0 # Invalidates (from upper level)
   INVX: 0 # Downgrades (from upper level)
   FWD: 0 # Forwards (from upper level)
   latGETnl: 76865 # GET request latency on next level
   latGETnet: 0 # GET request latency on network to next level
 l1d: # Cache stats
  l1d-0: # Filter cache stats
   fhGETS: 220533057 # Filtered GETS hits
   fhGETX: 53632600 # Filtered GETX hits
   hGETS: 18928300 # GETS hits
   hGETX: 27969940 # GETX hits
   mGETS: 50573251 # GETS misses
   mGETXIM: 9229866 # GETX I->M misses
   mGETXSM: 2221 # GETX S->M misses (upgrade misses)
   PUTS: 0 # Clean evictions (from lower level)
   PUTX: 0 # Dirty evictions (from lower level)
   INV: 58 # Invalidates (from upper level)
   INVX: 2811 # Downgrades (from upper level)
   FWD: 0 # Forwards (from upper level)
   latGETnl: 1028406412 # GET request latency on next level
   latGETnet: 0 # GET request latency on network to next level
  l1d-1: # Filter cache stats
   fhGETS: 217714172 # Filtered GETS hits
   fhGETX: 53120443 # Filtered GETX hits
   hGETS: 20699946 # GETS hits
   hGETX: 28014213 # GETX hits
   mGETS: 50453117 # GETS misses
   mGETXIM: 9202088 # GETX I->M misses
   mGETXSM: 320 # GETX S->M misses (upgrade misses)
   PUTS: 0 # Clean evictions (from lower level)
   PUTX: 0 # Dirty evictions (from lower level)
   INV: 1073 # Invalidates (from upper level)
   INVX: 884 # Downgrades (from upper level)
   FWD: 0 # Forwards (from upper level)
   latGETnl: 1024445052 # GET request latency on next level
   latGETnet: 0 # GET request latency on network to next level
  l1d-2: # Filter cache stats
   fhGETS: 218966571 # Filtered GETS hits
   fhGETX: 53333351 # Filtered GETX hits
   hGETS: 18891625 # GETS hits
   hGETX: 27988552 # GETX hits
   mGETS: 51274062 # GETS misses
   mGETXIM: 9218056 # GETX I->M misses
   mGETXSM: 320 # GETX S->M misses (upgrade misses)
   PUTS: 0 # Clean evictions (from lower level)
   PUTX: 0 # Dirty evictions (from lower level)
   INV: 1132 # Invalidates (from upper level)
   INVX: 1088 # Downgrades (from upper level)
   FWD: 0 # Forwards (from upper level)
   latGETnl: 1038973114 # GET request latency on next level
   latGETnet: 0 # GET request latency on network to next level
  l1d-3: # Filter cache stats
   fhGETS: 221106860 # Filtered GETS hits
   fhGETX: 53628327 # Filtered GETX hits
   hGETS: 18970022 # GETS hits
   hGETX: 28009241 # GETX hits
   mGETS: 50701106 # GETS misses
   mGETXIM: 9268006 # GETX I->M misses
   mGETXSM: 285 # GETX S->M misses (upgrade misses)
   PUTS: 0 # Clean evictions (from lower level)
   PUTX: 0 # Dirty evictions (from lower level)
   INV: 1133 # Invalidates (from upper level)
   INVX: 712 # Downgrades (from upper level)
   FWD: 0 # Forwards (from upper level)
   latGETnl: 1029776214 # GET request latency on next level
   latGETnet: 0 # GET request latency on network to next level
 l2: # Cache stats
  l2-0: # Cache stats
   hGETS: 50547976 # GETS hits
   hGETX: 9215769 # GETX hits
   mGETS: 28824 # GETS misses
   mGETXIM: 13941 # GETX I->M misses
   mGETXSM: 2377 # GETX S->M misses (upgrade misses)
   PUTS: 27711641 # Clean evictions (from lower level)
   PUTX: 32094839 # Dirty evictions (from lower level)
   INV: 687 # Invalidates (from upper level)
   INVX: 10168 # Downgrades (from upper level)
   FWD: 0 # Forwards (from upper level)
   latGETnl: 11783223 # GET request latency on next level
   latGETnet: 0 # GET request latency on network to next level
  l2-1: # Cache stats
   hGETS: 50426871 # GETS hits
   hGETX: 9188053 # GETX hits
   mGETS: 30212 # GETS misses
   mGETXIM: 13898 # GETX I->M misses
   mGETXSM: 457 # GETX S->M misses (upgrade misses)
   PUTS: 27501168 # Clean evictions (from lower level)
   PUTX: 32156802 # Dirty evictions (from lower level)
   INV: 2241 # Invalidates (from upper level)
   INVX: 3472 # Downgrades (from upper level)
   FWD: 0 # Forwards (from upper level)
   latGETnl: 10313190 # GET request latency on next level
   latGETnet: 0 # GET request latency on network to next level
  l2-2: # Cache stats
   hGETS: 51247914 # GETS hits
   hGETX: 9204108 # GETX hits
   mGETS: 30260 # GETS misses
   mGETXIM: 13915 # GETX I->M misses
   mGETXSM: 353 # GETX S->M misses (upgrade misses)
   PUTS: 28436909 # Clean evictions (from lower level)
   PUTX: 32058061 # Dirty evictions (from lower level)
   INV: 2294 # Invalidates (from upper level)
   INVX: 4515 # Downgrades (from upper level)
   FWD: 0 # Forwards (from upper level)
   latGETnl: 10606942 # GET request latency on next level
   latGETnet: 0 # GET request latency on network to next level
  l2-3: # Cache stats
   hGETS: 50674610 # GETS hits
   hGETX: 9254021 # GETX hits
   mGETS: 30337 # GETS misses
   mGETXIM: 13936 # GETX I->M misses
   mGETXSM: 334 # GETX S->M misses (upgrade misses)
   PUTS: 27767459 # Clean evictions (from lower level)
   PUTX: 32204233 # Dirty evictions (from lower level)
   INV: 2241 # Invalidates (from upper level)
   INVX: 3404 # Downgrades (from upper level)
   FWD: 0 # Forwards (from upper level)
   latGETnl: 10308033 # GET request latency on next level
   latGETnet: 0 # GET request latency on network to next level
 l3: # Cache stats
  l3-0: # Cache stats
   hGETS: 61321 # GETS hits
   hGETX: 3916 # GETX hits
   mGETS: 58312 # GETS misses
   mGETXIM: 55295 # GETX I->M misses
   mGETXSM: 0 # GETX S->M misses (upgrade misses)
   PUTS: 0 # Clean evictions (from lower level)
   PUTX: 0 # Dirty evictions (from lower level)
   INV: 0 # Invalidates (from upper level)
   INVX: 0 # Downgrades (from upper level)
   FWD: 0 # Forwards (from upper level)
   latGETnl: 38255717 # GET request latency on next level
   latGETnet: 0 # GET request latency on network to next level
 mem: # Memory controller stats
  mem-0: # Memory controller stats
   rd: 113607 # Read requests
   wr: 0 # Write requests
   rdlat: 38255717 # Total latency experienced by read requests
   wrlat: 0 # Total latency experienced by write requests
   load: 3934 # Sum of load factors (0-100) per update
   ups: 300 # Number of latency updates
   clampedLoads: 0 # Number of updates where the load was clamped to 95%
 sched: # Scheduler stats
  thCr: 4 # Threads created
  thFn: 0 # Threads finished
  schedEvs: 4 # Schedule events
  waitEvs: 0 # Wait events
  handoffEvs: 0 # Handoff events
  sleepEvs: 0 # Sleep events
  idlePhases: 0 # Phases with no thread active
  idlePeriods: 0 # Periods with no thread active
  occHist: # Occupancy histogram
   0: 0
   1: 0
   2: 0
   3: 0
   4: 7953
  rqSzHist: # Run queue size histogram
   0: 7953
   1: 0
   2: 0
   3: 0
   4: 0
   5: 0
   6: 0
   7: 0
   8: 0
   9: 0
   10: 0
   11: 0
   12: 0
   13: 0
   14: 0
   15: 0
   16: 0
 heartbeats: # Per-process heartbeats
  0: 0
  1: 0
  2: 0
  3: 0
  4: 0
  5: 0
  6: 0
  7: 0
  8: 0
  9: 0
  10: 0
  11: 0
  12: 0
  13: 0
  14: 0
  15: 0
  16: 0
  17: 0
  18: 0
  19: 0
  20: 0
  21: 0
  22: 0
  23: 0
  24: 0
  25: 0
  26: 0
  27: 0
  28: 0
  29: 0
  30: 0
  31: 0
  32: 0
  33: 0
  34: 0
  35: 0
  36: 0
  37: 0
  38: 0
  39: 0
  40: 0
  41: 0
  42: 0
  43: 0
  44: 0
  45: 0
  46: 0
  47: 0
  48: 0
  49: 0
  50: 0
  51: 0
  52: 0
  53: 0
  54: 0
  55: 0
  56: 0
  57: 0
  58: 0
  59: 0
  60: 0
  61: 0
  62: 0
  63: 0
===
